<?xml version="1.0" encoding="UTF-8"?>
<!-- Generated by org.testng.reporters.JUnitXMLReporter -->
<testsuite hostname="BORSE-PC" ignored="214" name="Default test(failed)(failed)" tests="36" failures="27" timestamp="2020-04-03T17:54:27 IST" time="5776.936" errors="0">
  <testcase name="AddAudioResourcesInVideoChannelTest" time="71.232" classname="testcases.AudioChannelsTest">
    <failure type="java.lang.NullPointerException">
      <![CDATA[java.lang.NullPointerException
at pageObjects.AudioChannelsPage.ClickOnChannel(AudioChannelsPage.java:313)
at testcases.AudioChannelsTest.AddAudioResourcesInVideoChannelTest(AudioChannelsTest.java:252)
at java.util.ArrayList.forEach(ArrayList.java:1257)
... Removed 27 stack frames]]>
    </failure>
  </testcase> <!-- AddAudioResourcesInVideoChannelTest -->
  <testcase name="ChangeLimitRetentionValueTest" time="62.851" classname="testcases.AudioChannelsTest">
    <failure type="org.openqa.selenium.NoSuchElementException" message="Unable to find element with xpath == //ng-form/div[@class=&amp;apos;configuration-ditails-form flex-between&amp;apos;]//span[&amp;apos;ui-spinner ui-widget ui-corner-all ui-widget-header&amp;apos;]/input
For documentation on this error, please visit: http://seleniumhq.org/exceptions/no_such_element.html
Build info: version: &amp;apos;3.9.1&amp;apos;, revision: &amp;apos;63f7b50&amp;apos;, time: &amp;apos;2018-02-07T22:25:02.294Z&amp;apos;
System info: host: &amp;apos;BORSE-PC&amp;apos;, ip: &amp;apos;172.20.1.58&amp;apos;, os.name: &amp;apos;Windows 10&amp;apos;, os.arch: &amp;apos;amd64&amp;apos;, os.version: &amp;apos;10.0&amp;apos;, java.version: &amp;apos;1.8.0_202&amp;apos;
Driver info: org.openqa.selenium.ie.InternetExplorerDriver
Capabilities {acceptInsecureCerts: false, browserName: internet explorer, browserVersion: 11, javascriptEnabled: true, pageLoadStrategy: normal, platform: WINDOWS, platformName: WINDOWS, proxy: Proxy(), se:ieOptions: {browserAttachTimeout: 0, elementScrollBehavior: 0, enablePersistentHover: true, ie.browserCommandLineSwitches: , ie.edgechromium: false, ie.edgepath: , ie.ensureCleanSession: true, ie.fileUploadDialogTimeout: 3000, ie.forceCreateProcessApi: false, ignoreProtectedModeSettings: true, ignoreZoomSetting: false, initialBrowserUrl: http://localhost:14629/, nativeEvents: true, requireWindowFocus: false}, setWindowRect: true, strictFileInteractability: false, timeouts: {implicit: 0, pageLoad: 300000, script: 30000}, unhandledPromptBehavior: dismiss and notify}
Session ID: 7e8a7a19-620e-434c-9418-fb5c636699fe
*** Element info: {Using=xpath, value=//ng-form/div[@class=&amp;apos;configuration-ditails-form flex-between&amp;apos;]//span[&amp;apos;ui-spinner ui-widget ui-corner-all ui-widget-header&amp;apos;]/input}">
      <![CDATA[org.openqa.selenium.NoSuchElementException: Unable to find element with xpath == //ng-form/div[@class='configuration-ditails-form flex-between']//span['ui-spinner ui-widget ui-corner-all ui-widget-header']/input
For documentation on this error, please visit: http://seleniumhq.org/exceptions/no_such_element.html
Build info: version: '3.9.1', revision: '63f7b50', time: '2018-02-07T22:25:02.294Z'
System info: host: 'BORSE-PC', ip: '172.20.1.58', os.name: 'Windows 10', os.arch: 'amd64', os.version: '10.0', java.version: '1.8.0_202'
Driver info: org.openqa.selenium.ie.InternetExplorerDriver
Capabilities {acceptInsecureCerts: false, browserName: internet explorer, browserVersion: 11, javascriptEnabled: true, pageLoadStrategy: normal, platform: WINDOWS, platformName: WINDOWS, proxy: Proxy(), se:ieOptions: {browserAttachTimeout: 0, elementScrollBehavior: 0, enablePersistentHover: true, ie.browserCommandLineSwitches: , ie.edgechromium: false, ie.edgepath: , ie.ensureCleanSession: true, ie.fileUploadDialogTimeout: 3000, ie.forceCreateProcessApi: false, ignoreProtectedModeSettings: true, ignoreZoomSetting: false, initialBrowserUrl: http://localhost:14629/, nativeEvents: true, requireWindowFocus: false}, setWindowRect: true, strictFileInteractability: false, timeouts: {implicit: 0, pageLoad: 300000, script: 30000}, unhandledPromptBehavior: dismiss and notify}
Session ID: 7e8a7a19-620e-434c-9418-fb5c636699fe
*** Element info: {Using=xpath, value=//ng-form/div[@class='configuration-ditails-form flex-between']//span['ui-spinner ui-widget ui-corner-all ui-widget-header']/input}
at org.openqa.selenium.remote.http.W3CHttpResponseCodec.createException(W3CHttpResponseCodec.java:187)
at org.openqa.selenium.remote.http.W3CHttpResponseCodec.decode(W3CHttpResponseCodec.java:122)
at org.openqa.selenium.remote.http.W3CHttpResponseCodec.decode(W3CHttpResponseCodec.java:49)
at org.openqa.selenium.remote.HttpCommandExecutor.execute(HttpCommandExecutor.java:160)
at org.openqa.selenium.remote.service.DriverCommandExecutor.execute(DriverCommandExecutor.java:83)
at org.openqa.selenium.remote.RemoteWebDriver.execute(RemoteWebDriver.java:601)
at org.openqa.selenium.remote.RemoteWebDriver.findElement(RemoteWebDriver.java:371)
at org.openqa.selenium.remote.RemoteWebDriver.findElementByXPath(RemoteWebDriver.java:473)
at org.openqa.selenium.By$ByXPath.findElement(By.java:361)
at org.openqa.selenium.remote.RemoteWebDriver.findElement(RemoteWebDriver.java:363)
at org.openqa.selenium.support.pagefactory.DefaultElementLocator.findElement(DefaultElementLocator.java:69)
at org.openqa.selenium.support.pagefactory.internal.LocatingElementHandler.invoke(LocatingElementHandler.java:38)
at com.sun.proxy.$Proxy13.getAttribute(Unknown Source)
at pageObjects.AudioChannelsPage.GetLimitRetention(AudioChannelsPage.java:441)
at testcases.AudioChannelsTest.ChangeLimitRetentionValueTest(AudioChannelsTest.java:500)
at java.util.ArrayList.forEach(ArrayList.java:1257)
... Removed 31 stack frames]]>
    </failure>
  </testcase> <!-- ChangeLimitRetentionValueTest -->
  <testcase name="ChangeNameAndSaveTest" time="62.855" classname="testcases.AudioChannelsTest">
    <failure type="java.lang.AssertionError" message="expected [172.20.0.51_MicNew] but found [172.20.1.65_Mic]">
      <![CDATA[java.lang.AssertionError: expected [172.20.0.51_MicNew] but found [172.20.1.65_Mic]
at testcases.AudioChannelsTest.ChangeNameAndSaveTest(AudioChannelsTest.java:164)
at java.util.ArrayList.forEach(ArrayList.java:1257)
... Removed 32 stack frames]]>
    </failure>
  </testcase> <!-- ChangeNameAndSaveTest -->
  <testcase name="ChangePostEventTimeTest" time="57.507" classname="testcases.AudioChannelsTest"/>
  <testcase name="ChangePreEventTimeTest" time="51.082" classname="testcases.AudioChannelsTest">
    <failure type="java.lang.AssertionError" message="expected [12] but found [0]">
      <![CDATA[java.lang.AssertionError: expected [12] but found [0]
at testcases.AudioChannelsTest.ChangePreEventTimeTest(AudioChannelsTest.java:674)
at java.util.ArrayList.forEach(ArrayList.java:1257)
... Removed 32 stack frames]]>
    </failure>
  </testcase> <!-- ChangePreEventTimeTest -->
  <testcase name="ChangeProtocolTest" time="55.408" classname="testcases.AudioChannelsTest"/>
  <testcase name="CreateNewSchedulesPlansTest" time="55.52" classname="testcases.AudioChannelsTest"/>
  <testcase name="GetAudioChannelPropertiesAndApplyToOtherChannelTest" time="27.539" classname="testcases.AudioChannelsTest">
    <failure type="org.openqa.selenium.NoSuchElementException" message="Unable to find element with xpath == //div[@id=&amp;apos;vms-export-container&amp;apos;]/div[@class=&amp;apos;modal-footer&amp;apos;]/button[contains(text(), &amp;apos;Close&amp;apos;)]
For documentation on this error, please visit: http://seleniumhq.org/exceptions/no_such_element.html
Build info: version: &amp;apos;3.9.1&amp;apos;, revision: &amp;apos;63f7b50&amp;apos;, time: &amp;apos;2018-02-07T22:25:02.294Z&amp;apos;
System info: host: &amp;apos;BORSE-PC&amp;apos;, ip: &amp;apos;172.20.1.58&amp;apos;, os.name: &amp;apos;Windows 10&amp;apos;, os.arch: &amp;apos;amd64&amp;apos;, os.version: &amp;apos;10.0&amp;apos;, java.version: &amp;apos;1.8.0_202&amp;apos;
Driver info: org.openqa.selenium.ie.InternetExplorerDriver
Capabilities {acceptInsecureCerts: false, browserName: internet explorer, browserVersion: 11, javascriptEnabled: true, pageLoadStrategy: normal, platform: WINDOWS, platformName: WINDOWS, proxy: Proxy(), se:ieOptions: {browserAttachTimeout: 0, elementScrollBehavior: 0, enablePersistentHover: true, ie.browserCommandLineSwitches: , ie.edgechromium: false, ie.edgepath: , ie.ensureCleanSession: true, ie.fileUploadDialogTimeout: 3000, ie.forceCreateProcessApi: false, ignoreProtectedModeSettings: true, ignoreZoomSetting: false, initialBrowserUrl: http://localhost:42361/, nativeEvents: true, requireWindowFocus: false}, setWindowRect: true, strictFileInteractability: false, timeouts: {implicit: 0, pageLoad: 300000, script: 30000}, unhandledPromptBehavior: dismiss and notify}
Session ID: d18cf2e8-6053-4bdf-8178-acf04a66f78a
*** Element info: {Using=xpath, value=//div[@id=&amp;apos;vms-export-container&amp;apos;]/div[@class=&amp;apos;modal-footer&amp;apos;]/button[contains(text(), &amp;apos;Close&amp;apos;)]}">
      <![CDATA[org.openqa.selenium.NoSuchElementException: Unable to find element with xpath == //div[@id='vms-export-container']/div[@class='modal-footer']/button[contains(text(), 'Close')]
For documentation on this error, please visit: http://seleniumhq.org/exceptions/no_such_element.html
Build info: version: '3.9.1', revision: '63f7b50', time: '2018-02-07T22:25:02.294Z'
System info: host: 'BORSE-PC', ip: '172.20.1.58', os.name: 'Windows 10', os.arch: 'amd64', os.version: '10.0', java.version: '1.8.0_202'
Driver info: org.openqa.selenium.ie.InternetExplorerDriver
Capabilities {acceptInsecureCerts: false, browserName: internet explorer, browserVersion: 11, javascriptEnabled: true, pageLoadStrategy: normal, platform: WINDOWS, platformName: WINDOWS, proxy: Proxy(), se:ieOptions: {browserAttachTimeout: 0, elementScrollBehavior: 0, enablePersistentHover: true, ie.browserCommandLineSwitches: , ie.edgechromium: false, ie.edgepath: , ie.ensureCleanSession: true, ie.fileUploadDialogTimeout: 3000, ie.forceCreateProcessApi: false, ignoreProtectedModeSettings: true, ignoreZoomSetting: false, initialBrowserUrl: http://localhost:42361/, nativeEvents: true, requireWindowFocus: false}, setWindowRect: true, strictFileInteractability: false, timeouts: {implicit: 0, pageLoad: 300000, script: 30000}, unhandledPromptBehavior: dismiss and notify}
Session ID: d18cf2e8-6053-4bdf-8178-acf04a66f78a
*** Element info: {Using=xpath, value=//div[@id='vms-export-container']/div[@class='modal-footer']/button[contains(text(), 'Close')]}
at org.openqa.selenium.remote.http.W3CHttpResponseCodec.createException(W3CHttpResponseCodec.java:187)
at org.openqa.selenium.remote.http.W3CHttpResponseCodec.decode(W3CHttpResponseCodec.java:122)
at org.openqa.selenium.remote.http.W3CHttpResponseCodec.decode(W3CHttpResponseCodec.java:49)
at org.openqa.selenium.remote.HttpCommandExecutor.execute(HttpCommandExecutor.java:160)
at org.openqa.selenium.remote.service.DriverCommandExecutor.execute(DriverCommandExecutor.java:83)
at org.openqa.selenium.remote.RemoteWebDriver.execute(RemoteWebDriver.java:601)
at org.openqa.selenium.remote.RemoteWebDriver.findElement(RemoteWebDriver.java:371)
at org.openqa.selenium.remote.RemoteWebDriver.findElementByXPath(RemoteWebDriver.java:473)
at org.openqa.selenium.By$ByXPath.findElement(By.java:361)
at org.openqa.selenium.remote.RemoteWebDriver.findElement(RemoteWebDriver.java:363)
at org.openqa.selenium.support.pagefactory.DefaultElementLocator.findElement(DefaultElementLocator.java:69)
at org.openqa.selenium.support.pagefactory.internal.LocatingElementHandler.invoke(LocatingElementHandler.java:38)
at com.sun.proxy.$Proxy13.click(Unknown Source)
at pageObjects.AudioChannelsPage.ClickOnCloseButtonInApplyToDialog(AudioChannelsPage.java:593)
at testcases.AudioChannelsTest.GetAudioChannelPropertiesAndApplyToOtherChannelTest(AudioChannelsTest.java:1126)
at java.util.ArrayList.forEach(ArrayList.java:1257)
... Removed 31 stack frames]]>
    </failure>
  </testcase> <!-- GetAudioChannelPropertiesAndApplyToOtherChannelTest -->
  <testcase name="MultipleSelectAndDeleteSpecifyEventsTest" time="111.307" classname="testcases.AudioChannelsTest"/>
  <testcase name="SelectAllDevicesInSpecifyEventsTest" time="53.475" classname="testcases.AudioChannelsTest">
    <failure type="java.lang.AssertionError" message="did not expect to find [true] but found [false]">
      <![CDATA[java.lang.AssertionError: did not expect to find [true] but found [false]
at testcases.AudioChannelsTest.SelectAllDevicesInSpecifyEventsTest(AudioChannelsTest.java:895)
at java.util.ArrayList.forEach(ArrayList.java:1257)
... Removed 31 stack frames]]>
    </failure>
  </testcase> <!-- SelectAllDevicesInSpecifyEventsTest -->
  <testcase name="SelectScheduleTest" time="105.152" classname="testcases.AudioChannelsTest">
    <failure type="java.lang.AssertionError" message="expected [NewName445] but found [NewName556]">
      <![CDATA[java.lang.AssertionError: expected [NewName445] but found [NewName556]
at testcases.AudioChannelsTest.SelectScheduleTest(AudioChannelsTest.java:566)
at java.util.ArrayList.forEach(ArrayList.java:1257)
... Removed 32 stack frames]]>
    </failure>
  </testcase> <!-- SelectScheduleTest -->
  <testcase name="SwitchRecordingToggleTest" time="52.567" classname="testcases.AudioChannelsTest"/>
  <testcase name="ChangeBrightnessAndPressSaveTest" time="16.778" classname="testcases.VideoPictureSettingsTest">
    <failure type="org.openqa.selenium.ElementNotInteractableException" message="Element is not displayed
Build info: version: &amp;apos;3.9.1&amp;apos;, revision: &amp;apos;63f7b50&amp;apos;, time: &amp;apos;2018-02-07T22:25:02.294Z&amp;apos;
System info: host: &amp;apos;BORSE-PC&amp;apos;, ip: &amp;apos;172.20.1.58&amp;apos;, os.name: &amp;apos;Windows 10&amp;apos;, os.arch: &amp;apos;amd64&amp;apos;, os.version: &amp;apos;10.0&amp;apos;, java.version: &amp;apos;1.8.0_202&amp;apos;
Driver info: org.openqa.selenium.ie.InternetExplorerDriver
Capabilities {acceptInsecureCerts: false, browserName: internet explorer, browserVersion: 11, javascriptEnabled: true, pageLoadStrategy: normal, platform: WINDOWS, platformName: WINDOWS, proxy: Proxy(), se:ieOptions: {browserAttachTimeout: 0, elementScrollBehavior: 0, enablePersistentHover: true, ie.browserCommandLineSwitches: , ie.edgechromium: false, ie.edgepath: , ie.ensureCleanSession: true, ie.fileUploadDialogTimeout: 3000, ie.forceCreateProcessApi: false, ignoreProtectedModeSettings: true, ignoreZoomSetting: false, initialBrowserUrl: http://localhost:30309/, nativeEvents: true, requireWindowFocus: false}, setWindowRect: true, strictFileInteractability: false, timeouts: {implicit: 0, pageLoad: 300000, script: 30000}, unhandledPromptBehavior: dismiss and notify}
Session ID: b7340714-8156-41dc-ab50-689fe0a01ffd">
      <![CDATA[org.openqa.selenium.ElementNotInteractableException: Element is not displayed
Build info: version: '3.9.1', revision: '63f7b50', time: '2018-02-07T22:25:02.294Z'
System info: host: 'BORSE-PC', ip: '172.20.1.58', os.name: 'Windows 10', os.arch: 'amd64', os.version: '10.0', java.version: '1.8.0_202'
Driver info: org.openqa.selenium.ie.InternetExplorerDriver
Capabilities {acceptInsecureCerts: false, browserName: internet explorer, browserVersion: 11, javascriptEnabled: true, pageLoadStrategy: normal, platform: WINDOWS, platformName: WINDOWS, proxy: Proxy(), se:ieOptions: {browserAttachTimeout: 0, elementScrollBehavior: 0, enablePersistentHover: true, ie.browserCommandLineSwitches: , ie.edgechromium: false, ie.edgepath: , ie.ensureCleanSession: true, ie.fileUploadDialogTimeout: 3000, ie.forceCreateProcessApi: false, ignoreProtectedModeSettings: true, ignoreZoomSetting: false, initialBrowserUrl: http://localhost:30309/, nativeEvents: true, requireWindowFocus: false}, setWindowRect: true, strictFileInteractability: false, timeouts: {implicit: 0, pageLoad: 300000, script: 30000}, unhandledPromptBehavior: dismiss and notify}
Session ID: b7340714-8156-41dc-ab50-689fe0a01ffd
at org.openqa.selenium.remote.http.W3CHttpResponseCodec.createException(W3CHttpResponseCodec.java:187)
at org.openqa.selenium.remote.http.W3CHttpResponseCodec.decode(W3CHttpResponseCodec.java:122)
at org.openqa.selenium.remote.http.W3CHttpResponseCodec.decode(W3CHttpResponseCodec.java:49)
at org.openqa.selenium.remote.HttpCommandExecutor.execute(HttpCommandExecutor.java:160)
at org.openqa.selenium.remote.service.DriverCommandExecutor.execute(DriverCommandExecutor.java:83)
at org.openqa.selenium.remote.RemoteWebDriver.execute(RemoteWebDriver.java:601)
at org.openqa.selenium.remote.RemoteWebElement.execute(RemoteWebElement.java:279)
at org.openqa.selenium.remote.RemoteWebElement.click(RemoteWebElement.java:83)
at testcases.VideoPictureSettingsTest.ChangeBrightnessAndPressSaveTest(VideoPictureSettingsTest.java:132)
at java.util.ArrayList.forEach(ArrayList.java:1257)
... Removed 31 stack frames]]>
    </failure>
  </testcase> <!-- ChangeBrightnessAndPressSaveTest -->
  <testcase name="ChangeColorSaturationAndPressSaveTest" time="103.011" classname="testcases.VideoPictureSettingsTest"/>
  <testcase name="ChangeContrastAndPressSaveTest" time="28.807" classname="testcases.VideoPictureSettingsTest">
    <failure type="org.openqa.selenium.ElementNotInteractableException" message="Element is not displayed
Build info: version: &amp;apos;3.9.1&amp;apos;, revision: &amp;apos;63f7b50&amp;apos;, time: &amp;apos;2018-02-07T22:25:02.294Z&amp;apos;
System info: host: &amp;apos;BORSE-PC&amp;apos;, ip: &amp;apos;172.20.1.58&amp;apos;, os.name: &amp;apos;Windows 10&amp;apos;, os.arch: &amp;apos;amd64&amp;apos;, os.version: &amp;apos;10.0&amp;apos;, java.version: &amp;apos;1.8.0_202&amp;apos;
Driver info: org.openqa.selenium.ie.InternetExplorerDriver
Capabilities {acceptInsecureCerts: false, browserName: internet explorer, browserVersion: 11, javascriptEnabled: true, pageLoadStrategy: normal, platform: WINDOWS, platformName: WINDOWS, proxy: Proxy(), se:ieOptions: {browserAttachTimeout: 0, elementScrollBehavior: 0, enablePersistentHover: true, ie.browserCommandLineSwitches: , ie.edgechromium: false, ie.edgepath: , ie.ensureCleanSession: true, ie.fileUploadDialogTimeout: 3000, ie.forceCreateProcessApi: false, ignoreProtectedModeSettings: true, ignoreZoomSetting: false, initialBrowserUrl: http://localhost:45533/, nativeEvents: true, requireWindowFocus: false}, setWindowRect: true, strictFileInteractability: false, timeouts: {implicit: 0, pageLoad: 300000, script: 30000}, unhandledPromptBehavior: dismiss and notify}
Session ID: 9ba09ce7-b48c-46d2-84ab-5444bb2ef464">
      <![CDATA[org.openqa.selenium.ElementNotInteractableException: Element is not displayed
Build info: version: '3.9.1', revision: '63f7b50', time: '2018-02-07T22:25:02.294Z'
System info: host: 'BORSE-PC', ip: '172.20.1.58', os.name: 'Windows 10', os.arch: 'amd64', os.version: '10.0', java.version: '1.8.0_202'
Driver info: org.openqa.selenium.ie.InternetExplorerDriver
Capabilities {acceptInsecureCerts: false, browserName: internet explorer, browserVersion: 11, javascriptEnabled: true, pageLoadStrategy: normal, platform: WINDOWS, platformName: WINDOWS, proxy: Proxy(), se:ieOptions: {browserAttachTimeout: 0, elementScrollBehavior: 0, enablePersistentHover: true, ie.browserCommandLineSwitches: , ie.edgechromium: false, ie.edgepath: , ie.ensureCleanSession: true, ie.fileUploadDialogTimeout: 3000, ie.forceCreateProcessApi: false, ignoreProtectedModeSettings: true, ignoreZoomSetting: false, initialBrowserUrl: http://localhost:45533/, nativeEvents: true, requireWindowFocus: false}, setWindowRect: true, strictFileInteractability: false, timeouts: {implicit: 0, pageLoad: 300000, script: 30000}, unhandledPromptBehavior: dismiss and notify}
Session ID: 9ba09ce7-b48c-46d2-84ab-5444bb2ef464
at org.openqa.selenium.remote.http.W3CHttpResponseCodec.createException(W3CHttpResponseCodec.java:187)
at org.openqa.selenium.remote.http.W3CHttpResponseCodec.decode(W3CHttpResponseCodec.java:122)
at org.openqa.selenium.remote.http.W3CHttpResponseCodec.decode(W3CHttpResponseCodec.java:49)
at org.openqa.selenium.remote.HttpCommandExecutor.execute(HttpCommandExecutor.java:160)
at org.openqa.selenium.remote.service.DriverCommandExecutor.execute(DriverCommandExecutor.java:83)
at org.openqa.selenium.remote.RemoteWebDriver.execute(RemoteWebDriver.java:601)
at org.openqa.selenium.remote.RemoteWebElement.execute(RemoteWebElement.java:279)
at org.openqa.selenium.remote.RemoteWebElement.click(RemoteWebElement.java:83)
at testcases.VideoPictureSettingsTest.ChangeContrastAndPressSaveTest(VideoPictureSettingsTest.java:240)
at java.util.ArrayList.forEach(ArrayList.java:1257)
... Removed 31 stack frames]]>
    </failure>
  </testcase> <!-- ChangeContrastAndPressSaveTest -->
  <testcase name="ChangeSharpnessAndPressSaveTest" time="154.352" classname="testcases.VideoPictureSettingsTest">
    <failure type="org.openqa.selenium.NoSuchElementException" message="Unable to find element with xpath == //span[@title=&amp;apos;Sharpness&amp;apos;]/../..//span[@class=&amp;apos;ui-spinner ui-widget ui-corner-all ui-widget-header&amp;apos;]/input
For documentation on this error, please visit: http://seleniumhq.org/exceptions/no_such_element.html
Build info: version: &amp;apos;3.9.1&amp;apos;, revision: &amp;apos;63f7b50&amp;apos;, time: &amp;apos;2018-02-07T22:25:02.294Z&amp;apos;
System info: host: &amp;apos;BORSE-PC&amp;apos;, ip: &amp;apos;172.20.1.58&amp;apos;, os.name: &amp;apos;Windows 10&amp;apos;, os.arch: &amp;apos;amd64&amp;apos;, os.version: &amp;apos;10.0&amp;apos;, java.version: &amp;apos;1.8.0_202&amp;apos;
Driver info: org.openqa.selenium.ie.InternetExplorerDriver
Capabilities {acceptInsecureCerts: false, browserName: internet explorer, browserVersion: 11, javascriptEnabled: true, pageLoadStrategy: normal, platform: WINDOWS, platformName: WINDOWS, proxy: Proxy(), se:ieOptions: {browserAttachTimeout: 0, elementScrollBehavior: 0, enablePersistentHover: true, ie.browserCommandLineSwitches: , ie.edgechromium: false, ie.edgepath: , ie.ensureCleanSession: true, ie.fileUploadDialogTimeout: 3000, ie.forceCreateProcessApi: false, ignoreProtectedModeSettings: true, ignoreZoomSetting: false, initialBrowserUrl: http://localhost:19031/, nativeEvents: true, requireWindowFocus: false}, setWindowRect: true, strictFileInteractability: false, timeouts: {implicit: 0, pageLoad: 300000, script: 30000}, unhandledPromptBehavior: dismiss and notify}
Session ID: 89b61dc5-b8d6-444e-8989-e5bbe06e33b5
*** Element info: {Using=xpath, value=//span[@title=&amp;apos;Sharpness&amp;apos;]/../..//span[@class=&amp;apos;ui-spinner ui-widget ui-corner-all ui-widget-header&amp;apos;]/input}">
      <![CDATA[org.openqa.selenium.NoSuchElementException: Unable to find element with xpath == //span[@title='Sharpness']/../..//span[@class='ui-spinner ui-widget ui-corner-all ui-widget-header']/input
For documentation on this error, please visit: http://seleniumhq.org/exceptions/no_such_element.html
Build info: version: '3.9.1', revision: '63f7b50', time: '2018-02-07T22:25:02.294Z'
System info: host: 'BORSE-PC', ip: '172.20.1.58', os.name: 'Windows 10', os.arch: 'amd64', os.version: '10.0', java.version: '1.8.0_202'
Driver info: org.openqa.selenium.ie.InternetExplorerDriver
Capabilities {acceptInsecureCerts: false, browserName: internet explorer, browserVersion: 11, javascriptEnabled: true, pageLoadStrategy: normal, platform: WINDOWS, platformName: WINDOWS, proxy: Proxy(), se:ieOptions: {browserAttachTimeout: 0, elementScrollBehavior: 0, enablePersistentHover: true, ie.browserCommandLineSwitches: , ie.edgechromium: false, ie.edgepath: , ie.ensureCleanSession: true, ie.fileUploadDialogTimeout: 3000, ie.forceCreateProcessApi: false, ignoreProtectedModeSettings: true, ignoreZoomSetting: false, initialBrowserUrl: http://localhost:19031/, nativeEvents: true, requireWindowFocus: false}, setWindowRect: true, strictFileInteractability: false, timeouts: {implicit: 0, pageLoad: 300000, script: 30000}, unhandledPromptBehavior: dismiss and notify}
Session ID: 89b61dc5-b8d6-444e-8989-e5bbe06e33b5
*** Element info: {Using=xpath, value=//span[@title='Sharpness']/../..//span[@class='ui-spinner ui-widget ui-corner-all ui-widget-header']/input}
at org.openqa.selenium.remote.http.W3CHttpResponseCodec.createException(W3CHttpResponseCodec.java:187)
at org.openqa.selenium.remote.http.W3CHttpResponseCodec.decode(W3CHttpResponseCodec.java:122)
at org.openqa.selenium.remote.http.W3CHttpResponseCodec.decode(W3CHttpResponseCodec.java:49)
at org.openqa.selenium.remote.HttpCommandExecutor.execute(HttpCommandExecutor.java:160)
at org.openqa.selenium.remote.service.DriverCommandExecutor.execute(DriverCommandExecutor.java:83)
at org.openqa.selenium.remote.RemoteWebDriver.execute(RemoteWebDriver.java:601)
at org.openqa.selenium.remote.RemoteWebDriver.findElement(RemoteWebDriver.java:371)
at org.openqa.selenium.remote.RemoteWebDriver.findElementByXPath(RemoteWebDriver.java:473)
at org.openqa.selenium.By$ByXPath.findElement(By.java:361)
at org.openqa.selenium.remote.RemoteWebDriver.findElement(RemoteWebDriver.java:363)
at org.openqa.selenium.support.pagefactory.DefaultElementLocator.findElement(DefaultElementLocator.java:69)
at org.openqa.selenium.support.pagefactory.internal.LocatingElementHandler.invoke(LocatingElementHandler.java:38)
at com.sun.proxy.$Proxy13.clear(Unknown Source)
at Utilities.Page.setElementText(Page.java:477)
at pageObjects.VideoChannelsPage.InputSharpnessValue(VideoChannelsPage.java:2557)
at testcases.VideoPictureSettingsTest.ChangeSharpnessAndPressSaveTest(VideoPictureSettingsTest.java:549)
at java.util.ArrayList.forEach(ArrayList.java:1257)
... Removed 31 stack frames]]>
    </failure>
  </testcase> <!-- ChangeSharpnessAndPressSaveTest -->
  <testcase name="AddNewTourAndCancelTest" time="9.093" classname="testcases.ToursElementsTest">
    <failure type="java.lang.AssertionError" message="did not expect to find [true] but found [false]">
      <![CDATA[java.lang.AssertionError: did not expect to find [true] but found [false]
at testcases.ToursElementsTest.AddNewTourAndCancelTest(ToursElementsTest.java:247)
at java.util.ArrayList.forEach(ArrayList.java:1257)
... Removed 31 stack frames]]>
    </failure>
  </testcase> <!-- AddNewTourAndCancelTest -->
  <testcase name="AddNewTourExitAndCancelTest" time="24.09" classname="testcases.ToursElementsTest">
    <failure type="java.lang.AssertionError" message="did not expect to find [true] but found [false]">
      <![CDATA[java.lang.AssertionError: did not expect to find [true] but found [false]
at testcases.ToursElementsTest.AddNewTourExitAndCancelTest(ToursElementsTest.java:304)
at java.util.ArrayList.forEach(ArrayList.java:1257)
... Removed 31 stack frames]]>
    </failure>
  </testcase> <!-- AddNewTourExitAndCancelTest -->
  <testcase name="ChangeIPAdressExitCancelUnsavedChangesTest" time="32.945" classname="testcases.NVRsElementsTest">
    <failure type="java.lang.AssertionError" message="expected [172.20.1.46IP30] but found [IP30]">
      <![CDATA[java.lang.AssertionError: expected [172.20.1.46IP30] but found [IP30]
at testcases.NVRsElementsTest.ChangeIPAdressExitCancelUnsavedChangesTest(NVRsElementsTest.java:377)
at java.util.ArrayList.forEach(ArrayList.java:1257)
... Removed 32 stack frames]]>
    </failure>
  </testcase> <!-- ChangeIPAdressExitCancelUnsavedChangesTest -->
  <testcase name="DecreasePortExitCancelUnsavedChangesTest" time="16.722" classname="testcases.NVRsElementsTest">
    <failure type="java.lang.AssertionError" message="did not expect to find [true] but found [false]">
      <![CDATA[java.lang.AssertionError: did not expect to find [true] but found [false]
at testcases.NVRsElementsTest.DecreasePortExitCancelUnsavedChangesTest(NVRsElementsTest.java:811)
at java.util.ArrayList.forEach(ArrayList.java:1257)
... Removed 31 stack frames]]>
    </failure>
  </testcase> <!-- DecreasePortExitCancelUnsavedChangesTest -->
  <testcase name="DecreasePortExitPressSaveUnsavedChangesTest" time="16.842" classname="testcases.NVRsElementsTest">
    <failure type="java.lang.AssertionError" message="did not expect to find [true] but found [false]">
      <![CDATA[java.lang.AssertionError: did not expect to find [true] but found [false]
at testcases.NVRsElementsTest.DecreasePortExitPressSaveUnsavedChangesTest(NVRsElementsTest.java:901)
at java.util.ArrayList.forEach(ArrayList.java:1257)
... Removed 31 stack frames]]>
    </failure>
  </testcase> <!-- DecreasePortExitPressSaveUnsavedChangesTest -->
  <testcase name="IncreasePortExitPressDontSaveUnsavedChangesTest" time="15.789" classname="testcases.NVRsElementsTest">
    <failure type="java.lang.AssertionError" message="did not expect to find [true] but found [false]">
      <![CDATA[java.lang.AssertionError: did not expect to find [true] but found [false]
at testcases.NVRsElementsTest.IncreasePortExitPressDontSaveUnsavedChangesTest(NVRsElementsTest.java:851)
at java.util.ArrayList.forEach(ArrayList.java:1257)
... Removed 31 stack frames]]>
    </failure>
  </testcase> <!-- IncreasePortExitPressDontSaveUnsavedChangesTest -->
  <testcase name="SwitchStorageDefinitionsExitAndPressDontSaveButtonTest" time="72.741" classname="testcases.NVRsElementsTest"/>
  <testcase name="CreateNewScheduleNeverRepeatTest" time="1.292" classname="testcases.VideoRecordingTest">
    <failure type="org.openqa.selenium.ElementNotInteractableException" message="Element is not displayed
Build info: version: &amp;apos;3.9.1&amp;apos;, revision: &amp;apos;63f7b50&amp;apos;, time: &amp;apos;2018-02-07T22:25:02.294Z&amp;apos;
System info: host: &amp;apos;BORSE-PC&amp;apos;, ip: &amp;apos;172.20.1.58&amp;apos;, os.name: &amp;apos;Windows 10&amp;apos;, os.arch: &amp;apos;amd64&amp;apos;, os.version: &amp;apos;10.0&amp;apos;, java.version: &amp;apos;1.8.0_202&amp;apos;
Driver info: org.openqa.selenium.ie.InternetExplorerDriver
Capabilities {acceptInsecureCerts: false, browserName: internet explorer, browserVersion: 11, javascriptEnabled: true, pageLoadStrategy: normal, platform: WINDOWS, platformName: WINDOWS, proxy: Proxy(), se:ieOptions: {browserAttachTimeout: 0, elementScrollBehavior: 0, enablePersistentHover: true, ie.browserCommandLineSwitches: , ie.edgechromium: false, ie.edgepath: , ie.ensureCleanSession: true, ie.fileUploadDialogTimeout: 3000, ie.forceCreateProcessApi: false, ignoreProtectedModeSettings: true, ignoreZoomSetting: false, initialBrowserUrl: http://localhost:26515/, nativeEvents: true, requireWindowFocus: false}, setWindowRect: true, strictFileInteractability: false, timeouts: {implicit: 0, pageLoad: 300000, script: 30000}, unhandledPromptBehavior: dismiss and notify}
Session ID: 50b75bfa-1384-4142-87bc-15f9fca09ded">
      <![CDATA[org.openqa.selenium.ElementNotInteractableException: Element is not displayed
Build info: version: '3.9.1', revision: '63f7b50', time: '2018-02-07T22:25:02.294Z'
System info: host: 'BORSE-PC', ip: '172.20.1.58', os.name: 'Windows 10', os.arch: 'amd64', os.version: '10.0', java.version: '1.8.0_202'
Driver info: org.openqa.selenium.ie.InternetExplorerDriver
Capabilities {acceptInsecureCerts: false, browserName: internet explorer, browserVersion: 11, javascriptEnabled: true, pageLoadStrategy: normal, platform: WINDOWS, platformName: WINDOWS, proxy: Proxy(), se:ieOptions: {browserAttachTimeout: 0, elementScrollBehavior: 0, enablePersistentHover: true, ie.browserCommandLineSwitches: , ie.edgechromium: false, ie.edgepath: , ie.ensureCleanSession: true, ie.fileUploadDialogTimeout: 3000, ie.forceCreateProcessApi: false, ignoreProtectedModeSettings: true, ignoreZoomSetting: false, initialBrowserUrl: http://localhost:26515/, nativeEvents: true, requireWindowFocus: false}, setWindowRect: true, strictFileInteractability: false, timeouts: {implicit: 0, pageLoad: 300000, script: 30000}, unhandledPromptBehavior: dismiss and notify}
Session ID: 50b75bfa-1384-4142-87bc-15f9fca09ded
at org.openqa.selenium.remote.http.W3CHttpResponseCodec.createException(W3CHttpResponseCodec.java:187)
at org.openqa.selenium.remote.http.W3CHttpResponseCodec.decode(W3CHttpResponseCodec.java:122)
at org.openqa.selenium.remote.http.W3CHttpResponseCodec.decode(W3CHttpResponseCodec.java:49)
at org.openqa.selenium.remote.HttpCommandExecutor.execute(HttpCommandExecutor.java:160)
at org.openqa.selenium.remote.service.DriverCommandExecutor.execute(DriverCommandExecutor.java:83)
at org.openqa.selenium.remote.RemoteWebDriver.execute(RemoteWebDriver.java:601)
at org.openqa.selenium.remote.RemoteWebElement.execute(RemoteWebElement.java:279)
at org.openqa.selenium.remote.RemoteWebElement.click(RemoteWebElement.java:83)
at testcases.VideoRecordingTest.CreateNewScheduleNeverRepeatTest(VideoRecordingTest.java:1035)
at java.util.ArrayList.forEach(ArrayList.java:1257)
... Removed 31 stack frames]]>
    </failure>
  </testcase> <!-- CreateNewScheduleNeverRepeatTest -->
  <testcase name="NewMonthlyScheduleTest" time="1.356" classname="testcases.VideoRecordingTest">
    <failure type="org.openqa.selenium.ElementNotInteractableException" message="Element is not displayed
Build info: version: &amp;apos;3.9.1&amp;apos;, revision: &amp;apos;63f7b50&amp;apos;, time: &amp;apos;2018-02-07T22:25:02.294Z&amp;apos;
System info: host: &amp;apos;BORSE-PC&amp;apos;, ip: &amp;apos;172.20.1.58&amp;apos;, os.name: &amp;apos;Windows 10&amp;apos;, os.arch: &amp;apos;amd64&amp;apos;, os.version: &amp;apos;10.0&amp;apos;, java.version: &amp;apos;1.8.0_202&amp;apos;
Driver info: org.openqa.selenium.ie.InternetExplorerDriver
Capabilities {acceptInsecureCerts: false, browserName: internet explorer, browserVersion: 11, javascriptEnabled: true, pageLoadStrategy: normal, platform: WINDOWS, platformName: WINDOWS, proxy: Proxy(), se:ieOptions: {browserAttachTimeout: 0, elementScrollBehavior: 0, enablePersistentHover: true, ie.browserCommandLineSwitches: , ie.edgechromium: false, ie.edgepath: , ie.ensureCleanSession: true, ie.fileUploadDialogTimeout: 3000, ie.forceCreateProcessApi: false, ignoreProtectedModeSettings: true, ignoreZoomSetting: false, initialBrowserUrl: http://localhost:25891/, nativeEvents: true, requireWindowFocus: false}, setWindowRect: true, strictFileInteractability: false, timeouts: {implicit: 0, pageLoad: 300000, script: 30000}, unhandledPromptBehavior: dismiss and notify}
Session ID: 44d892aa-5e84-4b6d-81f0-03d110619707">
      <![CDATA[org.openqa.selenium.ElementNotInteractableException: Element is not displayed
Build info: version: '3.9.1', revision: '63f7b50', time: '2018-02-07T22:25:02.294Z'
System info: host: 'BORSE-PC', ip: '172.20.1.58', os.name: 'Windows 10', os.arch: 'amd64', os.version: '10.0', java.version: '1.8.0_202'
Driver info: org.openqa.selenium.ie.InternetExplorerDriver
Capabilities {acceptInsecureCerts: false, browserName: internet explorer, browserVersion: 11, javascriptEnabled: true, pageLoadStrategy: normal, platform: WINDOWS, platformName: WINDOWS, proxy: Proxy(), se:ieOptions: {browserAttachTimeout: 0, elementScrollBehavior: 0, enablePersistentHover: true, ie.browserCommandLineSwitches: , ie.edgechromium: false, ie.edgepath: , ie.ensureCleanSession: true, ie.fileUploadDialogTimeout: 3000, ie.forceCreateProcessApi: false, ignoreProtectedModeSettings: true, ignoreZoomSetting: false, initialBrowserUrl: http://localhost:25891/, nativeEvents: true, requireWindowFocus: false}, setWindowRect: true, strictFileInteractability: false, timeouts: {implicit: 0, pageLoad: 300000, script: 30000}, unhandledPromptBehavior: dismiss and notify}
Session ID: 44d892aa-5e84-4b6d-81f0-03d110619707
at org.openqa.selenium.remote.http.W3CHttpResponseCodec.createException(W3CHttpResponseCodec.java:187)
at org.openqa.selenium.remote.http.W3CHttpResponseCodec.decode(W3CHttpResponseCodec.java:122)
at org.openqa.selenium.remote.http.W3CHttpResponseCodec.decode(W3CHttpResponseCodec.java:49)
at org.openqa.selenium.remote.HttpCommandExecutor.execute(HttpCommandExecutor.java:160)
at org.openqa.selenium.remote.service.DriverCommandExecutor.execute(DriverCommandExecutor.java:83)
at org.openqa.selenium.remote.RemoteWebDriver.execute(RemoteWebDriver.java:601)
at org.openqa.selenium.remote.RemoteWebElement.execute(RemoteWebElement.java:279)
at org.openqa.selenium.remote.RemoteWebElement.click(RemoteWebElement.java:83)
at testcases.VideoRecordingTest.NewMonthlyScheduleTest(VideoRecordingTest.java:614)
at java.util.ArrayList.forEach(ArrayList.java:1257)
... Removed 31 stack frames]]>
    </failure>
  </testcase> <!-- NewMonthlyScheduleTest -->
  <testcase name="NewWeeklyScheduleTest" time="107.254" classname="testcases.VideoRecordingTest">
    <failure type="org.openqa.selenium.ElementNotInteractableException" message="Element is not displayed
Build info: version: &amp;apos;3.9.1&amp;apos;, revision: &amp;apos;63f7b50&amp;apos;, time: &amp;apos;2018-02-07T22:25:02.294Z&amp;apos;
System info: host: &amp;apos;BORSE-PC&amp;apos;, ip: &amp;apos;172.20.1.58&amp;apos;, os.name: &amp;apos;Windows 10&amp;apos;, os.arch: &amp;apos;amd64&amp;apos;, os.version: &amp;apos;10.0&amp;apos;, java.version: &amp;apos;1.8.0_202&amp;apos;
Driver info: org.openqa.selenium.ie.InternetExplorerDriver
Capabilities {acceptInsecureCerts: false, browserName: internet explorer, browserVersion: 11, javascriptEnabled: true, pageLoadStrategy: normal, platform: WINDOWS, platformName: WINDOWS, proxy: Proxy(), se:ieOptions: {browserAttachTimeout: 0, elementScrollBehavior: 0, enablePersistentHover: true, ie.browserCommandLineSwitches: , ie.edgechromium: false, ie.edgepath: , ie.ensureCleanSession: true, ie.fileUploadDialogTimeout: 3000, ie.forceCreateProcessApi: false, ignoreProtectedModeSettings: true, ignoreZoomSetting: false, initialBrowserUrl: http://localhost:19927/, nativeEvents: true, requireWindowFocus: false}, setWindowRect: true, strictFileInteractability: false, timeouts: {implicit: 0, pageLoad: 300000, script: 30000}, unhandledPromptBehavior: dismiss and notify}
Session ID: cecd7e76-4207-42cc-8f4d-9cd364291100">
      <![CDATA[org.openqa.selenium.ElementNotInteractableException: Element is not displayed
Build info: version: '3.9.1', revision: '63f7b50', time: '2018-02-07T22:25:02.294Z'
System info: host: 'BORSE-PC', ip: '172.20.1.58', os.name: 'Windows 10', os.arch: 'amd64', os.version: '10.0', java.version: '1.8.0_202'
Driver info: org.openqa.selenium.ie.InternetExplorerDriver
Capabilities {acceptInsecureCerts: false, browserName: internet explorer, browserVersion: 11, javascriptEnabled: true, pageLoadStrategy: normal, platform: WINDOWS, platformName: WINDOWS, proxy: Proxy(), se:ieOptions: {browserAttachTimeout: 0, elementScrollBehavior: 0, enablePersistentHover: true, ie.browserCommandLineSwitches: , ie.edgechromium: false, ie.edgepath: , ie.ensureCleanSession: true, ie.fileUploadDialogTimeout: 3000, ie.forceCreateProcessApi: false, ignoreProtectedModeSettings: true, ignoreZoomSetting: false, initialBrowserUrl: http://localhost:19927/, nativeEvents: true, requireWindowFocus: false}, setWindowRect: true, strictFileInteractability: false, timeouts: {implicit: 0, pageLoad: 300000, script: 30000}, unhandledPromptBehavior: dismiss and notify}
Session ID: cecd7e76-4207-42cc-8f4d-9cd364291100
at org.openqa.selenium.remote.http.W3CHttpResponseCodec.createException(W3CHttpResponseCodec.java:187)
at org.openqa.selenium.remote.http.W3CHttpResponseCodec.decode(W3CHttpResponseCodec.java:122)
at org.openqa.selenium.remote.http.W3CHttpResponseCodec.decode(W3CHttpResponseCodec.java:49)
at org.openqa.selenium.remote.HttpCommandExecutor.execute(HttpCommandExecutor.java:160)
at org.openqa.selenium.remote.service.DriverCommandExecutor.execute(DriverCommandExecutor.java:83)
at org.openqa.selenium.remote.RemoteWebDriver.execute(RemoteWebDriver.java:601)
at org.openqa.selenium.remote.RemoteWebElement.execute(RemoteWebElement.java:279)
at org.openqa.selenium.remote.RemoteWebElement.click(RemoteWebElement.java:83)
at testcases.VideoRecordingTest.NewWeeklyScheduleTest(VideoRecordingTest.java:500)
at java.util.ArrayList.forEach(ArrayList.java:1257)
... Removed 31 stack frames]]>
    </failure>
  </testcase> <!-- NewWeeklyScheduleTest -->
  <testcase name="GetVideoChannelPropertiesAndApplyToOtherChannelTest" time="18.194" classname="testcases.VideoRecordingTest">
    <failure type="org.openqa.selenium.NoSuchElementException" message="Unable to find element with xpath == //select[@data-ng-model = &amp;apos;schedule.normalStreamId&amp;apos;]
For documentation on this error, please visit: http://seleniumhq.org/exceptions/no_such_element.html
Build info: version: &amp;apos;3.9.1&amp;apos;, revision: &amp;apos;63f7b50&amp;apos;, time: &amp;apos;2018-02-07T22:25:02.294Z&amp;apos;
System info: host: &amp;apos;BORSE-PC&amp;apos;, ip: &amp;apos;172.20.1.58&amp;apos;, os.name: &amp;apos;Windows 10&amp;apos;, os.arch: &amp;apos;amd64&amp;apos;, os.version: &amp;apos;10.0&amp;apos;, java.version: &amp;apos;1.8.0_202&amp;apos;
Driver info: org.openqa.selenium.ie.InternetExplorerDriver
Capabilities {acceptInsecureCerts: false, browserName: internet explorer, browserVersion: 11, javascriptEnabled: true, pageLoadStrategy: normal, platform: WINDOWS, platformName: WINDOWS, proxy: Proxy(), se:ieOptions: {browserAttachTimeout: 0, elementScrollBehavior: 0, enablePersistentHover: true, ie.browserCommandLineSwitches: , ie.edgechromium: false, ie.edgepath: , ie.ensureCleanSession: true, ie.fileUploadDialogTimeout: 3000, ie.forceCreateProcessApi: false, ignoreProtectedModeSettings: true, ignoreZoomSetting: false, initialBrowserUrl: http://localhost:11386/, nativeEvents: true, requireWindowFocus: false}, setWindowRect: true, strictFileInteractability: false, timeouts: {implicit: 0, pageLoad: 300000, script: 30000}, unhandledPromptBehavior: dismiss and notify}
Session ID: 0b5c7db5-c37e-4de3-b12f-94643fe4c0ca
*** Element info: {Using=xpath, value=//select[@data-ng-model = &amp;apos;schedule.normalStreamId&amp;apos;]}">
      <![CDATA[org.openqa.selenium.NoSuchElementException: Unable to find element with xpath == //select[@data-ng-model = 'schedule.normalStreamId']
For documentation on this error, please visit: http://seleniumhq.org/exceptions/no_such_element.html
Build info: version: '3.9.1', revision: '63f7b50', time: '2018-02-07T22:25:02.294Z'
System info: host: 'BORSE-PC', ip: '172.20.1.58', os.name: 'Windows 10', os.arch: 'amd64', os.version: '10.0', java.version: '1.8.0_202'
Driver info: org.openqa.selenium.ie.InternetExplorerDriver
Capabilities {acceptInsecureCerts: false, browserName: internet explorer, browserVersion: 11, javascriptEnabled: true, pageLoadStrategy: normal, platform: WINDOWS, platformName: WINDOWS, proxy: Proxy(), se:ieOptions: {browserAttachTimeout: 0, elementScrollBehavior: 0, enablePersistentHover: true, ie.browserCommandLineSwitches: , ie.edgechromium: false, ie.edgepath: , ie.ensureCleanSession: true, ie.fileUploadDialogTimeout: 3000, ie.forceCreateProcessApi: false, ignoreProtectedModeSettings: true, ignoreZoomSetting: false, initialBrowserUrl: http://localhost:11386/, nativeEvents: true, requireWindowFocus: false}, setWindowRect: true, strictFileInteractability: false, timeouts: {implicit: 0, pageLoad: 300000, script: 30000}, unhandledPromptBehavior: dismiss and notify}
Session ID: 0b5c7db5-c37e-4de3-b12f-94643fe4c0ca
*** Element info: {Using=xpath, value=//select[@data-ng-model = 'schedule.normalStreamId']}
at org.openqa.selenium.remote.http.W3CHttpResponseCodec.createException(W3CHttpResponseCodec.java:187)
at org.openqa.selenium.remote.http.W3CHttpResponseCodec.decode(W3CHttpResponseCodec.java:122)
at org.openqa.selenium.remote.http.W3CHttpResponseCodec.decode(W3CHttpResponseCodec.java:49)
at org.openqa.selenium.remote.HttpCommandExecutor.execute(HttpCommandExecutor.java:160)
at org.openqa.selenium.remote.service.DriverCommandExecutor.execute(DriverCommandExecutor.java:83)
at org.openqa.selenium.remote.RemoteWebDriver.execute(RemoteWebDriver.java:601)
at org.openqa.selenium.remote.RemoteWebDriver.findElement(RemoteWebDriver.java:371)
at org.openqa.selenium.remote.RemoteWebDriver.findElementByXPath(RemoteWebDriver.java:473)
at org.openqa.selenium.By$ByXPath.findElement(By.java:361)
at org.openqa.selenium.remote.RemoteWebDriver.findElement(RemoteWebDriver.java:363)
at org.openqa.selenium.support.pagefactory.DefaultElementLocator.findElement(DefaultElementLocator.java:69)
at org.openqa.selenium.support.pagefactory.internal.LocatingElementHandler.invoke(LocatingElementHandler.java:38)
at com.sun.proxy.$Proxy13.getTagName(Unknown Source)
at org.openqa.selenium.support.ui.Select.<init>(Select.java:44)
at pageObjects.VideoChannelsPage.GetSelectedStream(VideoChannelsPage.java:2167)
at testcases.VideoRecordingTest.GetVideoChannelPropertiesAndApplyToOtherChannelTest(VideoRecordingTest.java:2153)
at java.util.ArrayList.forEach(ArrayList.java:1257)
... Removed 31 stack frames]]>
    </failure>
  </testcase> <!-- GetVideoChannelPropertiesAndApplyToOtherChannelTest -->
  <testcase name="AddNVRManuallyWithSecuredPortTest" time="262.022" classname="testcases.NVRsTest">
    <failure type="java.lang.AssertionError" message="expected [Communication Failure] but found [Connecting...]">
      <![CDATA[java.lang.AssertionError: expected [Communication Failure] but found [Connecting...]
at testcases.NVRsTest.AddNVRManuallyWithSecuredPortTest(NVRsTest.java:810)
at java.util.ArrayList.forEach(ArrayList.java:1257)
... Removed 32 stack frames]]>
    </failure>
  </testcase> <!-- AddNVRManuallyWithSecuredPortTest -->
  <testcase name="ChangeIPAdressAndCheckStatusTest" time="164.56" classname="testcases.NVRsTest">
    <failure type="java.lang.AssertionError" message="expected [172.20.1.46172.20.1.46IP] but found [172.20.1.46IP]">
      <![CDATA[java.lang.AssertionError: expected [172.20.1.46172.20.1.46IP] but found [172.20.1.46IP]
at testcases.NVRsTest.ChangeIPAdressAndCheckStatusTest(NVRsTest.java:1354)
at java.util.ArrayList.forEach(ArrayList.java:1257)
... Removed 32 stack frames]]>
    </failure>
  </testcase> <!-- ChangeIPAdressAndCheckStatusTest -->
  <testcase name="ChangePasswordToInvalidAndCheckStatusTest" time="255.276" classname="testcases.NVRsTest"/>
  <testcase name="ChangeSecuredAndCheckStatusTest" time="263.032" classname="testcases.NVRsTest"/>
  <testcase name="ChangeNameExitAndPressSaveTest" time="51.951" classname="testcases.AudioChannelsElementsTest">
    <failure type="java.lang.NullPointerException">
      <![CDATA[java.lang.NullPointerException
at testcases.AudioChannelsElementsTest.ChangeNameExitAndPressSaveTest(AudioChannelsElementsTest.java:250)
at java.util.ArrayList.forEach(ArrayList.java:1257)
... Removed 27 stack frames]]>
    </failure>
  </testcase> <!-- ChangeNameExitAndPressSaveTest -->
  <testcase name="ChangeNameAndSaveTest" time="8.798" classname="testcases.VideoChannelPropertiesElementTest">
    <failure type="java.lang.AssertionError" message="did not expect to find [true] but found [false]">
      <![CDATA[java.lang.AssertionError: did not expect to find [true] but found [false]
at testcases.VideoChannelPropertiesElementTest.ChangeNameAndSaveTest(VideoChannelPropertiesElementTest.java:637)
at java.util.ArrayList.forEach(ArrayList.java:1257)
... Removed 31 stack frames]]>
    </failure>
  </testcase> <!-- ChangeNameAndSaveTest -->
  <testcase name="ChangeNameExitPressDontSaveUnsavedChangesTest" time="25.499" classname="testcases.VideoChannelPropertiesElementTest">
    <failure type="java.lang.AssertionError" message="expected [172.20.10.109_Camera_.5 [5]] but found [172.20.0.87_Camera_1]">
      <![CDATA[java.lang.AssertionError: expected [172.20.10.109_Camera_.5 [5]] but found [172.20.0.87_Camera_1]
at testcases.VideoChannelPropertiesElementTest.ChangeNameExitPressDontSaveUnsavedChangesTest(VideoChannelPropertiesElementTest.java:220)
at java.util.ArrayList.forEach(ArrayList.java:1257)
... Removed 32 stack frames]]>
    </failure>
  </testcase> <!-- ChangeNameExitPressDontSaveUnsavedChangesTest -->
  <testcase name="ChangeNamePressCancelExitTest" time="9.163" classname="testcases.VideoChannelPropertiesElementTest">
    <failure type="java.lang.AssertionError" message="expected [172.20.0.76_Camera] but found [172.20.0.87_Camera_1]">
      <![CDATA[java.lang.AssertionError: expected [172.20.0.76_Camera] but found [172.20.0.87_Camera_1]
at testcases.VideoChannelPropertiesElementTest.ChangeNamePressCancelExitTest(VideoChannelPropertiesElementTest.java:147)
at java.util.ArrayList.forEach(ArrayList.java:1257)
... Removed 32 stack frames]]>
    </failure>
  </testcase> <!-- ChangeNamePressCancelExitTest -->
  <testcase name="SwitchVisibilityTest" time="52.407" classname="testcases.VideoChannelPropertiesElementTest">
    <failure type="org.openqa.selenium.ElementNotInteractableException" message="Element is not interactable, it must not be hidden and it must be able to receive focus
Build info: version: &amp;apos;3.9.1&amp;apos;, revision: &amp;apos;63f7b50&amp;apos;, time: &amp;apos;2018-02-07T22:25:02.294Z&amp;apos;
System info: host: &amp;apos;BORSE-PC&amp;apos;, ip: &amp;apos;172.20.1.58&amp;apos;, os.name: &amp;apos;Windows 10&amp;apos;, os.arch: &amp;apos;amd64&amp;apos;, os.version: &amp;apos;10.0&amp;apos;, java.version: &amp;apos;1.8.0_202&amp;apos;
Driver info: org.openqa.selenium.ie.InternetExplorerDriver
Capabilities {acceptInsecureCerts: false, browserName: internet explorer, browserVersion: 11, javascriptEnabled: true, pageLoadStrategy: normal, platform: WINDOWS, platformName: WINDOWS, proxy: Proxy(), se:ieOptions: {browserAttachTimeout: 0, elementScrollBehavior: 0, enablePersistentHover: true, ie.browserCommandLineSwitches: , ie.edgechromium: false, ie.edgepath: , ie.ensureCleanSession: true, ie.fileUploadDialogTimeout: 3000, ie.forceCreateProcessApi: false, ignoreProtectedModeSettings: true, ignoreZoomSetting: false, initialBrowserUrl: http://localhost:47340/, nativeEvents: true, requireWindowFocus: false}, setWindowRect: true, strictFileInteractability: false, timeouts: {implicit: 0, pageLoad: 300000, script: 30000}, unhandledPromptBehavior: dismiss and notify}
Session ID: d9d68110-4f28-429a-8e33-07a521be08b2">
      <![CDATA[org.openqa.selenium.ElementNotInteractableException: Element is not interactable, it must not be hidden and it must be able to receive focus
Build info: version: '3.9.1', revision: '63f7b50', time: '2018-02-07T22:25:02.294Z'
System info: host: 'BORSE-PC', ip: '172.20.1.58', os.name: 'Windows 10', os.arch: 'amd64', os.version: '10.0', java.version: '1.8.0_202'
Driver info: org.openqa.selenium.ie.InternetExplorerDriver
Capabilities {acceptInsecureCerts: false, browserName: internet explorer, browserVersion: 11, javascriptEnabled: true, pageLoadStrategy: normal, platform: WINDOWS, platformName: WINDOWS, proxy: Proxy(), se:ieOptions: {browserAttachTimeout: 0, elementScrollBehavior: 0, enablePersistentHover: true, ie.browserCommandLineSwitches: , ie.edgechromium: false, ie.edgepath: , ie.ensureCleanSession: true, ie.fileUploadDialogTimeout: 3000, ie.forceCreateProcessApi: false, ignoreProtectedModeSettings: true, ignoreZoomSetting: false, initialBrowserUrl: http://localhost:47340/, nativeEvents: true, requireWindowFocus: false}, setWindowRect: true, strictFileInteractability: false, timeouts: {implicit: 0, pageLoad: 300000, script: 30000}, unhandledPromptBehavior: dismiss and notify}
Session ID: d9d68110-4f28-429a-8e33-07a521be08b2
at org.openqa.selenium.remote.http.W3CHttpResponseCodec.createException(W3CHttpResponseCodec.java:187)
at org.openqa.selenium.remote.http.W3CHttpResponseCodec.decode(W3CHttpResponseCodec.java:122)
at org.openqa.selenium.remote.http.W3CHttpResponseCodec.decode(W3CHttpResponseCodec.java:49)
at org.openqa.selenium.remote.HttpCommandExecutor.execute(HttpCommandExecutor.java:160)
at org.openqa.selenium.remote.service.DriverCommandExecutor.execute(DriverCommandExecutor.java:83)
at org.openqa.selenium.remote.RemoteWebDriver.execute(RemoteWebDriver.java:601)
at org.openqa.selenium.remote.RemoteWebElement.execute(RemoteWebElement.java:279)
at org.openqa.selenium.remote.RemoteWebElement.clear(RemoteWebElement.java:118)
at org.openqa.selenium.support.pagefactory.internal.LocatingElementHandler.invoke(LocatingElementHandler.java:51)
at com.sun.proxy.$Proxy13.clear(Unknown Source)
at Utilities.Page.setElementText(Page.java:477)
at pageObjects.MonitoringPage.FilterField(MonitoringPage.java:125)
at testcases.VideoChannelPropertiesElementTest.SwitchVisibilityTest(VideoChannelPropertiesElementTest.java:680)
at java.util.ArrayList.forEach(ArrayList.java:1257)
... Removed 34 stack frames]]>
    </failure>
  </testcase> <!-- SwitchVisibilityTest -->
  <testcase name="ChangeIPAdressExitPressSaveUnsavedChangesTest" time="0.0" classname="testcases.NVRsElementsTest">
    <ignored/>
  </testcase> <!-- ChangeIPAdressExitPressSaveUnsavedChangesTest -->
  <testcase name="ChangeRecordingModeTest" time="0.0" classname="testcases.VideoRecordingTest">
    <ignored/>
  </testcase> <!-- ChangeRecordingModeTest -->
  <testcase name="SortEventsByNameInSpecifyEventsWTest" time="0.0" classname="testcases.VideoRecordingTest">
    <ignored/>
  </testcase> <!-- SortEventsByNameInSpecifyEventsWTest -->
  <testcase name="CheckPropertiesAfterChangePortTest" time="0.0" classname="testcases.NVRsElementsTest">
    <ignored/>
  </testcase> <!-- CheckPropertiesAfterChangePortTest -->
  <testcase name="ChangeNameExitAndSaveTest" time="0.0" classname="testcases.ToursElementsTest">
    <ignored/>
  </testcase> <!-- ChangeNameExitAndSaveTest -->
  <testcase name="RemoveNVRsByIconTest" time="0.0" classname="testcases.NVRsTest">
    <ignored/>
  </testcase> <!-- RemoveNVRsByIconTest -->
  <testcase name="ChangeRecordingModeTest" time="0.0" classname="testcases.AudioChannelsTest">
    <ignored/>
  </testcase> <!-- ChangeRecordingModeTest -->
  <testcase name="ChangeProtocolExitAndPressCancelTest" time="0.0" classname="testcases.AudioChannelsElementsTest">
    <ignored/>
  </testcase> <!-- ChangeProtocolExitAndPressCancelTest -->
  <testcase name="SwitchRecordingIfLimitRetentionIsOnTest" time="0.0" classname="testcases.AudioChannelsTest">
    <ignored/>
  </testcase> <!-- SwitchRecordingIfLimitRetentionIsOnTest -->
  <testcase name="ChangePortPressCancelTest" time="0.0" classname="testcases.NVRsElementsTest">
    <ignored/>
  </testcase> <!-- ChangePortPressCancelTest -->
  <testcase name="AddProperNumericIdPressCancelUnsavedChangesTest" time="0.0" classname="testcases.VideoChannelPropertiesElementTest">
    <ignored/>
  </testcase> <!-- AddProperNumericIdPressCancelUnsavedChangesTest -->
  <testcase name="MultipleSelectAudioChannelsTest" time="0.0" classname="testcases.VideoChannelPropertiesElementTest">
    <ignored/>
  </testcase> <!-- MultipleSelectAudioChannelsTest -->
  <testcase name="CreateNewScheduleAndPressCancelTest" time="0.0" classname="testcases.VideoRecordingTest">
    <ignored/>
  </testcase> <!-- CreateNewScheduleAndPressCancelTest -->
  <testcase name="CreateNewYearlyScheduleTest" time="0.0" classname="testcases.VideoRecordingTest">
    <ignored/>
  </testcase> <!-- CreateNewYearlyScheduleTest -->
  <testcase name="SelectRelayEventTypeTest" time="0.0" classname="testcases.VideoRecordingTest">
    <ignored/>
  </testcase> <!-- SelectRelayEventTypeTest -->
  <testcase name="AddNVRManuallyAndPressCloseTest" time="0.0" classname="testcases.NVRsTest">
    <ignored/>
  </testcase> <!-- AddNVRManuallyAndPressCloseTest -->
  <testcase name="ChangePreEventTimeAndPressCancelTest" time="0.0" classname="testcases.AudioChannelsElementsTest">
    <ignored/>
  </testcase> <!-- ChangePreEventTimeAndPressCancelTest -->
  <testcase name="AddAudioResourcesExitPressDontSaveUnsavedChangesTest" time="0.0" classname="testcases.VideoChannelPropertiesElementTest">
    <ignored/>
  </testcase> <!-- AddAudioResourcesExitPressDontSaveUnsavedChangesTest -->
  <testcase name="ChangeViewTimeExitAndSaveTest" time="0.0" classname="testcases.ToursElementsTest">
    <ignored/>
  </testcase> <!-- ChangeViewTimeExitAndSaveTest -->
  <testcase name="ChangeVisibilityExitAndPressSaveTest" time="0.0" classname="testcases.AudioChannelsElementsTest">
    <ignored/>
  </testcase> <!-- ChangeVisibilityExitAndPressSaveTest -->
  <testcase name="AddViewExitAndCancelTest" time="0.0" classname="testcases.ToursElementsTest">
    <ignored/>
  </testcase> <!-- AddViewExitAndCancelTest -->
  <testcase name="AddNewTourExitAndDoNotSaveTest" time="0.0" classname="testcases.ToursElementsTest">
    <ignored/>
  </testcase> <!-- AddNewTourExitAndDoNotSaveTest -->
  <testcase name="SwitchStorageDefinitionsExitAndPressCancelTest" time="0.0" classname="testcases.NVRsElementsTest">
    <ignored/>
  </testcase> <!-- SwitchStorageDefinitionsExitAndPressCancelTest -->
  <testcase name="ChangeNameExitAndPressDonotSaveTest" time="0.0" classname="testcases.AudioChannelsElementsTest">
    <ignored/>
  </testcase> <!-- ChangeNameExitAndPressDonotSaveTest -->
  <testcase name="ChangeIPAdressPressCancelExitTest" time="0.0" classname="testcases.NVRsElementsTest">
    <ignored/>
  </testcase> <!-- ChangeIPAdressPressCancelExitTest -->
  <testcase name="DeleteOneNVRAndCheckPropertiesPanelTest" time="0.0" classname="testcases.NVRsTest">
    <ignored/>
  </testcase> <!-- DeleteOneNVRAndCheckPropertiesPanelTest -->
  <testcase name="ChangeStorageDefinitionsTest" time="0.0" classname="testcases.NVRsTest">
    <ignored/>
  </testcase> <!-- ChangeStorageDefinitionsTest -->
  <testcase name="SwitchStorageDefinitionsAndPressCancelTest" time="0.0" classname="testcases.NVRsElementsTest">
    <ignored/>
  </testcase> <!-- SwitchStorageDefinitionsAndPressCancelTest -->
  <testcase name="SelectTwoEventsDeleteExitAndPressSaveTest" time="0.0" classname="testcases.AudioChannelsElementsTest">
    <ignored/>
  </testcase> <!-- SelectTwoEventsDeleteExitAndPressSaveTest -->
  <testcase name="CreateNewSchedulePlanExitAndPressSaveTest" time="0.0" classname="testcases.AudioChannelsElementsTest">
    <ignored/>
  </testcase> <!-- CreateNewSchedulePlanExitAndPressSaveTest -->
  <testcase name="ChangePortExitPressSaveUnsavedChangesTest" time="0.0" classname="testcases.NVRsElementsTest">
    <ignored/>
  </testcase> <!-- ChangePortExitPressSaveUnsavedChangesTest -->
  <testcase name="SwitchStorageDefinitionsTest" time="0.0" classname="testcases.NVRsTest">
    <ignored/>
  </testcase> <!-- SwitchStorageDefinitionsTest -->
  <testcase name="MultipleNVRsAdditingTest" time="0.0" classname="testcases.NVRsTest">
    <ignored/>
  </testcase> <!-- MultipleNVRsAdditingTest -->
  <testcase name="GetVideoChannelPictureSetiingsAndApplyToOtherChannelTest" time="0.0" classname="testcases.VideoPictureSettingsTest">
    <ignored/>
  </testcase> <!-- GetVideoChannelPictureSetiingsAndApplyToOtherChannelTest -->
  <testcase name="ChangeVisibilityExitAndPressCancelTest" time="0.0" classname="testcases.AudioChannelsElementsTest">
    <ignored/>
  </testcase> <!-- ChangeVisibilityExitAndPressCancelTest -->
  <testcase name="SelectScheduleAndPressDoNotSaveTest" time="0.0" classname="testcases.AudioChannelsElementsTest">
    <ignored/>
  </testcase> <!-- SelectScheduleAndPressDoNotSaveTest -->
  <testcase name="AddAudioResourcesExitCancelUnsavedChangesTest" time="0.0" classname="testcases.VideoChannelPropertiesElementTest">
    <ignored/>
  </testcase> <!-- AddAudioResourcesExitCancelUnsavedChangesTest -->
  <testcase name="SelectAnyEventsExitAndPressDoNotSaveTest" time="0.0" classname="testcases.AudioChannelsElementsTest">
    <ignored/>
  </testcase> <!-- SelectAnyEventsExitAndPressDoNotSaveTest -->
  <testcase name="ChangeViewTimeBySpinnersExitAndDoNotSaveTest" time="0.0" classname="testcases.ToursElementsTest">
    <ignored/>
  </testcase> <!-- ChangeViewTimeBySpinnersExitAndDoNotSaveTest -->
  <testcase name="ChangeNameExitCancelUnsavedChangesExitCancelTest" time="0.0" classname="testcases.NVRsElementsTest">
    <ignored/>
  </testcase> <!-- ChangeNameExitCancelUnsavedChangesExitCancelTest -->
  <testcase name="ChangeStorageDefinitionsExitCancelUnsavedChangesTest" time="0.0" classname="testcases.NVRsElementsTest">
    <ignored/>
  </testcase> <!-- ChangeStorageDefinitionsExitCancelUnsavedChangesTest -->
  <testcase name="SelectAndCancelAudioResourcesTest" time="0.0" classname="testcases.VideoChannelPropertiesElementTest">
    <ignored/>
  </testcase> <!-- SelectAndCancelAudioResourcesTest -->
  <testcase name="ChangeExposureModeToManualAndChangeExposureTimeTest" time="0.0" classname="testcases.VideoPictureSettingsTest">
    <ignored/>
  </testcase> <!-- ChangeExposureModeToManualAndChangeExposureTimeTest -->
  <testcase name="AddNewTourWithoutViewExitAndCancelTest" time="0.0" classname="testcases.ToursElementsTest">
    <ignored/>
  </testcase> <!-- AddNewTourWithoutViewExitAndCancelTest -->
  <testcase name="CheckPropertiesAfterChangeUserNameTest" time="0.0" classname="testcases.NVRsElementsTest">
    <ignored/>
  </testcase> <!-- CheckPropertiesAfterChangeUserNameTest -->
  <testcase name="SwitchOffStorageDefinitionsTest" time="0.0" classname="testcases.NVRsTest">
    <ignored/>
  </testcase> <!-- SwitchOffStorageDefinitionsTest -->
  <testcase name="SwitchLimitRetentionToggleTest" time="0.0" classname="testcases.VideoRecordingTest">
    <ignored/>
  </testcase> <!-- SwitchLimitRetentionToggleTest -->
  <testcase name="ChangeVisibilityExitAndPressDoNotSaveTest" time="0.0" classname="testcases.AudioChannelsElementsTest">
    <ignored/>
  </testcase> <!-- ChangeVisibilityExitAndPressDoNotSaveTest -->
  <testcase name="ChangeRemarksExitAndSaveTest" time="0.0" classname="testcases.ToursElementsTest">
    <ignored/>
  </testcase> <!-- ChangeRemarksExitAndSaveTest -->
  <testcase name="DeleteOneNVRClickOnAnotherNVRAndCheckPropertiesPanelTest" time="0.0" classname="testcases.NVRsTest">
    <ignored/>
  </testcase> <!-- DeleteOneNVRClickOnAnotherNVRAndCheckPropertiesPanelTest -->
  <testcase name="DecreasePortInAddNVRManualyWindowTest" time="0.0" classname="testcases.NVRsTest">
    <ignored/>
  </testcase> <!-- DecreasePortInAddNVRManualyWindowTest -->
  <testcase name="ChangeLimitRetentionValueTest" time="0.0" classname="testcases.VideoRecordingTest">
    <ignored/>
  </testcase> <!-- ChangeLimitRetentionValueTest -->
  <testcase name="DeleteAllViewsExitAndSaveTest" time="0.0" classname="testcases.ToursElementsTest">
    <ignored/>
  </testcase> <!-- DeleteAllViewsExitAndSaveTest -->
  <testcase name="SwitchLimitRetentionToggleTest" time="0.0" classname="testcases.AudioChannelsTest">
    <ignored/>
  </testcase> <!-- SwitchLimitRetentionToggleTest -->
  <testcase name="SortingNVRsByVersionTest" time="0.0" classname="testcases.NVRsTest">
    <ignored/>
  </testcase> <!-- SortingNVRsByVersionTest -->
  <testcase name="ChangeExposureModeToManualAndChangeGainTest" time="0.0" classname="testcases.VideoPictureSettingsTest">
    <ignored/>
  </testcase> <!-- ChangeExposureModeToManualAndChangeGainTest -->
  <testcase name="DeleteAllViewsExitAndCancelTest" time="0.0" classname="testcases.ToursElementsTest">
    <ignored/>
  </testcase> <!-- DeleteAllViewsExitAndCancelTest -->
  <testcase name="SortingDiscoveredNVRsTest" time="0.0" classname="testcases.NVRsTest">
    <ignored/>
  </testcase> <!-- SortingDiscoveredNVRsTest -->
  <testcase name="CancelButtonIsDisableTest" time="0.0" classname="testcases.VideoChannelPropertiesElementTest">
    <ignored/>
  </testcase> <!-- CancelButtonIsDisableTest -->
  <testcase name="SortingNVRsByNameTest" time="0.0" classname="testcases.NVRsTest">
    <ignored/>
  </testcase> <!-- SortingNVRsByNameTest -->
  <testcase name="AddViewExitAndSaveTest" time="0.0" classname="testcases.ToursElementsTest">
    <ignored/>
  </testcase> <!-- AddViewExitAndSaveTest -->
  <testcase name="SwitchRecordingToggleExitAndPressSaveTest" time="0.0" classname="testcases.AudioChannelsElementsTest">
    <ignored/>
  </testcase> <!-- SwitchRecordingToggleExitAndPressSaveTest -->
  <testcase name="InputInvalidUserNameInAddNVRManualyTest" time="0.0" classname="testcases.NVRsTest">
    <ignored/>
  </testcase> <!-- InputInvalidUserNameInAddNVRManualyTest -->
  <testcase name="ChangeNameExitAndPressCancelTest" time="0.0" classname="testcases.AudioChannelsElementsTest">
    <ignored/>
  </testcase> <!-- ChangeNameExitAndPressCancelTest -->
  <testcase name="AddNVRManuallyAndSwitchONSecuredTest" time="0.0" classname="testcases.NVRsTest">
    <ignored/>
  </testcase> <!-- AddNVRManuallyAndSwitchONSecuredTest -->
  <testcase name="DeleteAudioChannelsTest" time="0.0" classname="testcases.VideoChannelPropertiesElementTest">
    <ignored/>
  </testcase> <!-- DeleteAudioChannelsTest -->
  <testcase name="SelectAnyEventsInspecifyEventsTest" time="0.0" classname="testcases.AudioChannelsTest">
    <ignored/>
  </testcase> <!-- SelectAnyEventsInspecifyEventsTest -->
  <testcase name="DeleteViewExitAndDoNotSaveTest" time="0.0" classname="testcases.ToursElementsTest">
    <ignored/>
  </testcase> <!-- DeleteViewExitAndDoNotSaveTest -->
  <testcase name="ChangeRemarksExitAndCancelTest" time="0.0" classname="testcases.ToursElementsTest">
    <ignored/>
  </testcase> <!-- ChangeRemarksExitAndCancelTest -->
  <testcase name="ChangeUserNameToValidAndCheckStatusTest" time="0.0" classname="testcases.NVRsTest">
    <ignored/>
  </testcase> <!-- ChangeUserNameToValidAndCheckStatusTest -->
  <testcase name="DeleteViewAndCancelTest" time="0.0" classname="testcases.ToursElementsTest">
    <ignored/>
  </testcase> <!-- DeleteViewAndCancelTest -->
  <testcase name="SelectAnyEventsInspecifyEventsTest" time="0.0" classname="testcases.VideoRecordingTest">
    <ignored/>
  </testcase> <!-- SelectAnyEventsInspecifyEventsTest -->
  <testcase name="ChangeViewTimeExitAndCancelTest" time="0.0" classname="testcases.ToursElementsTest">
    <ignored/>
  </testcase> <!-- ChangeViewTimeExitAndCancelTest -->
  <testcase name="ChangeNameExitPressDontSaveUnsavedChangesTest" time="0.0" classname="testcases.NVRsElementsTest">
    <ignored/>
  </testcase> <!-- ChangeNameExitPressDontSaveUnsavedChangesTest -->
  <testcase name="ChangePortExitCancelUnsavedChangesTest" time="0.0" classname="testcases.NVRsElementsTest">
    <ignored/>
  </testcase> <!-- ChangePortExitCancelUnsavedChangesTest -->
  <testcase name="SortEventsByStatusInSpecifyEventsWTest" time="0.0" classname="testcases.VideoRecordingTest">
    <ignored/>
  </testcase> <!-- SortEventsByStatusInSpecifyEventsWTest -->
  <testcase name="ChangeNameExitPressSaveUnsavedChangesTest" time="0.0" classname="testcases.VideoChannelPropertiesElementTest">
    <ignored/>
  </testcase> <!-- ChangeNameExitPressSaveUnsavedChangesTest -->
  <testcase name="AddNVRManuallyCheckStatusTest" time="0.0" classname="testcases.NVRsTest">
    <ignored/>
  </testcase> <!-- AddNVRManuallyCheckStatusTest -->
  <testcase name="SwitchLimitRetentionToggleAndPressCancelTest" time="0.0" classname="testcases.AudioChannelsElementsTest">
    <ignored/>
  </testcase> <!-- SwitchLimitRetentionToggleAndPressCancelTest -->
  <testcase name="NewYearlySchedule" time="0.0" classname="testcases.VideoRecordingTest">
    <ignored/>
  </testcase> <!-- NewYearlySchedule -->
  <testcase name="ChangeNameExitAndDoNotSaveTest" time="0.0" classname="testcases.ToursElementsTest">
    <ignored/>
  </testcase> <!-- ChangeNameExitAndDoNotSaveTest -->
  <testcase name="DeleteViewExitAndCancelTest" time="0.0" classname="testcases.ToursElementsTest">
    <ignored/>
  </testcase> <!-- DeleteViewExitAndCancelTest -->
  <testcase name="ChangeVisibilityStatusAndCancelTest" time="0.0" classname="testcases.ToursElementsTest">
    <ignored/>
  </testcase> <!-- ChangeVisibilityStatusAndCancelTest -->
  <testcase name="ChangeExposureModeToAutoTest" time="0.0" classname="testcases.VideoPictureSettingsTest">
    <ignored/>
  </testcase> <!-- ChangeExposureModeToAutoTest -->
  <testcase name="InputInvalidIPAdressInAddNVRManualyTest" time="0.0" classname="testcases.NVRsTest">
    <ignored/>
  </testcase> <!-- InputInvalidIPAdressInAddNVRManualyTest -->
  <testcase name="SelectTwoEventsDeleteExitAndPressDoNotSaveTest" time="0.0" classname="testcases.AudioChannelsElementsTest">
    <ignored/>
  </testcase> <!-- SelectTwoEventsDeleteExitAndPressDoNotSaveTest -->
  <testcase name="ChangeUserNameAndPressCancel" time="0.0" classname="testcases.NVRsElementsTest">
    <ignored/>
  </testcase> <!-- ChangeUserNameAndPressCancel -->
  <testcase name="NewMonthlyCheckDayScheduleTest" time="0.0" classname="testcases.VideoRecordingTest">
    <ignored/>
  </testcase> <!-- NewMonthlyCheckDayScheduleTest -->
  <testcase name="SortingNVRsByIPAdressTest" time="0.0" classname="testcases.NVRsTest">
    <ignored/>
  </testcase> <!-- SortingNVRsByIPAdressTest -->
  <testcase name="InputInvalidPortInAddNVRManualyTest" time="0.0" classname="testcases.NVRsTest">
    <ignored/>
  </testcase> <!-- InputInvalidPortInAddNVRManualyTest -->
  <testcase name="IncreasePortInAddNVRManualyWindowTest" time="0.0" classname="testcases.NVRsTest">
    <ignored/>
  </testcase> <!-- IncreasePortInAddNVRManualyWindowTest -->
  <testcase name="CancelRemovalNVRsByIconTest" time="0.0" classname="testcases.NVRsTest">
    <ignored/>
  </testcase> <!-- CancelRemovalNVRsByIconTest -->
  <testcase name="ChangeViewTimeBySpinnersAndCancelTest" time="0.0" classname="testcases.ToursElementsTest">
    <ignored/>
  </testcase> <!-- ChangeViewTimeBySpinnersAndCancelTest -->
  <testcase name="ChangeRemarksAndCancelTest" time="0.0" classname="testcases.ToursElementsTest">
    <ignored/>
  </testcase> <!-- ChangeRemarksAndCancelTest -->
  <testcase name="SwitchRecordingToggleTest" time="0.0" classname="testcases.VideoRecordingTest">
    <ignored/>
  </testcase> <!-- SwitchRecordingToggleTest -->
  <testcase name="ChangeVisibilityStatusExitAndDoNotSaveTest" time="0.0" classname="testcases.ToursElementsTest">
    <ignored/>
  </testcase> <!-- ChangeVisibilityStatusExitAndDoNotSaveTest -->
  <testcase name="CreateNewSchedulePlanAndPressCancelTest" time="0.0" classname="testcases.AudioChannelsElementsTest">
    <ignored/>
  </testcase> <!-- CreateNewSchedulePlanAndPressCancelTest -->
  <testcase name="ChangeViewTimeExitAndDoNotSaveTest" time="0.0" classname="testcases.ToursElementsTest">
    <ignored/>
  </testcase> <!-- ChangeViewTimeExitAndDoNotSaveTest -->
  <testcase name="AddNVRWithSecuredPortAndSwitchOffSecuredStatusTest" time="0.0" classname="testcases.NVRsTest">
    <ignored/>
  </testcase> <!-- AddNVRWithSecuredPortAndSwitchOffSecuredStatusTest -->
  <testcase name="ChangeVisibilityStatusExitAndSaveTest" time="0.0" classname="testcases.ToursElementsTest">
    <ignored/>
  </testcase> <!-- ChangeVisibilityStatusExitAndSaveTest -->
  <testcase name="AddNVRAndCheckStatusVTest" time="0.0" classname="testcases.NVRsTest">
    <ignored/>
  </testcase> <!-- AddNVRAndCheckStatusVTest -->
  <testcase name="AddProperNumericIdPressSaveTest" time="0.0" classname="testcases.VideoChannelPropertiesElementTest">
    <ignored/>
  </testcase> <!-- AddProperNumericIdPressSaveTest -->
  <testcase name="SelectAnyEventsExitAndPressSaveTest" time="0.0" classname="testcases.AudioChannelsElementsTest">
    <ignored/>
  </testcase> <!-- SelectAnyEventsExitAndPressSaveTest -->
  <testcase name="AddViewAndCancelTest" time="0.0" classname="testcases.ToursElementsTest">
    <ignored/>
  </testcase> <!-- AddViewAndCancelTest -->
  <testcase name="FilterNVRsTest" time="0.0" classname="testcases.NVRsTest">
    <ignored/>
  </testcase> <!-- FilterNVRsTest -->
  <testcase name="AddNewTourWithoutViewExitAndSaveTest" time="0.0" classname="testcases.ToursElementsTest">
    <ignored/>
  </testcase> <!-- AddNewTourWithoutViewExitAndSaveTest -->
  <testcase name="ChangePortAndCheckStatusTest" time="0.0" classname="testcases.NVRsTest">
    <ignored/>
  </testcase> <!-- ChangePortAndCheckStatusTest -->
  <testcase name="DeleteViewExitAndSaveTest" time="0.0" classname="testcases.ToursElementsTest">
    <ignored/>
  </testcase> <!-- DeleteViewExitAndSaveTest -->
  <testcase name="CreateNewSchedulePlanExitAndPressCancelTest" time="0.0" classname="testcases.AudioChannelsElementsTest">
    <ignored/>
  </testcase> <!-- CreateNewSchedulePlanExitAndPressCancelTest -->
  <testcase name="ChangeVisibleStatusExitPressSaveUnsavedChangesTest" time="0.0" classname="testcases.VideoChannelPropertiesElementTest">
    <ignored/>
  </testcase> <!-- ChangeVisibleStatusExitPressSaveUnsavedChangesTest -->
  <testcase name="ChangePortBySpinnersTest" time="0.0" classname="testcases.NVRsTest">
    <ignored/>
  </testcase> <!-- ChangePortBySpinnersTest -->
  <testcase name="ChangeProtocolAndPressCancelTest" time="0.0" classname="testcases.AudioChannelsElementsTest">
    <ignored/>
  </testcase> <!-- ChangeProtocolAndPressCancelTest -->
  <testcase name="ChangeVisibleStatusPressCancelExitTest" time="0.0" classname="testcases.VideoChannelPropertiesElementTest">
    <ignored/>
  </testcase> <!-- ChangeVisibleStatusPressCancelExitTest -->
  <testcase name="SelectRecordingModeExitAndPressCancelTest" time="0.0" classname="testcases.AudioChannelsElementsTest">
    <ignored/>
  </testcase> <!-- SelectRecordingModeExitAndPressCancelTest -->
  <testcase name="ChangePostEventTimeExitAndPressSaveTest" time="0.0" classname="testcases.AudioChannelsElementsTest">
    <ignored/>
  </testcase> <!-- ChangePostEventTimeExitAndPressSaveTest -->
  <testcase name="ChangeVisibilityTest" time="0.0" classname="testcases.AudioChannelsTest">
    <ignored/>
  </testcase> <!-- ChangeVisibilityTest -->
  <testcase name="FilterAudioChannelsTest" time="0.0" classname="testcases.AudioChannelsTest">
    <ignored/>
  </testcase> <!-- FilterAudioChannelsTest -->
  <testcase name="ChangeVisibleStatusExitPressDontSaveUnsavedChangesTest" time="0.0" classname="testcases.VideoChannelPropertiesElementTest">
    <ignored/>
  </testcase> <!-- ChangeVisibleStatusExitPressDontSaveUnsavedChangesTest -->
  <testcase name="ChangeViewTimeBySpinnersExitAndCancelTest" time="0.0" classname="testcases.ToursElementsTest">
    <ignored/>
  </testcase> <!-- ChangeViewTimeBySpinnersExitAndCancelTest -->
  <testcase name="SelectTwoEventsDeleteAndPressCancelTest" time="0.0" classname="testcases.AudioChannelsElementsTest">
    <ignored/>
  </testcase> <!-- SelectTwoEventsDeleteAndPressCancelTest -->
  <testcase name="CheckPropertiesAfterChangeNameTest" time="0.0" classname="testcases.NVRsElementsTest">
    <ignored/>
  </testcase> <!-- CheckPropertiesAfterChangeNameTest -->
  <testcase name="SwitchStorageDefinitionsExitAndPressSaveButtonTest" time="0.0" classname="testcases.NVRsElementsTest">
    <ignored/>
  </testcase> <!-- SwitchStorageDefinitionsExitAndPressSaveButtonTest -->
  <testcase name="SelectDigitalInputEventTypeTest" time="0.0" classname="testcases.VideoRecordingTest">
    <ignored/>
  </testcase> <!-- SelectDigitalInputEventTypeTest -->
  <testcase name="AddViewExitAndDoNotSaveTest" time="0.0" classname="testcases.ToursElementsTest">
    <ignored/>
  </testcase> <!-- AddViewExitAndDoNotSaveTest -->
  <testcase name="AddNewTourWithoutViewAndCancelTest" time="0.0" classname="testcases.ToursElementsTest">
    <ignored/>
  </testcase> <!-- AddNewTourWithoutViewAndCancelTest -->
  <testcase name="ChangeVisibilityAndPressCancelTest" time="0.0" classname="testcases.AudioChannelsElementsTest">
    <ignored/>
  </testcase> <!-- ChangeVisibilityAndPressCancelTest -->
  <testcase name="ChangeNameExitPressSaveUnsavedChangesTest" time="0.0" classname="testcases.NVRsElementsTest">
    <ignored/>
  </testcase> <!-- ChangeNameExitPressSaveUnsavedChangesTest -->
  <testcase name="TakeSnapshotButtonTest" time="0.0" classname="testcases.VideoChannelPropertiesElementTest">
    <ignored/>
  </testcase> <!-- TakeSnapshotButtonTest -->
  <testcase name="RemoveNVRsByButtonTest" time="0.0" classname="testcases.NVRsTest">
    <ignored/>
  </testcase> <!-- RemoveNVRsByButtonTest -->
  <testcase name="SelectRecordingModeExitAndPressSaveTest" time="0.0" classname="testcases.AudioChannelsElementsTest">
    <ignored/>
  </testcase> <!-- SelectRecordingModeExitAndPressSaveTest -->
  <testcase name="ChangeNameTest" time="0.0" classname="testcases.NVRsTest">
    <ignored/>
  </testcase> <!-- ChangeNameTest -->
  <testcase name="SwitchRecordingToggleAndPressCancelTest" time="0.0" classname="testcases.AudioChannelsElementsTest">
    <ignored/>
  </testcase> <!-- SwitchRecordingToggleAndPressCancelTest -->
  <testcase name="ChangeViewTimeAndCancelTest" time="0.0" classname="testcases.ToursElementsTest">
    <ignored/>
  </testcase> <!-- ChangeViewTimeAndCancelTest -->
  <testcase name="SelectAnyEventsAndPressCancelTest" time="0.0" classname="testcases.AudioChannelsElementsTest">
    <ignored/>
  </testcase> <!-- SelectAnyEventsAndPressCancelTest -->
  <testcase name="FilterDiscoveredNVRsTest" time="0.0" classname="testcases.NVRsTest">
    <ignored/>
  </testcase> <!-- FilterDiscoveredNVRsTest -->
  <testcase name="AddProperNumericIdPressSaveUnsavedChangesTest" time="0.0" classname="testcases.VideoChannelPropertiesElementTest">
    <ignored/>
  </testcase> <!-- AddProperNumericIdPressSaveUnsavedChangesTest -->
  <testcase name="AddAudioChannelsTest" time="0.0" classname="testcases.VideoChannelPropertiesElementTest">
    <ignored/>
  </testcase> <!-- AddAudioChannelsTest -->
  <testcase name="ChangeNameExitCancelUnsavedChangesTest" time="0.0" classname="testcases.VideoChannelPropertiesElementTest">
    <ignored/>
  </testcase> <!-- ChangeNameExitCancelUnsavedChangesTest -->
  <testcase name="ChangeDayNightFilterModeTest" time="0.0" classname="testcases.VideoPictureSettingsTest">
    <ignored/>
  </testcase> <!-- ChangeDayNightFilterModeTest -->
  <testcase name="SelectRecordingModeAndPressCancelTest" time="0.0" classname="testcases.AudioChannelsElementsTest">
    <ignored/>
  </testcase> <!-- SelectRecordingModeAndPressCancelTest -->
  <testcase name="SwitchLimitRetentionToggleExitAndPressDonotSaveTest" time="0.0" classname="testcases.AudioChannelsElementsTest">
    <ignored/>
  </testcase> <!-- SwitchLimitRetentionToggleExitAndPressDonotSaveTest -->
  <testcase name="ChangeViewTimeBySpinnersExitAndSaveTest" time="0.0" classname="testcases.ToursElementsTest">
    <ignored/>
  </testcase> <!-- ChangeViewTimeBySpinnersExitAndSaveTest -->
  <testcase name="AddNVRAndPressApplyTest" time="0.0" classname="testcases.NVRsTest">
    <ignored/>
  </testcase> <!-- AddNVRAndPressApplyTest -->
  <testcase name="AddNVRManuallyWithSecuredPortAndSwitchONSecuredTest" time="0.0" classname="testcases.NVRsTest">
    <ignored/>
  </testcase> <!-- AddNVRManuallyWithSecuredPortAndSwitchONSecuredTest -->
  <testcase name="ChangeLimitRetentionAndPressCancelTest" time="0.0" classname="testcases.AudioChannelsElementsTest">
    <ignored/>
  </testcase> <!-- ChangeLimitRetentionAndPressCancelTest -->
  <testcase name="SelectContinuousAndEventOptionAndChangeParametersTest" time="0.0" classname="testcases.VideoRecordingTest">
    <ignored/>
  </testcase> <!-- SelectContinuousAndEventOptionAndChangeParametersTest -->
  <testcase name="AddProperNumericIdPressDoNotSaveTest" time="0.0" classname="testcases.VideoChannelPropertiesElementTest">
    <ignored/>
  </testcase> <!-- AddProperNumericIdPressDoNotSaveTest -->
  <testcase name="ChangeRemarksExitAndDoNotSaveTest" time="0.0" classname="testcases.ToursElementsTest">
    <ignored/>
  </testcase> <!-- ChangeRemarksExitAndDoNotSaveTest -->
  <testcase name="SelectNVRandPressCancelTest" time="0.0" classname="testcases.NVRsTest">
    <ignored/>
  </testcase> <!-- SelectNVRandPressCancelTest -->
  <testcase name="AddNewTourWithoutViewExitAndDoNotSaveTest" time="0.0" classname="testcases.ToursElementsTest">
    <ignored/>
  </testcase> <!-- AddNewTourWithoutViewExitAndDoNotSaveTest -->
  <testcase name="SelectAllEventsInSpecifyEventsTest" time="0.0" classname="testcases.VideoRecordingTest">
    <ignored/>
  </testcase> <!-- SelectAllEventsInSpecifyEventsTest -->
  <testcase name="AddAudioResourcesPressCancelExitTest" time="0.0" classname="testcases.VideoChannelPropertiesElementTest">
    <ignored/>
  </testcase> <!-- AddAudioResourcesPressCancelExitTest -->
  <testcase name="ChangeVisibleStatusExitCancelUnsavedChangesTest" time="0.0" classname="testcases.VideoChannelPropertiesElementTest">
    <ignored/>
  </testcase> <!-- ChangeVisibleStatusExitCancelUnsavedChangesTest -->
  <testcase name="ChangePreEventTimeExitAndPressCancelTest" time="0.0" classname="testcases.AudioChannelsElementsTest">
    <ignored/>
  </testcase> <!-- ChangePreEventTimeExitAndPressCancelTest -->
  <testcase name="ChangePortToSecuredAndCheckStatusTest" time="0.0" classname="testcases.NVRsTest">
    <ignored/>
  </testcase> <!-- ChangePortToSecuredAndCheckStatusTest -->
  <testcase name="AddAlreadyUsedNVRManuallyTest" time="0.0" classname="testcases.NVRsTest">
    <ignored/>
  </testcase> <!-- AddAlreadyUsedNVRManuallyTest -->
  <testcase name="SwitchRecordingToggleExitAndPressCancelTest" time="0.0" classname="testcases.AudioChannelsElementsTest">
    <ignored/>
  </testcase> <!-- SwitchRecordingToggleExitAndPressCancelTest -->
  <testcase name="ChangeUserNameExitPressDontSaveUnsavedChangesTest" time="0.0" classname="testcases.NVRsElementsTest">
    <ignored/>
  </testcase> <!-- ChangeUserNameExitPressDontSaveUnsavedChangesTest -->
  <testcase name="SelectAnyEventsExitAndPressCancelTest" time="0.0" classname="testcases.AudioChannelsElementsTest">
    <ignored/>
  </testcase> <!-- SelectAnyEventsExitAndPressCancelTest -->
  <testcase name="AddProperNumericIdPressCancelTest" time="0.0" classname="testcases.VideoChannelPropertiesElementTest">
    <ignored/>
  </testcase> <!-- AddProperNumericIdPressCancelTest -->
  <testcase name="OpenDeviceWebPageTest" time="0.0" classname="testcases.VideoChannelPropertiesElementTest">
    <ignored/>
  </testcase> <!-- OpenDeviceWebPageTest -->
  <testcase name="InputInvalidPasswordInAddNVRManualyTest" time="0.0" classname="testcases.NVRsTest">
    <ignored/>
  </testcase> <!-- InputInvalidPasswordInAddNVRManualyTest -->
  <testcase name="ChangeNameAndPressCancelTest" time="0.0" classname="testcases.AudioChannelsElementsTest">
    <ignored/>
  </testcase> <!-- ChangeNameAndPressCancelTest -->
  <testcase name="SwitchRecordingToggleExitAndPressDonotSaveTest" time="0.0" classname="testcases.AudioChannelsElementsTest">
    <ignored/>
  </testcase> <!-- SwitchRecordingToggleExitAndPressDonotSaveTest -->
  <testcase name="ChangePortToValidAndCheckStatusTest" time="0.0" classname="testcases.NVRsTest">
    <ignored/>
  </testcase> <!-- ChangePortToValidAndCheckStatusTest -->
  <testcase name="ChangeVisibilityStatusExitAndCancelTest" time="0.0" classname="testcases.ToursElementsTest">
    <ignored/>
  </testcase> <!-- ChangeVisibilityStatusExitAndCancelTest -->
  <testcase name="IncreasePortAndPressCancel" time="0.0" classname="testcases.NVRsElementsTest">
    <ignored/>
  </testcase> <!-- IncreasePortAndPressCancel -->
  <testcase name="FilterCamerasTest" time="0.0" classname="testcases.VideoChannelPropertiesElementTest">
    <ignored/>
  </testcase> <!-- FilterCamerasTest -->
  <testcase name="AddNVRWithSecuredPortTest" time="0.0" classname="testcases.NVRsTest">
    <ignored/>
  </testcase> <!-- AddNVRWithSecuredPortTest -->
  <testcase name="ChangeLimitRetentionExitAndPressSaveTest" time="0.0" classname="testcases.AudioChannelsElementsTest">
    <ignored/>
  </testcase> <!-- ChangeLimitRetentionExitAndPressSaveTest -->
  <testcase name="SwitchLimitRetentionToggleExitAndPressSaveTest" time="0.0" classname="testcases.AudioChannelsElementsTest">
    <ignored/>
  </testcase> <!-- SwitchLimitRetentionToggleExitAndPressSaveTest -->
  <testcase name="SelectScheduleAndPressSaveTest" time="0.0" classname="testcases.AudioChannelsElementsTest">
    <ignored/>
  </testcase> <!-- SelectScheduleAndPressSaveTest -->
  <testcase name="SelectScheduleTest" time="0.0" classname="testcases.VideoRecordingTest">
    <ignored/>
  </testcase> <!-- SelectScheduleTest -->
  <testcase name="SelectScheduleExitAndPressCancelTest" time="0.0" classname="testcases.AudioChannelsElementsTest">
    <ignored/>
  </testcase> <!-- SelectScheduleExitAndPressCancelTest -->
  <testcase name="AddNVRManuallyAndPressApplyTest" time="0.0" classname="testcases.NVRsTest">
    <ignored/>
  </testcase> <!-- AddNVRManuallyAndPressApplyTest -->
  <testcase name="SwitchLimitRetentionToggleExitAndPressCancelTest" time="0.0" classname="testcases.AudioChannelsElementsTest">
    <ignored/>
  </testcase> <!-- SwitchLimitRetentionToggleExitAndPressCancelTest -->
  <testcase name="ChangePreEventTimeExitAndPressSaveTest" time="0.0" classname="testcases.AudioChannelsElementsTest">
    <ignored/>
  </testcase> <!-- ChangePreEventTimeExitAndPressSaveTest -->
  <testcase name="DeleteEventsFromEventsList" time="0.0" classname="testcases.VideoRecordingTest">
    <ignored/>
  </testcase> <!-- DeleteEventsFromEventsList -->
  <testcase name="AddSaveAddAudioChannelsTest" time="0.0" classname="testcases.VideoChannelPropertiesElementTest">
    <ignored/>
  </testcase> <!-- AddSaveAddAudioChannelsTest -->
  <testcase name="MultipleSelectAndDeleteSpecifyEventsTest" time="0.0" classname="testcases.VideoRecordingTest">
    <ignored/>
  </testcase> <!-- MultipleSelectAndDeleteSpecifyEventsTest -->
  <testcase name="ChangePortExitPressDontSaveUnsavedChangesTest" time="0.0" classname="testcases.NVRsElementsTest">
    <ignored/>
  </testcase> <!-- ChangePortExitPressDontSaveUnsavedChangesTest -->
  <testcase name="SelectEventAndChangeParametersEventTest" time="0.0" classname="testcases.VideoRecordingTest">
    <ignored/>
  </testcase> <!-- SelectEventAndChangeParametersEventTest -->
  <testcase name="ChangeUserNameExitCancelUnsavedChangesTest" time="0.0" classname="testcases.NVRsElementsTest">
    <ignored/>
  </testcase> <!-- ChangeUserNameExitCancelUnsavedChangesTest -->
  <testcase name="ChangeLimitRetentionExitAndPressDoNotSaveTest" time="0.0" classname="testcases.AudioChannelsElementsTest">
    <ignored/>
  </testcase> <!-- ChangeLimitRetentionExitAndPressDoNotSaveTest -->
  <testcase name="ChangePostEventTimeExitAndPressDoNotSaveTest" time="0.0" classname="testcases.AudioChannelsElementsTest">
    <ignored/>
  </testcase> <!-- ChangePostEventTimeExitAndPressDoNotSaveTest -->
  <testcase name="SelectRecordingModeExitAndPressDoNotSaveTest" time="0.0" classname="testcases.AudioChannelsElementsTest">
    <ignored/>
  </testcase> <!-- SelectRecordingModeExitAndPressDoNotSaveTest -->
  <testcase name="ChangeLimitRetentionExitAndPressCancelTest" time="0.0" classname="testcases.AudioChannelsElementsTest">
    <ignored/>
  </testcase> <!-- ChangeLimitRetentionExitAndPressCancelTest -->
  <testcase name="ChangeNamePressCancelTest" time="0.0" classname="testcases.NVRsElementsTest">
    <ignored/>
  </testcase> <!-- ChangeNamePressCancelTest -->
  <testcase name="ChangePreEventTimeExitAndPressDoNotSaveTest" time="0.0" classname="testcases.AudioChannelsElementsTest">
    <ignored/>
  </testcase> <!-- ChangePreEventTimeExitAndPressDoNotSaveTest -->
  <testcase name="SortAudioChannelsByName" time="0.0" classname="testcases.AudioChannelsTest">
    <ignored/>
  </testcase> <!-- SortAudioChannelsByName -->
  <testcase name="ChangeStorageDefinitionsAndPressCancelTest" time="0.0" classname="testcases.NVRsElementsTest">
    <ignored/>
  </testcase> <!-- ChangeStorageDefinitionsAndPressCancelTest -->
  <testcase name="ChangeUserNameExitPressSaveUnsavedChangesTest" time="0.0" classname="testcases.NVRsElementsTest">
    <ignored/>
  </testcase> <!-- ChangeUserNameExitPressSaveUnsavedChangesTest -->
  <testcase name="CreateNewSchedulePlanExitAndPressDoNotSaveTest" time="0.0" classname="testcases.AudioChannelsElementsTest">
    <ignored/>
  </testcase> <!-- CreateNewSchedulePlanExitAndPressDoNotSaveTest -->
  <testcase name="ChangeNameExitAndCancelTest" time="0.0" classname="testcases.ToursElementsTest">
    <ignored/>
  </testcase> <!-- ChangeNameExitAndCancelTest -->
  <testcase name="CancelRemovalNVRsByButtonTest" time="0.0" classname="testcases.NVRsTest">
    <ignored/>
  </testcase> <!-- CancelRemovalNVRsByButtonTest -->
  <testcase name="SelectEventAndPressCloseTest" time="0.0" classname="testcases.VideoRecordingTest">
    <ignored/>
  </testcase> <!-- SelectEventAndPressCloseTest -->
  <testcase name="ChangeIPAdressExitPressDontSaveUnsavedChangesTest" time="0.0" classname="testcases.NVRsElementsTest">
    <ignored/>
  </testcase> <!-- ChangeIPAdressExitPressDontSaveUnsavedChangesTest -->
  <testcase name="ChangeBacklightCompensationModeTest" time="0.0" classname="testcases.VideoPictureSettingsTest">
    <ignored/>
  </testcase> <!-- ChangeBacklightCompensationModeTest -->
  <testcase name="ChangeProtocolExitAndPressSaveTest" time="0.0" classname="testcases.AudioChannelsElementsTest">
    <ignored/>
  </testcase> <!-- ChangeProtocolExitAndPressSaveTest -->
  <testcase name="AddNewTourExitAndSaveTest" time="0.0" classname="testcases.ToursElementsTest">
    <ignored/>
  </testcase> <!-- AddNewTourExitAndSaveTest -->
  <testcase name="CheckPropertiesAfterChangePasswordTest" time="0.0" classname="testcases.NVRsElementsTest">
    <ignored/>
  </testcase> <!-- CheckPropertiesAfterChangePasswordTest -->
  <testcase name="ChangeNameAndCancelTest" time="0.0" classname="testcases.ToursElementsTest">
    <ignored/>
  </testcase> <!-- ChangeNameAndCancelTest -->
  <testcase name="ChangeProtocolExitAndPressDoNotSaveTest" time="0.0" classname="testcases.AudioChannelsElementsTest">
    <ignored/>
  </testcase> <!-- ChangeProtocolExitAndPressDoNotSaveTest -->
  <testcase name="SaveButtonIsDisableTest" time="0.0" classname="testcases.VideoChannelPropertiesElementTest">
    <ignored/>
  </testcase> <!-- SaveButtonIsDisableTest -->
  <testcase name="ChangePostEventTimeExitAndPressCancelTest" time="0.0" classname="testcases.AudioChannelsElementsTest">
    <ignored/>
  </testcase> <!-- ChangePostEventTimeExitAndPressCancelTest -->
  <testcase name="SelectTwoEventsDeleteExitAndPressCancelTest" time="0.0" classname="testcases.AudioChannelsElementsTest">
    <ignored/>
  </testcase> <!-- SelectTwoEventsDeleteExitAndPressCancelTest -->
  <testcase name="ChangeUserNameToInvalidAndCheckStatusTest" time="0.0" classname="testcases.NVRsTest">
    <ignored/>
  </testcase> <!-- ChangeUserNameToInvalidAndCheckStatusTest -->
  <testcase name="AddAudioResourcesExitPressSaveUnsavedChangesTest" time="0.0" classname="testcases.VideoChannelPropertiesElementTest">
    <ignored/>
  </testcase> <!-- AddAudioResourcesExitPressSaveUnsavedChangesTest -->
  <testcase name="SwitchOffStorageDefinitionsAndPressNoTest" time="0.0" classname="testcases.NVRsTest">
    <ignored/>
  </testcase> <!-- SwitchOffStorageDefinitionsAndPressNoTest -->
  <testcase name="SelectScheduleAndPressCancelTest" time="0.0" classname="testcases.AudioChannelsElementsTest">
    <ignored/>
  </testcase> <!-- SelectScheduleAndPressCancelTest -->
  <testcase name="DeleteAllViewsExitAndDoNotSaveTest" time="0.0" classname="testcases.ToursElementsTest">
    <ignored/>
  </testcase> <!-- DeleteAllViewsExitAndDoNotSaveTest -->
  <testcase name="CheckPropertiesAfterChangeIPAdressTest" time="0.0" classname="testcases.NVRsElementsTest">
    <ignored/>
  </testcase> <!-- CheckPropertiesAfterChangeIPAdressTest -->
  <testcase name="DeleteAllViewsAndCancelTest" time="0.0" classname="testcases.ToursElementsTest">
    <ignored/>
  </testcase> <!-- DeleteAllViewsAndCancelTest -->
  <testcase name="ChangePostEventTimeAndPressCancelTest" time="0.0" classname="testcases.AudioChannelsElementsTest">
    <ignored/>
  </testcase> <!-- ChangePostEventTimeAndPressCancelTest -->
</testsuite> <!-- Default test(failed)(failed) -->
