<?xml version="1.0" encoding="UTF-8"?>
<!-- Generated by org.testng.reporters.JUnitXMLReporter -->
<testsuite hostname="BORSE-PC" ignored="1" name="NVRs" tests="39" failures="16" timestamp="2019-11-19T13:30:41 IST" time="3865.59" errors="0">
  <testcase name="AddAlreadyUsedNVRManuallyTest" time="75.22" classname="testcases.NVRsTest"/>
  <testcase name="AddNVRAndCheckStatusVTest" time="23.031" classname="testcases.NVRsTest"/>
  <testcase name="AddNVRAndPressApplyTest" time="29.158" classname="testcases.NVRsTest"/>
  <testcase name="AddNVRManuallyAndPressApplyTest" time="24.268" classname="testcases.NVRsTest"/>
  <testcase name="AddNVRManuallyAndSwitchONSecuredTest" time="38.564" classname="testcases.NVRsTest"/>
  <testcase name="AddNVRManuallyCheckStatusTest" time="19.153" classname="testcases.NVRsTest"/>
  <testcase name="AddNVRManuallyWithSecuredPortAndSwitchONSecuredTest" time="39.184" classname="testcases.NVRsTest"/>
  <testcase name="AddNVRManuallyWithSecuredPortTest" time="181.042" classname="testcases.NVRsTest">
    <failure type="java.lang.AssertionError" message="expected [Communication Failure] but found [Connecting...]">
      <![CDATA[java.lang.AssertionError: expected [Communication Failure] but found [Connecting...]
at testcases.NVRsTest.AddNVRManuallyWithSecuredPortTest(NVRsTest.java:795)
at java.util.ArrayList.forEach(Unknown Source)
... Removed 32 stack frames]]>
    </failure>
  </testcase> <!-- AddNVRManuallyWithSecuredPortTest -->
  <testcase name="AddNVRWithSecuredPortAndSwitchOffSecuredStatusTest" time="148.213" classname="testcases.NVRsTest">
    <failure type="java.lang.AssertionError" message="expected [OFF] but found [ON]">
      <![CDATA[java.lang.AssertionError: expected [OFF] but found [ON]
at testcases.NVRsTest.AddNVRWithSecuredPortAndSwitchOffSecuredStatusTest(NVRsTest.java:217)
at java.util.ArrayList.forEach(Unknown Source)
... Removed 32 stack frames]]>
    </failure>
  </testcase> <!-- AddNVRWithSecuredPortAndSwitchOffSecuredStatusTest -->
  <testcase name="AddNVRWithSecuredPortTest" time="41.108" classname="testcases.NVRsTest"/>
  <testcase name="CancelRemovalNVRsByIconTest" time="7.183" classname="testcases.NVRsTest">
    <failure type="org.openqa.selenium.ElementNotInteractableException" message="element not interactable
  (Session info: chrome=78.0.3904.97)
Build info: version: &amp;apos;3.9.1&amp;apos;, revision: &amp;apos;63f7b50&amp;apos;, time: &amp;apos;2018-02-07T22:25:02.294Z&amp;apos;
System info: host: &amp;apos;BORSE-PC&amp;apos;, ip: &amp;apos;172.20.1.42&amp;apos;, os.name: &amp;apos;Windows 10&amp;apos;, os.arch: &amp;apos;amd64&amp;apos;, os.version: &amp;apos;10.0&amp;apos;, java.version: &amp;apos;1.8.0_202&amp;apos;
Driver info: org.openqa.selenium.chrome.ChromeDriver
Capabilities {acceptInsecureCerts: false, browserName: chrome, browserVersion: 78.0.3904.97, chrome: {chromedriverVersion: 77.0.3865.10 (bc3579f611bbc..., userDataDir: C:\Users\popatb\AppData\Loc...}, goog:chromeOptions: {debuggerAddress: localhost:62903}, javascriptEnabled: true, networkConnectionEnabled: false, pageLoadStrategy: normal, platform: XP, platformName: XP, proxy: Proxy(), setWindowRect: true, strictFileInteractability: false, timeouts: {implicit: 0, pageLoad: 300000, script: 30000}, unhandledPromptBehavior: dismiss and notify}
Session ID: 7b15f74cbd113f9b57bcad0e7832545d">
      <![CDATA[org.openqa.selenium.ElementNotInteractableException: element not interactable
  (Session info: chrome=78.0.3904.97)
Build info: version: '3.9.1', revision: '63f7b50', time: '2018-02-07T22:25:02.294Z'
System info: host: 'BORSE-PC', ip: '172.20.1.42', os.name: 'Windows 10', os.arch: 'amd64', os.version: '10.0', java.version: '1.8.0_202'
Driver info: org.openqa.selenium.chrome.ChromeDriver
Capabilities {acceptInsecureCerts: false, browserName: chrome, browserVersion: 78.0.3904.97, chrome: {chromedriverVersion: 77.0.3865.10 (bc3579f611bbc..., userDataDir: C:\Users\popatb\AppData\Loc...}, goog:chromeOptions: {debuggerAddress: localhost:62903}, javascriptEnabled: true, networkConnectionEnabled: false, pageLoadStrategy: normal, platform: XP, platformName: XP, proxy: Proxy(), setWindowRect: true, strictFileInteractability: false, timeouts: {implicit: 0, pageLoad: 300000, script: 30000}, unhandledPromptBehavior: dismiss and notify}
Session ID: 7b15f74cbd113f9b57bcad0e7832545d
at org.openqa.selenium.remote.http.W3CHttpResponseCodec.createException(W3CHttpResponseCodec.java:187)
at org.openqa.selenium.remote.http.W3CHttpResponseCodec.decode(W3CHttpResponseCodec.java:122)
at org.openqa.selenium.remote.http.W3CHttpResponseCodec.decode(W3CHttpResponseCodec.java:49)
at org.openqa.selenium.remote.HttpCommandExecutor.execute(HttpCommandExecutor.java:160)
at org.openqa.selenium.remote.service.DriverCommandExecutor.execute(DriverCommandExecutor.java:83)
at org.openqa.selenium.remote.RemoteWebDriver.execute(RemoteWebDriver.java:601)
at org.openqa.selenium.remote.RemoteWebElement.execute(RemoteWebElement.java:279)
at org.openqa.selenium.remote.RemoteWebElement.click(RemoteWebElement.java:83)
at pageObjects.NVRsPage.PressOnRemoveIcon(NVRsPage.java:475)
at testcases.NVRsTest.CancelRemovalNVRsByIconTest(NVRsTest.java:1189)
at java.util.ArrayList.forEach(Unknown Source)
... Removed 31 stack frames]]>
    </failure>
  </testcase> <!-- CancelRemovalNVRsByIconTest -->
  <testcase name="ChangeIPAdressAndCheckStatusTest" time="26.563" classname="testcases.NVRsTest"/>
  <testcase name="ChangeNameTest" time="2.441" classname="testcases.NVRsTest">
    <failure type="java.lang.AssertionError" message="expected [172.20.1.46 Name] but found [NVR]">
      <![CDATA[java.lang.AssertionError: expected [172.20.1.46 Name] but found [NVR]
at testcases.NVRsTest.ChangeNameTest(NVRsTest.java:1295)
at java.util.ArrayList.forEach(Unknown Source)
... Removed 32 stack frames]]>
    </failure>
  </testcase> <!-- ChangeNameTest -->
  <testcase name="ChangePasswordToInvalidAndCheckStatusTest" time="45.886" classname="testcases.NVRsTest">
    <failure type="java.lang.AssertionError" message="expected [Server Unauthorized] but found [V]">
      <![CDATA[java.lang.AssertionError: expected [Server Unauthorized] but found [V]
at testcases.NVRsTest.ChangePasswordToInvalidAndCheckStatusTest(NVRsTest.java:2074)
at java.util.ArrayList.forEach(Unknown Source)
... Removed 32 stack frames]]>
    </failure>
  </testcase> <!-- ChangePasswordToInvalidAndCheckStatusTest -->
  <testcase name="ChangePortAndCheckStatusTest" time="6.406" classname="testcases.NVRsTest">
    <failure type="java.lang.AssertionError" message="expected [Offline] but found [V]">
      <![CDATA[java.lang.AssertionError: expected [Offline] but found [V]
at testcases.NVRsTest.ChangePortAndCheckStatusTest(NVRsTest.java:1390)
at java.util.ArrayList.forEach(Unknown Source)
... Removed 32 stack frames]]>
    </failure>
  </testcase> <!-- ChangePortAndCheckStatusTest -->
  <testcase name="ChangePortBySpinnersTest" time="7.083" classname="testcases.NVRsTest">
    <failure type="java.lang.AssertionError" message="expected [Offline] but found [V]">
      <![CDATA[java.lang.AssertionError: expected [Offline] but found [V]
at testcases.NVRsTest.ChangePortBySpinnersTest(NVRsTest.java:1624)
at java.util.ArrayList.forEach(Unknown Source)
... Removed 32 stack frames]]>
    </failure>
  </testcase> <!-- ChangePortBySpinnersTest -->
  <testcase name="ChangePortToValidAndCheckStatusTest" time="46.563" classname="testcases.NVRsTest"/>
  <testcase name="ChangeSecuredAndCheckStatusTest" time="165.773" classname="testcases.NVRsTest">
    <failure type="java.lang.AssertionError" message="expected [Communication Failure] but found [V]">
      <![CDATA[java.lang.AssertionError: expected [Communication Failure] but found [V]
at testcases.NVRsTest.ChangeSecuredAndCheckStatusTest(NVRsTest.java:1496)
at java.util.ArrayList.forEach(Unknown Source)
... Removed 32 stack frames]]>
    </failure>
  </testcase> <!-- ChangeSecuredAndCheckStatusTest -->
  <testcase name="ChangeUserNameToInvalidAndCheckStatusTest" time="44.9" classname="testcases.NVRsTest">
    <failure type="java.lang.AssertionError" message="expected [Server Unauthorized] but found [V]">
      <![CDATA[java.lang.AssertionError: expected [Server Unauthorized] but found [V]
at testcases.NVRsTest.ChangeUserNameToInvalidAndCheckStatusTest(NVRsTest.java:1997)
at java.util.ArrayList.forEach(Unknown Source)
... Removed 32 stack frames]]>
    </failure>
  </testcase> <!-- ChangeUserNameToInvalidAndCheckStatusTest -->
  <testcase name="DecreasePortInAddNVRManualyWindowTest" time="34.282" classname="testcases.NVRsTest">
    <failure type="java.lang.AssertionError" message="expected [79] but found [80]">
      <![CDATA[java.lang.AssertionError: expected [79] but found [80]
at testcases.NVRsTest.DecreasePortInAddNVRManualyWindowTest(NVRsTest.java:1088)
at java.util.ArrayList.forEach(Unknown Source)
... Removed 32 stack frames]]>
    </failure>
  </testcase> <!-- DecreasePortInAddNVRManualyWindowTest -->
  <testcase name="DeleteOneNVRAndCheckPropertiesPanelTest" time="46.139" classname="testcases.NVRsTest">
    <failure type="java.lang.AssertionError" message="did not expect to find [false] but found [true]">
      <![CDATA[java.lang.AssertionError: did not expect to find [false] but found [true]
at testcases.NVRsTest.DeleteOneNVRAndCheckPropertiesPanelTest(NVRsTest.java:2105)
at java.util.ArrayList.forEach(Unknown Source)
... Removed 31 stack frames]]>
    </failure>
  </testcase> <!-- DeleteOneNVRAndCheckPropertiesPanelTest -->
  <testcase name="DeleteOneNVRClickOnAnotherNVRAndCheckPropertiesPanelTest" time="14.461" classname="testcases.NVRsTest"/>
  <testcase name="FilterDiscoveredNVRsTest" time="12.045" classname="testcases.NVRsTest"/>
  <testcase name="FilterNVRsTest" time="1.15" classname="testcases.NVRsTest"/>
  <testcase name="IncreasePortInAddNVRManualyWindowTest" time="19.348" classname="testcases.NVRsTest">
    <failure type="java.lang.AssertionError" message="expected [2] but found [1]">
      <![CDATA[java.lang.AssertionError: expected [2] but found [1]
at testcases.NVRsTest.IncreasePortInAddNVRManualyWindowTest(NVRsTest.java:1030)
at java.util.ArrayList.forEach(Unknown Source)
... Removed 32 stack frames]]>
    </failure>
  </testcase> <!-- IncreasePortInAddNVRManualyWindowTest -->
  <testcase name="InputInvalidIPAdressInAddNVRManualyTest" time="20.412" classname="testcases.NVRsTest"/>
  <testcase name="InputInvalidPasswordInAddNVRManualyTest" time="35.669" classname="testcases.NVRsTest"/>
  <testcase name="InputInvalidPortInAddNVRManualyTest" time="35.273" classname="testcases.NVRsTest">
    <failure type="java.lang.AssertionError" message="expected [466] but found [80]">
      <![CDATA[java.lang.AssertionError: expected [466] but found [80]
at testcases.NVRsTest.InputInvalidPortInAddNVRManualyTest(NVRsTest.java:995)
at java.util.ArrayList.forEach(Unknown Source)
... Removed 32 stack frames]]>
    </failure>
  </testcase> <!-- InputInvalidPortInAddNVRManualyTest -->
  <testcase name="InputInvalidUserNameInAddNVRManualyTest" time="26.765" classname="testcases.NVRsTest"/>
  <testcase name="SortingDiscoveredNVRsTest" time="12.681" classname="testcases.NVRsTest"/>
  <testcase name="SortingNVRsByIPAdressTest" time="1.202" classname="testcases.NVRsTest"/>
  <testcase name="SortingNVRsByNameTest" time="1.29" classname="testcases.NVRsTest"/>
  <testcase name="SortingNVRsByVersionTest" time="1.271" classname="testcases.NVRsTest"/>
  <testcase name="SwitchOffStorageDefinitionsAndPressNoTest" time="27.056" classname="testcases.NVRsTest"/>
  <testcase name="SwitchOffStorageDefinitionsTest" time="126.708" classname="testcases.NVRsTest">
    <failure type="java.lang.AssertionError" message="expected [No Storage Settings] but found []">
      <![CDATA[java.lang.AssertionError: expected [No Storage Settings] but found []
at testcases.NVRsTest.SwitchOffStorageDefinitionsTest(NVRsTest.java:1690)
at java.util.ArrayList.forEach(Unknown Source)
... Removed 32 stack frames]]>
    </failure>
  </testcase> <!-- SwitchOffStorageDefinitionsTest -->
  <testcase name="SwitchStorageDefinitionsTest" time="21.005" classname="testcases.NVRsTest"/>
  <testcase name="ChangePortToSecuredAndCheckStatusTest" time="37.359" classname="testcases.NVRsTest">
    <failure type="java.lang.NullPointerException">
      <![CDATA[java.lang.NullPointerException
at pageObjects.NVRsPage.IfNVRIsNotExistAddIt(NVRsPage.java:888)
at testcases.NVRsTest.ChangePortToSecuredAndCheckStatusTest(NVRsTest.java:1410)
at java.util.ArrayList.forEach(Unknown Source)
... Removed 27 stack frames]]>
    </failure>
  </testcase> <!-- ChangePortToSecuredAndCheckStatusTest -->
  <testcase name="RemoveNVRsByButtonTest" time="19.572" classname="testcases.NVRsTest"/>
  <testcase name="RemoveNVRsByIconTest" time="6.17" classname="testcases.NVRsTest">
    <failure type="org.openqa.selenium.ElementNotInteractableException" message="element not interactable
  (Session info: chrome=78.0.3904.97)
Build info: version: &amp;apos;3.9.1&amp;apos;, revision: &amp;apos;63f7b50&amp;apos;, time: &amp;apos;2018-02-07T22:25:02.294Z&amp;apos;
System info: host: &amp;apos;BORSE-PC&amp;apos;, ip: &amp;apos;172.20.1.42&amp;apos;, os.name: &amp;apos;Windows 10&amp;apos;, os.arch: &amp;apos;amd64&amp;apos;, os.version: &amp;apos;10.0&amp;apos;, java.version: &amp;apos;1.8.0_202&amp;apos;
Driver info: org.openqa.selenium.chrome.ChromeDriver
Capabilities {acceptInsecureCerts: false, browserName: chrome, browserVersion: 78.0.3904.97, chrome: {chromedriverVersion: 77.0.3865.10 (bc3579f611bbc..., userDataDir: C:\Users\popatb\AppData\Loc...}, goog:chromeOptions: {debuggerAddress: localhost:49160}, javascriptEnabled: true, networkConnectionEnabled: false, pageLoadStrategy: normal, platform: XP, platformName: XP, proxy: Proxy(), setWindowRect: true, strictFileInteractability: false, timeouts: {implicit: 0, pageLoad: 300000, script: 30000}, unhandledPromptBehavior: dismiss and notify}
Session ID: 22a0b065b63b7e6093a7d89a7ea21e11">
      <![CDATA[org.openqa.selenium.ElementNotInteractableException: element not interactable
  (Session info: chrome=78.0.3904.97)
Build info: version: '3.9.1', revision: '63f7b50', time: '2018-02-07T22:25:02.294Z'
System info: host: 'BORSE-PC', ip: '172.20.1.42', os.name: 'Windows 10', os.arch: 'amd64', os.version: '10.0', java.version: '1.8.0_202'
Driver info: org.openqa.selenium.chrome.ChromeDriver
Capabilities {acceptInsecureCerts: false, browserName: chrome, browserVersion: 78.0.3904.97, chrome: {chromedriverVersion: 77.0.3865.10 (bc3579f611bbc..., userDataDir: C:\Users\popatb\AppData\Loc...}, goog:chromeOptions: {debuggerAddress: localhost:49160}, javascriptEnabled: true, networkConnectionEnabled: false, pageLoadStrategy: normal, platform: XP, platformName: XP, proxy: Proxy(), setWindowRect: true, strictFileInteractability: false, timeouts: {implicit: 0, pageLoad: 300000, script: 30000}, unhandledPromptBehavior: dismiss and notify}
Session ID: 22a0b065b63b7e6093a7d89a7ea21e11
at org.openqa.selenium.remote.http.W3CHttpResponseCodec.createException(W3CHttpResponseCodec.java:187)
at org.openqa.selenium.remote.http.W3CHttpResponseCodec.decode(W3CHttpResponseCodec.java:122)
at org.openqa.selenium.remote.http.W3CHttpResponseCodec.decode(W3CHttpResponseCodec.java:49)
at org.openqa.selenium.remote.HttpCommandExecutor.execute(HttpCommandExecutor.java:160)
at org.openqa.selenium.remote.service.DriverCommandExecutor.execute(DriverCommandExecutor.java:83)
at org.openqa.selenium.remote.RemoteWebDriver.execute(RemoteWebDriver.java:601)
at org.openqa.selenium.remote.RemoteWebElement.execute(RemoteWebElement.java:279)
at org.openqa.selenium.remote.RemoteWebElement.click(RemoteWebElement.java:83)
at pageObjects.NVRsPage.PressOnRemoveIcon(NVRsPage.java:475)
at testcases.NVRsTest.RemoveNVRsByIconTest(NVRsTest.java:1171)
at java.util.ArrayList.forEach(Unknown Source)
... Removed 31 stack frames]]>
    </failure>
  </testcase> <!-- RemoveNVRsByIconTest -->
  <testcase name="ChangeUserNameToValidAndCheckStatusTest" time="0.0" classname="testcases.NVRsTest">
    <ignored/>
  </testcase> <!-- ChangeUserNameToValidAndCheckStatusTest -->
</testsuite> <!-- NVRs -->
