
<!DOCTYPE html>
<html>
	<head>
		<!--
			ExtentReports Library 2.41.1 | http://relevantcodes.com/extentreports-for-selenium/ | https://github.com/anshooarora/
			Copyright (c) 2015, Anshoo Arora (Relevant Codes) | Copyrights licensed under the New BSD License | http://opensource.org/licenses/BSD-3-Clause
			Documentation: http://extentreports.relevantcodes.com 
		-->

		<meta charset='UTF-8' /> 
		<meta name='description' content='ExtentReports (by Anshoo Arora) is a reporting library for automation testing for .NET and Java. It creates detailed and beautiful HTML reports for modern browsers. ExtentReports shows test and step summary along with dashboards, system and environment details for quick analysis of your tests.' />
		<meta name='robots' content='noodp, noydir' />
		<meta name='viewport' content='width=device-width, initial-scale=1' />
		<meta name='extentx' id='extentx' content='' />
		
		<title>
				ExtentReports 2.0
		</title>
		
		
		<link href='https://fonts.googleapis.com/css?family=Source+Sans+Pro:400,600' rel='stylesheet' type='text/css'>
		<link href='https://cdn.rawgit.com/anshooarora/extentreports/6032d73243ba4fe4fb8769eb9c315d4fdf16fe68/cdn/extent.css' type='text/css' rel='stylesheet' />
		
		<style>
				
            
                
            
        
		</style>
	</head>
	
	
	<body class='extent default standard hide-overflow'>
		<!-- nav -->
		<nav>
			<div class='logo-container blue darken-2'>
				<a class='logo-content' href='http://extentreports.relevantcodes.com'>
					<span>ExtentReports</span>
				</a>
				<a href='#' data-activates='slide-out' class='button-collapse hide-on-large-only'><i class='mdi-navigation-apps'></i></a>
			</div>
			<ul id='slide-out' class='side-nav fixed hide-on-med-and-down'>
				<li class='analysis waves-effect active'><a href='#!' class='test-view' onclick="_updateCurrentStage(0)"><i class='mdi-action-dashboard'></i>Test Details</a></li>
					<li class='analysis waves-effect'><a href='#!' class='exceptions-view' onclick="_updateCurrentStage(2)"><i class='mdi-action-bug-report'></i>Exceptions</a></li>
				<li class='analysis waves-effect'>
					<a href='#!' onclick="_updateCurrentStage(-1)" class='dashboard-view'><i class='mdi-action-track-changes'></i></i>Analysis</a>
				</li>
			</ul>
			<span class='report-name'>Automation Report</span> <span class='report-headline'></span>
			<ul class='right hide-on-med-and-down nav-right'>
				<li class='theme-selector' alt='Click to toggle dark theme. To enable by default, use js configuration $("body").addClass("dark");' title='Click to toggle dark theme. To enable by default, use js configuration $("body").addClass("dark");'>
					<i class='mdi-hardware-desktop-windows'></i>
				</li>
				<li>
					<span class='suite-started-time'>2020-04-10 14:11:36</span>
				</li>
				<li>
					<span>v2.41.1</span>
				</li>
			</ul>
		</nav>
		<!-- /nav -->
		
		<!-- container -->
		<div class='container'>
			
			<!-- dashboard -->
			<div id='dashboard-view' class='row'>
				<div class='time-totals'>
					<div class='col l2 m4 s6'>
						<div class='card suite-total-tests'> 
							<span class='panel-name'>Total Tests</span> 
							<span class='total-tests'> <span class='panel-lead'></span> </span> 
						</div> 
					</div>
					<div class='col l2 m4 s6'>
						<div class='card suite-total-steps'> 
							<span class='panel-name'>Total Steps</span> 
							<span class='total-steps'> <span class='panel-lead'></span> </span> 
						</div> 
					</div>
					<div class='col l2 m4 s12'>
						<div class='card suite-total-time-current'> 
							<span class='panel-name'>Total Time Taken (Current Run)</span> 
							<span class='suite-total-time-current-value panel-lead'>0h 31m 27s+137ms</span> 
						</div> 
					</div>
					<div class='col l2 m4 s12'>
						<div class='card suite-total-time-overall'> 
							<span class='panel-name'>Total Time Taken (Overall)</span> 
							<span class='suite-total-time-overall-value panel-lead'>0h 31m 27s+137ms</span> 
						</div> 
					</div>
					<div class='col l2 m4 s6 suite-start-time'>
						<div class='card accent green-accent'> 
							<span class='panel-name'>Start</span> 
							<span class='panel-lead suite-started-time'>2020-04-10 13:40:08</span> 
						</div> 
					</div>
					<div class='col l2 m4 s6 suite-end-time'>
						<div class='card accent pink-accent'> 
							<span class='panel-name'>End</span> 
							<span class='panel-lead suite-ended-time'>2020-04-10 14:11:36</span> 
						</div> 
					</div>
				</div>
				<div class='charts'>
					<div class='col s12 m6 l4 fh'> 
						<div class='card-panel'> 
							<div>
								<span class='panel-name'>Tests View</span>
							</div> 
							<div class='panel-setting modal-trigger test-count-setting right'>
								<a href='#test-count-setting'><i class='mdi-navigation-more-vert text-md'></i></a>
							</div> 
							<div class='chart-box'>
								<canvas class='text-centered' id='test-analysis'></canvas>
							</div> 
							<div>
								<span class='weight-light'><span class='t-pass-count weight-normal'></span> test(s) passed</span>
							</div> 
							<div>
								<span class='weight-light'><span class='t-fail-count weight-normal'></span> test(s) failed, <span class='t-others-count weight-normal'></span> others</span>
							</div> 
						</div> 
					</div> 
					<div class='col s12 m6 l4 fh'> 
						<div class='card-panel'> 
							<div>
								<span class='panel-name'>Steps View</span>
							</div> 
							<div class='panel-setting modal-trigger step-status-filter right'>
								<a href='#step-status-filter'><i class='mdi-navigation-more-vert text-md'></i></a>
							</div> 
							<div class='chart-box'>
								<canvas class='text-centered' id='step-analysis'></canvas>
							</div> 
							<div>
								<span class='weight-light'><span class='s-pass-count weight-normal'></span> step(s) passed </span>
							</div> 
							<div>
								<span class='weight-light'><span class='s-fail-count weight-normal'></span> step(s) failed, <span class='s-others-count weight-normal'></span> others</span>
							</div> 
						</div> 
					</div>
					<div class='col s12 m12 l4 fh'> 
						<div class='card-panel'> 
							<span class='panel-name'>Pass Percentage</span> 
							<span class='pass-percentage panel-lead'></span> 
							<div class='progress light-blue lighten-3'> 
								<div class='determinate light-blue'></div> 
							</div> 
						</div> 
					</div>
				</div>
				<div class='system-view'>
					<div class='col l4 m12 s12'>
						<div class='card-panel'>
							<span class='label info outline right'>Environment</span>
							<table>
								<thead>
									<tr>
										<th>Param</th>
										<th>Value</th>
									</tr>
								</thead>
								<tbody>
										<tr>
											<td>User Name</td>
											<td>popatb</td>
										</tr>
										<tr>
											<td>OS</td>
											<td>Windows 10</td>
										</tr>
										<tr>
											<td>Java Version</td>
											<td>1.8.0_202</td>
										</tr>
										<tr>
											<td>Host Name</td>
											<td>BORSE-PC</td>
										</tr>
								</tbody>
							</table>
						</div>
					</div>
				</div>
			</div>
			<!-- /dashboard -->
			
			<!-- tests -->
			<div id='test-view' class='row _addedTable'>
				<div class='col _addedCell1'>
					<div class='contents'>
						<div class='card-panel heading'>
							<h5>Tests</h5>
						</div>
						<div class='card-panel filters'>
							<div>
								<a class='dropdown-button btn-floating btn-small waves-effect waves-light grey tests-toggle' data-activates='tests-toggle' data-constrainwidth='true' data-beloworigin='true' data-hover='true' href='#'>
									<i class='mdi-action-reorder'></i>
								</a>
								<ul id='tests-toggle' class='dropdown-content'>
									<li class='pass'><a href='#!'>Pass</a></li>
									<li class='fail'><a href='#!'>Fail</a></li>
									<li class='skip'><a href='#!'>Skip</a></li>
									<li class='divider'></li>
									<li class='clear'><a href='#!'>Clear Filters</a></li>
								</ul>
							</div>
							<div>
								<a class='btn-floating btn-small waves-effect waves-light grey' id='clear-filters' alt='Clear Filters' title='Clear Filters'>
									<i class='mdi-navigation-close'></i>
								</a>
							</div>
							<div>
								<a class='btn-floating btn-small waves-effect waves-light grey' id='enableDashboard' alt='Enable Dashboard' title='Enable Dashboard'>
									<i class='mdi-action-track-changes'></i>
								</a>
							</div>
							<div>
								<a class='btn-floating btn-small waves-effect waves-light blue enabled' id='refreshCharts' alt='Refresh Charts on Filters' title='Refresh Charts on Filters'>
									<i class='mdi-navigation-refresh'></i>
								</a>
							</div>
							<div class='search' alt='Search Tests' title='Search Tests'>
								<div class='input-field left'>
									<input id='searchTests' type='text' class='validate' placeholder='Search Tests...'>
								</div>
								<a href="#" class='btn-floating btn-small waves-effect waves-light grey'>
									<i class='mdi-action-search'></i>
								</a>
							</div>
						</div>
						<div class='card-panel no-padding-h no-padding-v no-margin-v'>
							<div class='wrapper'>
								<ul id='test-collection' class='test-collection'>
										<li class='collection-item test displayed active fail ' extentid='1d2237a5-60ed-4cbe-a809-610b5899e049'>
											<div class='test-head'>
												<span class='test-name'>ChangeStartTimeTest </span>
												<span class='test-status label right outline capitalize fail'>fail</span>
												<span class='category-assigned hide '></span>
											</div>
											<div class='test-body'>
												<div class='test-info'>
													<span title='Test started time' alt='Test started time' class='test-started-time label green lighten-1 text-white'>2020-04-10 13:41:55</span>
													<span title='Test ended time' alt='Test ended time' class='test-ended-time label red lighten-1 text-white'>2020-04-10 13:42:09</span>
													<span title='Time taken to finish' alt='Time taken to finish' class='test-time-taken label blue-grey lighten-3 text-white'>0h 0m 13s+320ms</span>
												</div>
												<div class='test-desc'></div>
												<div class='test-attributes'>
												</div>
												<div class='test-steps'>
													<table class='bordered table-results'>
														<thead>
															<tr>
																<th>Status</th>
																<th>Timestamp</th>
																<th>Details</th>
															</tr>
														</thead>
														<tbody>
																<tr>
																	<td class='status info' title='info' alt='info'><i class='mdi-action-info-outline'></i></td>
																	<td class='timestamp'>13:41:56</td>
																	<td class='step-details'>Click on schedule NewName292</td>
																</tr>
																<tr>
																	<td class='status info' title='info' alt='info'><i class='mdi-action-info-outline'></i></td>
																	<td class='timestamp'>13:41:56</td>
																	<td class='step-details'>Click on Plus period button</td>
																</tr>
																<tr>
																	<td class='status info' title='info' alt='info'><i class='mdi-action-info-outline'></i></td>
																	<td class='timestamp'>13:41:57</td>
																	<td class='step-details'>Click on Plus period button</td>
																</tr>
																<tr>
																	<td class='status info' title='info' alt='info'><i class='mdi-action-info-outline'></i></td>
																	<td class='timestamp'>13:41:58</td>
																	<td class='step-details'>Press on Save button</td>
																</tr>
																<tr>
																	<td class='status info' title='info' alt='info'><i class='mdi-action-info-outline'></i></td>
																	<td class='timestamp'>13:42:02</td>
																	<td class='step-details'>Input hours in start time</td>
																</tr>
																<tr>
																	<td class='status info' title='info' alt='info'><i class='mdi-action-info-outline'></i></td>
																	<td class='timestamp'>13:42:05</td>
																	<td class='step-details'>Input minutes in start time</td>
																</tr>
																<tr>
																	<td class='status fail' title='fail' alt='fail'><i class='mdi-navigation-cancel'></i></td>
																	<td class='timestamp'>13:42:09</td>
																	<td class='step-details'><pre>java.lang.NumberFormatException: For input string: "54 PM"
	at java.lang.NumberFormatException.forInputString(NumberFormatException.java:65)
	at java.lang.Integer.parseInt(Integer.java:580)
	at java.lang.Integer.parseInt(Integer.java:615)
	at pageObjects.SchedulesPage.GetEndTimeMinutes(SchedulesPage.java:589)
	at testcases.SchedulesTests.ChangeStartTimeTest(SchedulesTests.java:682)
	at sun.reflect.NativeMethodAccessorImpl.invoke0(Native Method)
	at sun.reflect.NativeMethodAccessorImpl.invoke(NativeMethodAccessorImpl.java:62)
	at sun.reflect.DelegatingMethodAccessorImpl.invoke(DelegatingMethodAccessorImpl.java:43)
	at java.lang.reflect.Method.invoke(Method.java:498)
	at org.testng.internal.MethodInvocationHelper.invokeMethod(MethodInvocationHelper.java:133)
	at org.testng.internal.TestInvoker.invokeMethod(TestInvoker.java:584)
	at org.testng.internal.TestInvoker.invokeTestMethod(TestInvoker.java:172)
	at org.testng.internal.MethodRunner.runInSequence(MethodRunner.java:46)
	at org.testng.internal.TestInvoker$MethodInvocationAgent.invoke(TestInvoker.java:804)
	at org.testng.internal.TestInvoker.invokeTestMethods(TestInvoker.java:145)
	at org.testng.internal.TestMethodWorker.invokeTestMethods(TestMethodWorker.java:146)
	at org.testng.internal.TestMethodWorker.run(TestMethodWorker.java:128)
	at java.util.ArrayList.forEach(ArrayList.java:1257)
	at org.testng.TestRunner.privateRun(TestRunner.java:770)
	at org.testng.TestRunner.run(TestRunner.java:591)
	at org.testng.SuiteRunner.runTest(SuiteRunner.java:402)
	at org.testng.SuiteRunner.runSequentially(SuiteRunner.java:396)
	at org.testng.SuiteRunner.privateRun(SuiteRunner.java:355)
	at org.testng.SuiteRunner.run(SuiteRunner.java:304)
	at org.testng.SuiteRunnerWorker.runSuite(SuiteRunnerWorker.java:53)
	at org.testng.SuiteRunnerWorker.run(SuiteRunnerWorker.java:96)
	at org.testng.TestNG.runSuitesSequentially(TestNG.java:1180)
	at org.testng.TestNG.runSuitesLocally(TestNG.java:1102)
	at org.testng.TestNG.runSuites(TestNG.java:1032)
	at org.testng.TestNG.run(TestNG.java:1000)
	at org.testng.remote.AbstractRemoteTestNG.run(AbstractRemoteTestNG.java:115)
	at org.testng.remote.RemoteTestNG.initAndRun(RemoteTestNG.java:251)
	at org.testng.remote.RemoteTestNG.main(RemoteTestNG.java:77)
</pre></td>
																</tr>
																<tr>
																	<td class='status fail' title='fail' alt='fail'><i class='mdi-navigation-cancel'></i></td>
																	<td class='timestamp'>13:42:09</td>
																	<td class='step-details'>Screenshot is below:<a href='./ChangeStartTimeTest.png' data-featherlight='image'><img class='report-img' src='./ChangeStartTimeTest.png' /></a></td>
																</tr>
														</tbody>
													</table>
													<ul class='collapsible node-list' data-collapsible='accordion'>
													</ul>
												</div>
											</div>
										</li>
										<li class='collection-item test displayed active fail ' extentid='57d1e0ae-49e8-46dc-b833-becfb924bbc4'>
											<div class='test-head'>
												<span class='test-name'>AddNewScheduleTest </span>
												<span class='test-status label right outline capitalize fail'>fail</span>
												<span class='category-assigned hide '></span>
											</div>
											<div class='test-body'>
												<div class='test-info'>
													<span title='Test started time' alt='Test started time' class='test-started-time label green lighten-1 text-white'>2020-04-10 13:43:41</span>
													<span title='Test ended time' alt='Test ended time' class='test-ended-time label red lighten-1 text-white'>2020-04-10 13:43:47</span>
													<span title='Time taken to finish' alt='Time taken to finish' class='test-time-taken label blue-grey lighten-3 text-white'>0h 0m 5s+978ms</span>
												</div>
												<div class='test-desc'></div>
												<div class='test-attributes'>
												</div>
												<div class='test-steps'>
													<table class='bordered table-results'>
														<thead>
															<tr>
																<th>Status</th>
																<th>Timestamp</th>
																<th>Details</th>
															</tr>
														</thead>
														<tbody>
																<tr>
																	<td class='status info' title='info' alt='info'><i class='mdi-action-info-outline'></i></td>
																	<td class='timestamp'>13:43:41</td>
																	<td class='step-details'>Click on New button</td>
																</tr>
																<tr>
																	<td class='status info' title='info' alt='info'><i class='mdi-action-info-outline'></i></td>
																	<td class='timestamp'>13:43:42</td>
																	<td class='step-details'>Check that Cancel button is enabled</td>
																</tr>
																<tr>
																	<td class='status info' title='info' alt='info'><i class='mdi-action-info-outline'></i></td>
																	<td class='timestamp'>13:43:42</td>
																	<td class='step-details'>Check that Save button is enabled</td>
																</tr>
																<tr>
																	<td class='status info' title='info' alt='info'><i class='mdi-action-info-outline'></i></td>
																	<td class='timestamp'>13:43:42</td>
																	<td class='step-details'>Press on Save button</td>
																</tr>
																<tr>
																	<td class='status info' title='info' alt='info'><i class='mdi-action-info-outline'></i></td>
																	<td class='timestamp'>13:43:47</td>
																	<td class='step-details'>Check that schedule is added</td>
																</tr>
																<tr>
																	<td class='status fail' title='fail' alt='fail'><i class='mdi-navigation-cancel'></i></td>
																	<td class='timestamp'>13:43:47</td>
																	<td class='step-details'><pre>java.lang.AssertionError: expected [34] but found [33]
	at org.testng.Assert.fail(Assert.java:97)
	at org.testng.Assert.assertEqualsImpl(Assert.java:136)
	at org.testng.Assert.assertEquals(Assert.java:118)
	at org.testng.Assert.assertEquals(Assert.java:839)
	at org.testng.Assert.assertEquals(Assert.java:849)
	at testcases.SchedulesTests.AddNewScheduleTest(SchedulesTests.java:134)
	at sun.reflect.NativeMethodAccessorImpl.invoke0(Native Method)
	at sun.reflect.NativeMethodAccessorImpl.invoke(NativeMethodAccessorImpl.java:62)
	at sun.reflect.DelegatingMethodAccessorImpl.invoke(DelegatingMethodAccessorImpl.java:43)
	at java.lang.reflect.Method.invoke(Method.java:498)
	at org.testng.internal.MethodInvocationHelper.invokeMethod(MethodInvocationHelper.java:133)
	at org.testng.internal.TestInvoker.invokeMethod(TestInvoker.java:584)
	at org.testng.internal.TestInvoker.invokeTestMethod(TestInvoker.java:172)
	at org.testng.internal.MethodRunner.runInSequence(MethodRunner.java:46)
	at org.testng.internal.TestInvoker$MethodInvocationAgent.invoke(TestInvoker.java:804)
	at org.testng.internal.TestInvoker.invokeTestMethods(TestInvoker.java:145)
	at org.testng.internal.TestMethodWorker.invokeTestMethods(TestMethodWorker.java:146)
	at org.testng.internal.TestMethodWorker.run(TestMethodWorker.java:128)
	at java.util.ArrayList.forEach(ArrayList.java:1257)
	at org.testng.TestRunner.privateRun(TestRunner.java:770)
	at org.testng.TestRunner.run(TestRunner.java:591)
	at org.testng.SuiteRunner.runTest(SuiteRunner.java:402)
	at org.testng.SuiteRunner.runSequentially(SuiteRunner.java:396)
	at org.testng.SuiteRunner.privateRun(SuiteRunner.java:355)
	at org.testng.SuiteRunner.run(SuiteRunner.java:304)
	at org.testng.SuiteRunnerWorker.runSuite(SuiteRunnerWorker.java:53)
	at org.testng.SuiteRunnerWorker.run(SuiteRunnerWorker.java:96)
	at org.testng.TestNG.runSuitesSequentially(TestNG.java:1180)
	at org.testng.TestNG.runSuitesLocally(TestNG.java:1102)
	at org.testng.TestNG.runSuites(TestNG.java:1032)
	at org.testng.TestNG.run(TestNG.java:1000)
	at org.testng.remote.AbstractRemoteTestNG.run(AbstractRemoteTestNG.java:115)
	at org.testng.remote.RemoteTestNG.initAndRun(RemoteTestNG.java:251)
	at org.testng.remote.RemoteTestNG.main(RemoteTestNG.java:77)
</pre></td>
																</tr>
																<tr>
																	<td class='status fail' title='fail' alt='fail'><i class='mdi-navigation-cancel'></i></td>
																	<td class='timestamp'>13:43:47</td>
																	<td class='step-details'>Screenshot is below:<a href='./AddNewScheduleTest.png' data-featherlight='image'><img class='report-img' src='./AddNewScheduleTest.png' /></a></td>
																</tr>
														</tbody>
													</table>
													<ul class='collapsible node-list' data-collapsible='accordion'>
													</ul>
												</div>
											</div>
										</li>
										<li class='collection-item test displayed active fail ' extentid='3decdb99-5f19-4e8b-b784-5283880318c8'>
											<div class='test-head'>
												<span class='test-name'>ChangeDurationBySpinnersTest </span>
												<span class='test-status label right outline capitalize fail'>fail</span>
												<span class='category-assigned hide '></span>
											</div>
											<div class='test-body'>
												<div class='test-info'>
													<span title='Test started time' alt='Test started time' class='test-started-time label green lighten-1 text-white'>2020-04-10 13:45:18</span>
													<span title='Test ended time' alt='Test ended time' class='test-ended-time label red lighten-1 text-white'>2020-04-10 13:47:06</span>
													<span title='Time taken to finish' alt='Time taken to finish' class='test-time-taken label blue-grey lighten-3 text-white'>0h 1m 47s+642ms</span>
												</div>
												<div class='test-desc'></div>
												<div class='test-attributes'>
												</div>
												<div class='test-steps'>
													<table class='bordered table-results'>
														<thead>
															<tr>
																<th>Status</th>
																<th>Timestamp</th>
																<th>Details</th>
															</tr>
														</thead>
														<tbody>
																<tr>
																	<td class='status info' title='info' alt='info'><i class='mdi-action-info-outline'></i></td>
																	<td class='timestamp'>13:45:18</td>
																	<td class='step-details'>Click on schedule AudioChannel835</td>
																</tr>
																<tr>
																	<td class='status info' title='info' alt='info'><i class='mdi-action-info-outline'></i></td>
																	<td class='timestamp'>13:45:20</td>
																	<td class='step-details'>Click on spinner to increase duration hours</td>
																</tr>
																<tr>
																	<td class='status info' title='info' alt='info'><i class='mdi-action-info-outline'></i></td>
																	<td class='timestamp'>13:45:28</td>
																	<td class='step-details'>Click on spinner to deacrese duration hours</td>
																</tr>
																<tr>
																	<td class='status info' title='info' alt='info'><i class='mdi-action-info-outline'></i></td>
																	<td class='timestamp'>13:45:36</td>
																	<td class='step-details'>Click on spinner to increase duration minutes</td>
																</tr>
																<tr>
																	<td class='status info' title='info' alt='info'><i class='mdi-action-info-outline'></i></td>
																	<td class='timestamp'>13:46:18</td>
																	<td class='step-details'>Click on spinner to deacrese duration minutes</td>
																</tr>
																<tr>
																	<td class='status info' title='info' alt='info'><i class='mdi-action-info-outline'></i></td>
																	<td class='timestamp'>13:47:00</td>
																	<td class='step-details'>Press on Save button</td>
																</tr>
																<tr>
																	<td class='status info' title='info' alt='info'><i class='mdi-action-info-outline'></i></td>
																	<td class='timestamp'>13:47:05</td>
																	<td class='step-details'>Check that duration is change</td>
																</tr>
																<tr>
																	<td class='status fail' title='fail' alt='fail'><i class='mdi-navigation-cancel'></i></td>
																	<td class='timestamp'>13:47:06</td>
																	<td class='step-details'><pre>java.lang.NumberFormatException: For input string: "34 PM"
	at java.lang.NumberFormatException.forInputString(NumberFormatException.java:65)
	at java.lang.Integer.parseInt(Integer.java:580)
	at java.lang.Integer.parseInt(Integer.java:615)
	at pageObjects.SchedulesPage.GetEndTimeMinutes(SchedulesPage.java:589)
	at testcases.SchedulesTests.ChangeDurationBySpinnersTest(SchedulesTests.java:1284)
	at sun.reflect.NativeMethodAccessorImpl.invoke0(Native Method)
	at sun.reflect.NativeMethodAccessorImpl.invoke(NativeMethodAccessorImpl.java:62)
	at sun.reflect.DelegatingMethodAccessorImpl.invoke(DelegatingMethodAccessorImpl.java:43)
	at java.lang.reflect.Method.invoke(Method.java:498)
	at org.testng.internal.MethodInvocationHelper.invokeMethod(MethodInvocationHelper.java:133)
	at org.testng.internal.TestInvoker.invokeMethod(TestInvoker.java:584)
	at org.testng.internal.TestInvoker.invokeTestMethod(TestInvoker.java:172)
	at org.testng.internal.MethodRunner.runInSequence(MethodRunner.java:46)
	at org.testng.internal.TestInvoker$MethodInvocationAgent.invoke(TestInvoker.java:804)
	at org.testng.internal.TestInvoker.invokeTestMethods(TestInvoker.java:145)
	at org.testng.internal.TestMethodWorker.invokeTestMethods(TestMethodWorker.java:146)
	at org.testng.internal.TestMethodWorker.run(TestMethodWorker.java:128)
	at java.util.ArrayList.forEach(ArrayList.java:1257)
	at org.testng.TestRunner.privateRun(TestRunner.java:770)
	at org.testng.TestRunner.run(TestRunner.java:591)
	at org.testng.SuiteRunner.runTest(SuiteRunner.java:402)
	at org.testng.SuiteRunner.runSequentially(SuiteRunner.java:396)
	at org.testng.SuiteRunner.privateRun(SuiteRunner.java:355)
	at org.testng.SuiteRunner.run(SuiteRunner.java:304)
	at org.testng.SuiteRunnerWorker.runSuite(SuiteRunnerWorker.java:53)
	at org.testng.SuiteRunnerWorker.run(SuiteRunnerWorker.java:96)
	at org.testng.TestNG.runSuitesSequentially(TestNG.java:1180)
	at org.testng.TestNG.runSuitesLocally(TestNG.java:1102)
	at org.testng.TestNG.runSuites(TestNG.java:1032)
	at org.testng.TestNG.run(TestNG.java:1000)
	at org.testng.remote.AbstractRemoteTestNG.run(AbstractRemoteTestNG.java:115)
	at org.testng.remote.RemoteTestNG.initAndRun(RemoteTestNG.java:251)
	at org.testng.remote.RemoteTestNG.main(RemoteTestNG.java:77)
</pre></td>
																</tr>
																<tr>
																	<td class='status fail' title='fail' alt='fail'><i class='mdi-navigation-cancel'></i></td>
																	<td class='timestamp'>13:47:06</td>
																	<td class='step-details'>Screenshot is below:<a href='./ChangeDurationBySpinnersTest.png' data-featherlight='image'><img class='report-img' src='./ChangeDurationBySpinnersTest.png' /></a></td>
																</tr>
														</tbody>
													</table>
													<ul class='collapsible node-list' data-collapsible='accordion'>
													</ul>
												</div>
											</div>
										</li>
										<li class='collection-item test displayed active fail ' extentid='199a88dc-1bf8-45d2-b62d-d588e81febc6'>
											<div class='test-head'>
												<span class='test-name'>ChangeEndTimeBySpinnerTest </span>
												<span class='test-status label right outline capitalize fail'>fail</span>
												<span class='category-assigned hide '></span>
											</div>
											<div class='test-body'>
												<div class='test-info'>
													<span title='Test started time' alt='Test started time' class='test-started-time label green lighten-1 text-white'>2020-04-10 13:48:37</span>
													<span title='Test ended time' alt='Test ended time' class='test-ended-time label red lighten-1 text-white'>2020-04-10 13:48:39</span>
													<span title='Time taken to finish' alt='Time taken to finish' class='test-time-taken label blue-grey lighten-3 text-white'>0h 0m 1s+710ms</span>
												</div>
												<div class='test-desc'></div>
												<div class='test-attributes'>
												</div>
												<div class='test-steps'>
													<table class='bordered table-results'>
														<thead>
															<tr>
																<th>Status</th>
																<th>Timestamp</th>
																<th>Details</th>
															</tr>
														</thead>
														<tbody>
																<tr>
																	<td class='status info' title='info' alt='info'><i class='mdi-action-info-outline'></i></td>
																	<td class='timestamp'>13:48:37</td>
																	<td class='step-details'>Click on schedule AudioChannel786</td>
																</tr>
																<tr>
																	<td class='status fail' title='fail' alt='fail'><i class='mdi-navigation-cancel'></i></td>
																	<td class='timestamp'>13:48:39</td>
																	<td class='step-details'><pre>java.lang.NumberFormatException: For input string: "49 AM"
	at java.lang.NumberFormatException.forInputString(NumberFormatException.java:65)
	at java.lang.Integer.parseInt(Integer.java:580)
	at java.lang.Integer.parseInt(Integer.java:615)
	at pageObjects.SchedulesPage.GetEndTimeMinutes(SchedulesPage.java:589)
	at testcases.SchedulesTests.ChangeEndTimeBySpinnerTest(SchedulesTests.java:1024)
	at sun.reflect.NativeMethodAccessorImpl.invoke0(Native Method)
	at sun.reflect.NativeMethodAccessorImpl.invoke(NativeMethodAccessorImpl.java:62)
	at sun.reflect.DelegatingMethodAccessorImpl.invoke(DelegatingMethodAccessorImpl.java:43)
	at java.lang.reflect.Method.invoke(Method.java:498)
	at org.testng.internal.MethodInvocationHelper.invokeMethod(MethodInvocationHelper.java:133)
	at org.testng.internal.TestInvoker.invokeMethod(TestInvoker.java:584)
	at org.testng.internal.TestInvoker.invokeTestMethod(TestInvoker.java:172)
	at org.testng.internal.MethodRunner.runInSequence(MethodRunner.java:46)
	at org.testng.internal.TestInvoker$MethodInvocationAgent.invoke(TestInvoker.java:804)
	at org.testng.internal.TestInvoker.invokeTestMethods(TestInvoker.java:145)
	at org.testng.internal.TestMethodWorker.invokeTestMethods(TestMethodWorker.java:146)
	at org.testng.internal.TestMethodWorker.run(TestMethodWorker.java:128)
	at java.util.ArrayList.forEach(ArrayList.java:1257)
	at org.testng.TestRunner.privateRun(TestRunner.java:770)
	at org.testng.TestRunner.run(TestRunner.java:591)
	at org.testng.SuiteRunner.runTest(SuiteRunner.java:402)
	at org.testng.SuiteRunner.runSequentially(SuiteRunner.java:396)
	at org.testng.SuiteRunner.privateRun(SuiteRunner.java:355)
	at org.testng.SuiteRunner.run(SuiteRunner.java:304)
	at org.testng.SuiteRunnerWorker.runSuite(SuiteRunnerWorker.java:53)
	at org.testng.SuiteRunnerWorker.run(SuiteRunnerWorker.java:96)
	at org.testng.TestNG.runSuitesSequentially(TestNG.java:1180)
	at org.testng.TestNG.runSuitesLocally(TestNG.java:1102)
	at org.testng.TestNG.runSuites(TestNG.java:1032)
	at org.testng.TestNG.run(TestNG.java:1000)
	at org.testng.remote.AbstractRemoteTestNG.run(AbstractRemoteTestNG.java:115)
	at org.testng.remote.RemoteTestNG.initAndRun(RemoteTestNG.java:251)
	at org.testng.remote.RemoteTestNG.main(RemoteTestNG.java:77)
</pre></td>
																</tr>
																<tr>
																	<td class='status fail' title='fail' alt='fail'><i class='mdi-navigation-cancel'></i></td>
																	<td class='timestamp'>13:48:39</td>
																	<td class='step-details'>Screenshot is below:<a href='./ChangeEndTimeBySpinnerTest.png' data-featherlight='image'><img class='report-img' src='./ChangeEndTimeBySpinnerTest.png' /></a></td>
																</tr>
														</tbody>
													</table>
													<ul class='collapsible node-list' data-collapsible='accordion'>
													</ul>
												</div>
											</div>
										</li>
										<li class='collection-item test displayed active fail ' extentid='567ca9e2-1048-475e-a2f9-5f571ccf5a0d'>
											<div class='test-head'>
												<span class='test-name'>ChangeMonthlyCountOfDayTest </span>
												<span class='test-status label right outline capitalize fail'>fail</span>
												<span class='category-assigned hide '></span>
											</div>
											<div class='test-body'>
												<div class='test-info'>
													<span title='Test started time' alt='Test started time' class='test-started-time label green lighten-1 text-white'>2020-04-10 13:50:11</span>
													<span title='Test ended time' alt='Test ended time' class='test-ended-time label red lighten-1 text-white'>2020-04-10 13:50:28</span>
													<span title='Time taken to finish' alt='Time taken to finish' class='test-time-taken label blue-grey lighten-3 text-white'>0h 0m 16s+421ms</span>
												</div>
												<div class='test-desc'></div>
												<div class='test-attributes'>
												</div>
												<div class='test-steps'>
													<table class='bordered table-results'>
														<thead>
															<tr>
																<th>Status</th>
																<th>Timestamp</th>
																<th>Details</th>
															</tr>
														</thead>
														<tbody>
																<tr>
																	<td class='status info' title='info' alt='info'><i class='mdi-action-info-outline'></i></td>
																	<td class='timestamp'>13:50:12</td>
																	<td class='step-details'>Click on schedule AudioChannel846</td>
																</tr>
																<tr>
																	<td class='status info' title='info' alt='info'><i class='mdi-action-info-outline'></i></td>
																	<td class='timestamp'>13:50:13</td>
																	<td class='step-details'>Select string:Monthly  repeat option</td>
																</tr>
																<tr>
																	<td class='status info' title='info' alt='info'><i class='mdi-action-info-outline'></i></td>
																	<td class='timestamp'>13:50:14</td>
																	<td class='step-details'>Press on Save button</td>
																</tr>
																<tr>
																	<td class='status info' title='info' alt='info'><i class='mdi-action-info-outline'></i></td>
																	<td class='timestamp'>13:50:19</td>
																	<td class='step-details'>Click on Plus period button</td>
																</tr>
																<tr>
																	<td class='status info' title='info' alt='info'><i class='mdi-action-info-outline'></i></td>
																	<td class='timestamp'>13:50:19</td>
																	<td class='step-details'>Click on Plus period button</td>
																</tr>
																<tr>
																	<td class='status info' title='info' alt='info'><i class='mdi-action-info-outline'></i></td>
																	<td class='timestamp'>13:50:20</td>
																	<td class='step-details'>Click on Plus period button</td>
																</tr>
																<tr>
																	<td class='status info' title='info' alt='info'><i class='mdi-action-info-outline'></i></td>
																	<td class='timestamp'>13:50:21</td>
																	<td class='step-details'>Press on Save button</td>
																</tr>
																<tr>
																	<td class='status info' title='info' alt='info'><i class='mdi-action-info-outline'></i></td>
																	<td class='timestamp'>13:50:26</td>
																	<td class='step-details'>Input in days field 27</td>
																</tr>
																<tr>
																	<td class='status fail' title='fail' alt='fail'><i class='mdi-navigation-cancel'></i></td>
																	<td class='timestamp'>13:50:28</td>
																	<td class='step-details'><pre>org.openqa.selenium.ElementNotInteractableException: Element cannot be interacted with via the keyboard because it is not focusable
Build info: version: '3.9.1', revision: '63f7b50', time: '2018-02-07T22:25:02.294Z'
System info: host: 'BORSE-PC', ip: '172.20.1.58', os.name: 'Windows 10', os.arch: 'amd64', os.version: '10.0', java.version: '1.8.0_202'
Driver info: org.openqa.selenium.ie.InternetExplorerDriver
Capabilities {acceptInsecureCerts: false, browserName: internet explorer, browserVersion: 11, javascriptEnabled: true, pageLoadStrategy: normal, platform: WINDOWS, platformName: WINDOWS, proxy: Proxy(), se:ieOptions: {browserAttachTimeout: 0, elementScrollBehavior: 0, enablePersistentHover: true, ie.browserCommandLineSwitches: , ie.edgechromium: false, ie.edgepath: , ie.ensureCleanSession: true, ie.fileUploadDialogTimeout: 3000, ie.forceCreateProcessApi: false, ignoreProtectedModeSettings: true, ignoreZoomSetting: false, initialBrowserUrl: http://localhost:4509/, nativeEvents: true, requireWindowFocus: false}, setWindowRect: true, strictFileInteractability: false, timeouts: {implicit: 0, pageLoad: 300000, script: 30000}, unhandledPromptBehavior: dismiss and notify}
Session ID: e1290b53-ff3b-4a14-b8fa-981ab63b0500
	at sun.reflect.NativeConstructorAccessorImpl.newInstance0(Native Method)
	at sun.reflect.NativeConstructorAccessorImpl.newInstance(NativeConstructorAccessorImpl.java:62)
	at sun.reflect.DelegatingConstructorAccessorImpl.newInstance(DelegatingConstructorAccessorImpl.java:45)
	at java.lang.reflect.Constructor.newInstance(Constructor.java:423)
	at org.openqa.selenium.remote.http.W3CHttpResponseCodec.createException(W3CHttpResponseCodec.java:187)
	at org.openqa.selenium.remote.http.W3CHttpResponseCodec.decode(W3CHttpResponseCodec.java:122)
	at org.openqa.selenium.remote.http.W3CHttpResponseCodec.decode(W3CHttpResponseCodec.java:49)
	at org.openqa.selenium.remote.HttpCommandExecutor.execute(HttpCommandExecutor.java:160)
	at org.openqa.selenium.remote.service.DriverCommandExecutor.execute(DriverCommandExecutor.java:83)
	at org.openqa.selenium.remote.RemoteWebDriver.execute(RemoteWebDriver.java:601)
	at org.openqa.selenium.remote.RemoteWebElement.execute(RemoteWebElement.java:279)
	at org.openqa.selenium.remote.RemoteWebElement.sendKeys(RemoteWebElement.java:100)
	at Utilities.Page.setElementText(Page.java:478)
	at pageObjects.SchedulesPage.InputInDaysField(SchedulesPage.java:677)
	at testcases.SchedulesTests.ChangeMonthlyCountOfDayTest(SchedulesTests.java:1534)
	at sun.reflect.NativeMethodAccessorImpl.invoke0(Native Method)
	at sun.reflect.NativeMethodAccessorImpl.invoke(NativeMethodAccessorImpl.java:62)
	at sun.reflect.DelegatingMethodAccessorImpl.invoke(DelegatingMethodAccessorImpl.java:43)
	at java.lang.reflect.Method.invoke(Method.java:498)
	at org.testng.internal.MethodInvocationHelper.invokeMethod(MethodInvocationHelper.java:133)
	at org.testng.internal.TestInvoker.invokeMethod(TestInvoker.java:584)
	at org.testng.internal.TestInvoker.invokeTestMethod(TestInvoker.java:172)
	at org.testng.internal.MethodRunner.runInSequence(MethodRunner.java:46)
	at org.testng.internal.TestInvoker$MethodInvocationAgent.invoke(TestInvoker.java:804)
	at org.testng.internal.TestInvoker.invokeTestMethods(TestInvoker.java:145)
	at org.testng.internal.TestMethodWorker.invokeTestMethods(TestMethodWorker.java:146)
	at org.testng.internal.TestMethodWorker.run(TestMethodWorker.java:128)
	at java.util.ArrayList.forEach(ArrayList.java:1257)
	at org.testng.TestRunner.privateRun(TestRunner.java:770)
	at org.testng.TestRunner.run(TestRunner.java:591)
	at org.testng.SuiteRunner.runTest(SuiteRunner.java:402)
	at org.testng.SuiteRunner.runSequentially(SuiteRunner.java:396)
	at org.testng.SuiteRunner.privateRun(SuiteRunner.java:355)
	at org.testng.SuiteRunner.run(SuiteRunner.java:304)
	at org.testng.SuiteRunnerWorker.runSuite(SuiteRunnerWorker.java:53)
	at org.testng.SuiteRunnerWorker.run(SuiteRunnerWorker.java:96)
	at org.testng.TestNG.runSuitesSequentially(TestNG.java:1180)
	at org.testng.TestNG.runSuitesLocally(TestNG.java:1102)
	at org.testng.TestNG.runSuites(TestNG.java:1032)
	at org.testng.TestNG.run(TestNG.java:1000)
	at org.testng.remote.AbstractRemoteTestNG.run(AbstractRemoteTestNG.java:115)
	at org.testng.remote.RemoteTestNG.initAndRun(RemoteTestNG.java:251)
	at org.testng.remote.RemoteTestNG.main(RemoteTestNG.java:77)
</pre></td>
																</tr>
																<tr>
																	<td class='status fail' title='fail' alt='fail'><i class='mdi-navigation-cancel'></i></td>
																	<td class='timestamp'>13:50:28</td>
																	<td class='step-details'>Screenshot is below:<a href='./ChangeMonthlyCountOfDayTest.png' data-featherlight='image'><img class='report-img' src='./ChangeMonthlyCountOfDayTest.png' /></a></td>
																</tr>
														</tbody>
													</table>
													<ul class='collapsible node-list' data-collapsible='accordion'>
													</ul>
												</div>
											</div>
										</li>
										<li class='collection-item test displayed active fail ' extentid='b2246be8-9a65-4d38-953a-26762b513507'>
											<div class='test-head'>
												<span class='test-name'>DeleteScheduleByButtonTest </span>
												<span class='test-status label right outline capitalize fail'>fail</span>
												<span class='category-assigned hide '></span>
											</div>
											<div class='test-body'>
												<div class='test-info'>
													<span title='Test started time' alt='Test started time' class='test-started-time label green lighten-1 text-white'>2020-04-10 13:52:01</span>
													<span title='Test ended time' alt='Test ended time' class='test-ended-time label red lighten-1 text-white'>2020-04-10 13:52:18</span>
													<span title='Time taken to finish' alt='Time taken to finish' class='test-time-taken label blue-grey lighten-3 text-white'>0h 0m 17s+564ms</span>
												</div>
												<div class='test-desc'></div>
												<div class='test-attributes'>
												</div>
												<div class='test-steps'>
													<table class='bordered table-results'>
														<thead>
															<tr>
																<th>Status</th>
																<th>Timestamp</th>
																<th>Details</th>
															</tr>
														</thead>
														<tbody>
																<tr>
																	<td class='status info' title='info' alt='info'><i class='mdi-action-info-outline'></i></td>
																	<td class='timestamp'>13:52:01</td>
																	<td class='step-details'>Click on schedule AudioChannel323</td>
																</tr>
																<tr>
																	<td class='status info' title='info' alt='info'><i class='mdi-action-info-outline'></i></td>
																	<td class='timestamp'>13:52:02</td>
																	<td class='step-details'>Click on Delete button</td>
																</tr>
																<tr>
																	<td class='status info' title='info' alt='info'><i class='mdi-action-info-outline'></i></td>
																	<td class='timestamp'>13:52:03</td>
																	<td class='step-details'>Click on Yes button in Delete dialog</td>
																</tr>
																<tr>
																	<td class='status info' title='info' alt='info'><i class='mdi-action-info-outline'></i></td>
																	<td class='timestamp'>13:52:18</td>
																	<td class='step-details'>Check that schedule AudioChannel323 is deleted</td>
																</tr>
																<tr>
																	<td class='status fail' title='fail' alt='fail'><i class='mdi-navigation-cancel'></i></td>
																	<td class='timestamp'>13:52:18</td>
																	<td class='step-details'><pre>java.lang.AssertionError: expected [32] but found [33]
	at org.testng.Assert.fail(Assert.java:97)
	at org.testng.Assert.assertEqualsImpl(Assert.java:136)
	at org.testng.Assert.assertEquals(Assert.java:118)
	at org.testng.Assert.assertEquals(Assert.java:839)
	at org.testng.Assert.assertEquals(Assert.java:849)
	at testcases.SchedulesTests.DeleteScheduleByButtonTest(SchedulesTests.java:326)
	at sun.reflect.NativeMethodAccessorImpl.invoke0(Native Method)
	at sun.reflect.NativeMethodAccessorImpl.invoke(NativeMethodAccessorImpl.java:62)
	at sun.reflect.DelegatingMethodAccessorImpl.invoke(DelegatingMethodAccessorImpl.java:43)
	at java.lang.reflect.Method.invoke(Method.java:498)
	at org.testng.internal.MethodInvocationHelper.invokeMethod(MethodInvocationHelper.java:133)
	at org.testng.internal.TestInvoker.invokeMethod(TestInvoker.java:584)
	at org.testng.internal.TestInvoker.invokeTestMethod(TestInvoker.java:172)
	at org.testng.internal.MethodRunner.runInSequence(MethodRunner.java:46)
	at org.testng.internal.TestInvoker$MethodInvocationAgent.invoke(TestInvoker.java:804)
	at org.testng.internal.TestInvoker.invokeTestMethods(TestInvoker.java:145)
	at org.testng.internal.TestMethodWorker.invokeTestMethods(TestMethodWorker.java:146)
	at org.testng.internal.TestMethodWorker.run(TestMethodWorker.java:128)
	at java.util.ArrayList.forEach(ArrayList.java:1257)
	at org.testng.TestRunner.privateRun(TestRunner.java:770)
	at org.testng.TestRunner.run(TestRunner.java:591)
	at org.testng.SuiteRunner.runTest(SuiteRunner.java:402)
	at org.testng.SuiteRunner.runSequentially(SuiteRunner.java:396)
	at org.testng.SuiteRunner.privateRun(SuiteRunner.java:355)
	at org.testng.SuiteRunner.run(SuiteRunner.java:304)
	at org.testng.SuiteRunnerWorker.runSuite(SuiteRunnerWorker.java:53)
	at org.testng.SuiteRunnerWorker.run(SuiteRunnerWorker.java:96)
	at org.testng.TestNG.runSuitesSequentially(TestNG.java:1180)
	at org.testng.TestNG.runSuitesLocally(TestNG.java:1102)
	at org.testng.TestNG.runSuites(TestNG.java:1032)
	at org.testng.TestNG.run(TestNG.java:1000)
	at org.testng.remote.AbstractRemoteTestNG.run(AbstractRemoteTestNG.java:115)
	at org.testng.remote.RemoteTestNG.initAndRun(RemoteTestNG.java:251)
	at org.testng.remote.RemoteTestNG.main(RemoteTestNG.java:77)
</pre></td>
																</tr>
																<tr>
																	<td class='status fail' title='fail' alt='fail'><i class='mdi-navigation-cancel'></i></td>
																	<td class='timestamp'>13:52:18</td>
																	<td class='step-details'>Screenshot is below:<a href='./DeleteScheduleByButtonTest.png' data-featherlight='image'><img class='report-img' src='./DeleteScheduleByButtonTest.png' /></a></td>
																</tr>
														</tbody>
													</table>
													<ul class='collapsible node-list' data-collapsible='accordion'>
													</ul>
												</div>
											</div>
										</li>
										<li class='collection-item test displayed active fail ' extentid='1dbeaed0-4942-4e8b-936d-eefae2f337b1'>
											<div class='test-head'>
												<span class='test-name'>DeleteScheduleByIconTest </span>
												<span class='test-status label right outline capitalize fail'>fail</span>
												<span class='category-assigned hide '></span>
											</div>
											<div class='test-body'>
												<div class='test-info'>
													<span title='Test started time' alt='Test started time' class='test-started-time label green lighten-1 text-white'>2020-04-10 13:53:49</span>
													<span title='Test ended time' alt='Test ended time' class='test-ended-time label red lighten-1 text-white'>2020-04-10 13:54:07</span>
													<span title='Time taken to finish' alt='Time taken to finish' class='test-time-taken label blue-grey lighten-3 text-white'>0h 0m 17s+409ms</span>
												</div>
												<div class='test-desc'></div>
												<div class='test-attributes'>
												</div>
												<div class='test-steps'>
													<table class='bordered table-results'>
														<thead>
															<tr>
																<th>Status</th>
																<th>Timestamp</th>
																<th>Details</th>
															</tr>
														</thead>
														<tbody>
																<tr>
																	<td class='status info' title='info' alt='info'><i class='mdi-action-info-outline'></i></td>
																	<td class='timestamp'>13:53:50</td>
																	<td class='step-details'>Move to schedule AudioChannel678</td>
																</tr>
																<tr>
																	<td class='status info' title='info' alt='info'><i class='mdi-action-info-outline'></i></td>
																	<td class='timestamp'>13:53:50</td>
																	<td class='step-details'>Click on Delete icon</td>
																</tr>
																<tr>
																	<td class='status info' title='info' alt='info'><i class='mdi-action-info-outline'></i></td>
																	<td class='timestamp'>13:53:51</td>
																	<td class='step-details'>Click on Yes button in Delete dialog</td>
																</tr>
																<tr>
																	<td class='status info' title='info' alt='info'><i class='mdi-action-info-outline'></i></td>
																	<td class='timestamp'>13:54:07</td>
																	<td class='step-details'>Check that schedule AudioChannel678 is deleted</td>
																</tr>
																<tr>
																	<td class='status fail' title='fail' alt='fail'><i class='mdi-navigation-cancel'></i></td>
																	<td class='timestamp'>13:54:07</td>
																	<td class='step-details'><pre>java.lang.AssertionError: expected [32] but found [33]
	at org.testng.Assert.fail(Assert.java:97)
	at org.testng.Assert.assertEqualsImpl(Assert.java:136)
	at org.testng.Assert.assertEquals(Assert.java:118)
	at org.testng.Assert.assertEquals(Assert.java:839)
	at org.testng.Assert.assertEquals(Assert.java:849)
	at testcases.SchedulesTests.DeleteScheduleByIconTest(SchedulesTests.java:263)
	at sun.reflect.NativeMethodAccessorImpl.invoke0(Native Method)
	at sun.reflect.NativeMethodAccessorImpl.invoke(NativeMethodAccessorImpl.java:62)
	at sun.reflect.DelegatingMethodAccessorImpl.invoke(DelegatingMethodAccessorImpl.java:43)
	at java.lang.reflect.Method.invoke(Method.java:498)
	at org.testng.internal.MethodInvocationHelper.invokeMethod(MethodInvocationHelper.java:133)
	at org.testng.internal.TestInvoker.invokeMethod(TestInvoker.java:584)
	at org.testng.internal.TestInvoker.invokeTestMethod(TestInvoker.java:172)
	at org.testng.internal.MethodRunner.runInSequence(MethodRunner.java:46)
	at org.testng.internal.TestInvoker$MethodInvocationAgent.invoke(TestInvoker.java:804)
	at org.testng.internal.TestInvoker.invokeTestMethods(TestInvoker.java:145)
	at org.testng.internal.TestMethodWorker.invokeTestMethods(TestMethodWorker.java:146)
	at org.testng.internal.TestMethodWorker.run(TestMethodWorker.java:128)
	at java.util.ArrayList.forEach(ArrayList.java:1257)
	at org.testng.TestRunner.privateRun(TestRunner.java:770)
	at org.testng.TestRunner.run(TestRunner.java:591)
	at org.testng.SuiteRunner.runTest(SuiteRunner.java:402)
	at org.testng.SuiteRunner.runSequentially(SuiteRunner.java:396)
	at org.testng.SuiteRunner.privateRun(SuiteRunner.java:355)
	at org.testng.SuiteRunner.run(SuiteRunner.java:304)
	at org.testng.SuiteRunnerWorker.runSuite(SuiteRunnerWorker.java:53)
	at org.testng.SuiteRunnerWorker.run(SuiteRunnerWorker.java:96)
	at org.testng.TestNG.runSuitesSequentially(TestNG.java:1180)
	at org.testng.TestNG.runSuitesLocally(TestNG.java:1102)
	at org.testng.TestNG.runSuites(TestNG.java:1032)
	at org.testng.TestNG.run(TestNG.java:1000)
	at org.testng.remote.AbstractRemoteTestNG.run(AbstractRemoteTestNG.java:115)
	at org.testng.remote.RemoteTestNG.initAndRun(RemoteTestNG.java:251)
	at org.testng.remote.RemoteTestNG.main(RemoteTestNG.java:77)
</pre></td>
																</tr>
																<tr>
																	<td class='status fail' title='fail' alt='fail'><i class='mdi-navigation-cancel'></i></td>
																	<td class='timestamp'>13:54:07</td>
																	<td class='step-details'>Screenshot is below:<a href='./DeleteScheduleByIconTest.png' data-featherlight='image'><img class='report-img' src='./DeleteScheduleByIconTest.png' /></a></td>
																</tr>
														</tbody>
													</table>
													<ul class='collapsible node-list' data-collapsible='accordion'>
													</ul>
												</div>
											</div>
										</li>
										<li class='collection-item test displayed active fail ' extentid='3edff6c7-22d0-4098-af03-3c5cd1083cab'>
											<div class='test-head'>
												<span class='test-name'>ChangeDurationTest </span>
												<span class='test-status label right outline capitalize fail'>fail</span>
												<span class='category-assigned hide '></span>
											</div>
											<div class='test-body'>
												<div class='test-info'>
													<span title='Test started time' alt='Test started time' class='test-started-time label green lighten-1 text-white'>2020-04-10 13:55:39</span>
													<span title='Test ended time' alt='Test ended time' class='test-ended-time label red lighten-1 text-white'>2020-04-10 13:55:48</span>
													<span title='Time taken to finish' alt='Time taken to finish' class='test-time-taken label blue-grey lighten-3 text-white'>0h 0m 9s+5ms</span>
												</div>
												<div class='test-desc'></div>
												<div class='test-attributes'>
												</div>
												<div class='test-steps'>
													<table class='bordered table-results'>
														<thead>
															<tr>
																<th>Status</th>
																<th>Timestamp</th>
																<th>Details</th>
															</tr>
														</thead>
														<tbody>
																<tr>
																	<td class='status info' title='info' alt='info'><i class='mdi-action-info-outline'></i></td>
																	<td class='timestamp'>13:55:39</td>
																	<td class='step-details'>Click on schedule NewName135</td>
																</tr>
																<tr>
																	<td class='status info' title='info' alt='info'><i class='mdi-action-info-outline'></i></td>
																	<td class='timestamp'>13:55:40</td>
																	<td class='step-details'>Input in duration hours field</td>
																</tr>
																<tr>
																	<td class='status info' title='info' alt='info'><i class='mdi-action-info-outline'></i></td>
																	<td class='timestamp'>13:55:41</td>
																	<td class='step-details'>Input in duration minutes field</td>
																</tr>
																<tr>
																	<td class='status info' title='info' alt='info'><i class='mdi-action-info-outline'></i></td>
																	<td class='timestamp'>13:55:43</td>
																	<td class='step-details'>Press on Save button</td>
																</tr>
																<tr>
																	<td class='status info' title='info' alt='info'><i class='mdi-action-info-outline'></i></td>
																	<td class='timestamp'>13:55:48</td>
																	<td class='step-details'>Check that duration is change</td>
																</tr>
																<tr>
																	<td class='status fail' title='fail' alt='fail'><i class='mdi-navigation-cancel'></i></td>
																	<td class='timestamp'>13:55:48</td>
																	<td class='step-details'><pre>java.lang.NumberFormatException: For input string: "39 AM"
	at java.lang.NumberFormatException.forInputString(NumberFormatException.java:65)
	at java.lang.Integer.parseInt(Integer.java:580)
	at java.lang.Integer.parseInt(Integer.java:615)
	at pageObjects.SchedulesPage.GetEndTimeMinutes(SchedulesPage.java:589)
	at testcases.SchedulesTests.ChangeDurationTest(SchedulesTests.java:1171)
	at sun.reflect.NativeMethodAccessorImpl.invoke0(Native Method)
	at sun.reflect.NativeMethodAccessorImpl.invoke(NativeMethodAccessorImpl.java:62)
	at sun.reflect.DelegatingMethodAccessorImpl.invoke(DelegatingMethodAccessorImpl.java:43)
	at java.lang.reflect.Method.invoke(Method.java:498)
	at org.testng.internal.MethodInvocationHelper.invokeMethod(MethodInvocationHelper.java:133)
	at org.testng.internal.TestInvoker.invokeMethod(TestInvoker.java:584)
	at org.testng.internal.TestInvoker.invokeTestMethod(TestInvoker.java:172)
	at org.testng.internal.MethodRunner.runInSequence(MethodRunner.java:46)
	at org.testng.internal.TestInvoker$MethodInvocationAgent.invoke(TestInvoker.java:804)
	at org.testng.internal.TestInvoker.invokeTestMethods(TestInvoker.java:145)
	at org.testng.internal.TestMethodWorker.invokeTestMethods(TestMethodWorker.java:146)
	at org.testng.internal.TestMethodWorker.run(TestMethodWorker.java:128)
	at java.util.ArrayList.forEach(ArrayList.java:1257)
	at org.testng.TestRunner.privateRun(TestRunner.java:770)
	at org.testng.TestRunner.run(TestRunner.java:591)
	at org.testng.SuiteRunner.runTest(SuiteRunner.java:402)
	at org.testng.SuiteRunner.runSequentially(SuiteRunner.java:396)
	at org.testng.SuiteRunner.privateRun(SuiteRunner.java:355)
	at org.testng.SuiteRunner.run(SuiteRunner.java:304)
	at org.testng.SuiteRunnerWorker.runSuite(SuiteRunnerWorker.java:53)
	at org.testng.SuiteRunnerWorker.run(SuiteRunnerWorker.java:96)
	at org.testng.TestNG.runSuitesSequentially(TestNG.java:1180)
	at org.testng.TestNG.runSuitesLocally(TestNG.java:1102)
	at org.testng.TestNG.runSuites(TestNG.java:1032)
	at org.testng.TestNG.run(TestNG.java:1000)
	at org.testng.remote.AbstractRemoteTestNG.run(AbstractRemoteTestNG.java:115)
	at org.testng.remote.RemoteTestNG.initAndRun(RemoteTestNG.java:251)
	at org.testng.remote.RemoteTestNG.main(RemoteTestNG.java:77)
</pre></td>
																</tr>
																<tr>
																	<td class='status fail' title='fail' alt='fail'><i class='mdi-navigation-cancel'></i></td>
																	<td class='timestamp'>13:55:48</td>
																	<td class='step-details'>Screenshot is below:<a href='./ChangeDurationTest.png' data-featherlight='image'><img class='report-img' src='./ChangeDurationTest.png' /></a></td>
																</tr>
														</tbody>
													</table>
													<ul class='collapsible node-list' data-collapsible='accordion'>
													</ul>
												</div>
											</div>
										</li>
										<li class='collection-item test displayed active fail ' extentid='11716966-fb36-4783-a1bb-a1e1051af097'>
											<div class='test-head'>
												<span class='test-name'>ChangeStartTimeBySpinnerTest </span>
												<span class='test-status label right outline capitalize fail'>fail</span>
												<span class='category-assigned hide '></span>
											</div>
											<div class='test-body'>
												<div class='test-info'>
													<span title='Test started time' alt='Test started time' class='test-started-time label green lighten-1 text-white'>2020-04-10 13:57:20</span>
													<span title='Test ended time' alt='Test ended time' class='test-ended-time label red lighten-1 text-white'>2020-04-10 13:57:21</span>
													<span title='Time taken to finish' alt='Time taken to finish' class='test-time-taken label blue-grey lighten-3 text-white'>0h 0m 1s+935ms</span>
												</div>
												<div class='test-desc'></div>
												<div class='test-attributes'>
												</div>
												<div class='test-steps'>
													<table class='bordered table-results'>
														<thead>
															<tr>
																<th>Status</th>
																<th>Timestamp</th>
																<th>Details</th>
															</tr>
														</thead>
														<tbody>
																<tr>
																	<td class='status info' title='info' alt='info'><i class='mdi-action-info-outline'></i></td>
																	<td class='timestamp'>13:57:20</td>
																	<td class='step-details'>Click on schedule NameMonthly440</td>
																</tr>
																<tr>
																	<td class='status fail' title='fail' alt='fail'><i class='mdi-navigation-cancel'></i></td>
																	<td class='timestamp'>13:57:21</td>
																	<td class='step-details'><pre>java.lang.NumberFormatException: For input string: "52 AM"
	at java.lang.NumberFormatException.forInputString(NumberFormatException.java:65)
	at java.lang.Integer.parseInt(Integer.java:580)
	at java.lang.Integer.parseInt(Integer.java:615)
	at pageObjects.SchedulesPage.GetStartTimeMinutes(SchedulesPage.java:604)
	at testcases.SchedulesTests.ChangeStartTimeBySpinnerTest(SchedulesTests.java:776)
	at sun.reflect.NativeMethodAccessorImpl.invoke0(Native Method)
	at sun.reflect.NativeMethodAccessorImpl.invoke(NativeMethodAccessorImpl.java:62)
	at sun.reflect.DelegatingMethodAccessorImpl.invoke(DelegatingMethodAccessorImpl.java:43)
	at java.lang.reflect.Method.invoke(Method.java:498)
	at org.testng.internal.MethodInvocationHelper.invokeMethod(MethodInvocationHelper.java:133)
	at org.testng.internal.TestInvoker.invokeMethod(TestInvoker.java:584)
	at org.testng.internal.TestInvoker.invokeTestMethod(TestInvoker.java:172)
	at org.testng.internal.MethodRunner.runInSequence(MethodRunner.java:46)
	at org.testng.internal.TestInvoker$MethodInvocationAgent.invoke(TestInvoker.java:804)
	at org.testng.internal.TestInvoker.invokeTestMethods(TestInvoker.java:145)
	at org.testng.internal.TestMethodWorker.invokeTestMethods(TestMethodWorker.java:146)
	at org.testng.internal.TestMethodWorker.run(TestMethodWorker.java:128)
	at java.util.ArrayList.forEach(ArrayList.java:1257)
	at org.testng.TestRunner.privateRun(TestRunner.java:770)
	at org.testng.TestRunner.run(TestRunner.java:591)
	at org.testng.SuiteRunner.runTest(SuiteRunner.java:402)
	at org.testng.SuiteRunner.runSequentially(SuiteRunner.java:396)
	at org.testng.SuiteRunner.privateRun(SuiteRunner.java:355)
	at org.testng.SuiteRunner.run(SuiteRunner.java:304)
	at org.testng.SuiteRunnerWorker.runSuite(SuiteRunnerWorker.java:53)
	at org.testng.SuiteRunnerWorker.run(SuiteRunnerWorker.java:96)
	at org.testng.TestNG.runSuitesSequentially(TestNG.java:1180)
	at org.testng.TestNG.runSuitesLocally(TestNG.java:1102)
	at org.testng.TestNG.runSuites(TestNG.java:1032)
	at org.testng.TestNG.run(TestNG.java:1000)
	at org.testng.remote.AbstractRemoteTestNG.run(AbstractRemoteTestNG.java:115)
	at org.testng.remote.RemoteTestNG.initAndRun(RemoteTestNG.java:251)
	at org.testng.remote.RemoteTestNG.main(RemoteTestNG.java:77)
</pre></td>
																</tr>
																<tr>
																	<td class='status fail' title='fail' alt='fail'><i class='mdi-navigation-cancel'></i></td>
																	<td class='timestamp'>13:57:21</td>
																	<td class='step-details'>Screenshot is below:<a href='./ChangeStartTimeBySpinnerTest.png' data-featherlight='image'><img class='report-img' src='./ChangeStartTimeBySpinnerTest.png' /></a></td>
																</tr>
														</tbody>
													</table>
													<ul class='collapsible node-list' data-collapsible='accordion'>
													</ul>
												</div>
											</div>
										</li>
										<li class='collection-item test displayed active pass ' extentid='c0301eae-c0f7-465f-be2f-845f047cb1b0'>
											<div class='test-head'>
												<span class='test-name'>ChangeNameTest </span>
												<span class='test-status label right outline capitalize pass'>pass</span>
												<span class='category-assigned hide '></span>
											</div>
											<div class='test-body'>
												<div class='test-info'>
													<span title='Test started time' alt='Test started time' class='test-started-time label green lighten-1 text-white'>2020-04-10 13:58:53</span>
													<span title='Test ended time' alt='Test ended time' class='test-ended-time label red lighten-1 text-white'>2020-04-10 13:59:24</span>
													<span title='Time taken to finish' alt='Time taken to finish' class='test-time-taken label blue-grey lighten-3 text-white'>0h 0m 31s+209ms</span>
												</div>
												<div class='test-desc'></div>
												<div class='test-attributes'>
												</div>
												<div class='test-steps'>
													<table class='bordered table-results'>
														<thead>
															<tr>
																<th>Status</th>
																<th>Timestamp</th>
																<th>Details</th>
															</tr>
														</thead>
														<tbody>
																<tr>
																	<td class='status info' title='info' alt='info'><i class='mdi-action-info-outline'></i></td>
																	<td class='timestamp'>13:58:53</td>
																	<td class='step-details'>Click on schedule AudioChannel125</td>
																</tr>
																<tr>
																	<td class='status info' title='info' alt='info'><i class='mdi-action-info-outline'></i></td>
																	<td class='timestamp'>13:58:53</td>
																	<td class='step-details'>Input into name field NewName32400</td>
																</tr>
																<tr>
																	<td class='status info' title='info' alt='info'><i class='mdi-action-info-outline'></i></td>
																	<td class='timestamp'>13:58:55</td>
																	<td class='step-details'>Check that Cancel button is enabled</td>
																</tr>
																<tr>
																	<td class='status info' title='info' alt='info'><i class='mdi-action-info-outline'></i></td>
																	<td class='timestamp'>13:58:55</td>
																	<td class='step-details'>Check that Save button is enabled</td>
																</tr>
																<tr>
																	<td class='status info' title='info' alt='info'><i class='mdi-action-info-outline'></i></td>
																	<td class='timestamp'>13:58:55</td>
																	<td class='step-details'>Press on Save button</td>
																</tr>
																<tr>
																	<td class='status info' title='info' alt='info'><i class='mdi-action-info-outline'></i></td>
																	<td class='timestamp'>13:59:00</td>
																	<td class='step-details'>Check that name is changed</td>
																</tr>
																<tr>
																	<td class='status info' title='info' alt='info'><i class='mdi-action-info-outline'></i></td>
																	<td class='timestamp'>13:59:00</td>
																	<td class='step-details'>Refresh</td>
																</tr>
																<tr>
																	<td class='status info' title='info' alt='info'><i class='mdi-action-info-outline'></i></td>
																	<td class='timestamp'>13:59:19</td>
																	<td class='step-details'>Click on schedule NewName32400</td>
																</tr>
																<tr>
																	<td class='status info' title='info' alt='info'><i class='mdi-action-info-outline'></i></td>
																	<td class='timestamp'>13:59:24</td>
																	<td class='step-details'>Check that name is changed after refresh</td>
																</tr>
																<tr>
																	<td class='status pass' title='pass' alt='pass'><i class='mdi-action-check-circle'></i></td>
																	<td class='timestamp'>13:59:24</td>
																	<td class='step-details'>Test is passed</td>
																</tr>
														</tbody>
													</table>
													<ul class='collapsible node-list' data-collapsible='accordion'>
													</ul>
												</div>
											</div>
										</li>
										<li class='collection-item test displayed active fail ' extentid='98474ed5-59dc-4002-bfc4-b214bf83cb57'>
											<div class='test-head'>
												<span class='test-name'>AddNewScheduleWithAllParametersTest </span>
												<span class='test-status label right outline capitalize fail'>fail</span>
												<span class='category-assigned hide '></span>
											</div>
											<div class='test-body'>
												<div class='test-info'>
													<span title='Test started time' alt='Test started time' class='test-started-time label green lighten-1 text-white'>2020-04-10 14:00:57</span>
													<span title='Test ended time' alt='Test ended time' class='test-ended-time label red lighten-1 text-white'>2020-04-10 14:01:08</span>
													<span title='Time taken to finish' alt='Time taken to finish' class='test-time-taken label blue-grey lighten-3 text-white'>0h 0m 10s+767ms</span>
												</div>
												<div class='test-desc'></div>
												<div class='test-attributes'>
												</div>
												<div class='test-steps'>
													<table class='bordered table-results'>
														<thead>
															<tr>
																<th>Status</th>
																<th>Timestamp</th>
																<th>Details</th>
															</tr>
														</thead>
														<tbody>
																<tr>
																	<td class='status info' title='info' alt='info'><i class='mdi-action-info-outline'></i></td>
																	<td class='timestamp'>14:00:57</td>
																	<td class='step-details'>Click on New button</td>
																</tr>
																<tr>
																	<td class='status info' title='info' alt='info'><i class='mdi-action-info-outline'></i></td>
																	<td class='timestamp'>14:00:58</td>
																	<td class='step-details'>Input into name field</td>
																</tr>
																<tr>
																	<td class='status info' title='info' alt='info'><i class='mdi-action-info-outline'></i></td>
																	<td class='timestamp'>14:01:00</td>
																	<td class='step-details'>Input into schedule field</td>
																</tr>
																<tr>
																	<td class='status fail' title='fail' alt='fail'><i class='mdi-navigation-cancel'></i></td>
																	<td class='timestamp'>14:01:08</td>
																	<td class='step-details'><pre>org.openqa.selenium.NoSuchElementException: Unable to find element with xpath == //div[@class='fullSize padding-left-right-15 bottom-separator-builder']/div[@class='configuration-ditails-form']//span[contains(text(),'Description')]/../..//input
For documentation on this error, please visit: http://seleniumhq.org/exceptions/no_such_element.html
Build info: version: '3.9.1', revision: '63f7b50', time: '2018-02-07T22:25:02.294Z'
System info: host: 'BORSE-PC', ip: '172.20.1.58', os.name: 'Windows 10', os.arch: 'amd64', os.version: '10.0', java.version: '1.8.0_202'
Driver info: org.openqa.selenium.ie.InternetExplorerDriver
Capabilities {acceptInsecureCerts: false, browserName: internet explorer, browserVersion: 11, javascriptEnabled: true, pageLoadStrategy: normal, platform: WINDOWS, platformName: WINDOWS, proxy: Proxy(), se:ieOptions: {browserAttachTimeout: 0, elementScrollBehavior: 0, enablePersistentHover: true, ie.browserCommandLineSwitches: , ie.edgechromium: false, ie.edgepath: , ie.ensureCleanSession: true, ie.fileUploadDialogTimeout: 3000, ie.forceCreateProcessApi: false, ignoreProtectedModeSettings: true, ignoreZoomSetting: false, initialBrowserUrl: http://localhost:8165/, nativeEvents: true, requireWindowFocus: false}, setWindowRect: true, strictFileInteractability: false, timeouts: {implicit: 0, pageLoad: 300000, script: 30000}, unhandledPromptBehavior: dismiss and notify}
Session ID: 0f01be61-f059-4a53-9a17-0363b33f484c
*** Element info: {Using=xpath, value=//div[@class='fullSize padding-left-right-15 bottom-separator-builder']/div[@class='configuration-ditails-form']//span[contains(text(),'Description')]/../..//input}
	at sun.reflect.NativeConstructorAccessorImpl.newInstance0(Native Method)
	at sun.reflect.NativeConstructorAccessorImpl.newInstance(NativeConstructorAccessorImpl.java:62)
	at sun.reflect.DelegatingConstructorAccessorImpl.newInstance(DelegatingConstructorAccessorImpl.java:45)
	at java.lang.reflect.Constructor.newInstance(Constructor.java:423)
	at org.openqa.selenium.remote.http.W3CHttpResponseCodec.createException(W3CHttpResponseCodec.java:187)
	at org.openqa.selenium.remote.http.W3CHttpResponseCodec.decode(W3CHttpResponseCodec.java:122)
	at org.openqa.selenium.remote.http.W3CHttpResponseCodec.decode(W3CHttpResponseCodec.java:49)
	at org.openqa.selenium.remote.HttpCommandExecutor.execute(HttpCommandExecutor.java:160)
	at org.openqa.selenium.remote.service.DriverCommandExecutor.execute(DriverCommandExecutor.java:83)
	at org.openqa.selenium.remote.RemoteWebDriver.execute(RemoteWebDriver.java:601)
	at org.openqa.selenium.remote.RemoteWebDriver.findElement(RemoteWebDriver.java:371)
	at org.openqa.selenium.remote.RemoteWebDriver.findElementByXPath(RemoteWebDriver.java:473)
	at org.openqa.selenium.By$ByXPath.findElement(By.java:361)
	at org.openqa.selenium.remote.RemoteWebDriver.findElement(RemoteWebDriver.java:363)
	at org.openqa.selenium.support.pagefactory.DefaultElementLocator.findElement(DefaultElementLocator.java:69)
	at org.openqa.selenium.support.pagefactory.internal.LocatingElementHandler.invoke(LocatingElementHandler.java:38)
	at com.sun.proxy.$Proxy14.clear(Unknown Source)
	at Utilities.Page.setElementText(Page.java:477)
	at pageObjects.SchedulesPage.InputInDescriptionField(SchedulesPage.java:448)
	at testcases.SchedulesTests.AddNewScheduleWithAllParametersTest(SchedulesTests.java:160)
	at sun.reflect.NativeMethodAccessorImpl.invoke0(Native Method)
	at sun.reflect.NativeMethodAccessorImpl.invoke(NativeMethodAccessorImpl.java:62)
	at sun.reflect.DelegatingMethodAccessorImpl.invoke(DelegatingMethodAccessorImpl.java:43)
	at java.lang.reflect.Method.invoke(Method.java:498)
	at org.testng.internal.MethodInvocationHelper.invokeMethod(MethodInvocationHelper.java:133)
	at org.testng.internal.TestInvoker.invokeMethod(TestInvoker.java:584)
	at org.testng.internal.TestInvoker.invokeTestMethod(TestInvoker.java:172)
	at org.testng.internal.MethodRunner.runInSequence(MethodRunner.java:46)
	at org.testng.internal.TestInvoker$MethodInvocationAgent.invoke(TestInvoker.java:804)
	at org.testng.internal.TestInvoker.invokeTestMethods(TestInvoker.java:145)
	at org.testng.internal.TestMethodWorker.invokeTestMethods(TestMethodWorker.java:146)
	at org.testng.internal.TestMethodWorker.run(TestMethodWorker.java:128)
	at java.util.ArrayList.forEach(ArrayList.java:1257)
	at org.testng.TestRunner.privateRun(TestRunner.java:770)
	at org.testng.TestRunner.run(TestRunner.java:591)
	at org.testng.SuiteRunner.runTest(SuiteRunner.java:402)
	at org.testng.SuiteRunner.runSequentially(SuiteRunner.java:396)
	at org.testng.SuiteRunner.privateRun(SuiteRunner.java:355)
	at org.testng.SuiteRunner.run(SuiteRunner.java:304)
	at org.testng.SuiteRunnerWorker.runSuite(SuiteRunnerWorker.java:53)
	at org.testng.SuiteRunnerWorker.run(SuiteRunnerWorker.java:96)
	at org.testng.TestNG.runSuitesSequentially(TestNG.java:1180)
	at org.testng.TestNG.runSuitesLocally(TestNG.java:1102)
	at org.testng.TestNG.runSuites(TestNG.java:1032)
	at org.testng.TestNG.run(TestNG.java:1000)
	at org.testng.remote.AbstractRemoteTestNG.run(AbstractRemoteTestNG.java:115)
	at org.testng.remote.RemoteTestNG.initAndRun(RemoteTestNG.java:251)
	at org.testng.remote.RemoteTestNG.main(RemoteTestNG.java:77)
</pre></td>
																</tr>
																<tr>
																	<td class='status fail' title='fail' alt='fail'><i class='mdi-navigation-cancel'></i></td>
																	<td class='timestamp'>14:01:08</td>
																	<td class='step-details'>Screenshot is below:<a href='./AddNewScheduleWithAllParametersTest.png' data-featherlight='image'><img class='report-img' src='./AddNewScheduleWithAllParametersTest.png' /></a></td>
																</tr>
														</tbody>
													</table>
													<ul class='collapsible node-list' data-collapsible='accordion'>
													</ul>
												</div>
											</div>
										</li>
										<li class='collection-item test displayed active fail ' extentid='743b8649-8c63-4444-90bb-9e8f162b78db'>
											<div class='test-head'>
												<span class='test-name'>ChangeStartDateInNeverModeTest </span>
												<span class='test-status label right outline capitalize fail'>fail</span>
												<span class='category-assigned hide '></span>
											</div>
											<div class='test-body'>
												<div class='test-info'>
													<span title='Test started time' alt='Test started time' class='test-started-time label green lighten-1 text-white'>2020-04-10 14:02:40</span>
													<span title='Test ended time' alt='Test ended time' class='test-ended-time label red lighten-1 text-white'>2020-04-10 14:03:03</span>
													<span title='Time taken to finish' alt='Time taken to finish' class='test-time-taken label blue-grey lighten-3 text-white'>0h 0m 23s+62ms</span>
												</div>
												<div class='test-desc'></div>
												<div class='test-attributes'>
												</div>
												<div class='test-steps'>
													<table class='bordered table-results'>
														<thead>
															<tr>
																<th>Status</th>
																<th>Timestamp</th>
																<th>Details</th>
															</tr>
														</thead>
														<tbody>
																<tr>
																	<td class='status info' title='info' alt='info'><i class='mdi-action-info-outline'></i></td>
																	<td class='timestamp'>14:02:40</td>
																	<td class='step-details'>Click on schedule AudioChannel19</td>
																</tr>
																<tr>
																	<td class='status info' title='info' alt='info'><i class='mdi-action-info-outline'></i></td>
																	<td class='timestamp'>14:02:42</td>
																	<td class='step-details'>Select string:SpecificDate  repeat option</td>
																</tr>
																<tr>
																	<td class='status info' title='info' alt='info'><i class='mdi-action-info-outline'></i></td>
																	<td class='timestamp'>14:02:42</td>
																	<td class='step-details'>Press on Save button</td>
																</tr>
																<tr>
																	<td class='status info' title='info' alt='info'><i class='mdi-action-info-outline'></i></td>
																	<td class='timestamp'>14:02:47</td>
																	<td class='step-details'>Click on Plus period button</td>
																</tr>
																<tr>
																	<td class='status info' title='info' alt='info'><i class='mdi-action-info-outline'></i></td>
																	<td class='timestamp'>14:02:48</td>
																	<td class='step-details'>Click on Plus period button</td>
																</tr>
																<tr>
																	<td class='status info' title='info' alt='info'><i class='mdi-action-info-outline'></i></td>
																	<td class='timestamp'>14:02:49</td>
																	<td class='step-details'>Press on Save button</td>
																</tr>
																<tr>
																	<td class='status info' title='info' alt='info'><i class='mdi-action-info-outline'></i></td>
																	<td class='timestamp'>14:02:53</td>
																	<td class='step-details'>Open calendar</td>
																</tr>
																<tr>
																	<td class='status info' title='info' alt='info'><i class='mdi-action-info-outline'></i></td>
																	<td class='timestamp'>14:02:54</td>
																	<td class='step-details'>Open Calendar</td>
																</tr>
																<tr>
																	<td class='status info' title='info' alt='info'><i class='mdi-action-info-outline'></i></td>
																	<td class='timestamp'>14:02:54</td>
																	<td class='step-details'>Select Year</td>
																</tr>
																<tr>
																	<td class='status fail' title='fail' alt='fail'><i class='mdi-navigation-cancel'></i></td>
																	<td class='timestamp'>14:03:03</td>
																	<td class='step-details'><pre>java.lang.IndexOutOfBoundsException: Index: 0, Size: 0
	at java.util.ArrayList.rangeCheck(ArrayList.java:657)
	at java.util.ArrayList.get(ArrayList.java:433)
	at sun.reflect.GeneratedMethodAccessor3.invoke(Unknown Source)
	at sun.reflect.DelegatingMethodAccessorImpl.invoke(DelegatingMethodAccessorImpl.java:43)
	at java.lang.reflect.Method.invoke(Method.java:498)
	at org.openqa.selenium.support.pagefactory.internal.LocatingElementListHandler.invoke(LocatingElementListHandler.java:39)
	at com.sun.proxy.$Proxy15.get(Unknown Source)
	at pageObjects.SchedulesPage.ClickOnYearByIndex(SchedulesPage.java:813)
	at testcases.SchedulesTests.ChangeStartDateInNeverModeTest(SchedulesTests.java:2512)
	at sun.reflect.NativeMethodAccessorImpl.invoke0(Native Method)
	at sun.reflect.NativeMethodAccessorImpl.invoke(NativeMethodAccessorImpl.java:62)
	at sun.reflect.DelegatingMethodAccessorImpl.invoke(DelegatingMethodAccessorImpl.java:43)
	at java.lang.reflect.Method.invoke(Method.java:498)
	at org.testng.internal.MethodInvocationHelper.invokeMethod(MethodInvocationHelper.java:133)
	at org.testng.internal.TestInvoker.invokeMethod(TestInvoker.java:584)
	at org.testng.internal.TestInvoker.invokeTestMethod(TestInvoker.java:172)
	at org.testng.internal.MethodRunner.runInSequence(MethodRunner.java:46)
	at org.testng.internal.TestInvoker$MethodInvocationAgent.invoke(TestInvoker.java:804)
	at org.testng.internal.TestInvoker.invokeTestMethods(TestInvoker.java:145)
	at org.testng.internal.TestMethodWorker.invokeTestMethods(TestMethodWorker.java:146)
	at org.testng.internal.TestMethodWorker.run(TestMethodWorker.java:128)
	at java.util.ArrayList.forEach(ArrayList.java:1257)
	at org.testng.TestRunner.privateRun(TestRunner.java:770)
	at org.testng.TestRunner.run(TestRunner.java:591)
	at org.testng.SuiteRunner.runTest(SuiteRunner.java:402)
	at org.testng.SuiteRunner.runSequentially(SuiteRunner.java:396)
	at org.testng.SuiteRunner.privateRun(SuiteRunner.java:355)
	at org.testng.SuiteRunner.run(SuiteRunner.java:304)
	at org.testng.SuiteRunnerWorker.runSuite(SuiteRunnerWorker.java:53)
	at org.testng.SuiteRunnerWorker.run(SuiteRunnerWorker.java:96)
	at org.testng.TestNG.runSuitesSequentially(TestNG.java:1180)
	at org.testng.TestNG.runSuitesLocally(TestNG.java:1102)
	at org.testng.TestNG.runSuites(TestNG.java:1032)
	at org.testng.TestNG.run(TestNG.java:1000)
	at org.testng.remote.AbstractRemoteTestNG.run(AbstractRemoteTestNG.java:115)
	at org.testng.remote.RemoteTestNG.initAndRun(RemoteTestNG.java:251)
	at org.testng.remote.RemoteTestNG.main(RemoteTestNG.java:77)
</pre></td>
																</tr>
																<tr>
																	<td class='status fail' title='fail' alt='fail'><i class='mdi-navigation-cancel'></i></td>
																	<td class='timestamp'>14:03:03</td>
																	<td class='step-details'>Screenshot is below:<a href='./ChangeStartDateInNeverModeTest.png' data-featherlight='image'><img class='report-img' src='./ChangeStartDateInNeverModeTest.png' /></a></td>
																</tr>
														</tbody>
													</table>
													<ul class='collapsible node-list' data-collapsible='accordion'>
													</ul>
												</div>
											</div>
										</li>
										<li class='collection-item test displayed active fail ' extentid='ce96cf49-98e7-4399-a0ff-9f926ddaffae'>
											<div class='test-head'>
												<span class='test-name'>AddNewScheduleAndCheckInRulesTest </span>
												<span class='test-status label right outline capitalize fail'>fail</span>
												<span class='category-assigned hide '></span>
											</div>
											<div class='test-body'>
												<div class='test-info'>
													<span title='Test started time' alt='Test started time' class='test-started-time label green lighten-1 text-white'>2020-04-10 14:04:34</span>
													<span title='Test ended time' alt='Test ended time' class='test-ended-time label red lighten-1 text-white'>2020-04-10 14:04:47</span>
													<span title='Time taken to finish' alt='Time taken to finish' class='test-time-taken label blue-grey lighten-3 text-white'>0h 0m 13s+467ms</span>
												</div>
												<div class='test-desc'></div>
												<div class='test-attributes'>
												</div>
												<div class='test-steps'>
													<table class='bordered table-results'>
														<thead>
															<tr>
																<th>Status</th>
																<th>Timestamp</th>
																<th>Details</th>
															</tr>
														</thead>
														<tbody>
																<tr>
																	<td class='status info' title='info' alt='info'><i class='mdi-action-info-outline'></i></td>
																	<td class='timestamp'>14:04:34</td>
																	<td class='step-details'>Click on New button</td>
																</tr>
																<tr>
																	<td class='status info' title='info' alt='info'><i class='mdi-action-info-outline'></i></td>
																	<td class='timestamp'>14:04:35</td>
																	<td class='step-details'>Input into name field</td>
																</tr>
																<tr>
																	<td class='status info' title='info' alt='info'><i class='mdi-action-info-outline'></i></td>
																	<td class='timestamp'>14:04:36</td>
																	<td class='step-details'>Press on Save button</td>
																</tr>
																<tr>
																	<td class='status info' title='info' alt='info'><i class='mdi-action-info-outline'></i></td>
																	<td class='timestamp'>14:04:41</td>
																	<td class='step-details'>Click on Rules button</td>
																</tr>
																<tr>
																	<td class='status info' title='info' alt='info'><i class='mdi-action-info-outline'></i></td>
																	<td class='timestamp'>14:04:43</td>
																	<td class='step-details'>Check that schedule NewSchedule6649 is exists in schedule drop-down list</td>
																</tr>
																<tr>
																	<td class='status fail' title='fail' alt='fail'><i class='mdi-navigation-cancel'></i></td>
																	<td class='timestamp'>14:04:47</td>
																	<td class='step-details'><pre>java.lang.AssertionError: did not expect to find [true] but found [false]
	at org.testng.Assert.fail(Assert.java:97)
	at org.testng.Assert.failNotEquals(Assert.java:969)
	at org.testng.Assert.assertTrue(Assert.java:43)
	at org.testng.Assert.assertTrue(Assert.java:53)
	at testcases.SchedulesTests.AddNewScheduleAndCheckInRulesTest(SchedulesTests.java:2912)
	at sun.reflect.NativeMethodAccessorImpl.invoke0(Native Method)
	at sun.reflect.NativeMethodAccessorImpl.invoke(NativeMethodAccessorImpl.java:62)
	at sun.reflect.DelegatingMethodAccessorImpl.invoke(DelegatingMethodAccessorImpl.java:43)
	at java.lang.reflect.Method.invoke(Method.java:498)
	at org.testng.internal.MethodInvocationHelper.invokeMethod(MethodInvocationHelper.java:133)
	at org.testng.internal.TestInvoker.invokeMethod(TestInvoker.java:584)
	at org.testng.internal.TestInvoker.invokeTestMethod(TestInvoker.java:172)
	at org.testng.internal.MethodRunner.runInSequence(MethodRunner.java:46)
	at org.testng.internal.TestInvoker$MethodInvocationAgent.invoke(TestInvoker.java:804)
	at org.testng.internal.TestInvoker.invokeTestMethods(TestInvoker.java:145)
	at org.testng.internal.TestMethodWorker.invokeTestMethods(TestMethodWorker.java:146)
	at org.testng.internal.TestMethodWorker.run(TestMethodWorker.java:128)
	at java.util.ArrayList.forEach(ArrayList.java:1257)
	at org.testng.TestRunner.privateRun(TestRunner.java:770)
	at org.testng.TestRunner.run(TestRunner.java:591)
	at org.testng.SuiteRunner.runTest(SuiteRunner.java:402)
	at org.testng.SuiteRunner.runSequentially(SuiteRunner.java:396)
	at org.testng.SuiteRunner.privateRun(SuiteRunner.java:355)
	at org.testng.SuiteRunner.run(SuiteRunner.java:304)
	at org.testng.SuiteRunnerWorker.runSuite(SuiteRunnerWorker.java:53)
	at org.testng.SuiteRunnerWorker.run(SuiteRunnerWorker.java:96)
	at org.testng.TestNG.runSuitesSequentially(TestNG.java:1180)
	at org.testng.TestNG.runSuitesLocally(TestNG.java:1102)
	at org.testng.TestNG.runSuites(TestNG.java:1032)
	at org.testng.TestNG.run(TestNG.java:1000)
	at org.testng.remote.AbstractRemoteTestNG.run(AbstractRemoteTestNG.java:115)
	at org.testng.remote.RemoteTestNG.initAndRun(RemoteTestNG.java:251)
	at org.testng.remote.RemoteTestNG.main(RemoteTestNG.java:77)
</pre></td>
																</tr>
																<tr>
																	<td class='status fail' title='fail' alt='fail'><i class='mdi-navigation-cancel'></i></td>
																	<td class='timestamp'>14:04:47</td>
																	<td class='step-details'>Screenshot is below:<a href='./AddNewScheduleAndCheckInRulesTest.png' data-featherlight='image'><img class='report-img' src='./AddNewScheduleAndCheckInRulesTest.png' /></a></td>
																</tr>
														</tbody>
													</table>
													<ul class='collapsible node-list' data-collapsible='accordion'>
													</ul>
												</div>
											</div>
										</li>
										<li class='collection-item test displayed active fail ' extentid='c52f9b4b-77c0-41ee-b89c-b36677ee2fa7'>
											<div class='test-head'>
												<span class='test-name'>ChangeDayOfMonthInYearlyTest </span>
												<span class='test-status label right outline capitalize fail'>fail</span>
												<span class='category-assigned hide '></span>
											</div>
											<div class='test-body'>
												<div class='test-info'>
													<span title='Test started time' alt='Test started time' class='test-started-time label green lighten-1 text-white'>2020-04-10 14:06:18</span>
													<span title='Test ended time' alt='Test ended time' class='test-ended-time label red lighten-1 text-white'>2020-04-10 14:06:35</span>
													<span title='Time taken to finish' alt='Time taken to finish' class='test-time-taken label blue-grey lighten-3 text-white'>0h 0m 16s+600ms</span>
												</div>
												<div class='test-desc'></div>
												<div class='test-attributes'>
												</div>
												<div class='test-steps'>
													<table class='bordered table-results'>
														<thead>
															<tr>
																<th>Status</th>
																<th>Timestamp</th>
																<th>Details</th>
															</tr>
														</thead>
														<tbody>
																<tr>
																	<td class='status info' title='info' alt='info'><i class='mdi-action-info-outline'></i></td>
																	<td class='timestamp'>14:06:19</td>
																	<td class='step-details'>Click on schedule AudioChannel237</td>
																</tr>
																<tr>
																	<td class='status info' title='info' alt='info'><i class='mdi-action-info-outline'></i></td>
																	<td class='timestamp'>14:06:20</td>
																	<td class='step-details'>Select string:Yearly  repeat option</td>
																</tr>
																<tr>
																	<td class='status info' title='info' alt='info'><i class='mdi-action-info-outline'></i></td>
																	<td class='timestamp'>14:06:21</td>
																	<td class='step-details'>Press on Save button</td>
																</tr>
																<tr>
																	<td class='status info' title='info' alt='info'><i class='mdi-action-info-outline'></i></td>
																	<td class='timestamp'>14:06:26</td>
																	<td class='step-details'>Click on Plus period button</td>
																</tr>
																<tr>
																	<td class='status info' title='info' alt='info'><i class='mdi-action-info-outline'></i></td>
																	<td class='timestamp'>14:06:27</td>
																	<td class='step-details'>Click on Plus period button</td>
																</tr>
																<tr>
																	<td class='status info' title='info' alt='info'><i class='mdi-action-info-outline'></i></td>
																	<td class='timestamp'>14:06:27</td>
																	<td class='step-details'>Click on Plus period button</td>
																</tr>
																<tr>
																	<td class='status info' title='info' alt='info'><i class='mdi-action-info-outline'></i></td>
																	<td class='timestamp'>14:06:28</td>
																	<td class='step-details'>Press on Save button</td>
																</tr>
																<tr>
																	<td class='status info' title='info' alt='info'><i class='mdi-action-info-outline'></i></td>
																	<td class='timestamp'>14:06:33</td>
																	<td class='step-details'>Input in days field 8</td>
																</tr>
																<tr>
																	<td class='status fail' title='fail' alt='fail'><i class='mdi-navigation-cancel'></i></td>
																	<td class='timestamp'>14:06:35</td>
																	<td class='step-details'><pre>org.openqa.selenium.ElementNotInteractableException: Element cannot be interacted with via the keyboard because it is not focusable
Build info: version: '3.9.1', revision: '63f7b50', time: '2018-02-07T22:25:02.294Z'
System info: host: 'BORSE-PC', ip: '172.20.1.58', os.name: 'Windows 10', os.arch: 'amd64', os.version: '10.0', java.version: '1.8.0_202'
Driver info: org.openqa.selenium.ie.InternetExplorerDriver
Capabilities {acceptInsecureCerts: false, browserName: internet explorer, browserVersion: 11, javascriptEnabled: true, pageLoadStrategy: normal, platform: WINDOWS, platformName: WINDOWS, proxy: Proxy(), se:ieOptions: {browserAttachTimeout: 0, elementScrollBehavior: 0, enablePersistentHover: true, ie.browserCommandLineSwitches: , ie.edgechromium: false, ie.edgepath: , ie.ensureCleanSession: true, ie.fileUploadDialogTimeout: 3000, ie.forceCreateProcessApi: false, ignoreProtectedModeSettings: true, ignoreZoomSetting: false, initialBrowserUrl: http://localhost:30245/, nativeEvents: true, requireWindowFocus: false}, setWindowRect: true, strictFileInteractability: false, timeouts: {implicit: 0, pageLoad: 300000, script: 30000}, unhandledPromptBehavior: dismiss and notify}
Session ID: 3a393a17-63e8-44ed-8dfa-812d72b3ec66
	at sun.reflect.NativeConstructorAccessorImpl.newInstance0(Native Method)
	at sun.reflect.NativeConstructorAccessorImpl.newInstance(NativeConstructorAccessorImpl.java:62)
	at sun.reflect.DelegatingConstructorAccessorImpl.newInstance(DelegatingConstructorAccessorImpl.java:45)
	at java.lang.reflect.Constructor.newInstance(Constructor.java:423)
	at org.openqa.selenium.remote.http.W3CHttpResponseCodec.createException(W3CHttpResponseCodec.java:187)
	at org.openqa.selenium.remote.http.W3CHttpResponseCodec.decode(W3CHttpResponseCodec.java:122)
	at org.openqa.selenium.remote.http.W3CHttpResponseCodec.decode(W3CHttpResponseCodec.java:49)
	at org.openqa.selenium.remote.HttpCommandExecutor.execute(HttpCommandExecutor.java:160)
	at org.openqa.selenium.remote.service.DriverCommandExecutor.execute(DriverCommandExecutor.java:83)
	at org.openqa.selenium.remote.RemoteWebDriver.execute(RemoteWebDriver.java:601)
	at org.openqa.selenium.remote.RemoteWebElement.execute(RemoteWebElement.java:279)
	at org.openqa.selenium.remote.RemoteWebElement.sendKeys(RemoteWebElement.java:100)
	at Utilities.Page.setElementText(Page.java:478)
	at pageObjects.SchedulesPage.InputInCountDaysInMonth(SchedulesPage.java:352)
	at testcases.SchedulesTests.ChangeDayOfMonthInYearlyTest(SchedulesTests.java:2349)
	at sun.reflect.NativeMethodAccessorImpl.invoke0(Native Method)
	at sun.reflect.NativeMethodAccessorImpl.invoke(NativeMethodAccessorImpl.java:62)
	at sun.reflect.DelegatingMethodAccessorImpl.invoke(DelegatingMethodAccessorImpl.java:43)
	at java.lang.reflect.Method.invoke(Method.java:498)
	at org.testng.internal.MethodInvocationHelper.invokeMethod(MethodInvocationHelper.java:133)
	at org.testng.internal.TestInvoker.invokeMethod(TestInvoker.java:584)
	at org.testng.internal.TestInvoker.invokeTestMethod(TestInvoker.java:172)
	at org.testng.internal.MethodRunner.runInSequence(MethodRunner.java:46)
	at org.testng.internal.TestInvoker$MethodInvocationAgent.invoke(TestInvoker.java:804)
	at org.testng.internal.TestInvoker.invokeTestMethods(TestInvoker.java:145)
	at org.testng.internal.TestMethodWorker.invokeTestMethods(TestMethodWorker.java:146)
	at org.testng.internal.TestMethodWorker.run(TestMethodWorker.java:128)
	at java.util.ArrayList.forEach(ArrayList.java:1257)
	at org.testng.TestRunner.privateRun(TestRunner.java:770)
	at org.testng.TestRunner.run(TestRunner.java:591)
	at org.testng.SuiteRunner.runTest(SuiteRunner.java:402)
	at org.testng.SuiteRunner.runSequentially(SuiteRunner.java:396)
	at org.testng.SuiteRunner.privateRun(SuiteRunner.java:355)
	at org.testng.SuiteRunner.run(SuiteRunner.java:304)
	at org.testng.SuiteRunnerWorker.runSuite(SuiteRunnerWorker.java:53)
	at org.testng.SuiteRunnerWorker.run(SuiteRunnerWorker.java:96)
	at org.testng.TestNG.runSuitesSequentially(TestNG.java:1180)
	at org.testng.TestNG.runSuitesLocally(TestNG.java:1102)
	at org.testng.TestNG.runSuites(TestNG.java:1032)
	at org.testng.TestNG.run(TestNG.java:1000)
	at org.testng.remote.AbstractRemoteTestNG.run(AbstractRemoteTestNG.java:115)
	at org.testng.remote.RemoteTestNG.initAndRun(RemoteTestNG.java:251)
	at org.testng.remote.RemoteTestNG.main(RemoteTestNG.java:77)
</pre></td>
																</tr>
																<tr>
																	<td class='status fail' title='fail' alt='fail'><i class='mdi-navigation-cancel'></i></td>
																	<td class='timestamp'>14:06:35</td>
																	<td class='step-details'>Screenshot is below:<a href='./ChangeDayOfMonthInYearlyTest.png' data-featherlight='image'><img class='report-img' src='./ChangeDayOfMonthInYearlyTest.png' /></a></td>
																</tr>
														</tbody>
													</table>
													<ul class='collapsible node-list' data-collapsible='accordion'>
													</ul>
												</div>
											</div>
										</li>
										<li class='collection-item test displayed active fail ' extentid='36812fec-be04-48ee-b750-39c260f3629b'>
											<div class='test-head'>
												<span class='test-name'>ChangeDescriptionTest </span>
												<span class='test-status label right outline capitalize fail'>fail</span>
												<span class='category-assigned hide '></span>
											</div>
											<div class='test-body'>
												<div class='test-info'>
													<span title='Test started time' alt='Test started time' class='test-started-time label green lighten-1 text-white'>2020-04-10 14:08:07</span>
													<span title='Test ended time' alt='Test ended time' class='test-ended-time label red lighten-1 text-white'>2020-04-10 14:08:12</span>
													<span title='Time taken to finish' alt='Time taken to finish' class='test-time-taken label blue-grey lighten-3 text-white'>0h 0m 5s+253ms</span>
												</div>
												<div class='test-desc'></div>
												<div class='test-attributes'>
												</div>
												<div class='test-steps'>
													<table class='bordered table-results'>
														<thead>
															<tr>
																<th>Status</th>
																<th>Timestamp</th>
																<th>Details</th>
															</tr>
														</thead>
														<tbody>
																<tr>
																	<td class='status info' title='info' alt='info'><i class='mdi-action-info-outline'></i></td>
																	<td class='timestamp'>14:08:07</td>
																	<td class='step-details'>Click on schedule Name177</td>
																</tr>
																<tr>
																	<td class='status fail' title='fail' alt='fail'><i class='mdi-navigation-cancel'></i></td>
																	<td class='timestamp'>14:08:12</td>
																	<td class='step-details'><pre>org.openqa.selenium.NoSuchElementException: Unable to find element with xpath == //div[@class='fullSize padding-left-right-15 bottom-separator-builder']/div[@class='configuration-ditails-form']//span[contains(text(),'Description')]/../..//input
For documentation on this error, please visit: http://seleniumhq.org/exceptions/no_such_element.html
Build info: version: '3.9.1', revision: '63f7b50', time: '2018-02-07T22:25:02.294Z'
System info: host: 'BORSE-PC', ip: '172.20.1.58', os.name: 'Windows 10', os.arch: 'amd64', os.version: '10.0', java.version: '1.8.0_202'
Driver info: org.openqa.selenium.ie.InternetExplorerDriver
Capabilities {acceptInsecureCerts: false, browserName: internet explorer, browserVersion: 11, javascriptEnabled: true, pageLoadStrategy: normal, platform: WINDOWS, platformName: WINDOWS, proxy: Proxy(), se:ieOptions: {browserAttachTimeout: 0, elementScrollBehavior: 0, enablePersistentHover: true, ie.browserCommandLineSwitches: , ie.edgechromium: false, ie.edgepath: , ie.ensureCleanSession: true, ie.fileUploadDialogTimeout: 3000, ie.forceCreateProcessApi: false, ignoreProtectedModeSettings: true, ignoreZoomSetting: false, initialBrowserUrl: http://localhost:8225/, nativeEvents: true, requireWindowFocus: false}, setWindowRect: true, strictFileInteractability: false, timeouts: {implicit: 0, pageLoad: 300000, script: 30000}, unhandledPromptBehavior: dismiss and notify}
Session ID: 9efb18df-cfb5-4dd7-8b25-6b4a1770f7b5
*** Element info: {Using=xpath, value=//div[@class='fullSize padding-left-right-15 bottom-separator-builder']/div[@class='configuration-ditails-form']//span[contains(text(),'Description')]/../..//input}
	at sun.reflect.NativeConstructorAccessorImpl.newInstance0(Native Method)
	at sun.reflect.NativeConstructorAccessorImpl.newInstance(NativeConstructorAccessorImpl.java:62)
	at sun.reflect.DelegatingConstructorAccessorImpl.newInstance(DelegatingConstructorAccessorImpl.java:45)
	at java.lang.reflect.Constructor.newInstance(Constructor.java:423)
	at org.openqa.selenium.remote.http.W3CHttpResponseCodec.createException(W3CHttpResponseCodec.java:187)
	at org.openqa.selenium.remote.http.W3CHttpResponseCodec.decode(W3CHttpResponseCodec.java:122)
	at org.openqa.selenium.remote.http.W3CHttpResponseCodec.decode(W3CHttpResponseCodec.java:49)
	at org.openqa.selenium.remote.HttpCommandExecutor.execute(HttpCommandExecutor.java:160)
	at org.openqa.selenium.remote.service.DriverCommandExecutor.execute(DriverCommandExecutor.java:83)
	at org.openqa.selenium.remote.RemoteWebDriver.execute(RemoteWebDriver.java:601)
	at org.openqa.selenium.remote.RemoteWebDriver.findElement(RemoteWebDriver.java:371)
	at org.openqa.selenium.remote.RemoteWebDriver.findElementByXPath(RemoteWebDriver.java:473)
	at org.openqa.selenium.By$ByXPath.findElement(By.java:361)
	at org.openqa.selenium.remote.RemoteWebDriver.findElement(RemoteWebDriver.java:363)
	at org.openqa.selenium.support.pagefactory.DefaultElementLocator.findElement(DefaultElementLocator.java:69)
	at org.openqa.selenium.support.pagefactory.internal.LocatingElementHandler.invoke(LocatingElementHandler.java:38)
	at com.sun.proxy.$Proxy14.getAttribute(Unknown Source)
	at pageObjects.SchedulesPage.GetDescription(SchedulesPage.java:278)
	at testcases.SchedulesTests.ChangeDescriptionTest(SchedulesTests.java:420)
	at sun.reflect.NativeMethodAccessorImpl.invoke0(Native Method)
	at sun.reflect.NativeMethodAccessorImpl.invoke(NativeMethodAccessorImpl.java:62)
	at sun.reflect.DelegatingMethodAccessorImpl.invoke(DelegatingMethodAccessorImpl.java:43)
	at java.lang.reflect.Method.invoke(Method.java:498)
	at org.testng.internal.MethodInvocationHelper.invokeMethod(MethodInvocationHelper.java:133)
	at org.testng.internal.TestInvoker.invokeMethod(TestInvoker.java:584)
	at org.testng.internal.TestInvoker.invokeTestMethod(TestInvoker.java:172)
	at org.testng.internal.MethodRunner.runInSequence(MethodRunner.java:46)
	at org.testng.internal.TestInvoker$MethodInvocationAgent.invoke(TestInvoker.java:804)
	at org.testng.internal.TestInvoker.invokeTestMethods(TestInvoker.java:145)
	at org.testng.internal.TestMethodWorker.invokeTestMethods(TestMethodWorker.java:146)
	at org.testng.internal.TestMethodWorker.run(TestMethodWorker.java:128)
	at java.util.ArrayList.forEach(ArrayList.java:1257)
	at org.testng.TestRunner.privateRun(TestRunner.java:770)
	at org.testng.TestRunner.run(TestRunner.java:591)
	at org.testng.SuiteRunner.runTest(SuiteRunner.java:402)
	at org.testng.SuiteRunner.runSequentially(SuiteRunner.java:396)
	at org.testng.SuiteRunner.privateRun(SuiteRunner.java:355)
	at org.testng.SuiteRunner.run(SuiteRunner.java:304)
	at org.testng.SuiteRunnerWorker.runSuite(SuiteRunnerWorker.java:53)
	at org.testng.SuiteRunnerWorker.run(SuiteRunnerWorker.java:96)
	at org.testng.TestNG.runSuitesSequentially(TestNG.java:1180)
	at org.testng.TestNG.runSuitesLocally(TestNG.java:1102)
	at org.testng.TestNG.runSuites(TestNG.java:1032)
	at org.testng.TestNG.run(TestNG.java:1000)
	at org.testng.remote.AbstractRemoteTestNG.run(AbstractRemoteTestNG.java:115)
	at org.testng.remote.RemoteTestNG.initAndRun(RemoteTestNG.java:251)
	at org.testng.remote.RemoteTestNG.main(RemoteTestNG.java:77)
</pre></td>
																</tr>
																<tr>
																	<td class='status fail' title='fail' alt='fail'><i class='mdi-navigation-cancel'></i></td>
																	<td class='timestamp'>14:08:12</td>
																	<td class='step-details'>Screenshot is below:<a href='./ChangeDescriptionTest.png' data-featherlight='image'><img class='report-img' src='./ChangeDescriptionTest.png' /></a></td>
																</tr>
														</tbody>
													</table>
													<ul class='collapsible node-list' data-collapsible='accordion'>
													</ul>
												</div>
											</div>
										</li>
										<li class='collection-item test displayed active fail ' extentid='5381dc4e-dd92-456b-bd21-4c112fd81922'>
											<div class='test-head'>
												<span class='test-name'>ChangeEndDateInNeverModeTest </span>
												<span class='test-status label right outline capitalize fail'>fail</span>
												<span class='category-assigned hide '></span>
											</div>
											<div class='test-body'>
												<div class='test-info'>
													<span title='Test started time' alt='Test started time' class='test-started-time label green lighten-1 text-white'>2020-04-10 14:09:44</span>
													<span title='Test ended time' alt='Test ended time' class='test-ended-time label red lighten-1 text-white'>2020-04-10 14:09:56</span>
													<span title='Time taken to finish' alt='Time taken to finish' class='test-time-taken label blue-grey lighten-3 text-white'>0h 0m 11s+507ms</span>
												</div>
												<div class='test-desc'></div>
												<div class='test-attributes'>
												</div>
												<div class='test-steps'>
													<table class='bordered table-results'>
														<thead>
															<tr>
																<th>Status</th>
																<th>Timestamp</th>
																<th>Details</th>
															</tr>
														</thead>
														<tbody>
																<tr>
																	<td class='status info' title='info' alt='info'><i class='mdi-action-info-outline'></i></td>
																	<td class='timestamp'>14:09:45</td>
																	<td class='step-details'>Click on schedule AudioChannel999</td>
																</tr>
																<tr>
																	<td class='status info' title='info' alt='info'><i class='mdi-action-info-outline'></i></td>
																	<td class='timestamp'>14:09:46</td>
																	<td class='step-details'>Open calendar</td>
																</tr>
																<tr>
																	<td class='status info' title='info' alt='info'><i class='mdi-action-info-outline'></i></td>
																	<td class='timestamp'>14:09:47</td>
																	<td class='step-details'>Open Calendar</td>
																</tr>
																<tr>
																	<td class='status info' title='info' alt='info'><i class='mdi-action-info-outline'></i></td>
																	<td class='timestamp'>14:09:47</td>
																	<td class='step-details'>Select Year</td>
																</tr>
																<tr>
																	<td class='status fail' title='fail' alt='fail'><i class='mdi-navigation-cancel'></i></td>
																	<td class='timestamp'>14:09:56</td>
																	<td class='step-details'><pre>java.lang.IndexOutOfBoundsException: Index: 0, Size: 0
	at java.util.ArrayList.rangeCheck(ArrayList.java:657)
	at java.util.ArrayList.get(ArrayList.java:433)
	at sun.reflect.GeneratedMethodAccessor3.invoke(Unknown Source)
	at sun.reflect.DelegatingMethodAccessorImpl.invoke(DelegatingMethodAccessorImpl.java:43)
	at java.lang.reflect.Method.invoke(Method.java:498)
	at org.openqa.selenium.support.pagefactory.internal.LocatingElementListHandler.invoke(LocatingElementListHandler.java:39)
	at com.sun.proxy.$Proxy15.get(Unknown Source)
	at pageObjects.SchedulesPage.ClickOnYearByIndex(SchedulesPage.java:813)
	at testcases.SchedulesTests.ChangeEndDateInNeverModeTest(SchedulesTests.java:2599)
	at sun.reflect.NativeMethodAccessorImpl.invoke0(Native Method)
	at sun.reflect.NativeMethodAccessorImpl.invoke(NativeMethodAccessorImpl.java:62)
	at sun.reflect.DelegatingMethodAccessorImpl.invoke(DelegatingMethodAccessorImpl.java:43)
	at java.lang.reflect.Method.invoke(Method.java:498)
	at org.testng.internal.MethodInvocationHelper.invokeMethod(MethodInvocationHelper.java:133)
	at org.testng.internal.TestInvoker.invokeMethod(TestInvoker.java:584)
	at org.testng.internal.TestInvoker.invokeTestMethod(TestInvoker.java:172)
	at org.testng.internal.MethodRunner.runInSequence(MethodRunner.java:46)
	at org.testng.internal.TestInvoker$MethodInvocationAgent.invoke(TestInvoker.java:804)
	at org.testng.internal.TestInvoker.invokeTestMethods(TestInvoker.java:145)
	at org.testng.internal.TestMethodWorker.invokeTestMethods(TestMethodWorker.java:146)
	at org.testng.internal.TestMethodWorker.run(TestMethodWorker.java:128)
	at java.util.ArrayList.forEach(ArrayList.java:1257)
	at org.testng.TestRunner.privateRun(TestRunner.java:770)
	at org.testng.TestRunner.run(TestRunner.java:591)
	at org.testng.SuiteRunner.runTest(SuiteRunner.java:402)
	at org.testng.SuiteRunner.runSequentially(SuiteRunner.java:396)
	at org.testng.SuiteRunner.privateRun(SuiteRunner.java:355)
	at org.testng.SuiteRunner.run(SuiteRunner.java:304)
	at org.testng.SuiteRunnerWorker.runSuite(SuiteRunnerWorker.java:53)
	at org.testng.SuiteRunnerWorker.run(SuiteRunnerWorker.java:96)
	at org.testng.TestNG.runSuitesSequentially(TestNG.java:1180)
	at org.testng.TestNG.runSuitesLocally(TestNG.java:1102)
	at org.testng.TestNG.runSuites(TestNG.java:1032)
	at org.testng.TestNG.run(TestNG.java:1000)
	at org.testng.remote.AbstractRemoteTestNG.run(AbstractRemoteTestNG.java:115)
	at org.testng.remote.RemoteTestNG.initAndRun(RemoteTestNG.java:251)
	at org.testng.remote.RemoteTestNG.main(RemoteTestNG.java:77)
</pre></td>
																</tr>
																<tr>
																	<td class='status fail' title='fail' alt='fail'><i class='mdi-navigation-cancel'></i></td>
																	<td class='timestamp'>14:09:56</td>
																	<td class='step-details'>Screenshot is below:<a href='./ChangeEndDateInNeverModeTest.png' data-featherlight='image'><img class='report-img' src='./ChangeEndDateInNeverModeTest.png' /></a></td>
																</tr>
														</tbody>
													</table>
													<ul class='collapsible node-list' data-collapsible='accordion'>
													</ul>
												</div>
											</div>
										</li>
										<li class='collection-item test displayed active fail ' extentid='01bc1756-c7d9-422a-8f06-f75d8e0fa934'>
											<div class='test-head'>
												<span class='test-name'>ChangeEndTimeTest </span>
												<span class='test-status label right outline capitalize fail'>fail</span>
												<span class='category-assigned hide '></span>
											</div>
											<div class='test-body'>
												<div class='test-info'>
													<span title='Test started time' alt='Test started time' class='test-started-time label green lighten-1 text-white'>2020-04-10 14:11:27</span>
													<span title='Test ended time' alt='Test ended time' class='test-ended-time label red lighten-1 text-white'>2020-04-10 14:11:35</span>
													<span title='Time taken to finish' alt='Time taken to finish' class='test-time-taken label blue-grey lighten-3 text-white'>0h 0m 7s+711ms</span>
												</div>
												<div class='test-desc'></div>
												<div class='test-attributes'>
												</div>
												<div class='test-steps'>
													<table class='bordered table-results'>
														<thead>
															<tr>
																<th>Status</th>
																<th>Timestamp</th>
																<th>Details</th>
															</tr>
														</thead>
														<tbody>
																<tr>
																	<td class='status info' title='info' alt='info'><i class='mdi-action-info-outline'></i></td>
																	<td class='timestamp'>14:11:27</td>
																	<td class='step-details'>Click on schedule AudioChannel846</td>
																</tr>
																<tr>
																	<td class='status info' title='info' alt='info'><i class='mdi-action-info-outline'></i></td>
																	<td class='timestamp'>14:11:28</td>
																	<td class='step-details'>Click on End time field</td>
																</tr>
																<tr>
																	<td class='status info' title='info' alt='info'><i class='mdi-action-info-outline'></i></td>
																	<td class='timestamp'>14:11:29</td>
																	<td class='step-details'>Input hours in end time</td>
																</tr>
																<tr>
																	<td class='status info' title='info' alt='info'><i class='mdi-action-info-outline'></i></td>
																	<td class='timestamp'>14:11:31</td>
																	<td class='step-details'>Input minutes in start time</td>
																</tr>
																<tr>
																	<td class='status fail' title='fail' alt='fail'><i class='mdi-navigation-cancel'></i></td>
																	<td class='timestamp'>14:11:35</td>
																	<td class='step-details'><pre>java.lang.StringIndexOutOfBoundsException: String index out of range: -1
	at java.lang.String.substring(String.java:1967)
	at pageObjects.SchedulesPage.GetEndTimeHours(SchedulesPage.java:581)
	at testcases.SchedulesTests.ChangeEndTimeTest(SchedulesTests.java:920)
	at sun.reflect.NativeMethodAccessorImpl.invoke0(Native Method)
	at sun.reflect.NativeMethodAccessorImpl.invoke(NativeMethodAccessorImpl.java:62)
	at sun.reflect.DelegatingMethodAccessorImpl.invoke(DelegatingMethodAccessorImpl.java:43)
	at java.lang.reflect.Method.invoke(Method.java:498)
	at org.testng.internal.MethodInvocationHelper.invokeMethod(MethodInvocationHelper.java:133)
	at org.testng.internal.TestInvoker.invokeMethod(TestInvoker.java:584)
	at org.testng.internal.TestInvoker.invokeTestMethod(TestInvoker.java:172)
	at org.testng.internal.MethodRunner.runInSequence(MethodRunner.java:46)
	at org.testng.internal.TestInvoker$MethodInvocationAgent.invoke(TestInvoker.java:804)
	at org.testng.internal.TestInvoker.invokeTestMethods(TestInvoker.java:145)
	at org.testng.internal.TestMethodWorker.invokeTestMethods(TestMethodWorker.java:146)
	at org.testng.internal.TestMethodWorker.run(TestMethodWorker.java:128)
	at java.util.ArrayList.forEach(ArrayList.java:1257)
	at org.testng.TestRunner.privateRun(TestRunner.java:770)
	at org.testng.TestRunner.run(TestRunner.java:591)
	at org.testng.SuiteRunner.runTest(SuiteRunner.java:402)
	at org.testng.SuiteRunner.runSequentially(SuiteRunner.java:396)
	at org.testng.SuiteRunner.privateRun(SuiteRunner.java:355)
	at org.testng.SuiteRunner.run(SuiteRunner.java:304)
	at org.testng.SuiteRunnerWorker.runSuite(SuiteRunnerWorker.java:53)
	at org.testng.SuiteRunnerWorker.run(SuiteRunnerWorker.java:96)
	at org.testng.TestNG.runSuitesSequentially(TestNG.java:1180)
	at org.testng.TestNG.runSuitesLocally(TestNG.java:1102)
	at org.testng.TestNG.runSuites(TestNG.java:1032)
	at org.testng.TestNG.run(TestNG.java:1000)
	at org.testng.remote.AbstractRemoteTestNG.run(AbstractRemoteTestNG.java:115)
	at org.testng.remote.RemoteTestNG.initAndRun(RemoteTestNG.java:251)
	at org.testng.remote.RemoteTestNG.main(RemoteTestNG.java:77)
</pre></td>
																</tr>
																<tr>
																	<td class='status fail' title='fail' alt='fail'><i class='mdi-navigation-cancel'></i></td>
																	<td class='timestamp'>14:11:35</td>
																	<td class='step-details'>Screenshot is below:<a href='./ChangeEndTimeTest.png' data-featherlight='image'><img class='report-img' src='./ChangeEndTimeTest.png' /></a></td>
																</tr>
														</tbody>
													</table>
													<ul class='collapsible node-list' data-collapsible='accordion'>
													</ul>
												</div>
											</div>
										</li>
								</ul>
							</div>
						</div>
					</div>
				</div>
				<div id='test-details-wrapper' class='col _addedCell2'>
					<div class='contents'>
						<div class='card-panel details-view'>
							<h5 class='details-name'></h5>
							<div class='step-filters right'>
								<span class='btn-floating btn-small waves-effect waves-light blue' status='info' alt='info' title='info'><i class='mdi-action-info-outline'></i></span>
								<span class='btn-floating btn-small waves-effect waves-light green' status='pass' alt='pass' title='pass'><i class='mdi-action-check-circle'></i></span>
								<span class='btn-floating btn-small waves-effect waves-light red' status='fail' alt='fail' title='fail'><i class='mdi-navigation-cancel'></i></span>
								<span class='btn-floating btn-small waves-effect waves-light red darken-4' status='fatal' alt='fatal' title='fatal'><i class='mdi-navigation-cancel'></i></span>
								<span class='btn-floating btn-small waves-effect waves-light red lighten-2' status='error' alt='error' title='error'><i class='mdi-alert-error'></i></span>
								<span class='btn-floating btn-small waves-effect waves-light orange' alt='warning' status='warning' title='warning'><i class='mdi-alert-warning'></i></span>
								<span class='btn-floating btn-small waves-effect waves-light cyan' status='skip' alt='skip' title='skip'><i class='mdi-content-redo'></i></span>
								<span class='btn-floating btn-small waves-effect waves-light grey darken-2' status='clear-step-filter' alt='Clear filters' title='Clear filters'><i class='mdi-content-clear'></i></span>
							</div>
							<div class='details-container'>
							</div>
						</div>
					</div>
				</div>
			</div>
			<!-- /tests -->
			
			<!-- categories -->
			<!-- /categories -->
			
			<!-- exceptions -->
				<div id='exceptions-view' class='row _addedTable hide'>
					<div class='col _addedCell1'>
						<div class='contents'>
							<div class='card-panel heading'>
								<h5>Defects</h5>
							</div>
							<div class='card-panel filters'>
								<div class='search' alt='Search tests' title='Search tests'>
									<div class='input-field left'>
										<input id='searchTests' type='text' class='validate' placeholder='Search tests...'>
									</div>
									<a href="#" class='btn-floating btn-small waves-effect waves-light blue lighten-1'>
										<i class='mdi-action-search'></i>
									</a>
								</div>
							</div>
							<div class='card-panel no-padding-h no-padding-v'>
								<div class='wrapper'>
									<ul id='exception-collection' class='exception-collection'>
											<li class='exception-item displayed'>
												<div class='exception-head'>
													<span class='exception-name'>java.lang.AssertionError</span>
												</div>
												<div class='exception-test-count'>
													<span class='fail label'>4</span>
												</div>
												<div class='exception-body'>
													<div class='exception-tests'>
														<table class='bordered'>
															<thead>
																<tr>
																	<th>RunDate</th>
																	<th>Test Name</th>
																	<th>Exception</th>
																</tr>
															</thead>
															<tbody>
                                                                   <tr class='fail'>
                                                                       <td>2020-04-10 13:43:41</td>
                                                                       <td><span class='exception-link linked' extentid='57d1e0ae-49e8-46dc-b833-becfb924bbc4'>AddNewScheduleTest</span></td>
                                                                       <td><pre class='exception-message'>java.lang.AssertionError: expected [34] but found [33]
	at org.testng.Assert.fail(Assert.java:97)
	at org.testng.Assert.assertEqualsImpl(Assert.java:136)
	at org.testng.Assert.assertEquals(Assert.java:118)
	at org.testng.Assert.assertEquals(Assert.java:839)
	at org.testng.Assert.assertEquals(Assert.java:849)
	at testcases.SchedulesTests.AddNewScheduleTest(SchedulesTests.java:134)
	at sun.reflect.NativeMethodAccessorImpl.invoke0(Native Method)
	at sun.reflect.NativeMethodAccessorImpl.invoke(NativeMethodAccessorImpl.java:62)
	at sun.reflect.DelegatingMethodAccessorImpl.invoke(DelegatingMethodAccessorImpl.java:43)
	at java.lang.reflect.Method.invoke(Method.java:498)
	at org.testng.internal.MethodInvocationHelper.invokeMethod(MethodInvocationHelper.java:133)
	at org.testng.internal.TestInvoker.invokeMethod(TestInvoker.java:584)
	at org.testng.internal.TestInvoker.invokeTestMethod(TestInvoker.java:172)
	at org.testng.internal.MethodRunner.runInSequence(MethodRunner.java:46)
	at org.testng.internal.TestInvoker$MethodInvocationAgent.invoke(TestInvoker.java:804)
	at org.testng.internal.TestInvoker.invokeTestMethods(TestInvoker.java:145)
	at org.testng.internal.TestMethodWorker.invokeTestMethods(TestMethodWorker.java:146)
	at org.testng.internal.TestMethodWorker.run(TestMethodWorker.java:128)
	at java.util.ArrayList.forEach(ArrayList.java:1257)
	at org.testng.TestRunner.privateRun(TestRunner.java:770)
	at org.testng.TestRunner.run(TestRunner.java:591)
	at org.testng.SuiteRunner.runTest(SuiteRunner.java:402)
	at org.testng.SuiteRunner.runSequentially(SuiteRunner.java:396)
	at org.testng.SuiteRunner.privateRun(SuiteRunner.java:355)
	at org.testng.SuiteRunner.run(SuiteRunner.java:304)
	at org.testng.SuiteRunnerWorker.runSuite(SuiteRunnerWorker.java:53)
	at org.testng.SuiteRunnerWorker.run(SuiteRunnerWorker.java:96)
	at org.testng.TestNG.runSuitesSequentially(TestNG.java:1180)
	at org.testng.TestNG.runSuitesLocally(TestNG.java:1102)
	at org.testng.TestNG.runSuites(TestNG.java:1032)
	at org.testng.TestNG.run(TestNG.java:1000)
	at org.testng.remote.AbstractRemoteTestNG.run(AbstractRemoteTestNG.java:115)
	at org.testng.remote.RemoteTestNG.initAndRun(RemoteTestNG.java:251)
	at org.testng.remote.RemoteTestNG.main(RemoteTestNG.java:77)
</pre></td>
                                                                   </tr>
                                                                   <tr class='fail'>
                                                                       <td>2020-04-10 13:52:01</td>
                                                                       <td><span class='exception-link linked' extentid='b2246be8-9a65-4d38-953a-26762b513507'>DeleteScheduleByButtonTest</span></td>
                                                                       <td><pre class='exception-message'>java.lang.AssertionError: expected [32] but found [33]
	at org.testng.Assert.fail(Assert.java:97)
	at org.testng.Assert.assertEqualsImpl(Assert.java:136)
	at org.testng.Assert.assertEquals(Assert.java:118)
	at org.testng.Assert.assertEquals(Assert.java:839)
	at org.testng.Assert.assertEquals(Assert.java:849)
	at testcases.SchedulesTests.DeleteScheduleByButtonTest(SchedulesTests.java:326)
	at sun.reflect.NativeMethodAccessorImpl.invoke0(Native Method)
	at sun.reflect.NativeMethodAccessorImpl.invoke(NativeMethodAccessorImpl.java:62)
	at sun.reflect.DelegatingMethodAccessorImpl.invoke(DelegatingMethodAccessorImpl.java:43)
	at java.lang.reflect.Method.invoke(Method.java:498)
	at org.testng.internal.MethodInvocationHelper.invokeMethod(MethodInvocationHelper.java:133)
	at org.testng.internal.TestInvoker.invokeMethod(TestInvoker.java:584)
	at org.testng.internal.TestInvoker.invokeTestMethod(TestInvoker.java:172)
	at org.testng.internal.MethodRunner.runInSequence(MethodRunner.java:46)
	at org.testng.internal.TestInvoker$MethodInvocationAgent.invoke(TestInvoker.java:804)
	at org.testng.internal.TestInvoker.invokeTestMethods(TestInvoker.java:145)
	at org.testng.internal.TestMethodWorker.invokeTestMethods(TestMethodWorker.java:146)
	at org.testng.internal.TestMethodWorker.run(TestMethodWorker.java:128)
	at java.util.ArrayList.forEach(ArrayList.java:1257)
	at org.testng.TestRunner.privateRun(TestRunner.java:770)
	at org.testng.TestRunner.run(TestRunner.java:591)
	at org.testng.SuiteRunner.runTest(SuiteRunner.java:402)
	at org.testng.SuiteRunner.runSequentially(SuiteRunner.java:396)
	at org.testng.SuiteRunner.privateRun(SuiteRunner.java:355)
	at org.testng.SuiteRunner.run(SuiteRunner.java:304)
	at org.testng.SuiteRunnerWorker.runSuite(SuiteRunnerWorker.java:53)
	at org.testng.SuiteRunnerWorker.run(SuiteRunnerWorker.java:96)
	at org.testng.TestNG.runSuitesSequentially(TestNG.java:1180)
	at org.testng.TestNG.runSuitesLocally(TestNG.java:1102)
	at org.testng.TestNG.runSuites(TestNG.java:1032)
	at org.testng.TestNG.run(TestNG.java:1000)
	at org.testng.remote.AbstractRemoteTestNG.run(AbstractRemoteTestNG.java:115)
	at org.testng.remote.RemoteTestNG.initAndRun(RemoteTestNG.java:251)
	at org.testng.remote.RemoteTestNG.main(RemoteTestNG.java:77)
</pre></td>
                                                                   </tr>
                                                                   <tr class='fail'>
                                                                       <td>2020-04-10 13:53:49</td>
                                                                       <td><span class='exception-link linked' extentid='1dbeaed0-4942-4e8b-936d-eefae2f337b1'>DeleteScheduleByIconTest</span></td>
                                                                       <td><pre class='exception-message'>java.lang.AssertionError: expected [32] but found [33]
	at org.testng.Assert.fail(Assert.java:97)
	at org.testng.Assert.assertEqualsImpl(Assert.java:136)
	at org.testng.Assert.assertEquals(Assert.java:118)
	at org.testng.Assert.assertEquals(Assert.java:839)
	at org.testng.Assert.assertEquals(Assert.java:849)
	at testcases.SchedulesTests.DeleteScheduleByIconTest(SchedulesTests.java:263)
	at sun.reflect.NativeMethodAccessorImpl.invoke0(Native Method)
	at sun.reflect.NativeMethodAccessorImpl.invoke(NativeMethodAccessorImpl.java:62)
	at sun.reflect.DelegatingMethodAccessorImpl.invoke(DelegatingMethodAccessorImpl.java:43)
	at java.lang.reflect.Method.invoke(Method.java:498)
	at org.testng.internal.MethodInvocationHelper.invokeMethod(MethodInvocationHelper.java:133)
	at org.testng.internal.TestInvoker.invokeMethod(TestInvoker.java:584)
	at org.testng.internal.TestInvoker.invokeTestMethod(TestInvoker.java:172)
	at org.testng.internal.MethodRunner.runInSequence(MethodRunner.java:46)
	at org.testng.internal.TestInvoker$MethodInvocationAgent.invoke(TestInvoker.java:804)
	at org.testng.internal.TestInvoker.invokeTestMethods(TestInvoker.java:145)
	at org.testng.internal.TestMethodWorker.invokeTestMethods(TestMethodWorker.java:146)
	at org.testng.internal.TestMethodWorker.run(TestMethodWorker.java:128)
	at java.util.ArrayList.forEach(ArrayList.java:1257)
	at org.testng.TestRunner.privateRun(TestRunner.java:770)
	at org.testng.TestRunner.run(TestRunner.java:591)
	at org.testng.SuiteRunner.runTest(SuiteRunner.java:402)
	at org.testng.SuiteRunner.runSequentially(SuiteRunner.java:396)
	at org.testng.SuiteRunner.privateRun(SuiteRunner.java:355)
	at org.testng.SuiteRunner.run(SuiteRunner.java:304)
	at org.testng.SuiteRunnerWorker.runSuite(SuiteRunnerWorker.java:53)
	at org.testng.SuiteRunnerWorker.run(SuiteRunnerWorker.java:96)
	at org.testng.TestNG.runSuitesSequentially(TestNG.java:1180)
	at org.testng.TestNG.runSuitesLocally(TestNG.java:1102)
	at org.testng.TestNG.runSuites(TestNG.java:1032)
	at org.testng.TestNG.run(TestNG.java:1000)
	at org.testng.remote.AbstractRemoteTestNG.run(AbstractRemoteTestNG.java:115)
	at org.testng.remote.RemoteTestNG.initAndRun(RemoteTestNG.java:251)
	at org.testng.remote.RemoteTestNG.main(RemoteTestNG.java:77)
</pre></td>
                                                                   </tr>
                                                                   <tr class='fail'>
                                                                       <td>2020-04-10 14:04:34</td>
                                                                       <td><span class='exception-link linked' extentid='ce96cf49-98e7-4399-a0ff-9f926ddaffae'>AddNewScheduleAndCheckInRulesTest</span></td>
                                                                       <td><pre class='exception-message'>java.lang.AssertionError: did not expect to find [true] but found [false]
	at org.testng.Assert.fail(Assert.java:97)
	at org.testng.Assert.failNotEquals(Assert.java:969)
	at org.testng.Assert.assertTrue(Assert.java:43)
	at org.testng.Assert.assertTrue(Assert.java:53)
	at testcases.SchedulesTests.AddNewScheduleAndCheckInRulesTest(SchedulesTests.java:2912)
	at sun.reflect.NativeMethodAccessorImpl.invoke0(Native Method)
	at sun.reflect.NativeMethodAccessorImpl.invoke(NativeMethodAccessorImpl.java:62)
	at sun.reflect.DelegatingMethodAccessorImpl.invoke(DelegatingMethodAccessorImpl.java:43)
	at java.lang.reflect.Method.invoke(Method.java:498)
	at org.testng.internal.MethodInvocationHelper.invokeMethod(MethodInvocationHelper.java:133)
	at org.testng.internal.TestInvoker.invokeMethod(TestInvoker.java:584)
	at org.testng.internal.TestInvoker.invokeTestMethod(TestInvoker.java:172)
	at org.testng.internal.MethodRunner.runInSequence(MethodRunner.java:46)
	at org.testng.internal.TestInvoker$MethodInvocationAgent.invoke(TestInvoker.java:804)
	at org.testng.internal.TestInvoker.invokeTestMethods(TestInvoker.java:145)
	at org.testng.internal.TestMethodWorker.invokeTestMethods(TestMethodWorker.java:146)
	at org.testng.internal.TestMethodWorker.run(TestMethodWorker.java:128)
	at java.util.ArrayList.forEach(ArrayList.java:1257)
	at org.testng.TestRunner.privateRun(TestRunner.java:770)
	at org.testng.TestRunner.run(TestRunner.java:591)
	at org.testng.SuiteRunner.runTest(SuiteRunner.java:402)
	at org.testng.SuiteRunner.runSequentially(SuiteRunner.java:396)
	at org.testng.SuiteRunner.privateRun(SuiteRunner.java:355)
	at org.testng.SuiteRunner.run(SuiteRunner.java:304)
	at org.testng.SuiteRunnerWorker.runSuite(SuiteRunnerWorker.java:53)
	at org.testng.SuiteRunnerWorker.run(SuiteRunnerWorker.java:96)
	at org.testng.TestNG.runSuitesSequentially(TestNG.java:1180)
	at org.testng.TestNG.runSuitesLocally(TestNG.java:1102)
	at org.testng.TestNG.runSuites(TestNG.java:1032)
	at org.testng.TestNG.run(TestNG.java:1000)
	at org.testng.remote.AbstractRemoteTestNG.run(AbstractRemoteTestNG.java:115)
	at org.testng.remote.RemoteTestNG.initAndRun(RemoteTestNG.java:251)
	at org.testng.remote.RemoteTestNG.main(RemoteTestNG.java:77)
</pre></td>
                                                                   </tr>
                                                            </tbody>
														</table>
													</div>
												</div> 
											</li>
											<li class='exception-item displayed'>
												<div class='exception-head'>
													<span class='exception-name'>java.lang.IndexOutOfBoundsException</span>
												</div>
												<div class='exception-test-count'>
													<span class='fail label'>2</span>
												</div>
												<div class='exception-body'>
													<div class='exception-tests'>
														<table class='bordered'>
															<thead>
																<tr>
																	<th>RunDate</th>
																	<th>Test Name</th>
																	<th>Exception</th>
																</tr>
															</thead>
															<tbody>
                                                                   <tr class='fail'>
                                                                       <td>2020-04-10 14:02:40</td>
                                                                       <td><span class='exception-link linked' extentid='743b8649-8c63-4444-90bb-9e8f162b78db'>ChangeStartDateInNeverModeTest</span></td>
                                                                       <td><pre class='exception-message'>java.lang.IndexOutOfBoundsException: Index: 0, Size: 0
	at java.util.ArrayList.rangeCheck(ArrayList.java:657)
	at java.util.ArrayList.get(ArrayList.java:433)
	at sun.reflect.GeneratedMethodAccessor3.invoke(Unknown Source)
	at sun.reflect.DelegatingMethodAccessorImpl.invoke(DelegatingMethodAccessorImpl.java:43)
	at java.lang.reflect.Method.invoke(Method.java:498)
	at org.openqa.selenium.support.pagefactory.internal.LocatingElementListHandler.invoke(LocatingElementListHandler.java:39)
	at com.sun.proxy.$Proxy15.get(Unknown Source)
	at pageObjects.SchedulesPage.ClickOnYearByIndex(SchedulesPage.java:813)
	at testcases.SchedulesTests.ChangeStartDateInNeverModeTest(SchedulesTests.java:2512)
	at sun.reflect.NativeMethodAccessorImpl.invoke0(Native Method)
	at sun.reflect.NativeMethodAccessorImpl.invoke(NativeMethodAccessorImpl.java:62)
	at sun.reflect.DelegatingMethodAccessorImpl.invoke(DelegatingMethodAccessorImpl.java:43)
	at java.lang.reflect.Method.invoke(Method.java:498)
	at org.testng.internal.MethodInvocationHelper.invokeMethod(MethodInvocationHelper.java:133)
	at org.testng.internal.TestInvoker.invokeMethod(TestInvoker.java:584)
	at org.testng.internal.TestInvoker.invokeTestMethod(TestInvoker.java:172)
	at org.testng.internal.MethodRunner.runInSequence(MethodRunner.java:46)
	at org.testng.internal.TestInvoker$MethodInvocationAgent.invoke(TestInvoker.java:804)
	at org.testng.internal.TestInvoker.invokeTestMethods(TestInvoker.java:145)
	at org.testng.internal.TestMethodWorker.invokeTestMethods(TestMethodWorker.java:146)
	at org.testng.internal.TestMethodWorker.run(TestMethodWorker.java:128)
	at java.util.ArrayList.forEach(ArrayList.java:1257)
	at org.testng.TestRunner.privateRun(TestRunner.java:770)
	at org.testng.TestRunner.run(TestRunner.java:591)
	at org.testng.SuiteRunner.runTest(SuiteRunner.java:402)
	at org.testng.SuiteRunner.runSequentially(SuiteRunner.java:396)
	at org.testng.SuiteRunner.privateRun(SuiteRunner.java:355)
	at org.testng.SuiteRunner.run(SuiteRunner.java:304)
	at org.testng.SuiteRunnerWorker.runSuite(SuiteRunnerWorker.java:53)
	at org.testng.SuiteRunnerWorker.run(SuiteRunnerWorker.java:96)
	at org.testng.TestNG.runSuitesSequentially(TestNG.java:1180)
	at org.testng.TestNG.runSuitesLocally(TestNG.java:1102)
	at org.testng.TestNG.runSuites(TestNG.java:1032)
	at org.testng.TestNG.run(TestNG.java:1000)
	at org.testng.remote.AbstractRemoteTestNG.run(AbstractRemoteTestNG.java:115)
	at org.testng.remote.RemoteTestNG.initAndRun(RemoteTestNG.java:251)
	at org.testng.remote.RemoteTestNG.main(RemoteTestNG.java:77)
</pre></td>
                                                                   </tr>
                                                                   <tr class='fail'>
                                                                       <td>2020-04-10 14:09:44</td>
                                                                       <td><span class='exception-link linked' extentid='5381dc4e-dd92-456b-bd21-4c112fd81922'>ChangeEndDateInNeverModeTest</span></td>
                                                                       <td><pre class='exception-message'>java.lang.IndexOutOfBoundsException: Index: 0, Size: 0
	at java.util.ArrayList.rangeCheck(ArrayList.java:657)
	at java.util.ArrayList.get(ArrayList.java:433)
	at sun.reflect.GeneratedMethodAccessor3.invoke(Unknown Source)
	at sun.reflect.DelegatingMethodAccessorImpl.invoke(DelegatingMethodAccessorImpl.java:43)
	at java.lang.reflect.Method.invoke(Method.java:498)
	at org.openqa.selenium.support.pagefactory.internal.LocatingElementListHandler.invoke(LocatingElementListHandler.java:39)
	at com.sun.proxy.$Proxy15.get(Unknown Source)
	at pageObjects.SchedulesPage.ClickOnYearByIndex(SchedulesPage.java:813)
	at testcases.SchedulesTests.ChangeEndDateInNeverModeTest(SchedulesTests.java:2599)
	at sun.reflect.NativeMethodAccessorImpl.invoke0(Native Method)
	at sun.reflect.NativeMethodAccessorImpl.invoke(NativeMethodAccessorImpl.java:62)
	at sun.reflect.DelegatingMethodAccessorImpl.invoke(DelegatingMethodAccessorImpl.java:43)
	at java.lang.reflect.Method.invoke(Method.java:498)
	at org.testng.internal.MethodInvocationHelper.invokeMethod(MethodInvocationHelper.java:133)
	at org.testng.internal.TestInvoker.invokeMethod(TestInvoker.java:584)
	at org.testng.internal.TestInvoker.invokeTestMethod(TestInvoker.java:172)
	at org.testng.internal.MethodRunner.runInSequence(MethodRunner.java:46)
	at org.testng.internal.TestInvoker$MethodInvocationAgent.invoke(TestInvoker.java:804)
	at org.testng.internal.TestInvoker.invokeTestMethods(TestInvoker.java:145)
	at org.testng.internal.TestMethodWorker.invokeTestMethods(TestMethodWorker.java:146)
	at org.testng.internal.TestMethodWorker.run(TestMethodWorker.java:128)
	at java.util.ArrayList.forEach(ArrayList.java:1257)
	at org.testng.TestRunner.privateRun(TestRunner.java:770)
	at org.testng.TestRunner.run(TestRunner.java:591)
	at org.testng.SuiteRunner.runTest(SuiteRunner.java:402)
	at org.testng.SuiteRunner.runSequentially(SuiteRunner.java:396)
	at org.testng.SuiteRunner.privateRun(SuiteRunner.java:355)
	at org.testng.SuiteRunner.run(SuiteRunner.java:304)
	at org.testng.SuiteRunnerWorker.runSuite(SuiteRunnerWorker.java:53)
	at org.testng.SuiteRunnerWorker.run(SuiteRunnerWorker.java:96)
	at org.testng.TestNG.runSuitesSequentially(TestNG.java:1180)
	at org.testng.TestNG.runSuitesLocally(TestNG.java:1102)
	at org.testng.TestNG.runSuites(TestNG.java:1032)
	at org.testng.TestNG.run(TestNG.java:1000)
	at org.testng.remote.AbstractRemoteTestNG.run(AbstractRemoteTestNG.java:115)
	at org.testng.remote.RemoteTestNG.initAndRun(RemoteTestNG.java:251)
	at org.testng.remote.RemoteTestNG.main(RemoteTestNG.java:77)
</pre></td>
                                                                   </tr>
                                                            </tbody>
														</table>
													</div>
												</div> 
											</li>
											<li class='exception-item displayed'>
												<div class='exception-head'>
													<span class='exception-name'>java.lang.NumberFormatException</span>
												</div>
												<div class='exception-test-count'>
													<span class='fail label'>5</span>
												</div>
												<div class='exception-body'>
													<div class='exception-tests'>
														<table class='bordered'>
															<thead>
																<tr>
																	<th>RunDate</th>
																	<th>Test Name</th>
																	<th>Exception</th>
																</tr>
															</thead>
															<tbody>
                                                                   <tr class='fail'>
                                                                       <td>2020-04-10 13:41:55</td>
                                                                       <td><span class='exception-link linked' extentid='1d2237a5-60ed-4cbe-a809-610b5899e049'>ChangeStartTimeTest</span></td>
                                                                       <td><pre class='exception-message'>java.lang.NumberFormatException: For input string: "54 PM"
	at java.lang.NumberFormatException.forInputString(NumberFormatException.java:65)
	at java.lang.Integer.parseInt(Integer.java:580)
	at java.lang.Integer.parseInt(Integer.java:615)
	at pageObjects.SchedulesPage.GetEndTimeMinutes(SchedulesPage.java:589)
	at testcases.SchedulesTests.ChangeStartTimeTest(SchedulesTests.java:682)
	at sun.reflect.NativeMethodAccessorImpl.invoke0(Native Method)
	at sun.reflect.NativeMethodAccessorImpl.invoke(NativeMethodAccessorImpl.java:62)
	at sun.reflect.DelegatingMethodAccessorImpl.invoke(DelegatingMethodAccessorImpl.java:43)
	at java.lang.reflect.Method.invoke(Method.java:498)
	at org.testng.internal.MethodInvocationHelper.invokeMethod(MethodInvocationHelper.java:133)
	at org.testng.internal.TestInvoker.invokeMethod(TestInvoker.java:584)
	at org.testng.internal.TestInvoker.invokeTestMethod(TestInvoker.java:172)
	at org.testng.internal.MethodRunner.runInSequence(MethodRunner.java:46)
	at org.testng.internal.TestInvoker$MethodInvocationAgent.invoke(TestInvoker.java:804)
	at org.testng.internal.TestInvoker.invokeTestMethods(TestInvoker.java:145)
	at org.testng.internal.TestMethodWorker.invokeTestMethods(TestMethodWorker.java:146)
	at org.testng.internal.TestMethodWorker.run(TestMethodWorker.java:128)
	at java.util.ArrayList.forEach(ArrayList.java:1257)
	at org.testng.TestRunner.privateRun(TestRunner.java:770)
	at org.testng.TestRunner.run(TestRunner.java:591)
	at org.testng.SuiteRunner.runTest(SuiteRunner.java:402)
	at org.testng.SuiteRunner.runSequentially(SuiteRunner.java:396)
	at org.testng.SuiteRunner.privateRun(SuiteRunner.java:355)
	at org.testng.SuiteRunner.run(SuiteRunner.java:304)
	at org.testng.SuiteRunnerWorker.runSuite(SuiteRunnerWorker.java:53)
	at org.testng.SuiteRunnerWorker.run(SuiteRunnerWorker.java:96)
	at org.testng.TestNG.runSuitesSequentially(TestNG.java:1180)
	at org.testng.TestNG.runSuitesLocally(TestNG.java:1102)
	at org.testng.TestNG.runSuites(TestNG.java:1032)
	at org.testng.TestNG.run(TestNG.java:1000)
	at org.testng.remote.AbstractRemoteTestNG.run(AbstractRemoteTestNG.java:115)
	at org.testng.remote.RemoteTestNG.initAndRun(RemoteTestNG.java:251)
	at org.testng.remote.RemoteTestNG.main(RemoteTestNG.java:77)
</pre></td>
                                                                   </tr>
                                                                   <tr class='fail'>
                                                                       <td>2020-04-10 13:45:18</td>
                                                                       <td><span class='exception-link linked' extentid='3decdb99-5f19-4e8b-b784-5283880318c8'>ChangeDurationBySpinnersTest</span></td>
                                                                       <td><pre class='exception-message'>java.lang.NumberFormatException: For input string: "34 PM"
	at java.lang.NumberFormatException.forInputString(NumberFormatException.java:65)
	at java.lang.Integer.parseInt(Integer.java:580)
	at java.lang.Integer.parseInt(Integer.java:615)
	at pageObjects.SchedulesPage.GetEndTimeMinutes(SchedulesPage.java:589)
	at testcases.SchedulesTests.ChangeDurationBySpinnersTest(SchedulesTests.java:1284)
	at sun.reflect.NativeMethodAccessorImpl.invoke0(Native Method)
	at sun.reflect.NativeMethodAccessorImpl.invoke(NativeMethodAccessorImpl.java:62)
	at sun.reflect.DelegatingMethodAccessorImpl.invoke(DelegatingMethodAccessorImpl.java:43)
	at java.lang.reflect.Method.invoke(Method.java:498)
	at org.testng.internal.MethodInvocationHelper.invokeMethod(MethodInvocationHelper.java:133)
	at org.testng.internal.TestInvoker.invokeMethod(TestInvoker.java:584)
	at org.testng.internal.TestInvoker.invokeTestMethod(TestInvoker.java:172)
	at org.testng.internal.MethodRunner.runInSequence(MethodRunner.java:46)
	at org.testng.internal.TestInvoker$MethodInvocationAgent.invoke(TestInvoker.java:804)
	at org.testng.internal.TestInvoker.invokeTestMethods(TestInvoker.java:145)
	at org.testng.internal.TestMethodWorker.invokeTestMethods(TestMethodWorker.java:146)
	at org.testng.internal.TestMethodWorker.run(TestMethodWorker.java:128)
	at java.util.ArrayList.forEach(ArrayList.java:1257)
	at org.testng.TestRunner.privateRun(TestRunner.java:770)
	at org.testng.TestRunner.run(TestRunner.java:591)
	at org.testng.SuiteRunner.runTest(SuiteRunner.java:402)
	at org.testng.SuiteRunner.runSequentially(SuiteRunner.java:396)
	at org.testng.SuiteRunner.privateRun(SuiteRunner.java:355)
	at org.testng.SuiteRunner.run(SuiteRunner.java:304)
	at org.testng.SuiteRunnerWorker.runSuite(SuiteRunnerWorker.java:53)
	at org.testng.SuiteRunnerWorker.run(SuiteRunnerWorker.java:96)
	at org.testng.TestNG.runSuitesSequentially(TestNG.java:1180)
	at org.testng.TestNG.runSuitesLocally(TestNG.java:1102)
	at org.testng.TestNG.runSuites(TestNG.java:1032)
	at org.testng.TestNG.run(TestNG.java:1000)
	at org.testng.remote.AbstractRemoteTestNG.run(AbstractRemoteTestNG.java:115)
	at org.testng.remote.RemoteTestNG.initAndRun(RemoteTestNG.java:251)
	at org.testng.remote.RemoteTestNG.main(RemoteTestNG.java:77)
</pre></td>
                                                                   </tr>
                                                                   <tr class='fail'>
                                                                       <td>2020-04-10 13:48:37</td>
                                                                       <td><span class='exception-link linked' extentid='199a88dc-1bf8-45d2-b62d-d588e81febc6'>ChangeEndTimeBySpinnerTest</span></td>
                                                                       <td><pre class='exception-message'>java.lang.NumberFormatException: For input string: "49 AM"
	at java.lang.NumberFormatException.forInputString(NumberFormatException.java:65)
	at java.lang.Integer.parseInt(Integer.java:580)
	at java.lang.Integer.parseInt(Integer.java:615)
	at pageObjects.SchedulesPage.GetEndTimeMinutes(SchedulesPage.java:589)
	at testcases.SchedulesTests.ChangeEndTimeBySpinnerTest(SchedulesTests.java:1024)
	at sun.reflect.NativeMethodAccessorImpl.invoke0(Native Method)
	at sun.reflect.NativeMethodAccessorImpl.invoke(NativeMethodAccessorImpl.java:62)
	at sun.reflect.DelegatingMethodAccessorImpl.invoke(DelegatingMethodAccessorImpl.java:43)
	at java.lang.reflect.Method.invoke(Method.java:498)
	at org.testng.internal.MethodInvocationHelper.invokeMethod(MethodInvocationHelper.java:133)
	at org.testng.internal.TestInvoker.invokeMethod(TestInvoker.java:584)
	at org.testng.internal.TestInvoker.invokeTestMethod(TestInvoker.java:172)
	at org.testng.internal.MethodRunner.runInSequence(MethodRunner.java:46)
	at org.testng.internal.TestInvoker$MethodInvocationAgent.invoke(TestInvoker.java:804)
	at org.testng.internal.TestInvoker.invokeTestMethods(TestInvoker.java:145)
	at org.testng.internal.TestMethodWorker.invokeTestMethods(TestMethodWorker.java:146)
	at org.testng.internal.TestMethodWorker.run(TestMethodWorker.java:128)
	at java.util.ArrayList.forEach(ArrayList.java:1257)
	at org.testng.TestRunner.privateRun(TestRunner.java:770)
	at org.testng.TestRunner.run(TestRunner.java:591)
	at org.testng.SuiteRunner.runTest(SuiteRunner.java:402)
	at org.testng.SuiteRunner.runSequentially(SuiteRunner.java:396)
	at org.testng.SuiteRunner.privateRun(SuiteRunner.java:355)
	at org.testng.SuiteRunner.run(SuiteRunner.java:304)
	at org.testng.SuiteRunnerWorker.runSuite(SuiteRunnerWorker.java:53)
	at org.testng.SuiteRunnerWorker.run(SuiteRunnerWorker.java:96)
	at org.testng.TestNG.runSuitesSequentially(TestNG.java:1180)
	at org.testng.TestNG.runSuitesLocally(TestNG.java:1102)
	at org.testng.TestNG.runSuites(TestNG.java:1032)
	at org.testng.TestNG.run(TestNG.java:1000)
	at org.testng.remote.AbstractRemoteTestNG.run(AbstractRemoteTestNG.java:115)
	at org.testng.remote.RemoteTestNG.initAndRun(RemoteTestNG.java:251)
	at org.testng.remote.RemoteTestNG.main(RemoteTestNG.java:77)
</pre></td>
                                                                   </tr>
                                                                   <tr class='fail'>
                                                                       <td>2020-04-10 13:55:39</td>
                                                                       <td><span class='exception-link linked' extentid='3edff6c7-22d0-4098-af03-3c5cd1083cab'>ChangeDurationTest</span></td>
                                                                       <td><pre class='exception-message'>java.lang.NumberFormatException: For input string: "39 AM"
	at java.lang.NumberFormatException.forInputString(NumberFormatException.java:65)
	at java.lang.Integer.parseInt(Integer.java:580)
	at java.lang.Integer.parseInt(Integer.java:615)
	at pageObjects.SchedulesPage.GetEndTimeMinutes(SchedulesPage.java:589)
	at testcases.SchedulesTests.ChangeDurationTest(SchedulesTests.java:1171)
	at sun.reflect.NativeMethodAccessorImpl.invoke0(Native Method)
	at sun.reflect.NativeMethodAccessorImpl.invoke(NativeMethodAccessorImpl.java:62)
	at sun.reflect.DelegatingMethodAccessorImpl.invoke(DelegatingMethodAccessorImpl.java:43)
	at java.lang.reflect.Method.invoke(Method.java:498)
	at org.testng.internal.MethodInvocationHelper.invokeMethod(MethodInvocationHelper.java:133)
	at org.testng.internal.TestInvoker.invokeMethod(TestInvoker.java:584)
	at org.testng.internal.TestInvoker.invokeTestMethod(TestInvoker.java:172)
	at org.testng.internal.MethodRunner.runInSequence(MethodRunner.java:46)
	at org.testng.internal.TestInvoker$MethodInvocationAgent.invoke(TestInvoker.java:804)
	at org.testng.internal.TestInvoker.invokeTestMethods(TestInvoker.java:145)
	at org.testng.internal.TestMethodWorker.invokeTestMethods(TestMethodWorker.java:146)
	at org.testng.internal.TestMethodWorker.run(TestMethodWorker.java:128)
	at java.util.ArrayList.forEach(ArrayList.java:1257)
	at org.testng.TestRunner.privateRun(TestRunner.java:770)
	at org.testng.TestRunner.run(TestRunner.java:591)
	at org.testng.SuiteRunner.runTest(SuiteRunner.java:402)
	at org.testng.SuiteRunner.runSequentially(SuiteRunner.java:396)
	at org.testng.SuiteRunner.privateRun(SuiteRunner.java:355)
	at org.testng.SuiteRunner.run(SuiteRunner.java:304)
	at org.testng.SuiteRunnerWorker.runSuite(SuiteRunnerWorker.java:53)
	at org.testng.SuiteRunnerWorker.run(SuiteRunnerWorker.java:96)
	at org.testng.TestNG.runSuitesSequentially(TestNG.java:1180)
	at org.testng.TestNG.runSuitesLocally(TestNG.java:1102)
	at org.testng.TestNG.runSuites(TestNG.java:1032)
	at org.testng.TestNG.run(TestNG.java:1000)
	at org.testng.remote.AbstractRemoteTestNG.run(AbstractRemoteTestNG.java:115)
	at org.testng.remote.RemoteTestNG.initAndRun(RemoteTestNG.java:251)
	at org.testng.remote.RemoteTestNG.main(RemoteTestNG.java:77)
</pre></td>
                                                                   </tr>
                                                                   <tr class='fail'>
                                                                       <td>2020-04-10 13:57:20</td>
                                                                       <td><span class='exception-link linked' extentid='11716966-fb36-4783-a1bb-a1e1051af097'>ChangeStartTimeBySpinnerTest</span></td>
                                                                       <td><pre class='exception-message'>java.lang.NumberFormatException: For input string: "52 AM"
	at java.lang.NumberFormatException.forInputString(NumberFormatException.java:65)
	at java.lang.Integer.parseInt(Integer.java:580)
	at java.lang.Integer.parseInt(Integer.java:615)
	at pageObjects.SchedulesPage.GetStartTimeMinutes(SchedulesPage.java:604)
	at testcases.SchedulesTests.ChangeStartTimeBySpinnerTest(SchedulesTests.java:776)
	at sun.reflect.NativeMethodAccessorImpl.invoke0(Native Method)
	at sun.reflect.NativeMethodAccessorImpl.invoke(NativeMethodAccessorImpl.java:62)
	at sun.reflect.DelegatingMethodAccessorImpl.invoke(DelegatingMethodAccessorImpl.java:43)
	at java.lang.reflect.Method.invoke(Method.java:498)
	at org.testng.internal.MethodInvocationHelper.invokeMethod(MethodInvocationHelper.java:133)
	at org.testng.internal.TestInvoker.invokeMethod(TestInvoker.java:584)
	at org.testng.internal.TestInvoker.invokeTestMethod(TestInvoker.java:172)
	at org.testng.internal.MethodRunner.runInSequence(MethodRunner.java:46)
	at org.testng.internal.TestInvoker$MethodInvocationAgent.invoke(TestInvoker.java:804)
	at org.testng.internal.TestInvoker.invokeTestMethods(TestInvoker.java:145)
	at org.testng.internal.TestMethodWorker.invokeTestMethods(TestMethodWorker.java:146)
	at org.testng.internal.TestMethodWorker.run(TestMethodWorker.java:128)
	at java.util.ArrayList.forEach(ArrayList.java:1257)
	at org.testng.TestRunner.privateRun(TestRunner.java:770)
	at org.testng.TestRunner.run(TestRunner.java:591)
	at org.testng.SuiteRunner.runTest(SuiteRunner.java:402)
	at org.testng.SuiteRunner.runSequentially(SuiteRunner.java:396)
	at org.testng.SuiteRunner.privateRun(SuiteRunner.java:355)
	at org.testng.SuiteRunner.run(SuiteRunner.java:304)
	at org.testng.SuiteRunnerWorker.runSuite(SuiteRunnerWorker.java:53)
	at org.testng.SuiteRunnerWorker.run(SuiteRunnerWorker.java:96)
	at org.testng.TestNG.runSuitesSequentially(TestNG.java:1180)
	at org.testng.TestNG.runSuitesLocally(TestNG.java:1102)
	at org.testng.TestNG.runSuites(TestNG.java:1032)
	at org.testng.TestNG.run(TestNG.java:1000)
	at org.testng.remote.AbstractRemoteTestNG.run(AbstractRemoteTestNG.java:115)
	at org.testng.remote.RemoteTestNG.initAndRun(RemoteTestNG.java:251)
	at org.testng.remote.RemoteTestNG.main(RemoteTestNG.java:77)
</pre></td>
                                                                   </tr>
                                                            </tbody>
														</table>
													</div>
												</div> 
											</li>
											<li class='exception-item displayed'>
												<div class='exception-head'>
													<span class='exception-name'>java.lang.StringIndexOutOfBoundsException</span>
												</div>
												<div class='exception-test-count'>
													<span class='fail label'>1</span>
												</div>
												<div class='exception-body'>
													<div class='exception-tests'>
														<table class='bordered'>
															<thead>
																<tr>
																	<th>RunDate</th>
																	<th>Test Name</th>
																	<th>Exception</th>
																</tr>
															</thead>
															<tbody>
                                                                   <tr class='fail'>
                                                                       <td>2020-04-10 14:11:27</td>
                                                                       <td><span class='exception-link linked' extentid='01bc1756-c7d9-422a-8f06-f75d8e0fa934'>ChangeEndTimeTest</span></td>
                                                                       <td><pre class='exception-message'>java.lang.StringIndexOutOfBoundsException: String index out of range: -1
	at java.lang.String.substring(String.java:1967)
	at pageObjects.SchedulesPage.GetEndTimeHours(SchedulesPage.java:581)
	at testcases.SchedulesTests.ChangeEndTimeTest(SchedulesTests.java:920)
	at sun.reflect.NativeMethodAccessorImpl.invoke0(Native Method)
	at sun.reflect.NativeMethodAccessorImpl.invoke(NativeMethodAccessorImpl.java:62)
	at sun.reflect.DelegatingMethodAccessorImpl.invoke(DelegatingMethodAccessorImpl.java:43)
	at java.lang.reflect.Method.invoke(Method.java:498)
	at org.testng.internal.MethodInvocationHelper.invokeMethod(MethodInvocationHelper.java:133)
	at org.testng.internal.TestInvoker.invokeMethod(TestInvoker.java:584)
	at org.testng.internal.TestInvoker.invokeTestMethod(TestInvoker.java:172)
	at org.testng.internal.MethodRunner.runInSequence(MethodRunner.java:46)
	at org.testng.internal.TestInvoker$MethodInvocationAgent.invoke(TestInvoker.java:804)
	at org.testng.internal.TestInvoker.invokeTestMethods(TestInvoker.java:145)
	at org.testng.internal.TestMethodWorker.invokeTestMethods(TestMethodWorker.java:146)
	at org.testng.internal.TestMethodWorker.run(TestMethodWorker.java:128)
	at java.util.ArrayList.forEach(ArrayList.java:1257)
	at org.testng.TestRunner.privateRun(TestRunner.java:770)
	at org.testng.TestRunner.run(TestRunner.java:591)
	at org.testng.SuiteRunner.runTest(SuiteRunner.java:402)
	at org.testng.SuiteRunner.runSequentially(SuiteRunner.java:396)
	at org.testng.SuiteRunner.privateRun(SuiteRunner.java:355)
	at org.testng.SuiteRunner.run(SuiteRunner.java:304)
	at org.testng.SuiteRunnerWorker.runSuite(SuiteRunnerWorker.java:53)
	at org.testng.SuiteRunnerWorker.run(SuiteRunnerWorker.java:96)
	at org.testng.TestNG.runSuitesSequentially(TestNG.java:1180)
	at org.testng.TestNG.runSuitesLocally(TestNG.java:1102)
	at org.testng.TestNG.runSuites(TestNG.java:1032)
	at org.testng.TestNG.run(TestNG.java:1000)
	at org.testng.remote.AbstractRemoteTestNG.run(AbstractRemoteTestNG.java:115)
	at org.testng.remote.RemoteTestNG.initAndRun(RemoteTestNG.java:251)
	at org.testng.remote.RemoteTestNG.main(RemoteTestNG.java:77)
</pre></td>
                                                                   </tr>
                                                            </tbody>
														</table>
													</div>
												</div> 
											</li>
											<li class='exception-item displayed'>
												<div class='exception-head'>
													<span class='exception-name'>org.openqa.selenium.ElementNotInteractableException</span>
												</div>
												<div class='exception-test-count'>
													<span class='fail label'>2</span>
												</div>
												<div class='exception-body'>
													<div class='exception-tests'>
														<table class='bordered'>
															<thead>
																<tr>
																	<th>RunDate</th>
																	<th>Test Name</th>
																	<th>Exception</th>
																</tr>
															</thead>
															<tbody>
                                                                   <tr class='fail'>
                                                                       <td>2020-04-10 13:50:11</td>
                                                                       <td><span class='exception-link linked' extentid='567ca9e2-1048-475e-a2f9-5f571ccf5a0d'>ChangeMonthlyCountOfDayTest</span></td>
                                                                       <td><pre class='exception-message'>org.openqa.selenium.ElementNotInteractableException: Element cannot be interacted with via the keyboard because it is not focusable
Build info: version: '3.9.1', revision: '63f7b50', time: '2018-02-07T22:25:02.294Z'
System info: host: 'BORSE-PC', ip: '172.20.1.58', os.name: 'Windows 10', os.arch: 'amd64', os.version: '10.0', java.version: '1.8.0_202'
Driver info: org.openqa.selenium.ie.InternetExplorerDriver
Capabilities {acceptInsecureCerts: false, browserName: internet explorer, browserVersion: 11, javascriptEnabled: true, pageLoadStrategy: normal, platform: WINDOWS, platformName: WINDOWS, proxy: Proxy(), se:ieOptions: {browserAttachTimeout: 0, elementScrollBehavior: 0, enablePersistentHover: true, ie.browserCommandLineSwitches: , ie.edgechromium: false, ie.edgepath: , ie.ensureCleanSession: true, ie.fileUploadDialogTimeout: 3000, ie.forceCreateProcessApi: false, ignoreProtectedModeSettings: true, ignoreZoomSetting: false, initialBrowserUrl: http://localhost:4509/, nativeEvents: true, requireWindowFocus: false}, setWindowRect: true, strictFileInteractability: false, timeouts: {implicit: 0, pageLoad: 300000, script: 30000}, unhandledPromptBehavior: dismiss and notify}
Session ID: e1290b53-ff3b-4a14-b8fa-981ab63b0500
	at sun.reflect.NativeConstructorAccessorImpl.newInstance0(Native Method)
	at sun.reflect.NativeConstructorAccessorImpl.newInstance(NativeConstructorAccessorImpl.java:62)
	at sun.reflect.DelegatingConstructorAccessorImpl.newInstance(DelegatingConstructorAccessorImpl.java:45)
	at java.lang.reflect.Constructor.newInstance(Constructor.java:423)
	at org.openqa.selenium.remote.http.W3CHttpResponseCodec.createException(W3CHttpResponseCodec.java:187)
	at org.openqa.selenium.remote.http.W3CHttpResponseCodec.decode(W3CHttpResponseCodec.java:122)
	at org.openqa.selenium.remote.http.W3CHttpResponseCodec.decode(W3CHttpResponseCodec.java:49)
	at org.openqa.selenium.remote.HttpCommandExecutor.execute(HttpCommandExecutor.java:160)
	at org.openqa.selenium.remote.service.DriverCommandExecutor.execute(DriverCommandExecutor.java:83)
	at org.openqa.selenium.remote.RemoteWebDriver.execute(RemoteWebDriver.java:601)
	at org.openqa.selenium.remote.RemoteWebElement.execute(RemoteWebElement.java:279)
	at org.openqa.selenium.remote.RemoteWebElement.sendKeys(RemoteWebElement.java:100)
	at Utilities.Page.setElementText(Page.java:478)
	at pageObjects.SchedulesPage.InputInDaysField(SchedulesPage.java:677)
	at testcases.SchedulesTests.ChangeMonthlyCountOfDayTest(SchedulesTests.java:1534)
	at sun.reflect.NativeMethodAccessorImpl.invoke0(Native Method)
	at sun.reflect.NativeMethodAccessorImpl.invoke(NativeMethodAccessorImpl.java:62)
	at sun.reflect.DelegatingMethodAccessorImpl.invoke(DelegatingMethodAccessorImpl.java:43)
	at java.lang.reflect.Method.invoke(Method.java:498)
	at org.testng.internal.MethodInvocationHelper.invokeMethod(MethodInvocationHelper.java:133)
	at org.testng.internal.TestInvoker.invokeMethod(TestInvoker.java:584)
	at org.testng.internal.TestInvoker.invokeTestMethod(TestInvoker.java:172)
	at org.testng.internal.MethodRunner.runInSequence(MethodRunner.java:46)
	at org.testng.internal.TestInvoker$MethodInvocationAgent.invoke(TestInvoker.java:804)
	at org.testng.internal.TestInvoker.invokeTestMethods(TestInvoker.java:145)
	at org.testng.internal.TestMethodWorker.invokeTestMethods(TestMethodWorker.java:146)
	at org.testng.internal.TestMethodWorker.run(TestMethodWorker.java:128)
	at java.util.ArrayList.forEach(ArrayList.java:1257)
	at org.testng.TestRunner.privateRun(TestRunner.java:770)
	at org.testng.TestRunner.run(TestRunner.java:591)
	at org.testng.SuiteRunner.runTest(SuiteRunner.java:402)
	at org.testng.SuiteRunner.runSequentially(SuiteRunner.java:396)
	at org.testng.SuiteRunner.privateRun(SuiteRunner.java:355)
	at org.testng.SuiteRunner.run(SuiteRunner.java:304)
	at org.testng.SuiteRunnerWorker.runSuite(SuiteRunnerWorker.java:53)
	at org.testng.SuiteRunnerWorker.run(SuiteRunnerWorker.java:96)
	at org.testng.TestNG.runSuitesSequentially(TestNG.java:1180)
	at org.testng.TestNG.runSuitesLocally(TestNG.java:1102)
	at org.testng.TestNG.runSuites(TestNG.java:1032)
	at org.testng.TestNG.run(TestNG.java:1000)
	at org.testng.remote.AbstractRemoteTestNG.run(AbstractRemoteTestNG.java:115)
	at org.testng.remote.RemoteTestNG.initAndRun(RemoteTestNG.java:251)
	at org.testng.remote.RemoteTestNG.main(RemoteTestNG.java:77)
</pre></td>
                                                                   </tr>
                                                                   <tr class='fail'>
                                                                       <td>2020-04-10 14:06:18</td>
                                                                       <td><span class='exception-link linked' extentid='c52f9b4b-77c0-41ee-b89c-b36677ee2fa7'>ChangeDayOfMonthInYearlyTest</span></td>
                                                                       <td><pre class='exception-message'>org.openqa.selenium.ElementNotInteractableException: Element cannot be interacted with via the keyboard because it is not focusable
Build info: version: '3.9.1', revision: '63f7b50', time: '2018-02-07T22:25:02.294Z'
System info: host: 'BORSE-PC', ip: '172.20.1.58', os.name: 'Windows 10', os.arch: 'amd64', os.version: '10.0', java.version: '1.8.0_202'
Driver info: org.openqa.selenium.ie.InternetExplorerDriver
Capabilities {acceptInsecureCerts: false, browserName: internet explorer, browserVersion: 11, javascriptEnabled: true, pageLoadStrategy: normal, platform: WINDOWS, platformName: WINDOWS, proxy: Proxy(), se:ieOptions: {browserAttachTimeout: 0, elementScrollBehavior: 0, enablePersistentHover: true, ie.browserCommandLineSwitches: , ie.edgechromium: false, ie.edgepath: , ie.ensureCleanSession: true, ie.fileUploadDialogTimeout: 3000, ie.forceCreateProcessApi: false, ignoreProtectedModeSettings: true, ignoreZoomSetting: false, initialBrowserUrl: http://localhost:30245/, nativeEvents: true, requireWindowFocus: false}, setWindowRect: true, strictFileInteractability: false, timeouts: {implicit: 0, pageLoad: 300000, script: 30000}, unhandledPromptBehavior: dismiss and notify}
Session ID: 3a393a17-63e8-44ed-8dfa-812d72b3ec66
	at sun.reflect.NativeConstructorAccessorImpl.newInstance0(Native Method)
	at sun.reflect.NativeConstructorAccessorImpl.newInstance(NativeConstructorAccessorImpl.java:62)
	at sun.reflect.DelegatingConstructorAccessorImpl.newInstance(DelegatingConstructorAccessorImpl.java:45)
	at java.lang.reflect.Constructor.newInstance(Constructor.java:423)
	at org.openqa.selenium.remote.http.W3CHttpResponseCodec.createException(W3CHttpResponseCodec.java:187)
	at org.openqa.selenium.remote.http.W3CHttpResponseCodec.decode(W3CHttpResponseCodec.java:122)
	at org.openqa.selenium.remote.http.W3CHttpResponseCodec.decode(W3CHttpResponseCodec.java:49)
	at org.openqa.selenium.remote.HttpCommandExecutor.execute(HttpCommandExecutor.java:160)
	at org.openqa.selenium.remote.service.DriverCommandExecutor.execute(DriverCommandExecutor.java:83)
	at org.openqa.selenium.remote.RemoteWebDriver.execute(RemoteWebDriver.java:601)
	at org.openqa.selenium.remote.RemoteWebElement.execute(RemoteWebElement.java:279)
	at org.openqa.selenium.remote.RemoteWebElement.sendKeys(RemoteWebElement.java:100)
	at Utilities.Page.setElementText(Page.java:478)
	at pageObjects.SchedulesPage.InputInCountDaysInMonth(SchedulesPage.java:352)
	at testcases.SchedulesTests.ChangeDayOfMonthInYearlyTest(SchedulesTests.java:2349)
	at sun.reflect.NativeMethodAccessorImpl.invoke0(Native Method)
	at sun.reflect.NativeMethodAccessorImpl.invoke(NativeMethodAccessorImpl.java:62)
	at sun.reflect.DelegatingMethodAccessorImpl.invoke(DelegatingMethodAccessorImpl.java:43)
	at java.lang.reflect.Method.invoke(Method.java:498)
	at org.testng.internal.MethodInvocationHelper.invokeMethod(MethodInvocationHelper.java:133)
	at org.testng.internal.TestInvoker.invokeMethod(TestInvoker.java:584)
	at org.testng.internal.TestInvoker.invokeTestMethod(TestInvoker.java:172)
	at org.testng.internal.MethodRunner.runInSequence(MethodRunner.java:46)
	at org.testng.internal.TestInvoker$MethodInvocationAgent.invoke(TestInvoker.java:804)
	at org.testng.internal.TestInvoker.invokeTestMethods(TestInvoker.java:145)
	at org.testng.internal.TestMethodWorker.invokeTestMethods(TestMethodWorker.java:146)
	at org.testng.internal.TestMethodWorker.run(TestMethodWorker.java:128)
	at java.util.ArrayList.forEach(ArrayList.java:1257)
	at org.testng.TestRunner.privateRun(TestRunner.java:770)
	at org.testng.TestRunner.run(TestRunner.java:591)
	at org.testng.SuiteRunner.runTest(SuiteRunner.java:402)
	at org.testng.SuiteRunner.runSequentially(SuiteRunner.java:396)
	at org.testng.SuiteRunner.privateRun(SuiteRunner.java:355)
	at org.testng.SuiteRunner.run(SuiteRunner.java:304)
	at org.testng.SuiteRunnerWorker.runSuite(SuiteRunnerWorker.java:53)
	at org.testng.SuiteRunnerWorker.run(SuiteRunnerWorker.java:96)
	at org.testng.TestNG.runSuitesSequentially(TestNG.java:1180)
	at org.testng.TestNG.runSuitesLocally(TestNG.java:1102)
	at org.testng.TestNG.runSuites(TestNG.java:1032)
	at org.testng.TestNG.run(TestNG.java:1000)
	at org.testng.remote.AbstractRemoteTestNG.run(AbstractRemoteTestNG.java:115)
	at org.testng.remote.RemoteTestNG.initAndRun(RemoteTestNG.java:251)
	at org.testng.remote.RemoteTestNG.main(RemoteTestNG.java:77)
</pre></td>
                                                                   </tr>
                                                            </tbody>
														</table>
													</div>
												</div> 
											</li>
											<li class='exception-item displayed'>
												<div class='exception-head'>
													<span class='exception-name'>org.openqa.selenium.NoSuchElementException</span>
												</div>
												<div class='exception-test-count'>
													<span class='fail label'>2</span>
												</div>
												<div class='exception-body'>
													<div class='exception-tests'>
														<table class='bordered'>
															<thead>
																<tr>
																	<th>RunDate</th>
																	<th>Test Name</th>
																	<th>Exception</th>
																</tr>
															</thead>
															<tbody>
                                                                   <tr class='fail'>
                                                                       <td>2020-04-10 14:00:57</td>
                                                                       <td><span class='exception-link linked' extentid='98474ed5-59dc-4002-bfc4-b214bf83cb57'>AddNewScheduleWithAllParametersTest</span></td>
                                                                       <td><pre class='exception-message'>org.openqa.selenium.NoSuchElementException: Unable to find element with xpath == //div[@class='fullSize padding-left-right-15 bottom-separator-builder']/div[@class='configuration-ditails-form']//span[contains(text(),'Description')]/../..//input
For documentation on this error, please visit: http://seleniumhq.org/exceptions/no_such_element.html
Build info: version: '3.9.1', revision: '63f7b50', time: '2018-02-07T22:25:02.294Z'
System info: host: 'BORSE-PC', ip: '172.20.1.58', os.name: 'Windows 10', os.arch: 'amd64', os.version: '10.0', java.version: '1.8.0_202'
Driver info: org.openqa.selenium.ie.InternetExplorerDriver
Capabilities {acceptInsecureCerts: false, browserName: internet explorer, browserVersion: 11, javascriptEnabled: true, pageLoadStrategy: normal, platform: WINDOWS, platformName: WINDOWS, proxy: Proxy(), se:ieOptions: {browserAttachTimeout: 0, elementScrollBehavior: 0, enablePersistentHover: true, ie.browserCommandLineSwitches: , ie.edgechromium: false, ie.edgepath: , ie.ensureCleanSession: true, ie.fileUploadDialogTimeout: 3000, ie.forceCreateProcessApi: false, ignoreProtectedModeSettings: true, ignoreZoomSetting: false, initialBrowserUrl: http://localhost:8165/, nativeEvents: true, requireWindowFocus: false}, setWindowRect: true, strictFileInteractability: false, timeouts: {implicit: 0, pageLoad: 300000, script: 30000}, unhandledPromptBehavior: dismiss and notify}
Session ID: 0f01be61-f059-4a53-9a17-0363b33f484c
*** Element info: {Using=xpath, value=//div[@class='fullSize padding-left-right-15 bottom-separator-builder']/div[@class='configuration-ditails-form']//span[contains(text(),'Description')]/../..//input}
	at sun.reflect.NativeConstructorAccessorImpl.newInstance0(Native Method)
	at sun.reflect.NativeConstructorAccessorImpl.newInstance(NativeConstructorAccessorImpl.java:62)
	at sun.reflect.DelegatingConstructorAccessorImpl.newInstance(DelegatingConstructorAccessorImpl.java:45)
	at java.lang.reflect.Constructor.newInstance(Constructor.java:423)
	at org.openqa.selenium.remote.http.W3CHttpResponseCodec.createException(W3CHttpResponseCodec.java:187)
	at org.openqa.selenium.remote.http.W3CHttpResponseCodec.decode(W3CHttpResponseCodec.java:122)
	at org.openqa.selenium.remote.http.W3CHttpResponseCodec.decode(W3CHttpResponseCodec.java:49)
	at org.openqa.selenium.remote.HttpCommandExecutor.execute(HttpCommandExecutor.java:160)
	at org.openqa.selenium.remote.service.DriverCommandExecutor.execute(DriverCommandExecutor.java:83)
	at org.openqa.selenium.remote.RemoteWebDriver.execute(RemoteWebDriver.java:601)
	at org.openqa.selenium.remote.RemoteWebDriver.findElement(RemoteWebDriver.java:371)
	at org.openqa.selenium.remote.RemoteWebDriver.findElementByXPath(RemoteWebDriver.java:473)
	at org.openqa.selenium.By$ByXPath.findElement(By.java:361)
	at org.openqa.selenium.remote.RemoteWebDriver.findElement(RemoteWebDriver.java:363)
	at org.openqa.selenium.support.pagefactory.DefaultElementLocator.findElement(DefaultElementLocator.java:69)
	at org.openqa.selenium.support.pagefactory.internal.LocatingElementHandler.invoke(LocatingElementHandler.java:38)
	at com.sun.proxy.$Proxy14.clear(Unknown Source)
	at Utilities.Page.setElementText(Page.java:477)
	at pageObjects.SchedulesPage.InputInDescriptionField(SchedulesPage.java:448)
	at testcases.SchedulesTests.AddNewScheduleWithAllParametersTest(SchedulesTests.java:160)
	at sun.reflect.NativeMethodAccessorImpl.invoke0(Native Method)
	at sun.reflect.NativeMethodAccessorImpl.invoke(NativeMethodAccessorImpl.java:62)
	at sun.reflect.DelegatingMethodAccessorImpl.invoke(DelegatingMethodAccessorImpl.java:43)
	at java.lang.reflect.Method.invoke(Method.java:498)
	at org.testng.internal.MethodInvocationHelper.invokeMethod(MethodInvocationHelper.java:133)
	at org.testng.internal.TestInvoker.invokeMethod(TestInvoker.java:584)
	at org.testng.internal.TestInvoker.invokeTestMethod(TestInvoker.java:172)
	at org.testng.internal.MethodRunner.runInSequence(MethodRunner.java:46)
	at org.testng.internal.TestInvoker$MethodInvocationAgent.invoke(TestInvoker.java:804)
	at org.testng.internal.TestInvoker.invokeTestMethods(TestInvoker.java:145)
	at org.testng.internal.TestMethodWorker.invokeTestMethods(TestMethodWorker.java:146)
	at org.testng.internal.TestMethodWorker.run(TestMethodWorker.java:128)
	at java.util.ArrayList.forEach(ArrayList.java:1257)
	at org.testng.TestRunner.privateRun(TestRunner.java:770)
	at org.testng.TestRunner.run(TestRunner.java:591)
	at org.testng.SuiteRunner.runTest(SuiteRunner.java:402)
	at org.testng.SuiteRunner.runSequentially(SuiteRunner.java:396)
	at org.testng.SuiteRunner.privateRun(SuiteRunner.java:355)
	at org.testng.SuiteRunner.run(SuiteRunner.java:304)
	at org.testng.SuiteRunnerWorker.runSuite(SuiteRunnerWorker.java:53)
	at org.testng.SuiteRunnerWorker.run(SuiteRunnerWorker.java:96)
	at org.testng.TestNG.runSuitesSequentially(TestNG.java:1180)
	at org.testng.TestNG.runSuitesLocally(TestNG.java:1102)
	at org.testng.TestNG.runSuites(TestNG.java:1032)
	at org.testng.TestNG.run(TestNG.java:1000)
	at org.testng.remote.AbstractRemoteTestNG.run(AbstractRemoteTestNG.java:115)
	at org.testng.remote.RemoteTestNG.initAndRun(RemoteTestNG.java:251)
	at org.testng.remote.RemoteTestNG.main(RemoteTestNG.java:77)
</pre></td>
                                                                   </tr>
                                                                   <tr class='fail'>
                                                                       <td>2020-04-10 14:08:07</td>
                                                                       <td><span class='exception-link linked' extentid='36812fec-be04-48ee-b750-39c260f3629b'>ChangeDescriptionTest</span></td>
                                                                       <td><pre class='exception-message'>org.openqa.selenium.NoSuchElementException: Unable to find element with xpath == //div[@class='fullSize padding-left-right-15 bottom-separator-builder']/div[@class='configuration-ditails-form']//span[contains(text(),'Description')]/../..//input
For documentation on this error, please visit: http://seleniumhq.org/exceptions/no_such_element.html
Build info: version: '3.9.1', revision: '63f7b50', time: '2018-02-07T22:25:02.294Z'
System info: host: 'BORSE-PC', ip: '172.20.1.58', os.name: 'Windows 10', os.arch: 'amd64', os.version: '10.0', java.version: '1.8.0_202'
Driver info: org.openqa.selenium.ie.InternetExplorerDriver
Capabilities {acceptInsecureCerts: false, browserName: internet explorer, browserVersion: 11, javascriptEnabled: true, pageLoadStrategy: normal, platform: WINDOWS, platformName: WINDOWS, proxy: Proxy(), se:ieOptions: {browserAttachTimeout: 0, elementScrollBehavior: 0, enablePersistentHover: true, ie.browserCommandLineSwitches: , ie.edgechromium: false, ie.edgepath: , ie.ensureCleanSession: true, ie.fileUploadDialogTimeout: 3000, ie.forceCreateProcessApi: false, ignoreProtectedModeSettings: true, ignoreZoomSetting: false, initialBrowserUrl: http://localhost:8225/, nativeEvents: true, requireWindowFocus: false}, setWindowRect: true, strictFileInteractability: false, timeouts: {implicit: 0, pageLoad: 300000, script: 30000}, unhandledPromptBehavior: dismiss and notify}
Session ID: 9efb18df-cfb5-4dd7-8b25-6b4a1770f7b5
*** Element info: {Using=xpath, value=//div[@class='fullSize padding-left-right-15 bottom-separator-builder']/div[@class='configuration-ditails-form']//span[contains(text(),'Description')]/../..//input}
	at sun.reflect.NativeConstructorAccessorImpl.newInstance0(Native Method)
	at sun.reflect.NativeConstructorAccessorImpl.newInstance(NativeConstructorAccessorImpl.java:62)
	at sun.reflect.DelegatingConstructorAccessorImpl.newInstance(DelegatingConstructorAccessorImpl.java:45)
	at java.lang.reflect.Constructor.newInstance(Constructor.java:423)
	at org.openqa.selenium.remote.http.W3CHttpResponseCodec.createException(W3CHttpResponseCodec.java:187)
	at org.openqa.selenium.remote.http.W3CHttpResponseCodec.decode(W3CHttpResponseCodec.java:122)
	at org.openqa.selenium.remote.http.W3CHttpResponseCodec.decode(W3CHttpResponseCodec.java:49)
	at org.openqa.selenium.remote.HttpCommandExecutor.execute(HttpCommandExecutor.java:160)
	at org.openqa.selenium.remote.service.DriverCommandExecutor.execute(DriverCommandExecutor.java:83)
	at org.openqa.selenium.remote.RemoteWebDriver.execute(RemoteWebDriver.java:601)
	at org.openqa.selenium.remote.RemoteWebDriver.findElement(RemoteWebDriver.java:371)
	at org.openqa.selenium.remote.RemoteWebDriver.findElementByXPath(RemoteWebDriver.java:473)
	at org.openqa.selenium.By$ByXPath.findElement(By.java:361)
	at org.openqa.selenium.remote.RemoteWebDriver.findElement(RemoteWebDriver.java:363)
	at org.openqa.selenium.support.pagefactory.DefaultElementLocator.findElement(DefaultElementLocator.java:69)
	at org.openqa.selenium.support.pagefactory.internal.LocatingElementHandler.invoke(LocatingElementHandler.java:38)
	at com.sun.proxy.$Proxy14.getAttribute(Unknown Source)
	at pageObjects.SchedulesPage.GetDescription(SchedulesPage.java:278)
	at testcases.SchedulesTests.ChangeDescriptionTest(SchedulesTests.java:420)
	at sun.reflect.NativeMethodAccessorImpl.invoke0(Native Method)
	at sun.reflect.NativeMethodAccessorImpl.invoke(NativeMethodAccessorImpl.java:62)
	at sun.reflect.DelegatingMethodAccessorImpl.invoke(DelegatingMethodAccessorImpl.java:43)
	at java.lang.reflect.Method.invoke(Method.java:498)
	at org.testng.internal.MethodInvocationHelper.invokeMethod(MethodInvocationHelper.java:133)
	at org.testng.internal.TestInvoker.invokeMethod(TestInvoker.java:584)
	at org.testng.internal.TestInvoker.invokeTestMethod(TestInvoker.java:172)
	at org.testng.internal.MethodRunner.runInSequence(MethodRunner.java:46)
	at org.testng.internal.TestInvoker$MethodInvocationAgent.invoke(TestInvoker.java:804)
	at org.testng.internal.TestInvoker.invokeTestMethods(TestInvoker.java:145)
	at org.testng.internal.TestMethodWorker.invokeTestMethods(TestMethodWorker.java:146)
	at org.testng.internal.TestMethodWorker.run(TestMethodWorker.java:128)
	at java.util.ArrayList.forEach(ArrayList.java:1257)
	at org.testng.TestRunner.privateRun(TestRunner.java:770)
	at org.testng.TestRunner.run(TestRunner.java:591)
	at org.testng.SuiteRunner.runTest(SuiteRunner.java:402)
	at org.testng.SuiteRunner.runSequentially(SuiteRunner.java:396)
	at org.testng.SuiteRunner.privateRun(SuiteRunner.java:355)
	at org.testng.SuiteRunner.run(SuiteRunner.java:304)
	at org.testng.SuiteRunnerWorker.runSuite(SuiteRunnerWorker.java:53)
	at org.testng.SuiteRunnerWorker.run(SuiteRunnerWorker.java:96)
	at org.testng.TestNG.runSuitesSequentially(TestNG.java:1180)
	at org.testng.TestNG.runSuitesLocally(TestNG.java:1102)
	at org.testng.TestNG.runSuites(TestNG.java:1032)
	at org.testng.TestNG.run(TestNG.java:1000)
	at org.testng.remote.AbstractRemoteTestNG.run(AbstractRemoteTestNG.java:115)
	at org.testng.remote.RemoteTestNG.initAndRun(RemoteTestNG.java:251)
	at org.testng.remote.RemoteTestNG.main(RemoteTestNG.java:77)
</pre></td>
                                                                   </tr>
                                                            </tbody>
														</table>
													</div>
												</div> 
											</li>
									</ul>
								</div>
							</div>
						</div>
					</div>
					<div id='exception-details-wrapper' class='col _addedCell2'>
						<div class='contents'>
							<div class='card-panel details-view'>
								<h5 class='exception-name'></h5>
								<div class='exception-container'>
								</div>
							</div>
						</div>
					</div>
				</div>
			<!-- /exceptions -->
			
			<!-- testrunner logs -->
			<!-- /testrunner logs -->
			
		</div>
		<!-- /container -->
		
		<!-- test dashboard counts setting -->
		<div id='test-count-setting' class='modal bottom-sheet'> 
			<div class='modal-content'> 
				<h5>Configure Tests Count Setting</h5> 
				<input name='test-count-setting' type='radio' id='parentWithoutNodes' class='with-gap'> 
				<label for='parentWithoutNodes'>Parent Tests Only (Does not include child nodes in counts)</label> 
				<br> 
				<input name='test-count-setting' type='radio' id='parentWithoutNodesAndNodes' class='with-gap'> 
				<label for='parentWithoutNodesAndNodes'>Parent Tests Without Child Tests + Child Tests</label> 
				<br> 
				<input name='test-count-setting' type='radio' id='childNodes' class='with-gap'> 
				<label for='childNodes'>Child Tests Only</label> 
			</div> 
			<div class='modal-footer'> 
				<a href='#!' class='modal-action modal-close waves-effect waves-green btn'>Save</a> 
			</div> 
		</div>
		<!-- /test dashboard counts setting -->
		
		<!-- filter for step status -->
		<div id='step-status-filter' class='modal bottom-sheet'> 
			<div class='modal-content'> 
				<h5>Select status</h5> 
				<input checked class='filled-in' type='checkbox' id='step-dashboard-filter-pass'> 
				<label for='step-dashboard-filter-pass'>Pass</label> 
				<br> 
				<input checked class='filled-in' type='checkbox' id='step-dashboard-filter-fail'> 
				<label for='step-dashboard-filter-fail'>Fail</label> 
				<br> 
				<input checked class='filled-in' type='checkbox' id='step-dashboard-filter-fatal'> 
				<label for='step-dashboard-filter-fatal'>Fatal</label> 
				<br> 
				<input checked class='filled-in' type='checkbox' id='step-dashboard-filter-error'> 
				<label for='step-dashboard-filter-error'>Error</label> 
				<br> 
				<input checked class='filled-in' type='checkbox' id='step-dashboard-filter-warning'> 
				<label for='step-dashboard-filter-warning'>Warning</label> 
				<br> 
				<input checked class='filled-in' type='checkbox' id='step-dashboard-filter-skip'> 
				<label for='step-dashboard-filter-skip'>Skipped</label> 
				<br> 
				<input checked class='filled-in' type='checkbox' id='step-dashboard-filter-info'> 
				<label for='step-dashboard-filter-info'>Info</label> 
				<br> 
				<input checked class='filled-in' type='checkbox' id='step-dashboard-filter-unknown'> 
				<label for='step-dashboard-filter-unknown'>Unknown</label> 
			</div>
			<div class='modal-footer'> 
				<a href='#!' class='modal-action modal-close waves-effect waves-green btn'>Save</a> 
			</div> 
		</div>
		<!-- /filter for step status -->
		
		<script src='https://cdn.rawgit.com/anshooarora/extentreports/6032d73243ba4fe4fb8769eb9c315d4fdf16fe68/cdn/extent.js' type='text/javascript'></script>

		<script>$(document).ready(function() { $('.logo span').html('ExtentReports'); });</script>
		<script>
				
            
                $(document).ready(function() {
                    
                });
            
        
		</script>
	</body>
</html>
