<!DOCTYPE html>

<html>
  <head>
  <meta charset='utf-8'>
  <title>TestNG reports</title>

    <link type="text/css" href="testng-reports.css" rel="stylesheet" />
    <script type="text/javascript" src="jquery-1.7.1.min.js"></script>
    <script type="text/javascript" src="testng-reports.js"></script>
    <script type="text/javascript" src="https://www.google.com/jsapi"></script>
    <script type='text/javascript'>
      google.load('visualization', '1', {packages:['table']});
      google.setOnLoadCallback(drawTable);
      var suiteTableInitFunctions = new Array();
      var suiteTableData = new Array();
    </script>
    <!--
      <script type="text/javascript" src="jquery-ui/js/jquery-ui-1.8.16.custom.min.js"></script>
     -->
  </head>

  <body>
    <div class="top-banner-root">
      <span class="top-banner-title-font">Test results</span>
      <br/>
      <span class="top-banner-font-1">1 suite, 16 failed tests</span>
    </div> <!-- top-banner-root -->
    <div class="navigator-root">
      <div class="navigator-suite-header">
        <span>All suites</span>
        <a href="#" class="collapse-all-link" title="Collapse/expand all the suites">
          <img class="collapse-all-icon" src="collapseall.gif">
          </img> <!-- collapse-all-icon -->
        </a> <!-- collapse-all-link -->
      </div> <!-- navigator-suite-header -->
      <div class="suite">
        <div class="rounded-window">
          <div class="suite-header light-rounded-window-top">
            <a href="#" class="navigator-link" panel-name="suite-Failed_suite__Default_suite_">
              <span class="suite-name border-failed">Failed suite [Default suite]</span>
            </a> <!-- navigator-link -->
          </div> <!-- suite-header light-rounded-window-top -->
          <div class="navigator-suite-content">
            <div class="suite-section-title">
              <span>Info</span>
            </div> <!-- suite-section-title -->
            <div class="suite-section-content">
              <ul>
                <li>
                  <a href="#" class="navigator-link " panel-name="test-xml-Failed_suite__Default_suite_">
                    <span>E:\NVR_Scripts\Valerus\test-output\testng-failed.xml</span>
                  </a> <!-- navigator-link  -->
                </li>
                <li>
                  <a href="#" class="navigator-link " panel-name="testlist-Failed_suite__Default_suite_">
                    <span class="test-stats">1 test</span>
                  </a> <!-- navigator-link  -->
                </li>
                <li>
                  <a href="#" class="navigator-link " panel-name="group-Failed_suite__Default_suite_">
                    <span>0 groups</span>
                  </a> <!-- navigator-link  -->
                </li>
                <li>
                  <a href="#" class="navigator-link " panel-name="times-Failed_suite__Default_suite_">
                    <span>Times</span>
                  </a> <!-- navigator-link  -->
                </li>
                <li>
                  <a href="#" class="navigator-link " panel-name="reporter-Failed_suite__Default_suite_">
                    <span>Reporter output</span>
                  </a> <!-- navigator-link  -->
                </li>
                <li>
                  <a href="#" class="navigator-link " panel-name="ignored-methods-Failed_suite__Default_suite_">
                    <span>Ignored methods</span>
                  </a> <!-- navigator-link  -->
                </li>
                <li>
                  <a href="#" class="navigator-link " panel-name="chronological-Failed_suite__Default_suite_">
                    <span>Chronological view</span>
                  </a> <!-- navigator-link  -->
                </li>
              </ul>
            </div> <!-- suite-section-content -->
            <div class="result-section">
              <div class="suite-section-title">
                <span>Results</span>
              </div> <!-- suite-section-title -->
              <div class="suite-section-content">
                <ul>
                  <li>
                    <span class="method-stats">17 methods, 16 failed,   1 passed</span>
                  </li>
                  <li>
                    <span class="method-list-title failed">Failed methods</span>
                    <span class="show-or-hide-methods failed">
                      <a href="#" panel-name="suite-Failed_suite__Default_suite_" class="hide-methods failed suite-Failed_suite__Default_suite_"> (hide)</a> <!-- hide-methods failed suite-Failed_suite__Default_suite_ -->
                      <a href="#" panel-name="suite-Failed_suite__Default_suite_" class="show-methods failed suite-Failed_suite__Default_suite_"> (show)</a> <!-- show-methods failed suite-Failed_suite__Default_suite_ -->
                    </span>
                    <div class="method-list-content failed suite-Failed_suite__Default_suite_">
                      <span>
                        <img width="3%" src="failed.png"/>
                        <a href="#" class="method navigator-link" panel-name="suite-Failed_suite__Default_suite_" title="testcases.SchedulesTests" hash-for-method="AddNewScheduleAndCheckInRulesTest">AddNewScheduleAndCheckInRulesTest</a> <!-- method navigator-link -->
                      </span>
                      <br/>
                      <span>
                        <img width="3%" src="failed.png"/>
                        <a href="#" class="method navigator-link" panel-name="suite-Failed_suite__Default_suite_" title="testcases.SchedulesTests" hash-for-method="AddNewScheduleTest">AddNewScheduleTest</a> <!-- method navigator-link -->
                      </span>
                      <br/>
                      <span>
                        <img width="3%" src="failed.png"/>
                        <a href="#" class="method navigator-link" panel-name="suite-Failed_suite__Default_suite_" title="testcases.SchedulesTests" hash-for-method="AddNewScheduleWithAllParametersTest">AddNewScheduleWithAllParametersTest</a> <!-- method navigator-link -->
                      </span>
                      <br/>
                      <span>
                        <img width="3%" src="failed.png"/>
                        <a href="#" class="method navigator-link" panel-name="suite-Failed_suite__Default_suite_" title="testcases.SchedulesTests" hash-for-method="ChangeDayOfMonthInYearlyTest">ChangeDayOfMonthInYearlyTest</a> <!-- method navigator-link -->
                      </span>
                      <br/>
                      <span>
                        <img width="3%" src="failed.png"/>
                        <a href="#" class="method navigator-link" panel-name="suite-Failed_suite__Default_suite_" title="testcases.SchedulesTests" hash-for-method="ChangeDescriptionTest">ChangeDescriptionTest</a> <!-- method navigator-link -->
                      </span>
                      <br/>
                      <span>
                        <img width="3%" src="failed.png"/>
                        <a href="#" class="method navigator-link" panel-name="suite-Failed_suite__Default_suite_" title="testcases.SchedulesTests" hash-for-method="ChangeDurationBySpinnersTest">ChangeDurationBySpinnersTest</a> <!-- method navigator-link -->
                      </span>
                      <br/>
                      <span>
                        <img width="3%" src="failed.png"/>
                        <a href="#" class="method navigator-link" panel-name="suite-Failed_suite__Default_suite_" title="testcases.SchedulesTests" hash-for-method="ChangeDurationTest">ChangeDurationTest</a> <!-- method navigator-link -->
                      </span>
                      <br/>
                      <span>
                        <img width="3%" src="failed.png"/>
                        <a href="#" class="method navigator-link" panel-name="suite-Failed_suite__Default_suite_" title="testcases.SchedulesTests" hash-for-method="ChangeEndDateInNeverModeTest">ChangeEndDateInNeverModeTest</a> <!-- method navigator-link -->
                      </span>
                      <br/>
                      <span>
                        <img width="3%" src="failed.png"/>
                        <a href="#" class="method navigator-link" panel-name="suite-Failed_suite__Default_suite_" title="testcases.SchedulesTests" hash-for-method="ChangeEndTimeBySpinnerTest">ChangeEndTimeBySpinnerTest</a> <!-- method navigator-link -->
                      </span>
                      <br/>
                      <span>
                        <img width="3%" src="failed.png"/>
                        <a href="#" class="method navigator-link" panel-name="suite-Failed_suite__Default_suite_" title="testcases.SchedulesTests" hash-for-method="ChangeEndTimeTest">ChangeEndTimeTest</a> <!-- method navigator-link -->
                      </span>
                      <br/>
                      <span>
                        <img width="3%" src="failed.png"/>
                        <a href="#" class="method navigator-link" panel-name="suite-Failed_suite__Default_suite_" title="testcases.SchedulesTests" hash-for-method="ChangeMonthlyCountOfDayTest">ChangeMonthlyCountOfDayTest</a> <!-- method navigator-link -->
                      </span>
                      <br/>
                      <span>
                        <img width="3%" src="failed.png"/>
                        <a href="#" class="method navigator-link" panel-name="suite-Failed_suite__Default_suite_" title="testcases.SchedulesTests" hash-for-method="ChangeStartDateInNeverModeTest">ChangeStartDateInNeverModeTest</a> <!-- method navigator-link -->
                      </span>
                      <br/>
                      <span>
                        <img width="3%" src="failed.png"/>
                        <a href="#" class="method navigator-link" panel-name="suite-Failed_suite__Default_suite_" title="testcases.SchedulesTests" hash-for-method="ChangeStartTimeBySpinnerTest">ChangeStartTimeBySpinnerTest</a> <!-- method navigator-link -->
                      </span>
                      <br/>
                      <span>
                        <img width="3%" src="failed.png"/>
                        <a href="#" class="method navigator-link" panel-name="suite-Failed_suite__Default_suite_" title="testcases.SchedulesTests" hash-for-method="ChangeStartTimeTest">ChangeStartTimeTest</a> <!-- method navigator-link -->
                      </span>
                      <br/>
                      <span>
                        <img width="3%" src="failed.png"/>
                        <a href="#" class="method navigator-link" panel-name="suite-Failed_suite__Default_suite_" title="testcases.SchedulesTests" hash-for-method="DeleteScheduleByButtonTest">DeleteScheduleByButtonTest</a> <!-- method navigator-link -->
                      </span>
                      <br/>
                      <span>
                        <img width="3%" src="failed.png"/>
                        <a href="#" class="method navigator-link" panel-name="suite-Failed_suite__Default_suite_" title="testcases.SchedulesTests" hash-for-method="DeleteScheduleByIconTest">DeleteScheduleByIconTest</a> <!-- method navigator-link -->
                      </span>
                      <br/>
                    </div> <!-- method-list-content failed suite-Failed_suite__Default_suite_ -->
                  </li>
                  <li>
                    <span class="method-list-title passed">Passed methods</span>
                    <span class="show-or-hide-methods passed">
                      <a href="#" panel-name="suite-Failed_suite__Default_suite_" class="hide-methods passed suite-Failed_suite__Default_suite_"> (hide)</a> <!-- hide-methods passed suite-Failed_suite__Default_suite_ -->
                      <a href="#" panel-name="suite-Failed_suite__Default_suite_" class="show-methods passed suite-Failed_suite__Default_suite_"> (show)</a> <!-- show-methods passed suite-Failed_suite__Default_suite_ -->
                    </span>
                    <div class="method-list-content passed suite-Failed_suite__Default_suite_">
                      <span>
                        <img width="3%" src="passed.png"/>
                        <a href="#" class="method navigator-link" panel-name="suite-Failed_suite__Default_suite_" title="testcases.SchedulesTests" hash-for-method="ChangeNameTest">ChangeNameTest</a> <!-- method navigator-link -->
                      </span>
                      <br/>
                    </div> <!-- method-list-content passed suite-Failed_suite__Default_suite_ -->
                  </li>
                </ul>
              </div> <!-- suite-section-content -->
            </div> <!-- result-section -->
          </div> <!-- navigator-suite-content -->
        </div> <!-- rounded-window -->
      </div> <!-- suite -->
    </div> <!-- navigator-root -->
    <div class="wrapper">
      <div class="main-panel-root">
        <div panel-name="suite-Failed_suite__Default_suite_" class="panel Failed_suite__Default_suite_">
          <div class="suite-Failed_suite__Default_suite_-class-failed">
            <div class="main-panel-header rounded-window-top">
              <img src="failed.png"/>
              <span class="class-name">testcases.SchedulesTests</span>
            </div> <!-- main-panel-header rounded-window-top -->
            <div class="main-panel-content rounded-window-bottom">
              <div class="method">
                <div class="method-content">
                  <a name="AddNewScheduleAndCheckInRulesTest">
                  </a> <!-- AddNewScheduleAndCheckInRulesTest -->
                  <span class="method-name">AddNewScheduleAndCheckInRulesTest</span>
                  <div class="stack-trace">java.lang.AssertionError: did not expect to find [true] but found [false]
	at testcases.SchedulesTests.AddNewScheduleAndCheckInRulesTest(SchedulesTests.java:2912)
	at java.util.ArrayList.forEach(ArrayList.java:1257)
... Removed 31 stack frames
</div> <!-- stack-trace -->
                </div> <!-- method-content -->
              </div> <!-- method -->
              <div class="method">
                <div class="method-content">
                  <a name="AddNewScheduleTest">
                  </a> <!-- AddNewScheduleTest -->
                  <span class="method-name">AddNewScheduleTest</span>
                  <div class="stack-trace">java.lang.AssertionError: expected [34] but found [33]
	at testcases.SchedulesTests.AddNewScheduleTest(SchedulesTests.java:134)
	at java.util.ArrayList.forEach(ArrayList.java:1257)
... Removed 32 stack frames
</div> <!-- stack-trace -->
                </div> <!-- method-content -->
              </div> <!-- method -->
              <div class="method">
                <div class="method-content">
                  <a name="AddNewScheduleWithAllParametersTest">
                  </a> <!-- AddNewScheduleWithAllParametersTest -->
                  <span class="method-name">AddNewScheduleWithAllParametersTest</span>
                  <div class="stack-trace">org.openqa.selenium.NoSuchElementException: Unable to find element with xpath == //div[@class=&apos;fullSize padding-left-right-15 bottom-separator-builder&apos;]/div[@class=&apos;configuration-ditails-form&apos;]//span[contains(text(),&apos;Description&apos;)]/../..//input
For documentation on this error, please visit: http://seleniumhq.org/exceptions/no_such_element.html
Build info: version: &apos;3.9.1&apos;, revision: &apos;63f7b50&apos;, time: &apos;2018-02-07T22:25:02.294Z&apos;
System info: host: &apos;BORSE-PC&apos;, ip: &apos;172.20.1.58&apos;, os.name: &apos;Windows 10&apos;, os.arch: &apos;amd64&apos;, os.version: &apos;10.0&apos;, java.version: &apos;1.8.0_202&apos;
Driver info: org.openqa.selenium.ie.InternetExplorerDriver
Capabilities {acceptInsecureCerts: false, browserName: internet explorer, browserVersion: 11, javascriptEnabled: true, pageLoadStrategy: normal, platform: WINDOWS, platformName: WINDOWS, proxy: Proxy(), se:ieOptions: {browserAttachTimeout: 0, elementScrollBehavior: 0, enablePersistentHover: true, ie.browserCommandLineSwitches: , ie.edgechromium: false, ie.edgepath: , ie.ensureCleanSession: true, ie.fileUploadDialogTimeout: 3000, ie.forceCreateProcessApi: false, ignoreProtectedModeSettings: true, ignoreZoomSetting: false, initialBrowserUrl: http://localhost:8165/, nativeEvents: true, requireWindowFocus: false}, setWindowRect: true, strictFileInteractability: false, timeouts: {implicit: 0, pageLoad: 300000, script: 30000}, unhandledPromptBehavior: dismiss and notify}
Session ID: 0f01be61-f059-4a53-9a17-0363b33f484c
*** Element info: {Using=xpath, value=//div[@class=&apos;fullSize padding-left-right-15 bottom-separator-builder&apos;]/div[@class=&apos;configuration-ditails-form&apos;]//span[contains(text(),&apos;Description&apos;)]/../..//input}
	at org.openqa.selenium.remote.http.W3CHttpResponseCodec.createException(W3CHttpResponseCodec.java:187)
	at org.openqa.selenium.remote.http.W3CHttpResponseCodec.decode(W3CHttpResponseCodec.java:122)
	at org.openqa.selenium.remote.http.W3CHttpResponseCodec.decode(W3CHttpResponseCodec.java:49)
	at org.openqa.selenium.remote.HttpCommandExecutor.execute(HttpCommandExecutor.java:160)
	at org.openqa.selenium.remote.service.DriverCommandExecutor.execute(DriverCommandExecutor.java:83)
	at org.openqa.selenium.remote.RemoteWebDriver.execute(RemoteWebDriver.java:601)
	at org.openqa.selenium.remote.RemoteWebDriver.findElement(RemoteWebDriver.java:371)
	at org.openqa.selenium.remote.RemoteWebDriver.findElementByXPath(RemoteWebDriver.java:473)
	at org.openqa.selenium.By$ByXPath.findElement(By.java:361)
	at org.openqa.selenium.remote.RemoteWebDriver.findElement(RemoteWebDriver.java:363)
	at org.openqa.selenium.support.pagefactory.DefaultElementLocator.findElement(DefaultElementLocator.java:69)
	at org.openqa.selenium.support.pagefactory.internal.LocatingElementHandler.invoke(LocatingElementHandler.java:38)
	at com.sun.proxy.$Proxy14.clear(Unknown Source)
	at Utilities.Page.setElementText(Page.java:477)
	at pageObjects.SchedulesPage.InputInDescriptionField(SchedulesPage.java:448)
	at testcases.SchedulesTests.AddNewScheduleWithAllParametersTest(SchedulesTests.java:160)
	at java.util.ArrayList.forEach(ArrayList.java:1257)
... Removed 31 stack frames
</div> <!-- stack-trace -->
                </div> <!-- method-content -->
              </div> <!-- method -->
              <div class="method">
                <div class="method-content">
                  <a name="ChangeDayOfMonthInYearlyTest">
                  </a> <!-- ChangeDayOfMonthInYearlyTest -->
                  <span class="method-name">ChangeDayOfMonthInYearlyTest</span>
                  <div class="stack-trace">org.openqa.selenium.ElementNotInteractableException: Element cannot be interacted with via the keyboard because it is not focusable
Build info: version: &apos;3.9.1&apos;, revision: &apos;63f7b50&apos;, time: &apos;2018-02-07T22:25:02.294Z&apos;
System info: host: &apos;BORSE-PC&apos;, ip: &apos;172.20.1.58&apos;, os.name: &apos;Windows 10&apos;, os.arch: &apos;amd64&apos;, os.version: &apos;10.0&apos;, java.version: &apos;1.8.0_202&apos;
Driver info: org.openqa.selenium.ie.InternetExplorerDriver
Capabilities {acceptInsecureCerts: false, browserName: internet explorer, browserVersion: 11, javascriptEnabled: true, pageLoadStrategy: normal, platform: WINDOWS, platformName: WINDOWS, proxy: Proxy(), se:ieOptions: {browserAttachTimeout: 0, elementScrollBehavior: 0, enablePersistentHover: true, ie.browserCommandLineSwitches: , ie.edgechromium: false, ie.edgepath: , ie.ensureCleanSession: true, ie.fileUploadDialogTimeout: 3000, ie.forceCreateProcessApi: false, ignoreProtectedModeSettings: true, ignoreZoomSetting: false, initialBrowserUrl: http://localhost:30245/, nativeEvents: true, requireWindowFocus: false}, setWindowRect: true, strictFileInteractability: false, timeouts: {implicit: 0, pageLoad: 300000, script: 30000}, unhandledPromptBehavior: dismiss and notify}
Session ID: 3a393a17-63e8-44ed-8dfa-812d72b3ec66
	at org.openqa.selenium.remote.http.W3CHttpResponseCodec.createException(W3CHttpResponseCodec.java:187)
	at org.openqa.selenium.remote.http.W3CHttpResponseCodec.decode(W3CHttpResponseCodec.java:122)
	at org.openqa.selenium.remote.http.W3CHttpResponseCodec.decode(W3CHttpResponseCodec.java:49)
	at org.openqa.selenium.remote.HttpCommandExecutor.execute(HttpCommandExecutor.java:160)
	at org.openqa.selenium.remote.service.DriverCommandExecutor.execute(DriverCommandExecutor.java:83)
	at org.openqa.selenium.remote.RemoteWebDriver.execute(RemoteWebDriver.java:601)
	at org.openqa.selenium.remote.RemoteWebElement.execute(RemoteWebElement.java:279)
	at org.openqa.selenium.remote.RemoteWebElement.sendKeys(RemoteWebElement.java:100)
	at Utilities.Page.setElementText(Page.java:478)
	at pageObjects.SchedulesPage.InputInCountDaysInMonth(SchedulesPage.java:352)
	at testcases.SchedulesTests.ChangeDayOfMonthInYearlyTest(SchedulesTests.java:2349)
	at java.util.ArrayList.forEach(ArrayList.java:1257)
... Removed 31 stack frames
</div> <!-- stack-trace -->
                </div> <!-- method-content -->
              </div> <!-- method -->
              <div class="method">
                <div class="method-content">
                  <a name="ChangeDescriptionTest">
                  </a> <!-- ChangeDescriptionTest -->
                  <span class="method-name">ChangeDescriptionTest</span>
                  <div class="stack-trace">org.openqa.selenium.NoSuchElementException: Unable to find element with xpath == //div[@class=&apos;fullSize padding-left-right-15 bottom-separator-builder&apos;]/div[@class=&apos;configuration-ditails-form&apos;]//span[contains(text(),&apos;Description&apos;)]/../..//input
For documentation on this error, please visit: http://seleniumhq.org/exceptions/no_such_element.html
Build info: version: &apos;3.9.1&apos;, revision: &apos;63f7b50&apos;, time: &apos;2018-02-07T22:25:02.294Z&apos;
System info: host: &apos;BORSE-PC&apos;, ip: &apos;172.20.1.58&apos;, os.name: &apos;Windows 10&apos;, os.arch: &apos;amd64&apos;, os.version: &apos;10.0&apos;, java.version: &apos;1.8.0_202&apos;
Driver info: org.openqa.selenium.ie.InternetExplorerDriver
Capabilities {acceptInsecureCerts: false, browserName: internet explorer, browserVersion: 11, javascriptEnabled: true, pageLoadStrategy: normal, platform: WINDOWS, platformName: WINDOWS, proxy: Proxy(), se:ieOptions: {browserAttachTimeout: 0, elementScrollBehavior: 0, enablePersistentHover: true, ie.browserCommandLineSwitches: , ie.edgechromium: false, ie.edgepath: , ie.ensureCleanSession: true, ie.fileUploadDialogTimeout: 3000, ie.forceCreateProcessApi: false, ignoreProtectedModeSettings: true, ignoreZoomSetting: false, initialBrowserUrl: http://localhost:8225/, nativeEvents: true, requireWindowFocus: false}, setWindowRect: true, strictFileInteractability: false, timeouts: {implicit: 0, pageLoad: 300000, script: 30000}, unhandledPromptBehavior: dismiss and notify}
Session ID: 9efb18df-cfb5-4dd7-8b25-6b4a1770f7b5
*** Element info: {Using=xpath, value=//div[@class=&apos;fullSize padding-left-right-15 bottom-separator-builder&apos;]/div[@class=&apos;configuration-ditails-form&apos;]//span[contains(text(),&apos;Description&apos;)]/../..//input}
	at org.openqa.selenium.remote.http.W3CHttpResponseCodec.createException(W3CHttpResponseCodec.java:187)
	at org.openqa.selenium.remote.http.W3CHttpResponseCodec.decode(W3CHttpResponseCodec.java:122)
	at org.openqa.selenium.remote.http.W3CHttpResponseCodec.decode(W3CHttpResponseCodec.java:49)
	at org.openqa.selenium.remote.HttpCommandExecutor.execute(HttpCommandExecutor.java:160)
	at org.openqa.selenium.remote.service.DriverCommandExecutor.execute(DriverCommandExecutor.java:83)
	at org.openqa.selenium.remote.RemoteWebDriver.execute(RemoteWebDriver.java:601)
	at org.openqa.selenium.remote.RemoteWebDriver.findElement(RemoteWebDriver.java:371)
	at org.openqa.selenium.remote.RemoteWebDriver.findElementByXPath(RemoteWebDriver.java:473)
	at org.openqa.selenium.By$ByXPath.findElement(By.java:361)
	at org.openqa.selenium.remote.RemoteWebDriver.findElement(RemoteWebDriver.java:363)
	at org.openqa.selenium.support.pagefactory.DefaultElementLocator.findElement(DefaultElementLocator.java:69)
	at org.openqa.selenium.support.pagefactory.internal.LocatingElementHandler.invoke(LocatingElementHandler.java:38)
	at com.sun.proxy.$Proxy14.getAttribute(Unknown Source)
	at pageObjects.SchedulesPage.GetDescription(SchedulesPage.java:278)
	at testcases.SchedulesTests.ChangeDescriptionTest(SchedulesTests.java:420)
	at java.util.ArrayList.forEach(ArrayList.java:1257)
... Removed 31 stack frames
</div> <!-- stack-trace -->
                </div> <!-- method-content -->
              </div> <!-- method -->
              <div class="method">
                <div class="method-content">
                  <a name="ChangeDurationBySpinnersTest">
                  </a> <!-- ChangeDurationBySpinnersTest -->
                  <span class="method-name">ChangeDurationBySpinnersTest</span>
                  <div class="stack-trace">java.lang.NumberFormatException: For input string: &quot;34 PM&quot;
	at java.lang.NumberFormatException.forInputString(NumberFormatException.java:65)
	at java.lang.Integer.parseInt(Integer.java:580)
	at java.lang.Integer.parseInt(Integer.java:615)
	at pageObjects.SchedulesPage.GetEndTimeMinutes(SchedulesPage.java:589)
	at testcases.SchedulesTests.ChangeDurationBySpinnersTest(SchedulesTests.java:1284)
	at java.util.ArrayList.forEach(ArrayList.java:1257)
... Removed 27 stack frames
</div> <!-- stack-trace -->
                </div> <!-- method-content -->
              </div> <!-- method -->
              <div class="method">
                <div class="method-content">
                  <a name="ChangeDurationTest">
                  </a> <!-- ChangeDurationTest -->
                  <span class="method-name">ChangeDurationTest</span>
                  <div class="stack-trace">java.lang.NumberFormatException: For input string: &quot;39 AM&quot;
	at java.lang.NumberFormatException.forInputString(NumberFormatException.java:65)
	at java.lang.Integer.parseInt(Integer.java:580)
	at java.lang.Integer.parseInt(Integer.java:615)
	at pageObjects.SchedulesPage.GetEndTimeMinutes(SchedulesPage.java:589)
	at testcases.SchedulesTests.ChangeDurationTest(SchedulesTests.java:1171)
	at java.util.ArrayList.forEach(ArrayList.java:1257)
... Removed 27 stack frames
</div> <!-- stack-trace -->
                </div> <!-- method-content -->
              </div> <!-- method -->
              <div class="method">
                <div class="method-content">
                  <a name="ChangeEndDateInNeverModeTest">
                  </a> <!-- ChangeEndDateInNeverModeTest -->
                  <span class="method-name">ChangeEndDateInNeverModeTest</span>
                  <div class="stack-trace">java.lang.IndexOutOfBoundsException: Index: 0, Size: 0
	at java.util.ArrayList.rangeCheck(ArrayList.java:657)
	at java.util.ArrayList.get(ArrayList.java:433)
	at org.openqa.selenium.support.pagefactory.internal.LocatingElementListHandler.invoke(LocatingElementListHandler.java:39)
	at com.sun.proxy.$Proxy15.get(Unknown Source)
	at pageObjects.SchedulesPage.ClickOnYearByIndex(SchedulesPage.java:813)
	at testcases.SchedulesTests.ChangeEndDateInNeverModeTest(SchedulesTests.java:2599)
	at java.util.ArrayList.forEach(ArrayList.java:1257)
... Removed 30 stack frames
</div> <!-- stack-trace -->
                </div> <!-- method-content -->
              </div> <!-- method -->
              <div class="method">
                <div class="method-content">
                  <a name="ChangeEndTimeBySpinnerTest">
                  </a> <!-- ChangeEndTimeBySpinnerTest -->
                  <span class="method-name">ChangeEndTimeBySpinnerTest</span>
                  <div class="stack-trace">java.lang.NumberFormatException: For input string: &quot;49 AM&quot;
	at java.lang.NumberFormatException.forInputString(NumberFormatException.java:65)
	at java.lang.Integer.parseInt(Integer.java:580)
	at java.lang.Integer.parseInt(Integer.java:615)
	at pageObjects.SchedulesPage.GetEndTimeMinutes(SchedulesPage.java:589)
	at testcases.SchedulesTests.ChangeEndTimeBySpinnerTest(SchedulesTests.java:1024)
	at java.util.ArrayList.forEach(ArrayList.java:1257)
... Removed 27 stack frames
</div> <!-- stack-trace -->
                </div> <!-- method-content -->
              </div> <!-- method -->
              <div class="method">
                <div class="method-content">
                  <a name="ChangeEndTimeTest">
                  </a> <!-- ChangeEndTimeTest -->
                  <span class="method-name">ChangeEndTimeTest</span>
                  <div class="stack-trace">java.lang.StringIndexOutOfBoundsException: String index out of range: -1
	at java.lang.String.substring(String.java:1967)
	at pageObjects.SchedulesPage.GetEndTimeHours(SchedulesPage.java:581)
	at testcases.SchedulesTests.ChangeEndTimeTest(SchedulesTests.java:920)
	at java.util.ArrayList.forEach(ArrayList.java:1257)
... Removed 27 stack frames
</div> <!-- stack-trace -->
                </div> <!-- method-content -->
              </div> <!-- method -->
              <div class="method">
                <div class="method-content">
                  <a name="ChangeMonthlyCountOfDayTest">
                  </a> <!-- ChangeMonthlyCountOfDayTest -->
                  <span class="method-name">ChangeMonthlyCountOfDayTest</span>
                  <div class="stack-trace">org.openqa.selenium.ElementNotInteractableException: Element cannot be interacted with via the keyboard because it is not focusable
Build info: version: &apos;3.9.1&apos;, revision: &apos;63f7b50&apos;, time: &apos;2018-02-07T22:25:02.294Z&apos;
System info: host: &apos;BORSE-PC&apos;, ip: &apos;172.20.1.58&apos;, os.name: &apos;Windows 10&apos;, os.arch: &apos;amd64&apos;, os.version: &apos;10.0&apos;, java.version: &apos;1.8.0_202&apos;
Driver info: org.openqa.selenium.ie.InternetExplorerDriver
Capabilities {acceptInsecureCerts: false, browserName: internet explorer, browserVersion: 11, javascriptEnabled: true, pageLoadStrategy: normal, platform: WINDOWS, platformName: WINDOWS, proxy: Proxy(), se:ieOptions: {browserAttachTimeout: 0, elementScrollBehavior: 0, enablePersistentHover: true, ie.browserCommandLineSwitches: , ie.edgechromium: false, ie.edgepath: , ie.ensureCleanSession: true, ie.fileUploadDialogTimeout: 3000, ie.forceCreateProcessApi: false, ignoreProtectedModeSettings: true, ignoreZoomSetting: false, initialBrowserUrl: http://localhost:4509/, nativeEvents: true, requireWindowFocus: false}, setWindowRect: true, strictFileInteractability: false, timeouts: {implicit: 0, pageLoad: 300000, script: 30000}, unhandledPromptBehavior: dismiss and notify}
Session ID: e1290b53-ff3b-4a14-b8fa-981ab63b0500
	at org.openqa.selenium.remote.http.W3CHttpResponseCodec.createException(W3CHttpResponseCodec.java:187)
	at org.openqa.selenium.remote.http.W3CHttpResponseCodec.decode(W3CHttpResponseCodec.java:122)
	at org.openqa.selenium.remote.http.W3CHttpResponseCodec.decode(W3CHttpResponseCodec.java:49)
	at org.openqa.selenium.remote.HttpCommandExecutor.execute(HttpCommandExecutor.java:160)
	at org.openqa.selenium.remote.service.DriverCommandExecutor.execute(DriverCommandExecutor.java:83)
	at org.openqa.selenium.remote.RemoteWebDriver.execute(RemoteWebDriver.java:601)
	at org.openqa.selenium.remote.RemoteWebElement.execute(RemoteWebElement.java:279)
	at org.openqa.selenium.remote.RemoteWebElement.sendKeys(RemoteWebElement.java:100)
	at Utilities.Page.setElementText(Page.java:478)
	at pageObjects.SchedulesPage.InputInDaysField(SchedulesPage.java:677)
	at testcases.SchedulesTests.ChangeMonthlyCountOfDayTest(SchedulesTests.java:1534)
	at java.util.ArrayList.forEach(ArrayList.java:1257)
... Removed 31 stack frames
</div> <!-- stack-trace -->
                </div> <!-- method-content -->
              </div> <!-- method -->
              <div class="method">
                <div class="method-content">
                  <a name="ChangeStartDateInNeverModeTest">
                  </a> <!-- ChangeStartDateInNeverModeTest -->
                  <span class="method-name">ChangeStartDateInNeverModeTest</span>
                  <div class="stack-trace">java.lang.IndexOutOfBoundsException: Index: 0, Size: 0
	at java.util.ArrayList.rangeCheck(ArrayList.java:657)
	at java.util.ArrayList.get(ArrayList.java:433)
	at org.openqa.selenium.support.pagefactory.internal.LocatingElementListHandler.invoke(LocatingElementListHandler.java:39)
	at com.sun.proxy.$Proxy15.get(Unknown Source)
	at pageObjects.SchedulesPage.ClickOnYearByIndex(SchedulesPage.java:813)
	at testcases.SchedulesTests.ChangeStartDateInNeverModeTest(SchedulesTests.java:2512)
	at java.util.ArrayList.forEach(ArrayList.java:1257)
... Removed 30 stack frames
</div> <!-- stack-trace -->
                </div> <!-- method-content -->
              </div> <!-- method -->
              <div class="method">
                <div class="method-content">
                  <a name="ChangeStartTimeBySpinnerTest">
                  </a> <!-- ChangeStartTimeBySpinnerTest -->
                  <span class="method-name">ChangeStartTimeBySpinnerTest</span>
                  <div class="stack-trace">java.lang.NumberFormatException: For input string: &quot;52 AM&quot;
	at java.lang.NumberFormatException.forInputString(NumberFormatException.java:65)
	at java.lang.Integer.parseInt(Integer.java:580)
	at java.lang.Integer.parseInt(Integer.java:615)
	at pageObjects.SchedulesPage.GetStartTimeMinutes(SchedulesPage.java:604)
	at testcases.SchedulesTests.ChangeStartTimeBySpinnerTest(SchedulesTests.java:776)
	at java.util.ArrayList.forEach(ArrayList.java:1257)
... Removed 27 stack frames
</div> <!-- stack-trace -->
                </div> <!-- method-content -->
              </div> <!-- method -->
              <div class="method">
                <div class="method-content">
                  <a name="ChangeStartTimeTest">
                  </a> <!-- ChangeStartTimeTest -->
                  <span class="method-name">ChangeStartTimeTest</span>
                  <div class="stack-trace">java.lang.NumberFormatException: For input string: &quot;54 PM&quot;
	at java.lang.NumberFormatException.forInputString(NumberFormatException.java:65)
	at java.lang.Integer.parseInt(Integer.java:580)
	at java.lang.Integer.parseInt(Integer.java:615)
	at pageObjects.SchedulesPage.GetEndTimeMinutes(SchedulesPage.java:589)
	at testcases.SchedulesTests.ChangeStartTimeTest(SchedulesTests.java:682)
	at java.util.ArrayList.forEach(ArrayList.java:1257)
... Removed 27 stack frames
</div> <!-- stack-trace -->
                </div> <!-- method-content -->
              </div> <!-- method -->
              <div class="method">
                <div class="method-content">
                  <a name="DeleteScheduleByButtonTest">
                  </a> <!-- DeleteScheduleByButtonTest -->
                  <span class="method-name">DeleteScheduleByButtonTest</span>
                  <div class="stack-trace">java.lang.AssertionError: expected [32] but found [33]
	at testcases.SchedulesTests.DeleteScheduleByButtonTest(SchedulesTests.java:326)
	at java.util.ArrayList.forEach(ArrayList.java:1257)
... Removed 32 stack frames
</div> <!-- stack-trace -->
                </div> <!-- method-content -->
              </div> <!-- method -->
              <div class="method">
                <div class="method-content">
                  <a name="DeleteScheduleByIconTest">
                  </a> <!-- DeleteScheduleByIconTest -->
                  <span class="method-name">DeleteScheduleByIconTest</span>
                  <div class="stack-trace">java.lang.AssertionError: expected [32] but found [33]
	at testcases.SchedulesTests.DeleteScheduleByIconTest(SchedulesTests.java:263)
	at java.util.ArrayList.forEach(ArrayList.java:1257)
... Removed 32 stack frames
</div> <!-- stack-trace -->
                </div> <!-- method-content -->
              </div> <!-- method -->
            </div> <!-- main-panel-content rounded-window-bottom -->
          </div> <!-- suite-Failed_suite__Default_suite_-class-failed -->
          <div class="suite-Failed_suite__Default_suite_-class-passed">
            <div class="main-panel-header rounded-window-top">
              <img src="passed.png"/>
              <span class="class-name">testcases.SchedulesTests</span>
            </div> <!-- main-panel-header rounded-window-top -->
            <div class="main-panel-content rounded-window-bottom">
              <div class="method">
                <div class="method-content">
                  <a name="ChangeNameTest">
                  </a> <!-- ChangeNameTest -->
                  <span class="method-name">ChangeNameTest</span>
                </div> <!-- method-content -->
              </div> <!-- method -->
            </div> <!-- main-panel-content rounded-window-bottom -->
          </div> <!-- suite-Failed_suite__Default_suite_-class-passed -->
        </div> <!-- panel Failed_suite__Default_suite_ -->
        <div panel-name="test-xml-Failed_suite__Default_suite_" class="panel">
          <div class="main-panel-header rounded-window-top">
            <span class="header-content">E:\NVR_Scripts\Valerus\test-output\testng-failed.xml</span>
          </div> <!-- main-panel-header rounded-window-top -->
          <div class="main-panel-content rounded-window-bottom">
            <pre>
&lt;?xml version=&quot;1.0&quot; encoding=&quot;UTF-8&quot;?&gt;
&lt;!DOCTYPE suite SYSTEM &quot;https://testng.org/testng-1.0.dtd&quot;&gt;
&lt;suite guice-stage=&quot;DEVELOPMENT&quot; name=&quot;Failed suite [Default suite]&quot;&gt;
  &lt;test thread-count=&quot;5&quot; name=&quot;Default test(failed)&quot;&gt;
    &lt;classes&gt;
      &lt;class name=&quot;testcases.SchedulesTests&quot;&gt;
        &lt;methods&gt;
          &lt;include name=&quot;ChangeStartTimeTest&quot;/&gt;
          &lt;include name=&quot;AddNewScheduleTest&quot;/&gt;
          &lt;include name=&quot;ChangeDurationBySpinnersTest&quot;/&gt;
          &lt;include name=&quot;ChangeEndTimeBySpinnerTest&quot;/&gt;
          &lt;include name=&quot;ChangeMonthlyCountOfDayTest&quot;/&gt;
          &lt;include name=&quot;afterMethod&quot;/&gt;
          &lt;include name=&quot;DeleteScheduleByButtonTest&quot;/&gt;
          &lt;include name=&quot;DeleteScheduleByIconTest&quot;/&gt;
          &lt;include name=&quot;endReport&quot;/&gt;
          &lt;include name=&quot;startReport&quot;/&gt;
          &lt;include name=&quot;ChangeDurationTest&quot;/&gt;
          &lt;include name=&quot;ChangeStartTimeBySpinnerTest&quot;/&gt;
          &lt;include name=&quot;ChangeNameTest&quot;/&gt;
          &lt;include name=&quot;AddNewScheduleWithAllParametersTest&quot;/&gt;
          &lt;include name=&quot;ChangeStartDateInNeverModeTest&quot;/&gt;
          &lt;include name=&quot;GoToSchedulesPage&quot;/&gt;
          &lt;include name=&quot;setup&quot;/&gt;
          &lt;include name=&quot;AddNewScheduleAndCheckInRulesTest&quot;/&gt;
          &lt;include name=&quot;ChangeDayOfMonthInYearlyTest&quot;/&gt;
          &lt;include name=&quot;ChangeDescriptionTest&quot;/&gt;
          &lt;include name=&quot;ChangeEndDateInNeverModeTest&quot;/&gt;
          &lt;include name=&quot;ChangeEndTimeTest&quot;/&gt;
        &lt;/methods&gt;
      &lt;/class&gt; &lt;!-- testcases.SchedulesTests --&gt;
    &lt;/classes&gt;
  &lt;/test&gt; &lt;!-- Default test(failed) --&gt;
&lt;/suite&gt; &lt;!-- Failed suite [Default suite] --&gt;
            </pre>
          </div> <!-- main-panel-content rounded-window-bottom -->
        </div> <!-- panel -->
        <div panel-name="testlist-Failed_suite__Default_suite_" class="panel">
          <div class="main-panel-header rounded-window-top">
            <span class="header-content">Tests for Failed suite [Default suite]</span>
          </div> <!-- main-panel-header rounded-window-top -->
          <div class="main-panel-content rounded-window-bottom">
            <ul>
              <li>
                <span class="test-name">Default test(failed) (1 class)</span>
              </li>
            </ul>
          </div> <!-- main-panel-content rounded-window-bottom -->
        </div> <!-- panel -->
        <div panel-name="group-Failed_suite__Default_suite_" class="panel">
          <div class="main-panel-header rounded-window-top">
            <span class="header-content">Groups for Failed suite [Default suite]</span>
          </div> <!-- main-panel-header rounded-window-top -->
          <div class="main-panel-content rounded-window-bottom">
          </div> <!-- main-panel-content rounded-window-bottom -->
        </div> <!-- panel -->
        <div panel-name="times-Failed_suite__Default_suite_" class="panel">
          <div class="main-panel-header rounded-window-top">
            <span class="header-content">Times for Failed suite [Default suite]</span>
          </div> <!-- main-panel-header rounded-window-top -->
          <div class="main-panel-content rounded-window-bottom">
            <div class="times-div">
              <script type="text/javascript">
suiteTableInitFunctions.push('tableData_Failed_suite__Default_suite_');
function tableData_Failed_suite__Default_suite_() {
var data = new google.visualization.DataTable();
data.addColumn('number', 'Number');
data.addColumn('string', 'Method');
data.addColumn('string', 'Class');
data.addColumn('number', 'Time (ms)');
data.addRows(17);
data.setCell(0, 0, 0)
data.setCell(0, 1, 'ChangeDurationBySpinnersTest')
data.setCell(0, 2, 'testcases.SchedulesTests')
data.setCell(0, 3, 107557);
data.setCell(1, 0, 1)
data.setCell(1, 1, 'ChangeNameTest')
data.setCell(1, 2, 'testcases.SchedulesTests')
data.setCell(1, 3, 31209);
data.setCell(2, 0, 2)
data.setCell(2, 1, 'ChangeStartDateInNeverModeTest')
data.setCell(2, 2, 'testcases.SchedulesTests')
data.setCell(2, 3, 22980);
data.setCell(3, 0, 3)
data.setCell(3, 1, 'DeleteScheduleByButtonTest')
data.setCell(3, 2, 'testcases.SchedulesTests')
data.setCell(3, 3, 17498);
data.setCell(4, 0, 4)
data.setCell(4, 1, 'DeleteScheduleByIconTest')
data.setCell(4, 2, 'testcases.SchedulesTests')
data.setCell(4, 3, 17341);
data.setCell(5, 0, 5)
data.setCell(5, 1, 'ChangeDayOfMonthInYearlyTest')
data.setCell(5, 2, 'testcases.SchedulesTests')
data.setCell(5, 3, 16521);
data.setCell(6, 0, 6)
data.setCell(6, 1, 'ChangeMonthlyCountOfDayTest')
data.setCell(6, 2, 'testcases.SchedulesTests')
data.setCell(6, 3, 16335);
data.setCell(7, 0, 7)
data.setCell(7, 1, 'AddNewScheduleAndCheckInRulesTest')
data.setCell(7, 2, 'testcases.SchedulesTests')
data.setCell(7, 3, 13402);
data.setCell(8, 0, 8)
data.setCell(8, 1, 'ChangeStartTimeTest')
data.setCell(8, 2, 'testcases.SchedulesTests')
data.setCell(8, 3, 13235);
data.setCell(9, 0, 9)
data.setCell(9, 1, 'ChangeEndDateInNeverModeTest')
data.setCell(9, 2, 'testcases.SchedulesTests')
data.setCell(9, 3, 11421);
data.setCell(10, 0, 10)
data.setCell(10, 1, 'AddNewScheduleWithAllParametersTest')
data.setCell(10, 2, 'testcases.SchedulesTests')
data.setCell(10, 3, 10678);
data.setCell(11, 0, 11)
data.setCell(11, 1, 'ChangeDurationTest')
data.setCell(11, 2, 'testcases.SchedulesTests')
data.setCell(11, 3, 8919);
data.setCell(12, 0, 12)
data.setCell(12, 1, 'ChangeEndTimeTest')
data.setCell(12, 2, 'testcases.SchedulesTests')
data.setCell(12, 3, 7628);
data.setCell(13, 0, 13)
data.setCell(13, 1, 'AddNewScheduleTest')
data.setCell(13, 2, 'testcases.SchedulesTests')
data.setCell(13, 3, 5901);
data.setCell(14, 0, 14)
data.setCell(14, 1, 'ChangeDescriptionTest')
data.setCell(14, 2, 'testcases.SchedulesTests')
data.setCell(14, 3, 5161);
data.setCell(15, 0, 15)
data.setCell(15, 1, 'ChangeStartTimeBySpinnerTest')
data.setCell(15, 2, 'testcases.SchedulesTests')
data.setCell(15, 3, 1852);
data.setCell(16, 0, 16)
data.setCell(16, 1, 'ChangeEndTimeBySpinnerTest')
data.setCell(16, 2, 'testcases.SchedulesTests')
data.setCell(16, 3, 1636);
window.suiteTableData['Failed_suite__Default_suite_']= { tableData: data, tableDiv: 'times-div-Failed_suite__Default_suite_'}
return data;
}
              </script>
              <span class="suite-total-time">Total running time: 5 minutes</span>
              <div id="times-div-Failed_suite__Default_suite_">
              </div> <!-- times-div-Failed_suite__Default_suite_ -->
            </div> <!-- times-div -->
          </div> <!-- main-panel-content rounded-window-bottom -->
        </div> <!-- panel -->
        <div panel-name="reporter-Failed_suite__Default_suite_" class="panel">
          <div class="main-panel-header rounded-window-top">
            <span class="header-content">Reporter output for Failed suite [Default suite]</span>
          </div> <!-- main-panel-header rounded-window-top -->
          <div class="main-panel-content rounded-window-bottom">
          </div> <!-- main-panel-content rounded-window-bottom -->
        </div> <!-- panel -->
        <div panel-name="ignored-methods-Failed_suite__Default_suite_" class="panel">
          <div class="main-panel-header rounded-window-top">
            <span class="header-content">27 ignored methods</span>
          </div> <!-- main-panel-header rounded-window-top -->
          <div class="main-panel-content rounded-window-bottom">
            <div class="ignored-class-div">
              <span class="ignored-class-name">testcases.SchedulesTests</span>
              <div class="ignored-methods-div">
                <span class="ignored-method-name">FilterSchedulesTest</span>
                <br/>
                <span class="ignored-method-name">DeleteScheduleByIconAndClickNoTest</span>
                <br/>
                <span class="ignored-method-name">ChangeMonthlyCountOfDayBySpinnersTest</span>
                <br/>
                <span class="ignored-method-name">ChangeMonthlyModeTest</span>
                <br/>
                <span class="ignored-method-name">ChangeRepeatOptionTest</span>
                <br/>
                <span class="ignored-method-name">ChangeDayOfWeekInMonthInYearlyModeTest</span>
                <br/>
                <span class="ignored-method-name">ChangeMonthlyNumberOfDayTest</span>
                <br/>
                <span class="ignored-method-name">AddSomePeriodsToScheduleTest</span>
                <br/>
                <span class="ignored-method-name">DeleteScheduleByButtonAndClickNOTest</span>
                <br/>
                <span class="ignored-method-name">DeleteAllPeriodsTest</span>
                <br/>
                <span class="ignored-method-name">DeleteScheduleByButtonAndCheckInAudioChannelsTest</span>
                <br/>
                <span class="ignored-method-name">ChangeDayOfMonthInYearlyBySpinnersTest</span>
                <br/>
                <span class="ignored-method-name">ChangeWeeklyDaysTest</span>
                <br/>
                <span class="ignored-method-name">ChangeDateAndCheckDurationInNeverModeTest</span>
                <br/>
                <span class="ignored-method-name">ChangeMonthInYearlyModeTest</span>
                <br/>
                <span class="ignored-method-name">DeleteScheduleByButtonAndCheckInVideoChannelsTest</span>
                <br/>
                <span class="ignored-method-name">AddNewScheduleAndCheckInVideoChannelsTest</span>
                <br/>
                <span class="ignored-method-name">CheckThatUncheckedModeElementsAreDisabledTest</span>
                <br/>
                <span class="ignored-method-name">ChangeDayOfMonthInYearlyModeTest</span>
                <br/>
                <span class="ignored-method-name">ChangeMonthlyDayOfWeekTest</span>
                <br/>
                <span class="ignored-method-name">DeleteSomePeriodsTest</span>
                <br/>
                <span class="ignored-method-name">AddNewScheduleAndCheckInAudioChannelsTest</span>
                <br/>
                <span class="ignored-method-name">ChangePeriodNameTest</span>
                <br/>
                <span class="ignored-method-name">DeleteScheduleByButtonAndCheckInRulesTest</span>
                <br/>
                <span class="ignored-method-name">ChangeYearlyModeTest</span>
                <br/>
                <span class="ignored-method-name">ChangeEveryMonthInYearlyModeTest</span>
                <br/>
                <span class="ignored-method-name">ChangeThatUncheckedModeElementsAreDisabledInYearlyModeTest</span>
                <br/>
              </div> <!-- ignored-methods-div -->
            </div> <!-- ignored-class-div -->
          </div> <!-- main-panel-content rounded-window-bottom -->
        </div> <!-- panel -->
        <div panel-name="chronological-Failed_suite__Default_suite_" class="panel">
          <div class="main-panel-header rounded-window-top">
            <span class="header-content">Methods in chronological order</span>
          </div> <!-- main-panel-header rounded-window-top -->
          <div class="main-panel-content rounded-window-bottom">
            <div class="chronological-class">
              <div class="chronological-class-name">testcases.SchedulesTests</div> <!-- chronological-class-name -->
              <div class="configuration-test before">
                <span class="method-name">startReport</span>
                <span class="method-start">0 ms</span>
              </div> <!-- configuration-test before -->
              <div class="configuration-class before">
                <span class="method-name">setup(ie)</span>
                <span class="method-start">97 ms</span>
              </div> <!-- configuration-class before -->
              <div class="configuration-method before">
                <span class="method-name">GoToSchedulesPage</span>
                <span class="method-start">104 ms</span>
              </div> <!-- configuration-method before -->
              <div class="test-method">
                <img src="failed.png">
                </img>
                <span class="method-name">ChangeStartTimeTest</span>
                <span class="method-start">106925 ms</span>
              </div> <!-- test-method -->
              <div class="configuration-method after">
                <span class="method-name">afterMethod([TestResult name=ChangeStartTimeTest status=FAILURE method=SchedulesTests.ChangeStartTimeTest()[pri:...)</span>
                <span class="method-start">120162 ms</span>
              </div> <!-- configuration-method after -->
              <div class="configuration-method before">
                <span class="method-name">GoToSchedulesPage</span>
                <span class="method-start">121083 ms</span>
              </div> <!-- configuration-method before -->
              <div class="test-method">
                <img src="failed.png">
                </img>
                <span class="method-name">AddNewScheduleTest</span>
                <span class="method-start">212579 ms</span>
              </div> <!-- test-method -->
              <div class="configuration-method after">
                <span class="method-name">afterMethod([TestResult name=AddNewScheduleTest status=FAILURE method=SchedulesTests.AddNewScheduleTest()[pri:0,...)</span>
                <span class="method-start">218481 ms</span>
              </div> <!-- configuration-method after -->
              <div class="configuration-method before">
                <span class="method-name">GoToSchedulesPage</span>
                <span class="method-start">219284 ms</span>
              </div> <!-- configuration-method before -->
              <div class="test-method">
                <img src="failed.png">
                </img>
                <span class="method-name">ChangeDurationBySpinnersTest</span>
                <span class="method-start">309585 ms</span>
              </div> <!-- test-method -->
              <div class="configuration-method after">
                <span class="method-name">afterMethod([TestResult name=ChangeDurationBySpinnersTest status=FAILURE method=SchedulesTests.ChangeDurationByS...)</span>
                <span class="method-start">417143 ms</span>
              </div> <!-- configuration-method after -->
              <div class="configuration-method before">
                <span class="method-name">GoToSchedulesPage</span>
                <span class="method-start">417956 ms</span>
              </div> <!-- configuration-method before -->
              <div class="test-method">
                <img src="failed.png">
                </img>
                <span class="method-name">ChangeEndTimeBySpinnerTest</span>
                <span class="method-start">508448 ms</span>
              </div> <!-- test-method -->
              <div class="configuration-method after">
                <span class="method-name">afterMethod([TestResult name=ChangeEndTimeBySpinnerTest status=FAILURE method=SchedulesTests.ChangeEndTimeBySpin...)</span>
                <span class="method-start">510085 ms</span>
              </div> <!-- configuration-method after -->
              <div class="configuration-method before">
                <span class="method-name">GoToSchedulesPage</span>
                <span class="method-start">511191 ms</span>
              </div> <!-- configuration-method before -->
              <div class="test-method">
                <img src="failed.png">
                </img>
                <span class="method-name">ChangeMonthlyCountOfDayTest</span>
                <span class="method-start">603154 ms</span>
              </div> <!-- test-method -->
              <div class="configuration-method after">
                <span class="method-name">afterMethod([TestResult name=ChangeMonthlyCountOfDayTest status=FAILURE method=SchedulesTests.ChangeMonthlyCount...)</span>
                <span class="method-start">619491 ms</span>
              </div> <!-- configuration-method after -->
              <div class="configuration-method before">
                <span class="method-name">GoToSchedulesPage</span>
                <span class="method-start">620608 ms</span>
              </div> <!-- configuration-method before -->
              <div class="test-method">
                <img src="failed.png">
                </img>
                <span class="method-name">DeleteScheduleByButtonTest</span>
                <span class="method-start">712454 ms</span>
              </div> <!-- test-method -->
              <div class="configuration-method after">
                <span class="method-name">afterMethod([TestResult name=DeleteScheduleByButtonTest status=FAILURE method=SchedulesTests.DeleteScheduleByBut...)</span>
                <span class="method-start">729953 ms</span>
              </div> <!-- configuration-method after -->
              <div class="configuration-method before">
                <span class="method-name">GoToSchedulesPage</span>
                <span class="method-start">730948 ms</span>
              </div> <!-- configuration-method before -->
              <div class="test-method">
                <img src="failed.png">
                </img>
                <span class="method-name">DeleteScheduleByIconTest</span>
                <span class="method-start">821093 ms</span>
              </div> <!-- test-method -->
              <div class="configuration-method after">
                <span class="method-name">afterMethod([TestResult name=DeleteScheduleByIconTest status=FAILURE method=SchedulesTests.DeleteScheduleByIconT...)</span>
                <span class="method-start">838436 ms</span>
              </div> <!-- configuration-method after -->
              <div class="configuration-method before">
                <span class="method-name">GoToSchedulesPage</span>
                <span class="method-start">839532 ms</span>
              </div> <!-- configuration-method before -->
              <div class="test-method">
                <img src="failed.png">
                </img>
                <span class="method-name">ChangeDurationTest</span>
                <span class="method-start">930517 ms</span>
              </div> <!-- test-method -->
              <div class="configuration-method after">
                <span class="method-name">afterMethod([TestResult name=ChangeDurationTest status=FAILURE method=SchedulesTests.ChangeDurationTest()[pri:0,...)</span>
                <span class="method-start">939437 ms</span>
              </div> <!-- configuration-method after -->
              <div class="configuration-method before">
                <span class="method-name">GoToSchedulesPage</span>
                <span class="method-start">940452 ms</span>
              </div> <!-- configuration-method before -->
              <div class="test-method">
                <img src="failed.png">
                </img>
                <span class="method-name">ChangeStartTimeBySpinnerTest</span>
                <span class="method-start">1031198 ms</span>
              </div> <!-- test-method -->
              <div class="configuration-method after">
                <span class="method-name">afterMethod([TestResult name=ChangeStartTimeBySpinnerTest status=FAILURE method=SchedulesTests.ChangeStartTimeBy...)</span>
                <span class="method-start">1033050 ms</span>
              </div> <!-- configuration-method after -->
              <div class="configuration-method before">
                <span class="method-name">GoToSchedulesPage</span>
                <span class="method-start">1033961 ms</span>
              </div> <!-- configuration-method before -->
              <div class="test-method">
                <span class="method-name">ChangeNameTest</span>
                <span class="method-start">1124584 ms</span>
              </div> <!-- test-method -->
              <div class="configuration-method after">
                <span class="method-name">afterMethod([TestResult name=ChangeNameTest status=SUCCESS method=SchedulesTests.ChangeNameTest()[pri:0, instanc...)</span>
                <span class="method-start">1155793 ms</span>
              </div> <!-- configuration-method after -->
              <div class="configuration-method before">
                <span class="method-name">GoToSchedulesPage</span>
                <span class="method-start">1156525 ms</span>
              </div> <!-- configuration-method before -->
              <div class="test-method">
                <img src="failed.png">
                </img>
                <span class="method-name">AddNewScheduleWithAllParametersTest</span>
                <span class="method-start">1248939 ms</span>
              </div> <!-- test-method -->
              <div class="configuration-method after">
                <span class="method-name">afterMethod([TestResult name=AddNewScheduleWithAllParametersTest status=FAILURE method=SchedulesTests.AddNewSche...)</span>
                <span class="method-start">1259618 ms</span>
              </div> <!-- configuration-method after -->
              <div class="configuration-method before">
                <span class="method-name">GoToSchedulesPage</span>
                <span class="method-start">1260737 ms</span>
              </div> <!-- configuration-method before -->
              <div class="test-method">
                <img src="failed.png">
                </img>
                <span class="method-name">ChangeStartDateInNeverModeTest</span>
                <span class="method-start">1351246 ms</span>
              </div> <!-- test-method -->
              <div class="configuration-method after">
                <span class="method-name">afterMethod([TestResult name=ChangeStartDateInNeverModeTest status=FAILURE method=SchedulesTests.ChangeStartDate...)</span>
                <span class="method-start">1374227 ms</span>
              </div> <!-- configuration-method after -->
              <div class="configuration-method before">
                <span class="method-name">GoToSchedulesPage</span>
                <span class="method-start">1375338 ms</span>
              </div> <!-- configuration-method before -->
              <div class="test-method">
                <img src="failed.png">
                </img>
                <span class="method-name">AddNewScheduleAndCheckInRulesTest</span>
                <span class="method-start">1465402 ms</span>
              </div> <!-- test-method -->
              <div class="configuration-method after">
                <span class="method-name">afterMethod([TestResult name=AddNewScheduleAndCheckInRulesTest status=FAILURE method=SchedulesTests.AddNewSchedu...)</span>
                <span class="method-start">1478804 ms</span>
              </div> <!-- configuration-method after -->
              <div class="configuration-method before">
                <span class="method-name">GoToSchedulesPage</span>
                <span class="method-start">1479597 ms</span>
              </div> <!-- configuration-method before -->
              <div class="test-method">
                <img src="failed.png">
                </img>
                <span class="method-name">ChangeDayOfMonthInYearlyTest</span>
                <span class="method-start">1569982 ms</span>
              </div> <!-- test-method -->
              <div class="configuration-method after">
                <span class="method-name">afterMethod([TestResult name=ChangeDayOfMonthInYearlyTest status=FAILURE method=SchedulesTests.ChangeDayOfMonthI...)</span>
                <span class="method-start">1586504 ms</span>
              </div> <!-- configuration-method after -->
              <div class="configuration-method before">
                <span class="method-name">GoToSchedulesPage</span>
                <span class="method-start">1587714 ms</span>
              </div> <!-- configuration-method before -->
              <div class="test-method">
                <img src="failed.png">
                </img>
                <span class="method-name">ChangeDescriptionTest</span>
                <span class="method-start">1678688 ms</span>
              </div> <!-- test-method -->
              <div class="configuration-method after">
                <span class="method-name">afterMethod([TestResult name=ChangeDescriptionTest status=FAILURE method=SchedulesTests.ChangeDescriptionTest()[...)</span>
                <span class="method-start">1683850 ms</span>
              </div> <!-- configuration-method after -->
              <div class="configuration-method before">
                <span class="method-name">GoToSchedulesPage</span>
                <span class="method-start">1684667 ms</span>
              </div> <!-- configuration-method before -->
              <div class="test-method">
                <img src="failed.png">
                </img>
                <span class="method-name">ChangeEndDateInNeverModeTest</span>
                <span class="method-start">1775939 ms</span>
              </div> <!-- test-method -->
              <div class="configuration-method after">
                <span class="method-name">afterMethod([TestResult name=ChangeEndDateInNeverModeTest status=FAILURE method=SchedulesTests.ChangeEndDateInNe...)</span>
                <span class="method-start">1787361 ms</span>
              </div> <!-- configuration-method after -->
              <div class="configuration-method before">
                <span class="method-name">GoToSchedulesPage</span>
                <span class="method-start">1788274 ms</span>
              </div> <!-- configuration-method before -->
              <div class="test-method">
                <img src="failed.png">
                </img>
                <span class="method-name">ChangeEndTimeTest</span>
                <span class="method-start">1878480 ms</span>
              </div> <!-- test-method -->
              <div class="configuration-method after">
                <span class="method-name">afterMethod([TestResult name=ChangeEndTimeTest status=FAILURE method=SchedulesTests.ChangeEndTimeTest()[pri:0, i...)</span>
                <span class="method-start">1886109 ms</span>
              </div> <!-- configuration-method after -->
              <div class="configuration-class after">
                <span class="method-name">endReport</span>
                <span class="method-start">1887020 ms</span>
              </div> <!-- configuration-class after -->
          </div> <!-- main-panel-content rounded-window-bottom -->
        </div> <!-- panel -->
      </div> <!-- main-panel-root -->
    </div> <!-- wrapper -->
  </body>
</html>
