<?xml version="1.0" encoding="UTF-8"?>
<!-- Generated by org.testng.reporters.JUnitXMLReporter -->
<testsuite hostname="BORSE-PC" ignored="216" name="Default test(failed)(failed)(failed)" tests="66" failures="59" timestamp="2020-04-01T19:49:43 IST" time="9729.401" errors="0">
  <testcase name="ChangeIPAdressExitCancelUnsavedChangesTest" time="34.718" classname="testcases.NVRsElementsTest">
    <failure type="java.lang.AssertionError" message="expected [172.20.1.46IP50] but found [IP50]">
      <![CDATA[java.lang.AssertionError: expected [172.20.1.46IP50] but found [IP50]
at testcases.NVRsElementsTest.ChangeIPAdressExitCancelUnsavedChangesTest(NVRsElementsTest.java:377)
at java.util.ArrayList.forEach(ArrayList.java:1257)
... Removed 32 stack frames]]>
    </failure>
  </testcase> <!-- ChangeIPAdressExitCancelUnsavedChangesTest -->
  <testcase name="DecreasePortExitCancelUnsavedChangesTest" time="18.589" classname="testcases.NVRsElementsTest">
    <failure type="java.lang.AssertionError" message="did not expect to find [true] but found [false]">
      <![CDATA[java.lang.AssertionError: did not expect to find [true] but found [false]
at testcases.NVRsElementsTest.DecreasePortExitCancelUnsavedChangesTest(NVRsElementsTest.java:811)
at java.util.ArrayList.forEach(ArrayList.java:1257)
... Removed 31 stack frames]]>
    </failure>
  </testcase> <!-- DecreasePortExitCancelUnsavedChangesTest -->
  <testcase name="DecreasePortExitPressSaveUnsavedChangesTest" time="18.347" classname="testcases.NVRsElementsTest">
    <failure type="java.lang.AssertionError" message="did not expect to find [true] but found [false]">
      <![CDATA[java.lang.AssertionError: did not expect to find [true] but found [false]
at testcases.NVRsElementsTest.DecreasePortExitPressSaveUnsavedChangesTest(NVRsElementsTest.java:901)
at java.util.ArrayList.forEach(ArrayList.java:1257)
... Removed 31 stack frames]]>
    </failure>
  </testcase> <!-- DecreasePortExitPressSaveUnsavedChangesTest -->
  <testcase name="IncreasePortExitPressDontSaveUnsavedChangesTest" time="17.538" classname="testcases.NVRsElementsTest">
    <failure type="java.lang.AssertionError" message="did not expect to find [true] but found [false]">
      <![CDATA[java.lang.AssertionError: did not expect to find [true] but found [false]
at testcases.NVRsElementsTest.IncreasePortExitPressDontSaveUnsavedChangesTest(NVRsElementsTest.java:851)
at java.util.ArrayList.forEach(ArrayList.java:1257)
... Removed 31 stack frames]]>
    </failure>
  </testcase> <!-- IncreasePortExitPressDontSaveUnsavedChangesTest -->
  <testcase name="DeleteGroupAndPressNoTest" time="31.566" classname="testcases.GroupsHierarchyTest">
    <failure type="java.lang.AssertionError" message="did not expect to find [true] but found [false]">
      <![CDATA[java.lang.AssertionError: did not expect to find [true] but found [false]
at testcases.GroupsHierarchyTest.DeleteGroupAndPressNoTest(GroupsHierarchyTest.java:500)
at java.util.ArrayList.forEach(ArrayList.java:1257)
... Removed 31 stack frames]]>
    </failure>
  </testcase> <!-- DeleteGroupAndPressNoTest -->
  <testcase name="AddNewTourAndCancelTest" time="9.161" classname="testcases.ToursElementsTest">
    <failure type="java.lang.AssertionError" message="did not expect to find [true] but found [false]">
      <![CDATA[java.lang.AssertionError: did not expect to find [true] but found [false]
at testcases.ToursElementsTest.AddNewTourAndCancelTest(ToursElementsTest.java:247)
at java.util.ArrayList.forEach(ArrayList.java:1257)
... Removed 31 stack frames]]>
    </failure>
  </testcase> <!-- AddNewTourAndCancelTest -->
  <testcase name="AddNewTourExitAndCancelTest" time="24.758" classname="testcases.ToursElementsTest">
    <failure type="java.lang.AssertionError" message="did not expect to find [true] but found [false]">
      <![CDATA[java.lang.AssertionError: did not expect to find [true] but found [false]
at testcases.ToursElementsTest.AddNewTourExitAndCancelTest(ToursElementsTest.java:304)
at java.util.ArrayList.forEach(ArrayList.java:1257)
... Removed 31 stack frames]]>
    </failure>
  </testcase> <!-- AddNewTourExitAndCancelTest -->
  <testcase name="AddNewTourExitAndSaveTest" time="12.328" classname="testcases.ToursElementsTest">
    <failure type="java.lang.AssertionError" message="did not expect to find [true] but found [false]">
      <![CDATA[java.lang.AssertionError: did not expect to find [true] but found [false]
at testcases.ToursElementsTest.AddNewTourExitAndSaveTest(ToursElementsTest.java:394)
at java.util.ArrayList.forEach(ArrayList.java:1257)
... Removed 31 stack frames]]>
    </failure>
  </testcase> <!-- AddNewTourExitAndSaveTest -->
  <testcase name="AddAudioChannelsTest" time="1.349" classname="testcases.VideoChannelPropertiesElementTest">
    <failure type="org.openqa.selenium.ElementNotInteractableException" message="Element is not displayed
Build info: version: &amp;apos;3.9.1&amp;apos;, revision: &amp;apos;63f7b50&amp;apos;, time: &amp;apos;2018-02-07T22:25:02.294Z&amp;apos;
System info: host: &amp;apos;BORSE-PC&amp;apos;, ip: &amp;apos;172.20.1.58&amp;apos;, os.name: &amp;apos;Windows 10&amp;apos;, os.arch: &amp;apos;amd64&amp;apos;, os.version: &amp;apos;10.0&amp;apos;, java.version: &amp;apos;1.8.0_202&amp;apos;
Driver info: org.openqa.selenium.ie.InternetExplorerDriver
Capabilities {acceptInsecureCerts: false, browserName: internet explorer, browserVersion: 11, javascriptEnabled: true, pageLoadStrategy: normal, platform: WINDOWS, platformName: WINDOWS, proxy: Proxy(), se:ieOptions: {browserAttachTimeout: 0, elementScrollBehavior: 0, enablePersistentHover: true, ie.browserCommandLineSwitches: , ie.edgechromium: false, ie.edgepath: , ie.ensureCleanSession: true, ie.fileUploadDialogTimeout: 3000, ie.forceCreateProcessApi: false, ignoreProtectedModeSettings: true, ignoreZoomSetting: false, initialBrowserUrl: http://localhost:9547/, nativeEvents: true, requireWindowFocus: false}, setWindowRect: true, strictFileInteractability: false, timeouts: {implicit: 0, pageLoad: 300000, script: 30000}, unhandledPromptBehavior: dismiss and notify}
Session ID: 1efbe1ec-8604-40c3-b597-65822c31c15e">
      <![CDATA[org.openqa.selenium.ElementNotInteractableException: Element is not displayed
Build info: version: '3.9.1', revision: '63f7b50', time: '2018-02-07T22:25:02.294Z'
System info: host: 'BORSE-PC', ip: '172.20.1.58', os.name: 'Windows 10', os.arch: 'amd64', os.version: '10.0', java.version: '1.8.0_202'
Driver info: org.openqa.selenium.ie.InternetExplorerDriver
Capabilities {acceptInsecureCerts: false, browserName: internet explorer, browserVersion: 11, javascriptEnabled: true, pageLoadStrategy: normal, platform: WINDOWS, platformName: WINDOWS, proxy: Proxy(), se:ieOptions: {browserAttachTimeout: 0, elementScrollBehavior: 0, enablePersistentHover: true, ie.browserCommandLineSwitches: , ie.edgechromium: false, ie.edgepath: , ie.ensureCleanSession: true, ie.fileUploadDialogTimeout: 3000, ie.forceCreateProcessApi: false, ignoreProtectedModeSettings: true, ignoreZoomSetting: false, initialBrowserUrl: http://localhost:9547/, nativeEvents: true, requireWindowFocus: false}, setWindowRect: true, strictFileInteractability: false, timeouts: {implicit: 0, pageLoad: 300000, script: 30000}, unhandledPromptBehavior: dismiss and notify}
Session ID: 1efbe1ec-8604-40c3-b597-65822c31c15e
at org.openqa.selenium.remote.http.W3CHttpResponseCodec.createException(W3CHttpResponseCodec.java:187)
at org.openqa.selenium.remote.http.W3CHttpResponseCodec.decode(W3CHttpResponseCodec.java:122)
at org.openqa.selenium.remote.http.W3CHttpResponseCodec.decode(W3CHttpResponseCodec.java:49)
at org.openqa.selenium.remote.HttpCommandExecutor.execute(HttpCommandExecutor.java:160)
at org.openqa.selenium.remote.service.DriverCommandExecutor.execute(DriverCommandExecutor.java:83)
at org.openqa.selenium.remote.RemoteWebDriver.execute(RemoteWebDriver.java:601)
at org.openqa.selenium.remote.RemoteWebElement.execute(RemoteWebElement.java:279)
at org.openqa.selenium.remote.RemoteWebElement.click(RemoteWebElement.java:83)
at testcases.VideoChannelPropertiesElementTest.AddAudioChannelsTest(VideoChannelPropertiesElementTest.java:930)
at java.util.ArrayList.forEach(ArrayList.java:1257)
... Removed 31 stack frames]]>
    </failure>
  </testcase> <!-- AddAudioChannelsTest -->
  <testcase name="ChangeNameAndSaveTest" time="8.726" classname="testcases.VideoChannelPropertiesElementTest">
    <failure type="java.lang.AssertionError" message="did not expect to find [true] but found [false]">
      <![CDATA[java.lang.AssertionError: did not expect to find [true] but found [false]
at testcases.VideoChannelPropertiesElementTest.ChangeNameAndSaveTest(VideoChannelPropertiesElementTest.java:637)
at java.util.ArrayList.forEach(ArrayList.java:1257)
... Removed 31 stack frames]]>
    </failure>
  </testcase> <!-- ChangeNameAndSaveTest -->
  <testcase name="ChangeNameExitPressDontSaveUnsavedChangesTest" time="1.129" classname="testcases.VideoChannelPropertiesElementTest">
    <failure type="org.openqa.selenium.ElementNotInteractableException" message="Element is not displayed
Build info: version: &amp;apos;3.9.1&amp;apos;, revision: &amp;apos;63f7b50&amp;apos;, time: &amp;apos;2018-02-07T22:25:02.294Z&amp;apos;
System info: host: &amp;apos;BORSE-PC&amp;apos;, ip: &amp;apos;172.20.1.58&amp;apos;, os.name: &amp;apos;Windows 10&amp;apos;, os.arch: &amp;apos;amd64&amp;apos;, os.version: &amp;apos;10.0&amp;apos;, java.version: &amp;apos;1.8.0_202&amp;apos;
Driver info: org.openqa.selenium.ie.InternetExplorerDriver
Capabilities {acceptInsecureCerts: false, browserName: internet explorer, browserVersion: 11, javascriptEnabled: true, pageLoadStrategy: normal, platform: WINDOWS, platformName: WINDOWS, proxy: Proxy(), se:ieOptions: {browserAttachTimeout: 0, elementScrollBehavior: 0, enablePersistentHover: true, ie.browserCommandLineSwitches: , ie.edgechromium: false, ie.edgepath: , ie.ensureCleanSession: true, ie.fileUploadDialogTimeout: 3000, ie.forceCreateProcessApi: false, ignoreProtectedModeSettings: true, ignoreZoomSetting: false, initialBrowserUrl: http://localhost:27159/, nativeEvents: true, requireWindowFocus: false}, setWindowRect: true, strictFileInteractability: false, timeouts: {implicit: 0, pageLoad: 300000, script: 30000}, unhandledPromptBehavior: dismiss and notify}
Session ID: 9e3a0ce6-8db9-4b21-9dc6-12b23348010a">
      <![CDATA[org.openqa.selenium.ElementNotInteractableException: Element is not displayed
Build info: version: '3.9.1', revision: '63f7b50', time: '2018-02-07T22:25:02.294Z'
System info: host: 'BORSE-PC', ip: '172.20.1.58', os.name: 'Windows 10', os.arch: 'amd64', os.version: '10.0', java.version: '1.8.0_202'
Driver info: org.openqa.selenium.ie.InternetExplorerDriver
Capabilities {acceptInsecureCerts: false, browserName: internet explorer, browserVersion: 11, javascriptEnabled: true, pageLoadStrategy: normal, platform: WINDOWS, platformName: WINDOWS, proxy: Proxy(), se:ieOptions: {browserAttachTimeout: 0, elementScrollBehavior: 0, enablePersistentHover: true, ie.browserCommandLineSwitches: , ie.edgechromium: false, ie.edgepath: , ie.ensureCleanSession: true, ie.fileUploadDialogTimeout: 3000, ie.forceCreateProcessApi: false, ignoreProtectedModeSettings: true, ignoreZoomSetting: false, initialBrowserUrl: http://localhost:27159/, nativeEvents: true, requireWindowFocus: false}, setWindowRect: true, strictFileInteractability: false, timeouts: {implicit: 0, pageLoad: 300000, script: 30000}, unhandledPromptBehavior: dismiss and notify}
Session ID: 9e3a0ce6-8db9-4b21-9dc6-12b23348010a
at org.openqa.selenium.remote.http.W3CHttpResponseCodec.createException(W3CHttpResponseCodec.java:187)
at org.openqa.selenium.remote.http.W3CHttpResponseCodec.decode(W3CHttpResponseCodec.java:122)
at org.openqa.selenium.remote.http.W3CHttpResponseCodec.decode(W3CHttpResponseCodec.java:49)
at org.openqa.selenium.remote.HttpCommandExecutor.execute(HttpCommandExecutor.java:160)
at org.openqa.selenium.remote.service.DriverCommandExecutor.execute(DriverCommandExecutor.java:83)
at org.openqa.selenium.remote.RemoteWebDriver.execute(RemoteWebDriver.java:601)
at org.openqa.selenium.remote.RemoteWebElement.execute(RemoteWebElement.java:279)
at org.openqa.selenium.remote.RemoteWebElement.click(RemoteWebElement.java:83)
at testcases.VideoChannelPropertiesElementTest.ChangeNameExitPressDontSaveUnsavedChangesTest(VideoChannelPropertiesElementTest.java:191)
at java.util.ArrayList.forEach(ArrayList.java:1257)
... Removed 31 stack frames]]>
    </failure>
  </testcase> <!-- ChangeNameExitPressDontSaveUnsavedChangesTest -->
  <testcase name="ChangeNamePressCancelExitTest" time="9.766" classname="testcases.VideoChannelPropertiesElementTest">
    <failure type="java.lang.AssertionError" message="expected [172.20.0.26_Camera] but found [172.20.0.165_Camera_3]">
      <![CDATA[java.lang.AssertionError: expected [172.20.0.26_Camera] but found [172.20.0.165_Camera_3]
at testcases.VideoChannelPropertiesElementTest.ChangeNamePressCancelExitTest(VideoChannelPropertiesElementTest.java:147)
at java.util.ArrayList.forEach(ArrayList.java:1257)
... Removed 32 stack frames]]>
    </failure>
  </testcase> <!-- ChangeNamePressCancelExitTest -->
  <testcase name="ChangeVisibleStatusExitPressSaveUnsavedChangesTest" time="50.879" classname="testcases.VideoChannelPropertiesElementTest">
    <failure type="java.lang.NullPointerException">
      <![CDATA[java.lang.NullPointerException
at testcases.VideoChannelPropertiesElementTest.ChangeVisibleStatusExitPressSaveUnsavedChangesTest(VideoChannelPropertiesElementTest.java:399)
at java.util.ArrayList.forEach(ArrayList.java:1257)
... Removed 27 stack frames]]>
    </failure>
  </testcase> <!-- ChangeVisibleStatusExitPressSaveUnsavedChangesTest -->
  <testcase name="MultipleSelectAudioChannelsTest" time="77.753" classname="testcases.VideoChannelPropertiesElementTest">
    <failure type="java.lang.NullPointerException">
      <![CDATA[java.lang.NullPointerException
at testcases.VideoChannelPropertiesElementTest.MultipleSelectAudioChannelsTest(VideoChannelPropertiesElementTest.java:988)
at java.util.ArrayList.forEach(ArrayList.java:1257)
... Removed 27 stack frames]]>
    </failure>
  </testcase> <!-- MultipleSelectAudioChannelsTest -->
  <testcase name="SwitchVisibilityTest" time="50.579" classname="testcases.VideoChannelPropertiesElementTest">
    <failure type="org.openqa.selenium.ElementNotInteractableException" message="Element is not interactable, it must not be hidden and it must be able to receive focus
Build info: version: &amp;apos;3.9.1&amp;apos;, revision: &amp;apos;63f7b50&amp;apos;, time: &amp;apos;2018-02-07T22:25:02.294Z&amp;apos;
System info: host: &amp;apos;BORSE-PC&amp;apos;, ip: &amp;apos;172.20.1.58&amp;apos;, os.name: &amp;apos;Windows 10&amp;apos;, os.arch: &amp;apos;amd64&amp;apos;, os.version: &amp;apos;10.0&amp;apos;, java.version: &amp;apos;1.8.0_202&amp;apos;
Driver info: org.openqa.selenium.ie.InternetExplorerDriver
Capabilities {acceptInsecureCerts: false, browserName: internet explorer, browserVersion: 11, javascriptEnabled: true, pageLoadStrategy: normal, platform: WINDOWS, platformName: WINDOWS, proxy: Proxy(), se:ieOptions: {browserAttachTimeout: 0, elementScrollBehavior: 0, enablePersistentHover: true, ie.browserCommandLineSwitches: , ie.edgechromium: false, ie.edgepath: , ie.ensureCleanSession: true, ie.fileUploadDialogTimeout: 3000, ie.forceCreateProcessApi: false, ignoreProtectedModeSettings: true, ignoreZoomSetting: false, initialBrowserUrl: http://localhost:40935/, nativeEvents: true, requireWindowFocus: false}, setWindowRect: true, strictFileInteractability: false, timeouts: {implicit: 0, pageLoad: 300000, script: 30000}, unhandledPromptBehavior: dismiss and notify}
Session ID: 5978287a-9c72-443f-8fc1-c391e7397844">
      <![CDATA[org.openqa.selenium.ElementNotInteractableException: Element is not interactable, it must not be hidden and it must be able to receive focus
Build info: version: '3.9.1', revision: '63f7b50', time: '2018-02-07T22:25:02.294Z'
System info: host: 'BORSE-PC', ip: '172.20.1.58', os.name: 'Windows 10', os.arch: 'amd64', os.version: '10.0', java.version: '1.8.0_202'
Driver info: org.openqa.selenium.ie.InternetExplorerDriver
Capabilities {acceptInsecureCerts: false, browserName: internet explorer, browserVersion: 11, javascriptEnabled: true, pageLoadStrategy: normal, platform: WINDOWS, platformName: WINDOWS, proxy: Proxy(), se:ieOptions: {browserAttachTimeout: 0, elementScrollBehavior: 0, enablePersistentHover: true, ie.browserCommandLineSwitches: , ie.edgechromium: false, ie.edgepath: , ie.ensureCleanSession: true, ie.fileUploadDialogTimeout: 3000, ie.forceCreateProcessApi: false, ignoreProtectedModeSettings: true, ignoreZoomSetting: false, initialBrowserUrl: http://localhost:40935/, nativeEvents: true, requireWindowFocus: false}, setWindowRect: true, strictFileInteractability: false, timeouts: {implicit: 0, pageLoad: 300000, script: 30000}, unhandledPromptBehavior: dismiss and notify}
Session ID: 5978287a-9c72-443f-8fc1-c391e7397844
at org.openqa.selenium.remote.http.W3CHttpResponseCodec.createException(W3CHttpResponseCodec.java:187)
at org.openqa.selenium.remote.http.W3CHttpResponseCodec.decode(W3CHttpResponseCodec.java:122)
at org.openqa.selenium.remote.http.W3CHttpResponseCodec.decode(W3CHttpResponseCodec.java:49)
at org.openqa.selenium.remote.HttpCommandExecutor.execute(HttpCommandExecutor.java:160)
at org.openqa.selenium.remote.service.DriverCommandExecutor.execute(DriverCommandExecutor.java:83)
at org.openqa.selenium.remote.RemoteWebDriver.execute(RemoteWebDriver.java:601)
at org.openqa.selenium.remote.RemoteWebElement.execute(RemoteWebElement.java:279)
at org.openqa.selenium.remote.RemoteWebElement.clear(RemoteWebElement.java:118)
at org.openqa.selenium.support.pagefactory.internal.LocatingElementHandler.invoke(LocatingElementHandler.java:51)
at com.sun.proxy.$Proxy14.clear(Unknown Source)
at Utilities.Page.setElementText(Page.java:477)
at pageObjects.MonitoringPage.FilterField(MonitoringPage.java:125)
at testcases.VideoChannelPropertiesElementTest.SwitchVisibilityTest(VideoChannelPropertiesElementTest.java:680)
at java.util.ArrayList.forEach(ArrayList.java:1257)
... Removed 34 stack frames]]>
    </failure>
  </testcase> <!-- SwitchVisibilityTest -->
  <testcase name="AddNVRManuallyWithSecuredPortTest" time="210.117" classname="testcases.NVRsTest">
    <failure type="java.lang.AssertionError" message="expected [Communication Failure] but found [Connecting...]">
      <![CDATA[java.lang.AssertionError: expected [Communication Failure] but found [Connecting...]
at testcases.NVRsTest.AddNVRManuallyWithSecuredPortTest(NVRsTest.java:810)
at java.util.ArrayList.forEach(ArrayList.java:1257)
... Removed 32 stack frames]]>
    </failure>
  </testcase> <!-- AddNVRManuallyWithSecuredPortTest -->
  <testcase name="ChangeIPAdressAndCheckStatusTest" time="72.472" classname="testcases.NVRsTest">
    <failure type="java.lang.AssertionError" message="expected [172.20.1.46172.20.1.46IP] but found [172.20.1.46]">
      <![CDATA[java.lang.AssertionError: expected [172.20.1.46172.20.1.46IP] but found [172.20.1.46]
at testcases.NVRsTest.ChangeIPAdressAndCheckStatusTest(NVRsTest.java:1354)
at java.util.ArrayList.forEach(ArrayList.java:1257)
... Removed 32 stack frames]]>
    </failure>
  </testcase> <!-- ChangeIPAdressAndCheckStatusTest -->
  <testcase name="ChangeLimitRetentionValueTest" time="23.394" classname="testcases.VideoRecordingTest">
    <failure type="org.openqa.selenium.NoSuchElementException" message="Unable to find element with xpath == //*[@id=&amp;quot;vms-screen-recording-id&amp;quot;]/ng-form/div[2]/div/div[2]/div[2]/span/input
For documentation on this error, please visit: http://seleniumhq.org/exceptions/no_such_element.html
Build info: version: &amp;apos;3.9.1&amp;apos;, revision: &amp;apos;63f7b50&amp;apos;, time: &amp;apos;2018-02-07T22:25:02.294Z&amp;apos;
System info: host: &amp;apos;BORSE-PC&amp;apos;, ip: &amp;apos;172.20.1.58&amp;apos;, os.name: &amp;apos;Windows 10&amp;apos;, os.arch: &amp;apos;amd64&amp;apos;, os.version: &amp;apos;10.0&amp;apos;, java.version: &amp;apos;1.8.0_202&amp;apos;
Driver info: org.openqa.selenium.ie.InternetExplorerDriver
Capabilities {acceptInsecureCerts: false, browserName: internet explorer, browserVersion: 11, javascriptEnabled: true, pageLoadStrategy: normal, platform: WINDOWS, platformName: WINDOWS, proxy: Proxy(), se:ieOptions: {browserAttachTimeout: 0, elementScrollBehavior: 0, enablePersistentHover: true, ie.browserCommandLineSwitches: , ie.edgechromium: false, ie.edgepath: , ie.ensureCleanSession: true, ie.fileUploadDialogTimeout: 3000, ie.forceCreateProcessApi: false, ignoreProtectedModeSettings: true, ignoreZoomSetting: false, initialBrowserUrl: http://localhost:32376/, nativeEvents: true, requireWindowFocus: false}, setWindowRect: true, strictFileInteractability: false, timeouts: {implicit: 0, pageLoad: 300000, script: 30000}, unhandledPromptBehavior: dismiss and notify}
Session ID: 6d1970f2-a9b8-46d6-a33a-45110400bbc4
*** Element info: {Using=xpath, value=//*[@id=&amp;quot;vms-screen-recording-id&amp;quot;]/ng-form/div[2]/div/div[2]/div[2]/span/input}">
      <![CDATA[org.openqa.selenium.NoSuchElementException: Unable to find element with xpath == //*[@id="vms-screen-recording-id"]/ng-form/div[2]/div/div[2]/div[2]/span/input
For documentation on this error, please visit: http://seleniumhq.org/exceptions/no_such_element.html
Build info: version: '3.9.1', revision: '63f7b50', time: '2018-02-07T22:25:02.294Z'
System info: host: 'BORSE-PC', ip: '172.20.1.58', os.name: 'Windows 10', os.arch: 'amd64', os.version: '10.0', java.version: '1.8.0_202'
Driver info: org.openqa.selenium.ie.InternetExplorerDriver
Capabilities {acceptInsecureCerts: false, browserName: internet explorer, browserVersion: 11, javascriptEnabled: true, pageLoadStrategy: normal, platform: WINDOWS, platformName: WINDOWS, proxy: Proxy(), se:ieOptions: {browserAttachTimeout: 0, elementScrollBehavior: 0, enablePersistentHover: true, ie.browserCommandLineSwitches: , ie.edgechromium: false, ie.edgepath: , ie.ensureCleanSession: true, ie.fileUploadDialogTimeout: 3000, ie.forceCreateProcessApi: false, ignoreProtectedModeSettings: true, ignoreZoomSetting: false, initialBrowserUrl: http://localhost:32376/, nativeEvents: true, requireWindowFocus: false}, setWindowRect: true, strictFileInteractability: false, timeouts: {implicit: 0, pageLoad: 300000, script: 30000}, unhandledPromptBehavior: dismiss and notify}
Session ID: 6d1970f2-a9b8-46d6-a33a-45110400bbc4
*** Element info: {Using=xpath, value=//*[@id="vms-screen-recording-id"]/ng-form/div[2]/div/div[2]/div[2]/span/input}
at org.openqa.selenium.remote.http.W3CHttpResponseCodec.createException(W3CHttpResponseCodec.java:187)
at org.openqa.selenium.remote.http.W3CHttpResponseCodec.decode(W3CHttpResponseCodec.java:122)
at org.openqa.selenium.remote.http.W3CHttpResponseCodec.decode(W3CHttpResponseCodec.java:49)
at org.openqa.selenium.remote.HttpCommandExecutor.execute(HttpCommandExecutor.java:160)
at org.openqa.selenium.remote.service.DriverCommandExecutor.execute(DriverCommandExecutor.java:83)
at org.openqa.selenium.remote.RemoteWebDriver.execute(RemoteWebDriver.java:601)
at org.openqa.selenium.remote.RemoteWebDriver.findElement(RemoteWebDriver.java:371)
at org.openqa.selenium.remote.RemoteWebDriver.findElementByXPath(RemoteWebDriver.java:473)
at org.openqa.selenium.By$ByXPath.findElement(By.java:361)
at org.openqa.selenium.remote.RemoteWebDriver.findElement(RemoteWebDriver.java:363)
at pageObjects.VideoChannelsPage.InputIntoLimitRetentionfield(VideoChannelsPage.java:3097)
at testcases.VideoRecordingTest.ChangeLimitRetentionValueTest(VideoRecordingTest.java:250)
at java.util.ArrayList.forEach(ArrayList.java:1257)
... Removed 31 stack frames]]>
    </failure>
  </testcase> <!-- ChangeLimitRetentionValueTest -->
  <testcase name="ChangeRecordingModeTest" time="4.44" classname="testcases.VideoRecordingTest">
    <failure type="java.lang.NullPointerException">
      <![CDATA[java.lang.NullPointerException
at testcases.VideoRecordingTest.ChangeRecordingModeTest(VideoRecordingTest.java:340)
at java.util.ArrayList.forEach(ArrayList.java:1257)
... Removed 27 stack frames]]>
    </failure>
  </testcase> <!-- ChangeRecordingModeTest -->
  <testcase name="CreateNewScheduleNeverRepeatTest" time="60.547" classname="testcases.VideoRecordingTest">
    <failure type="org.openqa.selenium.NoSuchElementException" message="Unable to find element with xpath == //div[@class=&amp;apos;scheduleBlockWrpper&amp;apos;]/button[@class=&amp;apos;btn btn-vms position-add-schedule-button clear&amp;apos;]
For documentation on this error, please visit: http://seleniumhq.org/exceptions/no_such_element.html
Build info: version: &amp;apos;3.9.1&amp;apos;, revision: &amp;apos;63f7b50&amp;apos;, time: &amp;apos;2018-02-07T22:25:02.294Z&amp;apos;
System info: host: &amp;apos;BORSE-PC&amp;apos;, ip: &amp;apos;172.20.1.58&amp;apos;, os.name: &amp;apos;Windows 10&amp;apos;, os.arch: &amp;apos;amd64&amp;apos;, os.version: &amp;apos;10.0&amp;apos;, java.version: &amp;apos;1.8.0_202&amp;apos;
Driver info: org.openqa.selenium.ie.InternetExplorerDriver
Capabilities {acceptInsecureCerts: false, browserName: internet explorer, browserVersion: 11, javascriptEnabled: true, pageLoadStrategy: normal, platform: WINDOWS, platformName: WINDOWS, proxy: Proxy(), se:ieOptions: {browserAttachTimeout: 0, elementScrollBehavior: 0, enablePersistentHover: true, ie.browserCommandLineSwitches: , ie.edgechromium: false, ie.edgepath: , ie.ensureCleanSession: true, ie.fileUploadDialogTimeout: 3000, ie.forceCreateProcessApi: false, ignoreProtectedModeSettings: true, ignoreZoomSetting: false, initialBrowserUrl: http://localhost:6540/, nativeEvents: true, requireWindowFocus: false}, setWindowRect: true, strictFileInteractability: false, timeouts: {implicit: 0, pageLoad: 300000, script: 30000}, unhandledPromptBehavior: dismiss and notify}
Session ID: eb942aed-8b9b-4a5b-a74e-7337eab7f079
*** Element info: {Using=xpath, value=//div[@class=&amp;apos;scheduleBlockWrpper&amp;apos;]/button[@class=&amp;apos;btn btn-vms position-add-schedule-button clear&amp;apos;]}">
      <![CDATA[org.openqa.selenium.NoSuchElementException: Unable to find element with xpath == //div[@class='scheduleBlockWrpper']/button[@class='btn btn-vms position-add-schedule-button clear']
For documentation on this error, please visit: http://seleniumhq.org/exceptions/no_such_element.html
Build info: version: '3.9.1', revision: '63f7b50', time: '2018-02-07T22:25:02.294Z'
System info: host: 'BORSE-PC', ip: '172.20.1.58', os.name: 'Windows 10', os.arch: 'amd64', os.version: '10.0', java.version: '1.8.0_202'
Driver info: org.openqa.selenium.ie.InternetExplorerDriver
Capabilities {acceptInsecureCerts: false, browserName: internet explorer, browserVersion: 11, javascriptEnabled: true, pageLoadStrategy: normal, platform: WINDOWS, platformName: WINDOWS, proxy: Proxy(), se:ieOptions: {browserAttachTimeout: 0, elementScrollBehavior: 0, enablePersistentHover: true, ie.browserCommandLineSwitches: , ie.edgechromium: false, ie.edgepath: , ie.ensureCleanSession: true, ie.fileUploadDialogTimeout: 3000, ie.forceCreateProcessApi: false, ignoreProtectedModeSettings: true, ignoreZoomSetting: false, initialBrowserUrl: http://localhost:6540/, nativeEvents: true, requireWindowFocus: false}, setWindowRect: true, strictFileInteractability: false, timeouts: {implicit: 0, pageLoad: 300000, script: 30000}, unhandledPromptBehavior: dismiss and notify}
Session ID: eb942aed-8b9b-4a5b-a74e-7337eab7f079
*** Element info: {Using=xpath, value=//div[@class='scheduleBlockWrpper']/button[@class='btn btn-vms position-add-schedule-button clear']}
at org.openqa.selenium.remote.http.W3CHttpResponseCodec.createException(W3CHttpResponseCodec.java:187)
at org.openqa.selenium.remote.http.W3CHttpResponseCodec.decode(W3CHttpResponseCodec.java:122)
at org.openqa.selenium.remote.http.W3CHttpResponseCodec.decode(W3CHttpResponseCodec.java:49)
at org.openqa.selenium.remote.HttpCommandExecutor.execute(HttpCommandExecutor.java:160)
at org.openqa.selenium.remote.service.DriverCommandExecutor.execute(DriverCommandExecutor.java:83)
at org.openqa.selenium.remote.RemoteWebDriver.execute(RemoteWebDriver.java:601)
at org.openqa.selenium.remote.RemoteWebDriver.findElement(RemoteWebDriver.java:371)
at org.openqa.selenium.remote.RemoteWebDriver.findElementByXPath(RemoteWebDriver.java:473)
at org.openqa.selenium.By$ByXPath.findElement(By.java:361)
at org.openqa.selenium.remote.RemoteWebDriver.findElement(RemoteWebDriver.java:363)
at org.openqa.selenium.support.pagefactory.DefaultElementLocator.findElement(DefaultElementLocator.java:69)
at org.openqa.selenium.support.pagefactory.internal.LocatingElementHandler.invoke(LocatingElementHandler.java:38)
at com.sun.proxy.$Proxy14.getWrappedElement(Unknown Source)
at org.openqa.selenium.remote.internal.WebElementToJsonConverter.apply(WebElementToJsonConverter.java:51)
at com.google.common.collect.Iterators$6.transform(Iterators.java:788)
at com.google.common.collect.TransformedIterator.next(TransformedIterator.java:47)
at com.google.common.collect.Iterators.addAll(Iterators.java:358)
at com.google.common.collect.Lists.newArrayList(Lists.java:155)
at com.google.common.collect.Lists.newArrayList(Lists.java:141)
at org.openqa.selenium.remote.RemoteWebDriver.executeScript(RemoteWebDriver.java:535)
at Utilities.Page.JavaScriptClick(Page.java:758)
at pageObjects.VideoChannelsPage.IfScheduleIsNotExistAddIt(VideoChannelsPage.java:1737)
at testcases.VideoRecordingTest.CreateNewScheduleNeverRepeatTest(VideoRecordingTest.java:1038)
at java.util.ArrayList.forEach(ArrayList.java:1257)
... Removed 30 stack frames]]>
    </failure>
  </testcase> <!-- CreateNewScheduleNeverRepeatTest -->
  <testcase name="CreateNewYearlyScheduleTest" time="63.211" classname="testcases.VideoRecordingTest">
    <failure type="org.openqa.selenium.NoSuchElementException" message="Unable to find element with xpath == //div[@class=&amp;apos;scheduleBlockWrpper&amp;apos;]/button[@class=&amp;apos;btn btn-vms position-add-schedule-button clear&amp;apos;]
For documentation on this error, please visit: http://seleniumhq.org/exceptions/no_such_element.html
Build info: version: &amp;apos;3.9.1&amp;apos;, revision: &amp;apos;63f7b50&amp;apos;, time: &amp;apos;2018-02-07T22:25:02.294Z&amp;apos;
System info: host: &amp;apos;BORSE-PC&amp;apos;, ip: &amp;apos;172.20.1.58&amp;apos;, os.name: &amp;apos;Windows 10&amp;apos;, os.arch: &amp;apos;amd64&amp;apos;, os.version: &amp;apos;10.0&amp;apos;, java.version: &amp;apos;1.8.0_202&amp;apos;
Driver info: org.openqa.selenium.ie.InternetExplorerDriver
Capabilities {acceptInsecureCerts: false, browserName: internet explorer, browserVersion: 11, javascriptEnabled: true, pageLoadStrategy: normal, platform: WINDOWS, platformName: WINDOWS, proxy: Proxy(), se:ieOptions: {browserAttachTimeout: 0, elementScrollBehavior: 0, enablePersistentHover: true, ie.browserCommandLineSwitches: , ie.edgechromium: false, ie.edgepath: , ie.ensureCleanSession: true, ie.fileUploadDialogTimeout: 3000, ie.forceCreateProcessApi: false, ignoreProtectedModeSettings: true, ignoreZoomSetting: false, initialBrowserUrl: http://localhost:3405/, nativeEvents: true, requireWindowFocus: false}, setWindowRect: true, strictFileInteractability: false, timeouts: {implicit: 0, pageLoad: 300000, script: 30000}, unhandledPromptBehavior: dismiss and notify}
Session ID: 34553f72-b76e-45d5-a232-e0ddd0c4acfd
*** Element info: {Using=xpath, value=//div[@class=&amp;apos;scheduleBlockWrpper&amp;apos;]/button[@class=&amp;apos;btn btn-vms position-add-schedule-button clear&amp;apos;]}">
      <![CDATA[org.openqa.selenium.NoSuchElementException: Unable to find element with xpath == //div[@class='scheduleBlockWrpper']/button[@class='btn btn-vms position-add-schedule-button clear']
For documentation on this error, please visit: http://seleniumhq.org/exceptions/no_such_element.html
Build info: version: '3.9.1', revision: '63f7b50', time: '2018-02-07T22:25:02.294Z'
System info: host: 'BORSE-PC', ip: '172.20.1.58', os.name: 'Windows 10', os.arch: 'amd64', os.version: '10.0', java.version: '1.8.0_202'
Driver info: org.openqa.selenium.ie.InternetExplorerDriver
Capabilities {acceptInsecureCerts: false, browserName: internet explorer, browserVersion: 11, javascriptEnabled: true, pageLoadStrategy: normal, platform: WINDOWS, platformName: WINDOWS, proxy: Proxy(), se:ieOptions: {browserAttachTimeout: 0, elementScrollBehavior: 0, enablePersistentHover: true, ie.browserCommandLineSwitches: , ie.edgechromium: false, ie.edgepath: , ie.ensureCleanSession: true, ie.fileUploadDialogTimeout: 3000, ie.forceCreateProcessApi: false, ignoreProtectedModeSettings: true, ignoreZoomSetting: false, initialBrowserUrl: http://localhost:3405/, nativeEvents: true, requireWindowFocus: false}, setWindowRect: true, strictFileInteractability: false, timeouts: {implicit: 0, pageLoad: 300000, script: 30000}, unhandledPromptBehavior: dismiss and notify}
Session ID: 34553f72-b76e-45d5-a232-e0ddd0c4acfd
*** Element info: {Using=xpath, value=//div[@class='scheduleBlockWrpper']/button[@class='btn btn-vms position-add-schedule-button clear']}
at org.openqa.selenium.remote.http.W3CHttpResponseCodec.createException(W3CHttpResponseCodec.java:187)
at org.openqa.selenium.remote.http.W3CHttpResponseCodec.decode(W3CHttpResponseCodec.java:122)
at org.openqa.selenium.remote.http.W3CHttpResponseCodec.decode(W3CHttpResponseCodec.java:49)
at org.openqa.selenium.remote.HttpCommandExecutor.execute(HttpCommandExecutor.java:160)
at org.openqa.selenium.remote.service.DriverCommandExecutor.execute(DriverCommandExecutor.java:83)
at org.openqa.selenium.remote.RemoteWebDriver.execute(RemoteWebDriver.java:601)
at org.openqa.selenium.remote.RemoteWebDriver.findElement(RemoteWebDriver.java:371)
at org.openqa.selenium.remote.RemoteWebDriver.findElementByXPath(RemoteWebDriver.java:473)
at org.openqa.selenium.By$ByXPath.findElement(By.java:361)
at org.openqa.selenium.remote.RemoteWebDriver.findElement(RemoteWebDriver.java:363)
at org.openqa.selenium.support.pagefactory.DefaultElementLocator.findElement(DefaultElementLocator.java:69)
at org.openqa.selenium.support.pagefactory.internal.LocatingElementHandler.invoke(LocatingElementHandler.java:38)
at com.sun.proxy.$Proxy14.getWrappedElement(Unknown Source)
at org.openqa.selenium.remote.internal.WebElementToJsonConverter.apply(WebElementToJsonConverter.java:51)
at com.google.common.collect.Iterators$6.transform(Iterators.java:788)
at com.google.common.collect.TransformedIterator.next(TransformedIterator.java:47)
at com.google.common.collect.Iterators.addAll(Iterators.java:358)
at com.google.common.collect.Lists.newArrayList(Lists.java:155)
at com.google.common.collect.Lists.newArrayList(Lists.java:141)
at org.openqa.selenium.remote.RemoteWebDriver.executeScript(RemoteWebDriver.java:535)
at Utilities.Page.JavaScriptClick(Page.java:758)
at pageObjects.VideoChannelsPage.IfScheduleIsNotExistAddIt(VideoChannelsPage.java:1737)
at testcases.VideoRecordingTest.CreateNewYearlyScheduleTest(VideoRecordingTest.java:873)
at java.util.ArrayList.forEach(ArrayList.java:1257)
... Removed 30 stack frames]]>
    </failure>
  </testcase> <!-- CreateNewYearlyScheduleTest -->
  <testcase name="NewMonthlyCheckDayScheduleTest" time="57.678" classname="testcases.VideoRecordingTest">
    <failure type="org.openqa.selenium.NoSuchElementException" message="Unable to find element with xpath == //div[@class=&amp;apos;scheduleBlockWrpper&amp;apos;]/button[@class=&amp;apos;btn btn-vms position-add-schedule-button clear&amp;apos;]
For documentation on this error, please visit: http://seleniumhq.org/exceptions/no_such_element.html
Build info: version: &amp;apos;3.9.1&amp;apos;, revision: &amp;apos;63f7b50&amp;apos;, time: &amp;apos;2018-02-07T22:25:02.294Z&amp;apos;
System info: host: &amp;apos;BORSE-PC&amp;apos;, ip: &amp;apos;172.20.1.58&amp;apos;, os.name: &amp;apos;Windows 10&amp;apos;, os.arch: &amp;apos;amd64&amp;apos;, os.version: &amp;apos;10.0&amp;apos;, java.version: &amp;apos;1.8.0_202&amp;apos;
Driver info: org.openqa.selenium.ie.InternetExplorerDriver
Capabilities {acceptInsecureCerts: false, browserName: internet explorer, browserVersion: 11, javascriptEnabled: true, pageLoadStrategy: normal, platform: WINDOWS, platformName: WINDOWS, proxy: Proxy(), se:ieOptions: {browserAttachTimeout: 0, elementScrollBehavior: 0, enablePersistentHover: true, ie.browserCommandLineSwitches: , ie.edgechromium: false, ie.edgepath: , ie.ensureCleanSession: true, ie.fileUploadDialogTimeout: 3000, ie.forceCreateProcessApi: false, ignoreProtectedModeSettings: true, ignoreZoomSetting: false, initialBrowserUrl: http://localhost:3822/, nativeEvents: true, requireWindowFocus: false}, setWindowRect: true, strictFileInteractability: false, timeouts: {implicit: 0, pageLoad: 300000, script: 30000}, unhandledPromptBehavior: dismiss and notify}
Session ID: f36bbbe5-5bdf-48c5-ab87-e37a947fa9f4
*** Element info: {Using=xpath, value=//div[@class=&amp;apos;scheduleBlockWrpper&amp;apos;]/button[@class=&amp;apos;btn btn-vms position-add-schedule-button clear&amp;apos;]}">
      <![CDATA[org.openqa.selenium.NoSuchElementException: Unable to find element with xpath == //div[@class='scheduleBlockWrpper']/button[@class='btn btn-vms position-add-schedule-button clear']
For documentation on this error, please visit: http://seleniumhq.org/exceptions/no_such_element.html
Build info: version: '3.9.1', revision: '63f7b50', time: '2018-02-07T22:25:02.294Z'
System info: host: 'BORSE-PC', ip: '172.20.1.58', os.name: 'Windows 10', os.arch: 'amd64', os.version: '10.0', java.version: '1.8.0_202'
Driver info: org.openqa.selenium.ie.InternetExplorerDriver
Capabilities {acceptInsecureCerts: false, browserName: internet explorer, browserVersion: 11, javascriptEnabled: true, pageLoadStrategy: normal, platform: WINDOWS, platformName: WINDOWS, proxy: Proxy(), se:ieOptions: {browserAttachTimeout: 0, elementScrollBehavior: 0, enablePersistentHover: true, ie.browserCommandLineSwitches: , ie.edgechromium: false, ie.edgepath: , ie.ensureCleanSession: true, ie.fileUploadDialogTimeout: 3000, ie.forceCreateProcessApi: false, ignoreProtectedModeSettings: true, ignoreZoomSetting: false, initialBrowserUrl: http://localhost:3822/, nativeEvents: true, requireWindowFocus: false}, setWindowRect: true, strictFileInteractability: false, timeouts: {implicit: 0, pageLoad: 300000, script: 30000}, unhandledPromptBehavior: dismiss and notify}
Session ID: f36bbbe5-5bdf-48c5-ab87-e37a947fa9f4
*** Element info: {Using=xpath, value=//div[@class='scheduleBlockWrpper']/button[@class='btn btn-vms position-add-schedule-button clear']}
at org.openqa.selenium.remote.http.W3CHttpResponseCodec.createException(W3CHttpResponseCodec.java:187)
at org.openqa.selenium.remote.http.W3CHttpResponseCodec.decode(W3CHttpResponseCodec.java:122)
at org.openqa.selenium.remote.http.W3CHttpResponseCodec.decode(W3CHttpResponseCodec.java:49)
at org.openqa.selenium.remote.HttpCommandExecutor.execute(HttpCommandExecutor.java:160)
at org.openqa.selenium.remote.service.DriverCommandExecutor.execute(DriverCommandExecutor.java:83)
at org.openqa.selenium.remote.RemoteWebDriver.execute(RemoteWebDriver.java:601)
at org.openqa.selenium.remote.RemoteWebDriver.findElement(RemoteWebDriver.java:371)
at org.openqa.selenium.remote.RemoteWebDriver.findElementByXPath(RemoteWebDriver.java:473)
at org.openqa.selenium.By$ByXPath.findElement(By.java:361)
at org.openqa.selenium.remote.RemoteWebDriver.findElement(RemoteWebDriver.java:363)
at org.openqa.selenium.support.pagefactory.DefaultElementLocator.findElement(DefaultElementLocator.java:69)
at org.openqa.selenium.support.pagefactory.internal.LocatingElementHandler.invoke(LocatingElementHandler.java:38)
at com.sun.proxy.$Proxy14.getWrappedElement(Unknown Source)
at org.openqa.selenium.remote.internal.WebElementToJsonConverter.apply(WebElementToJsonConverter.java:51)
at com.google.common.collect.Iterators$6.transform(Iterators.java:788)
at com.google.common.collect.TransformedIterator.next(TransformedIterator.java:47)
at com.google.common.collect.Iterators.addAll(Iterators.java:358)
at com.google.common.collect.Lists.newArrayList(Lists.java:155)
at com.google.common.collect.Lists.newArrayList(Lists.java:141)
at org.openqa.selenium.remote.RemoteWebDriver.executeScript(RemoteWebDriver.java:535)
at Utilities.Page.JavaScriptClick(Page.java:758)
at pageObjects.VideoChannelsPage.IfScheduleIsNotExistAddIt(VideoChannelsPage.java:1737)
at testcases.VideoRecordingTest.NewMonthlyCheckDayScheduleTest(VideoRecordingTest.java:536)
at java.util.ArrayList.forEach(ArrayList.java:1257)
... Removed 30 stack frames]]>
    </failure>
  </testcase> <!-- NewMonthlyCheckDayScheduleTest -->
  <testcase name="SelectScheduleTest" time="1.135" classname="testcases.VideoRecordingTest">
    <failure type="org.openqa.selenium.ElementNotInteractableException" message="Element is not displayed
Build info: version: &amp;apos;3.9.1&amp;apos;, revision: &amp;apos;63f7b50&amp;apos;, time: &amp;apos;2018-02-07T22:25:02.294Z&amp;apos;
System info: host: &amp;apos;BORSE-PC&amp;apos;, ip: &amp;apos;172.20.1.58&amp;apos;, os.name: &amp;apos;Windows 10&amp;apos;, os.arch: &amp;apos;amd64&amp;apos;, os.version: &amp;apos;10.0&amp;apos;, java.version: &amp;apos;1.8.0_202&amp;apos;
Driver info: org.openqa.selenium.ie.InternetExplorerDriver
Capabilities {acceptInsecureCerts: false, browserName: internet explorer, browserVersion: 11, javascriptEnabled: true, pageLoadStrategy: normal, platform: WINDOWS, platformName: WINDOWS, proxy: Proxy(), se:ieOptions: {browserAttachTimeout: 0, elementScrollBehavior: 0, enablePersistentHover: true, ie.browserCommandLineSwitches: , ie.edgechromium: false, ie.edgepath: , ie.ensureCleanSession: true, ie.fileUploadDialogTimeout: 3000, ie.forceCreateProcessApi: false, ignoreProtectedModeSettings: true, ignoreZoomSetting: false, initialBrowserUrl: http://localhost:7809/, nativeEvents: true, requireWindowFocus: false}, setWindowRect: true, strictFileInteractability: false, timeouts: {implicit: 0, pageLoad: 300000, script: 30000}, unhandledPromptBehavior: dismiss and notify}
Session ID: 8a41a3ec-e506-4042-83ee-f6da01c58f29">
      <![CDATA[org.openqa.selenium.ElementNotInteractableException: Element is not displayed
Build info: version: '3.9.1', revision: '63f7b50', time: '2018-02-07T22:25:02.294Z'
System info: host: 'BORSE-PC', ip: '172.20.1.58', os.name: 'Windows 10', os.arch: 'amd64', os.version: '10.0', java.version: '1.8.0_202'
Driver info: org.openqa.selenium.ie.InternetExplorerDriver
Capabilities {acceptInsecureCerts: false, browserName: internet explorer, browserVersion: 11, javascriptEnabled: true, pageLoadStrategy: normal, platform: WINDOWS, platformName: WINDOWS, proxy: Proxy(), se:ieOptions: {browserAttachTimeout: 0, elementScrollBehavior: 0, enablePersistentHover: true, ie.browserCommandLineSwitches: , ie.edgechromium: false, ie.edgepath: , ie.ensureCleanSession: true, ie.fileUploadDialogTimeout: 3000, ie.forceCreateProcessApi: false, ignoreProtectedModeSettings: true, ignoreZoomSetting: false, initialBrowserUrl: http://localhost:7809/, nativeEvents: true, requireWindowFocus: false}, setWindowRect: true, strictFileInteractability: false, timeouts: {implicit: 0, pageLoad: 300000, script: 30000}, unhandledPromptBehavior: dismiss and notify}
Session ID: 8a41a3ec-e506-4042-83ee-f6da01c58f29
at org.openqa.selenium.remote.http.W3CHttpResponseCodec.createException(W3CHttpResponseCodec.java:187)
at org.openqa.selenium.remote.http.W3CHttpResponseCodec.decode(W3CHttpResponseCodec.java:122)
at org.openqa.selenium.remote.http.W3CHttpResponseCodec.decode(W3CHttpResponseCodec.java:49)
at org.openqa.selenium.remote.HttpCommandExecutor.execute(HttpCommandExecutor.java:160)
at org.openqa.selenium.remote.service.DriverCommandExecutor.execute(DriverCommandExecutor.java:83)
at org.openqa.selenium.remote.RemoteWebDriver.execute(RemoteWebDriver.java:601)
at org.openqa.selenium.remote.RemoteWebElement.execute(RemoteWebElement.java:279)
at org.openqa.selenium.remote.RemoteWebElement.click(RemoteWebElement.java:83)
at testcases.VideoRecordingTest.SelectScheduleTest(VideoRecordingTest.java:292)
at java.util.ArrayList.forEach(ArrayList.java:1257)
... Removed 31 stack frames]]>
    </failure>
  </testcase> <!-- SelectScheduleTest -->
  <testcase name="SwitchRecordingToggleTest" time="3.315" classname="testcases.VideoRecordingTest">
    <failure type="java.lang.AssertionError" message="did not expect to find [false] but found [false]">
      <![CDATA[java.lang.AssertionError: did not expect to find [false] but found [false]
at testcases.VideoRecordingTest.SwitchRecordingToggleTest(VideoRecordingTest.java:146)
at java.util.ArrayList.forEach(ArrayList.java:1257)
... Removed 30 stack frames]]>
    </failure>
  </testcase> <!-- SwitchRecordingToggleTest -->
  <testcase name="CreateNewScheduleAndPressCancelTest" time="58.601" classname="testcases.VideoRecordingTest">
    <failure type="org.openqa.selenium.NoSuchElementException" message="Unable to find element with xpath == //div[@class=&amp;apos;scheduleBlockWrpper&amp;apos;]/button[@class=&amp;apos;btn btn-vms position-add-schedule-button clear&amp;apos;]
For documentation on this error, please visit: http://seleniumhq.org/exceptions/no_such_element.html
Build info: version: &amp;apos;3.9.1&amp;apos;, revision: &amp;apos;63f7b50&amp;apos;, time: &amp;apos;2018-02-07T22:25:02.294Z&amp;apos;
System info: host: &amp;apos;BORSE-PC&amp;apos;, ip: &amp;apos;172.20.1.58&amp;apos;, os.name: &amp;apos;Windows 10&amp;apos;, os.arch: &amp;apos;amd64&amp;apos;, os.version: &amp;apos;10.0&amp;apos;, java.version: &amp;apos;1.8.0_202&amp;apos;
Driver info: org.openqa.selenium.ie.InternetExplorerDriver
Capabilities {acceptInsecureCerts: false, browserName: internet explorer, browserVersion: 11, javascriptEnabled: true, pageLoadStrategy: normal, platform: WINDOWS, platformName: WINDOWS, proxy: Proxy(), se:ieOptions: {browserAttachTimeout: 0, elementScrollBehavior: 0, enablePersistentHover: true, ie.browserCommandLineSwitches: , ie.edgechromium: false, ie.edgepath: , ie.ensureCleanSession: true, ie.fileUploadDialogTimeout: 3000, ie.forceCreateProcessApi: false, ignoreProtectedModeSettings: true, ignoreZoomSetting: false, initialBrowserUrl: http://localhost:2615/, nativeEvents: true, requireWindowFocus: false}, setWindowRect: true, strictFileInteractability: false, timeouts: {implicit: 0, pageLoad: 300000, script: 30000}, unhandledPromptBehavior: dismiss and notify}
Session ID: 5940bdb7-7aa7-42c6-bac1-d4c95ed3e8b0
*** Element info: {Using=xpath, value=//div[@class=&amp;apos;scheduleBlockWrpper&amp;apos;]/button[@class=&amp;apos;btn btn-vms position-add-schedule-button clear&amp;apos;]}">
      <![CDATA[org.openqa.selenium.NoSuchElementException: Unable to find element with xpath == //div[@class='scheduleBlockWrpper']/button[@class='btn btn-vms position-add-schedule-button clear']
For documentation on this error, please visit: http://seleniumhq.org/exceptions/no_such_element.html
Build info: version: '3.9.1', revision: '63f7b50', time: '2018-02-07T22:25:02.294Z'
System info: host: 'BORSE-PC', ip: '172.20.1.58', os.name: 'Windows 10', os.arch: 'amd64', os.version: '10.0', java.version: '1.8.0_202'
Driver info: org.openqa.selenium.ie.InternetExplorerDriver
Capabilities {acceptInsecureCerts: false, browserName: internet explorer, browserVersion: 11, javascriptEnabled: true, pageLoadStrategy: normal, platform: WINDOWS, platformName: WINDOWS, proxy: Proxy(), se:ieOptions: {browserAttachTimeout: 0, elementScrollBehavior: 0, enablePersistentHover: true, ie.browserCommandLineSwitches: , ie.edgechromium: false, ie.edgepath: , ie.ensureCleanSession: true, ie.fileUploadDialogTimeout: 3000, ie.forceCreateProcessApi: false, ignoreProtectedModeSettings: true, ignoreZoomSetting: false, initialBrowserUrl: http://localhost:2615/, nativeEvents: true, requireWindowFocus: false}, setWindowRect: true, strictFileInteractability: false, timeouts: {implicit: 0, pageLoad: 300000, script: 30000}, unhandledPromptBehavior: dismiss and notify}
Session ID: 5940bdb7-7aa7-42c6-bac1-d4c95ed3e8b0
*** Element info: {Using=xpath, value=//div[@class='scheduleBlockWrpper']/button[@class='btn btn-vms position-add-schedule-button clear']}
at org.openqa.selenium.remote.http.W3CHttpResponseCodec.createException(W3CHttpResponseCodec.java:187)
at org.openqa.selenium.remote.http.W3CHttpResponseCodec.decode(W3CHttpResponseCodec.java:122)
at org.openqa.selenium.remote.http.W3CHttpResponseCodec.decode(W3CHttpResponseCodec.java:49)
at org.openqa.selenium.remote.HttpCommandExecutor.execute(HttpCommandExecutor.java:160)
at org.openqa.selenium.remote.service.DriverCommandExecutor.execute(DriverCommandExecutor.java:83)
at org.openqa.selenium.remote.RemoteWebDriver.execute(RemoteWebDriver.java:601)
at org.openqa.selenium.remote.RemoteWebDriver.findElement(RemoteWebDriver.java:371)
at org.openqa.selenium.remote.RemoteWebDriver.findElementByXPath(RemoteWebDriver.java:473)
at org.openqa.selenium.By$ByXPath.findElement(By.java:361)
at org.openqa.selenium.remote.RemoteWebDriver.findElement(RemoteWebDriver.java:363)
at org.openqa.selenium.support.pagefactory.DefaultElementLocator.findElement(DefaultElementLocator.java:69)
at org.openqa.selenium.support.pagefactory.internal.LocatingElementHandler.invoke(LocatingElementHandler.java:38)
at com.sun.proxy.$Proxy14.getWrappedElement(Unknown Source)
at org.openqa.selenium.remote.internal.WebElementToJsonConverter.apply(WebElementToJsonConverter.java:51)
at com.google.common.collect.Iterators$6.transform(Iterators.java:788)
at com.google.common.collect.TransformedIterator.next(TransformedIterator.java:47)
at com.google.common.collect.Iterators.addAll(Iterators.java:358)
at com.google.common.collect.Lists.newArrayList(Lists.java:155)
at com.google.common.collect.Lists.newArrayList(Lists.java:141)
at org.openqa.selenium.remote.RemoteWebDriver.executeScript(RemoteWebDriver.java:535)
at Utilities.Page.JavaScriptClick(Page.java:758)
at pageObjects.VideoChannelsPage.IfScheduleIsNotExistAddIt(VideoChannelsPage.java:1737)
at testcases.VideoRecordingTest.CreateNewScheduleAndPressCancelTest(VideoRecordingTest.java:1194)
at java.util.ArrayList.forEach(ArrayList.java:1257)
... Removed 30 stack frames]]>
    </failure>
  </testcase> <!-- CreateNewScheduleAndPressCancelTest -->
  <testcase name="NewMonthlyScheduleTest" time="57.672" classname="testcases.VideoRecordingTest">
    <failure type="org.openqa.selenium.NoSuchElementException" message="Unable to find element with xpath == //div[@class=&amp;apos;scheduleBlockWrpper&amp;apos;]/button[@class=&amp;apos;btn btn-vms position-add-schedule-button clear&amp;apos;]
For documentation on this error, please visit: http://seleniumhq.org/exceptions/no_such_element.html
Build info: version: &amp;apos;3.9.1&amp;apos;, revision: &amp;apos;63f7b50&amp;apos;, time: &amp;apos;2018-02-07T22:25:02.294Z&amp;apos;
System info: host: &amp;apos;BORSE-PC&amp;apos;, ip: &amp;apos;172.20.1.58&amp;apos;, os.name: &amp;apos;Windows 10&amp;apos;, os.arch: &amp;apos;amd64&amp;apos;, os.version: &amp;apos;10.0&amp;apos;, java.version: &amp;apos;1.8.0_202&amp;apos;
Driver info: org.openqa.selenium.ie.InternetExplorerDriver
Capabilities {acceptInsecureCerts: false, browserName: internet explorer, browserVersion: 11, javascriptEnabled: true, pageLoadStrategy: normal, platform: WINDOWS, platformName: WINDOWS, proxy: Proxy(), se:ieOptions: {browserAttachTimeout: 0, elementScrollBehavior: 0, enablePersistentHover: true, ie.browserCommandLineSwitches: , ie.edgechromium: false, ie.edgepath: , ie.ensureCleanSession: true, ie.fileUploadDialogTimeout: 3000, ie.forceCreateProcessApi: false, ignoreProtectedModeSettings: true, ignoreZoomSetting: false, initialBrowserUrl: http://localhost:17510/, nativeEvents: true, requireWindowFocus: false}, setWindowRect: true, strictFileInteractability: false, timeouts: {implicit: 0, pageLoad: 300000, script: 30000}, unhandledPromptBehavior: dismiss and notify}
Session ID: 35d033c9-5783-43c7-95b2-af62bcec9ebe
*** Element info: {Using=xpath, value=//div[@class=&amp;apos;scheduleBlockWrpper&amp;apos;]/button[@class=&amp;apos;btn btn-vms position-add-schedule-button clear&amp;apos;]}">
      <![CDATA[org.openqa.selenium.NoSuchElementException: Unable to find element with xpath == //div[@class='scheduleBlockWrpper']/button[@class='btn btn-vms position-add-schedule-button clear']
For documentation on this error, please visit: http://seleniumhq.org/exceptions/no_such_element.html
Build info: version: '3.9.1', revision: '63f7b50', time: '2018-02-07T22:25:02.294Z'
System info: host: 'BORSE-PC', ip: '172.20.1.58', os.name: 'Windows 10', os.arch: 'amd64', os.version: '10.0', java.version: '1.8.0_202'
Driver info: org.openqa.selenium.ie.InternetExplorerDriver
Capabilities {acceptInsecureCerts: false, browserName: internet explorer, browserVersion: 11, javascriptEnabled: true, pageLoadStrategy: normal, platform: WINDOWS, platformName: WINDOWS, proxy: Proxy(), se:ieOptions: {browserAttachTimeout: 0, elementScrollBehavior: 0, enablePersistentHover: true, ie.browserCommandLineSwitches: , ie.edgechromium: false, ie.edgepath: , ie.ensureCleanSession: true, ie.fileUploadDialogTimeout: 3000, ie.forceCreateProcessApi: false, ignoreProtectedModeSettings: true, ignoreZoomSetting: false, initialBrowserUrl: http://localhost:17510/, nativeEvents: true, requireWindowFocus: false}, setWindowRect: true, strictFileInteractability: false, timeouts: {implicit: 0, pageLoad: 300000, script: 30000}, unhandledPromptBehavior: dismiss and notify}
Session ID: 35d033c9-5783-43c7-95b2-af62bcec9ebe
*** Element info: {Using=xpath, value=//div[@class='scheduleBlockWrpper']/button[@class='btn btn-vms position-add-schedule-button clear']}
at org.openqa.selenium.remote.http.W3CHttpResponseCodec.createException(W3CHttpResponseCodec.java:187)
at org.openqa.selenium.remote.http.W3CHttpResponseCodec.decode(W3CHttpResponseCodec.java:122)
at org.openqa.selenium.remote.http.W3CHttpResponseCodec.decode(W3CHttpResponseCodec.java:49)
at org.openqa.selenium.remote.HttpCommandExecutor.execute(HttpCommandExecutor.java:160)
at org.openqa.selenium.remote.service.DriverCommandExecutor.execute(DriverCommandExecutor.java:83)
at org.openqa.selenium.remote.RemoteWebDriver.execute(RemoteWebDriver.java:601)
at org.openqa.selenium.remote.RemoteWebDriver.findElement(RemoteWebDriver.java:371)
at org.openqa.selenium.remote.RemoteWebDriver.findElementByXPath(RemoteWebDriver.java:473)
at org.openqa.selenium.By$ByXPath.findElement(By.java:361)
at org.openqa.selenium.remote.RemoteWebDriver.findElement(RemoteWebDriver.java:363)
at org.openqa.selenium.support.pagefactory.DefaultElementLocator.findElement(DefaultElementLocator.java:69)
at org.openqa.selenium.support.pagefactory.internal.LocatingElementHandler.invoke(LocatingElementHandler.java:38)
at com.sun.proxy.$Proxy14.getWrappedElement(Unknown Source)
at org.openqa.selenium.remote.internal.WebElementToJsonConverter.apply(WebElementToJsonConverter.java:51)
at com.google.common.collect.Iterators$6.transform(Iterators.java:788)
at com.google.common.collect.TransformedIterator.next(TransformedIterator.java:47)
at com.google.common.collect.Iterators.addAll(Iterators.java:358)
at com.google.common.collect.Lists.newArrayList(Lists.java:155)
at com.google.common.collect.Lists.newArrayList(Lists.java:141)
at org.openqa.selenium.remote.RemoteWebDriver.executeScript(RemoteWebDriver.java:535)
at Utilities.Page.JavaScriptClick(Page.java:758)
at pageObjects.VideoChannelsPage.IfScheduleIsNotExistAddIt(VideoChannelsPage.java:1737)
at testcases.VideoRecordingTest.NewMonthlyScheduleTest(VideoRecordingTest.java:617)
at java.util.ArrayList.forEach(ArrayList.java:1257)
... Removed 30 stack frames]]>
    </failure>
  </testcase> <!-- NewMonthlyScheduleTest -->
  <testcase name="NewWeeklyScheduleTest" time="63.411" classname="testcases.VideoRecordingTest">
    <failure type="org.openqa.selenium.NoSuchElementException" message="Unable to find element with xpath == //div[@class=&amp;apos;scheduleBlockWrpper&amp;apos;]/button[@class=&amp;apos;btn btn-vms position-add-schedule-button clear&amp;apos;]
For documentation on this error, please visit: http://seleniumhq.org/exceptions/no_such_element.html
Build info: version: &amp;apos;3.9.1&amp;apos;, revision: &amp;apos;63f7b50&amp;apos;, time: &amp;apos;2018-02-07T22:25:02.294Z&amp;apos;
System info: host: &amp;apos;BORSE-PC&amp;apos;, ip: &amp;apos;172.20.1.58&amp;apos;, os.name: &amp;apos;Windows 10&amp;apos;, os.arch: &amp;apos;amd64&amp;apos;, os.version: &amp;apos;10.0&amp;apos;, java.version: &amp;apos;1.8.0_202&amp;apos;
Driver info: org.openqa.selenium.ie.InternetExplorerDriver
Capabilities {acceptInsecureCerts: false, browserName: internet explorer, browserVersion: 11, javascriptEnabled: true, pageLoadStrategy: normal, platform: WINDOWS, platformName: WINDOWS, proxy: Proxy(), se:ieOptions: {browserAttachTimeout: 0, elementScrollBehavior: 0, enablePersistentHover: true, ie.browserCommandLineSwitches: , ie.edgechromium: false, ie.edgepath: , ie.ensureCleanSession: true, ie.fileUploadDialogTimeout: 3000, ie.forceCreateProcessApi: false, ignoreProtectedModeSettings: true, ignoreZoomSetting: false, initialBrowserUrl: http://localhost:34683/, nativeEvents: true, requireWindowFocus: false}, setWindowRect: true, strictFileInteractability: false, timeouts: {implicit: 0, pageLoad: 300000, script: 30000}, unhandledPromptBehavior: dismiss and notify}
Session ID: bff84672-10d4-4ae5-bf61-1c8012568144
*** Element info: {Using=xpath, value=//div[@class=&amp;apos;scheduleBlockWrpper&amp;apos;]/button[@class=&amp;apos;btn btn-vms position-add-schedule-button clear&amp;apos;]}">
      <![CDATA[org.openqa.selenium.NoSuchElementException: Unable to find element with xpath == //div[@class='scheduleBlockWrpper']/button[@class='btn btn-vms position-add-schedule-button clear']
For documentation on this error, please visit: http://seleniumhq.org/exceptions/no_such_element.html
Build info: version: '3.9.1', revision: '63f7b50', time: '2018-02-07T22:25:02.294Z'
System info: host: 'BORSE-PC', ip: '172.20.1.58', os.name: 'Windows 10', os.arch: 'amd64', os.version: '10.0', java.version: '1.8.0_202'
Driver info: org.openqa.selenium.ie.InternetExplorerDriver
Capabilities {acceptInsecureCerts: false, browserName: internet explorer, browserVersion: 11, javascriptEnabled: true, pageLoadStrategy: normal, platform: WINDOWS, platformName: WINDOWS, proxy: Proxy(), se:ieOptions: {browserAttachTimeout: 0, elementScrollBehavior: 0, enablePersistentHover: true, ie.browserCommandLineSwitches: , ie.edgechromium: false, ie.edgepath: , ie.ensureCleanSession: true, ie.fileUploadDialogTimeout: 3000, ie.forceCreateProcessApi: false, ignoreProtectedModeSettings: true, ignoreZoomSetting: false, initialBrowserUrl: http://localhost:34683/, nativeEvents: true, requireWindowFocus: false}, setWindowRect: true, strictFileInteractability: false, timeouts: {implicit: 0, pageLoad: 300000, script: 30000}, unhandledPromptBehavior: dismiss and notify}
Session ID: bff84672-10d4-4ae5-bf61-1c8012568144
*** Element info: {Using=xpath, value=//div[@class='scheduleBlockWrpper']/button[@class='btn btn-vms position-add-schedule-button clear']}
at org.openqa.selenium.remote.http.W3CHttpResponseCodec.createException(W3CHttpResponseCodec.java:187)
at org.openqa.selenium.remote.http.W3CHttpResponseCodec.decode(W3CHttpResponseCodec.java:122)
at org.openqa.selenium.remote.http.W3CHttpResponseCodec.decode(W3CHttpResponseCodec.java:49)
at org.openqa.selenium.remote.HttpCommandExecutor.execute(HttpCommandExecutor.java:160)
at org.openqa.selenium.remote.service.DriverCommandExecutor.execute(DriverCommandExecutor.java:83)
at org.openqa.selenium.remote.RemoteWebDriver.execute(RemoteWebDriver.java:601)
at org.openqa.selenium.remote.RemoteWebDriver.findElement(RemoteWebDriver.java:371)
at org.openqa.selenium.remote.RemoteWebDriver.findElementByXPath(RemoteWebDriver.java:473)
at org.openqa.selenium.By$ByXPath.findElement(By.java:361)
at org.openqa.selenium.remote.RemoteWebDriver.findElement(RemoteWebDriver.java:363)
at org.openqa.selenium.support.pagefactory.DefaultElementLocator.findElement(DefaultElementLocator.java:69)
at org.openqa.selenium.support.pagefactory.internal.LocatingElementHandler.invoke(LocatingElementHandler.java:38)
at com.sun.proxy.$Proxy14.getWrappedElement(Unknown Source)
at org.openqa.selenium.remote.internal.WebElementToJsonConverter.apply(WebElementToJsonConverter.java:51)
at com.google.common.collect.Iterators$6.transform(Iterators.java:788)
at com.google.common.collect.TransformedIterator.next(TransformedIterator.java:47)
at com.google.common.collect.Iterators.addAll(Iterators.java:358)
at com.google.common.collect.Lists.newArrayList(Lists.java:155)
at com.google.common.collect.Lists.newArrayList(Lists.java:141)
at org.openqa.selenium.remote.RemoteWebDriver.executeScript(RemoteWebDriver.java:535)
at Utilities.Page.JavaScriptClick(Page.java:758)
at pageObjects.VideoChannelsPage.IfScheduleIsNotExistAddIt(VideoChannelsPage.java:1737)
at testcases.VideoRecordingTest.NewWeeklyScheduleTest(VideoRecordingTest.java:397)
at java.util.ArrayList.forEach(ArrayList.java:1257)
... Removed 30 stack frames]]>
    </failure>
  </testcase> <!-- NewWeeklyScheduleTest -->
  <testcase name="NewYearlySchedule" time="57.53" classname="testcases.VideoRecordingTest">
    <failure type="org.openqa.selenium.NoSuchElementException" message="Unable to find element with xpath == //div[@class=&amp;apos;scheduleBlockWrpper&amp;apos;]/button[@class=&amp;apos;btn btn-vms position-add-schedule-button clear&amp;apos;]
For documentation on this error, please visit: http://seleniumhq.org/exceptions/no_such_element.html
Build info: version: &amp;apos;3.9.1&amp;apos;, revision: &amp;apos;63f7b50&amp;apos;, time: &amp;apos;2018-02-07T22:25:02.294Z&amp;apos;
System info: host: &amp;apos;BORSE-PC&amp;apos;, ip: &amp;apos;172.20.1.58&amp;apos;, os.name: &amp;apos;Windows 10&amp;apos;, os.arch: &amp;apos;amd64&amp;apos;, os.version: &amp;apos;10.0&amp;apos;, java.version: &amp;apos;1.8.0_202&amp;apos;
Driver info: org.openqa.selenium.ie.InternetExplorerDriver
Capabilities {acceptInsecureCerts: false, browserName: internet explorer, browserVersion: 11, javascriptEnabled: true, pageLoadStrategy: normal, platform: WINDOWS, platformName: WINDOWS, proxy: Proxy(), se:ieOptions: {browserAttachTimeout: 0, elementScrollBehavior: 0, enablePersistentHover: true, ie.browserCommandLineSwitches: , ie.edgechromium: false, ie.edgepath: , ie.ensureCleanSession: true, ie.fileUploadDialogTimeout: 3000, ie.forceCreateProcessApi: false, ignoreProtectedModeSettings: true, ignoreZoomSetting: false, initialBrowserUrl: http://localhost:43252/, nativeEvents: true, requireWindowFocus: false}, setWindowRect: true, strictFileInteractability: false, timeouts: {implicit: 0, pageLoad: 300000, script: 30000}, unhandledPromptBehavior: dismiss and notify}
Session ID: 850dd64d-1a43-46fe-ba8a-4e781e0d0962
*** Element info: {Using=xpath, value=//div[@class=&amp;apos;scheduleBlockWrpper&amp;apos;]/button[@class=&amp;apos;btn btn-vms position-add-schedule-button clear&amp;apos;]}">
      <![CDATA[org.openqa.selenium.NoSuchElementException: Unable to find element with xpath == //div[@class='scheduleBlockWrpper']/button[@class='btn btn-vms position-add-schedule-button clear']
For documentation on this error, please visit: http://seleniumhq.org/exceptions/no_such_element.html
Build info: version: '3.9.1', revision: '63f7b50', time: '2018-02-07T22:25:02.294Z'
System info: host: 'BORSE-PC', ip: '172.20.1.58', os.name: 'Windows 10', os.arch: 'amd64', os.version: '10.0', java.version: '1.8.0_202'
Driver info: org.openqa.selenium.ie.InternetExplorerDriver
Capabilities {acceptInsecureCerts: false, browserName: internet explorer, browserVersion: 11, javascriptEnabled: true, pageLoadStrategy: normal, platform: WINDOWS, platformName: WINDOWS, proxy: Proxy(), se:ieOptions: {browserAttachTimeout: 0, elementScrollBehavior: 0, enablePersistentHover: true, ie.browserCommandLineSwitches: , ie.edgechromium: false, ie.edgepath: , ie.ensureCleanSession: true, ie.fileUploadDialogTimeout: 3000, ie.forceCreateProcessApi: false, ignoreProtectedModeSettings: true, ignoreZoomSetting: false, initialBrowserUrl: http://localhost:43252/, nativeEvents: true, requireWindowFocus: false}, setWindowRect: true, strictFileInteractability: false, timeouts: {implicit: 0, pageLoad: 300000, script: 30000}, unhandledPromptBehavior: dismiss and notify}
Session ID: 850dd64d-1a43-46fe-ba8a-4e781e0d0962
*** Element info: {Using=xpath, value=//div[@class='scheduleBlockWrpper']/button[@class='btn btn-vms position-add-schedule-button clear']}
at org.openqa.selenium.remote.http.W3CHttpResponseCodec.createException(W3CHttpResponseCodec.java:187)
at org.openqa.selenium.remote.http.W3CHttpResponseCodec.decode(W3CHttpResponseCodec.java:122)
at org.openqa.selenium.remote.http.W3CHttpResponseCodec.decode(W3CHttpResponseCodec.java:49)
at org.openqa.selenium.remote.HttpCommandExecutor.execute(HttpCommandExecutor.java:160)
at org.openqa.selenium.remote.service.DriverCommandExecutor.execute(DriverCommandExecutor.java:83)
at org.openqa.selenium.remote.RemoteWebDriver.execute(RemoteWebDriver.java:601)
at org.openqa.selenium.remote.RemoteWebDriver.findElement(RemoteWebDriver.java:371)
at org.openqa.selenium.remote.RemoteWebDriver.findElementByXPath(RemoteWebDriver.java:473)
at org.openqa.selenium.By$ByXPath.findElement(By.java:361)
at org.openqa.selenium.remote.RemoteWebDriver.findElement(RemoteWebDriver.java:363)
at org.openqa.selenium.support.pagefactory.DefaultElementLocator.findElement(DefaultElementLocator.java:69)
at org.openqa.selenium.support.pagefactory.internal.LocatingElementHandler.invoke(LocatingElementHandler.java:38)
at com.sun.proxy.$Proxy14.getWrappedElement(Unknown Source)
at org.openqa.selenium.remote.internal.WebElementToJsonConverter.apply(WebElementToJsonConverter.java:51)
at com.google.common.collect.Iterators$6.transform(Iterators.java:788)
at com.google.common.collect.TransformedIterator.next(TransformedIterator.java:47)
at com.google.common.collect.Iterators.addAll(Iterators.java:358)
at com.google.common.collect.Lists.newArrayList(Lists.java:155)
at com.google.common.collect.Lists.newArrayList(Lists.java:141)
at org.openqa.selenium.remote.RemoteWebDriver.executeScript(RemoteWebDriver.java:535)
at Utilities.Page.JavaScriptClick(Page.java:758)
at pageObjects.VideoChannelsPage.IfScheduleIsNotExistAddIt(VideoChannelsPage.java:1737)
at testcases.VideoRecordingTest.NewYearlySchedule(VideoRecordingTest.java:777)
at java.util.ArrayList.forEach(ArrayList.java:1257)
... Removed 30 stack frames]]>
    </failure>
  </testcase> <!-- NewYearlySchedule -->
  <testcase name="GetVideoChannelPropertiesAndApplyToOtherChannelTest" time="13.231" classname="testcases.VideoRecordingTest">
    <failure type="org.openqa.selenium.NoSuchElementException" message="Unable to find element with xpath == //select[@ng-model = &amp;apos;schedule.selectedSchedule&amp;apos;]
For documentation on this error, please visit: http://seleniumhq.org/exceptions/no_such_element.html
Build info: version: &amp;apos;3.9.1&amp;apos;, revision: &amp;apos;63f7b50&amp;apos;, time: &amp;apos;2018-02-07T22:25:02.294Z&amp;apos;
System info: host: &amp;apos;BORSE-PC&amp;apos;, ip: &amp;apos;172.20.1.58&amp;apos;, os.name: &amp;apos;Windows 10&amp;apos;, os.arch: &amp;apos;amd64&amp;apos;, os.version: &amp;apos;10.0&amp;apos;, java.version: &amp;apos;1.8.0_202&amp;apos;
Driver info: org.openqa.selenium.ie.InternetExplorerDriver
Capabilities {acceptInsecureCerts: false, browserName: internet explorer, browserVersion: 11, javascriptEnabled: true, pageLoadStrategy: normal, platform: WINDOWS, platformName: WINDOWS, proxy: Proxy(), se:ieOptions: {browserAttachTimeout: 0, elementScrollBehavior: 0, enablePersistentHover: true, ie.browserCommandLineSwitches: , ie.edgechromium: false, ie.edgepath: , ie.ensureCleanSession: true, ie.fileUploadDialogTimeout: 3000, ie.forceCreateProcessApi: false, ignoreProtectedModeSettings: true, ignoreZoomSetting: false, initialBrowserUrl: http://localhost:40445/, nativeEvents: true, requireWindowFocus: false}, setWindowRect: true, strictFileInteractability: false, timeouts: {implicit: 0, pageLoad: 300000, script: 30000}, unhandledPromptBehavior: dismiss and notify}
Session ID: 75c368a8-7c6c-4b73-9ad7-e3403863d64a
*** Element info: {Using=xpath, value=//select[@ng-model = &amp;apos;schedule.selectedSchedule&amp;apos;]}">
      <![CDATA[org.openqa.selenium.NoSuchElementException: Unable to find element with xpath == //select[@ng-model = 'schedule.selectedSchedule']
For documentation on this error, please visit: http://seleniumhq.org/exceptions/no_such_element.html
Build info: version: '3.9.1', revision: '63f7b50', time: '2018-02-07T22:25:02.294Z'
System info: host: 'BORSE-PC', ip: '172.20.1.58', os.name: 'Windows 10', os.arch: 'amd64', os.version: '10.0', java.version: '1.8.0_202'
Driver info: org.openqa.selenium.ie.InternetExplorerDriver
Capabilities {acceptInsecureCerts: false, browserName: internet explorer, browserVersion: 11, javascriptEnabled: true, pageLoadStrategy: normal, platform: WINDOWS, platformName: WINDOWS, proxy: Proxy(), se:ieOptions: {browserAttachTimeout: 0, elementScrollBehavior: 0, enablePersistentHover: true, ie.browserCommandLineSwitches: , ie.edgechromium: false, ie.edgepath: , ie.ensureCleanSession: true, ie.fileUploadDialogTimeout: 3000, ie.forceCreateProcessApi: false, ignoreProtectedModeSettings: true, ignoreZoomSetting: false, initialBrowserUrl: http://localhost:40445/, nativeEvents: true, requireWindowFocus: false}, setWindowRect: true, strictFileInteractability: false, timeouts: {implicit: 0, pageLoad: 300000, script: 30000}, unhandledPromptBehavior: dismiss and notify}
Session ID: 75c368a8-7c6c-4b73-9ad7-e3403863d64a
*** Element info: {Using=xpath, value=//select[@ng-model = 'schedule.selectedSchedule']}
at org.openqa.selenium.remote.http.W3CHttpResponseCodec.createException(W3CHttpResponseCodec.java:187)
at org.openqa.selenium.remote.http.W3CHttpResponseCodec.decode(W3CHttpResponseCodec.java:122)
at org.openqa.selenium.remote.http.W3CHttpResponseCodec.decode(W3CHttpResponseCodec.java:49)
at org.openqa.selenium.remote.HttpCommandExecutor.execute(HttpCommandExecutor.java:160)
at org.openqa.selenium.remote.service.DriverCommandExecutor.execute(DriverCommandExecutor.java:83)
at org.openqa.selenium.remote.RemoteWebDriver.execute(RemoteWebDriver.java:601)
at org.openqa.selenium.remote.RemoteWebDriver.findElement(RemoteWebDriver.java:371)
at org.openqa.selenium.remote.RemoteWebDriver.findElementByXPath(RemoteWebDriver.java:473)
at org.openqa.selenium.By$ByXPath.findElement(By.java:361)
at org.openqa.selenium.remote.RemoteWebDriver.findElement(RemoteWebDriver.java:363)
at org.openqa.selenium.support.pagefactory.DefaultElementLocator.findElement(DefaultElementLocator.java:69)
at org.openqa.selenium.support.pagefactory.internal.LocatingElementHandler.invoke(LocatingElementHandler.java:38)
at com.sun.proxy.$Proxy14.getTagName(Unknown Source)
at org.openqa.selenium.support.ui.Select.<init>(Select.java:44)
at pageObjects.VideoChannelsPage.GetSelectedScheduleOption(VideoChannelsPage.java:1620)
at testcases.VideoRecordingTest.GetVideoChannelPropertiesAndApplyToOtherChannelTest(VideoRecordingTest.java:2150)
at java.util.ArrayList.forEach(ArrayList.java:1257)
... Removed 30 stack frames]]>
    </failure>
  </testcase> <!-- GetVideoChannelPropertiesAndApplyToOtherChannelTest -->
  <testcase name="SelectContinuousAndEventOptionAndChangeParametersTest" time="58.749" classname="testcases.VideoRecordingTest">
    <failure type="org.openqa.selenium.NoSuchElementException" message="Unable to find element with xpath == //div[@class=&amp;apos;scheduleBlockWrpper&amp;apos;]/button[@class=&amp;apos;btn btn-vms position-add-schedule-button clear&amp;apos;]
For documentation on this error, please visit: http://seleniumhq.org/exceptions/no_such_element.html
Build info: version: &amp;apos;3.9.1&amp;apos;, revision: &amp;apos;63f7b50&amp;apos;, time: &amp;apos;2018-02-07T22:25:02.294Z&amp;apos;
System info: host: &amp;apos;BORSE-PC&amp;apos;, ip: &amp;apos;172.20.1.58&amp;apos;, os.name: &amp;apos;Windows 10&amp;apos;, os.arch: &amp;apos;amd64&amp;apos;, os.version: &amp;apos;10.0&amp;apos;, java.version: &amp;apos;1.8.0_202&amp;apos;
Driver info: org.openqa.selenium.ie.InternetExplorerDriver
Capabilities {acceptInsecureCerts: false, browserName: internet explorer, browserVersion: 11, javascriptEnabled: true, pageLoadStrategy: normal, platform: WINDOWS, platformName: WINDOWS, proxy: Proxy(), se:ieOptions: {browserAttachTimeout: 0, elementScrollBehavior: 0, enablePersistentHover: true, ie.browserCommandLineSwitches: , ie.edgechromium: false, ie.edgepath: , ie.ensureCleanSession: true, ie.fileUploadDialogTimeout: 3000, ie.forceCreateProcessApi: false, ignoreProtectedModeSettings: true, ignoreZoomSetting: false, initialBrowserUrl: http://localhost:9641/, nativeEvents: true, requireWindowFocus: false}, setWindowRect: true, strictFileInteractability: false, timeouts: {implicit: 0, pageLoad: 300000, script: 30000}, unhandledPromptBehavior: dismiss and notify}
Session ID: 924dc2c8-e3fa-4a95-843a-91a680793bc2
*** Element info: {Using=xpath, value=//div[@class=&amp;apos;scheduleBlockWrpper&amp;apos;]/button[@class=&amp;apos;btn btn-vms position-add-schedule-button clear&amp;apos;]}">
      <![CDATA[org.openqa.selenium.NoSuchElementException: Unable to find element with xpath == //div[@class='scheduleBlockWrpper']/button[@class='btn btn-vms position-add-schedule-button clear']
For documentation on this error, please visit: http://seleniumhq.org/exceptions/no_such_element.html
Build info: version: '3.9.1', revision: '63f7b50', time: '2018-02-07T22:25:02.294Z'
System info: host: 'BORSE-PC', ip: '172.20.1.58', os.name: 'Windows 10', os.arch: 'amd64', os.version: '10.0', java.version: '1.8.0_202'
Driver info: org.openqa.selenium.ie.InternetExplorerDriver
Capabilities {acceptInsecureCerts: false, browserName: internet explorer, browserVersion: 11, javascriptEnabled: true, pageLoadStrategy: normal, platform: WINDOWS, platformName: WINDOWS, proxy: Proxy(), se:ieOptions: {browserAttachTimeout: 0, elementScrollBehavior: 0, enablePersistentHover: true, ie.browserCommandLineSwitches: , ie.edgechromium: false, ie.edgepath: , ie.ensureCleanSession: true, ie.fileUploadDialogTimeout: 3000, ie.forceCreateProcessApi: false, ignoreProtectedModeSettings: true, ignoreZoomSetting: false, initialBrowserUrl: http://localhost:9641/, nativeEvents: true, requireWindowFocus: false}, setWindowRect: true, strictFileInteractability: false, timeouts: {implicit: 0, pageLoad: 300000, script: 30000}, unhandledPromptBehavior: dismiss and notify}
Session ID: 924dc2c8-e3fa-4a95-843a-91a680793bc2
*** Element info: {Using=xpath, value=//div[@class='scheduleBlockWrpper']/button[@class='btn btn-vms position-add-schedule-button clear']}
at org.openqa.selenium.remote.http.W3CHttpResponseCodec.createException(W3CHttpResponseCodec.java:187)
at org.openqa.selenium.remote.http.W3CHttpResponseCodec.decode(W3CHttpResponseCodec.java:122)
at org.openqa.selenium.remote.http.W3CHttpResponseCodec.decode(W3CHttpResponseCodec.java:49)
at org.openqa.selenium.remote.HttpCommandExecutor.execute(HttpCommandExecutor.java:160)
at org.openqa.selenium.remote.service.DriverCommandExecutor.execute(DriverCommandExecutor.java:83)
at org.openqa.selenium.remote.RemoteWebDriver.execute(RemoteWebDriver.java:601)
at org.openqa.selenium.remote.RemoteWebDriver.findElement(RemoteWebDriver.java:371)
at org.openqa.selenium.remote.RemoteWebDriver.findElementByXPath(RemoteWebDriver.java:473)
at org.openqa.selenium.By$ByXPath.findElement(By.java:361)
at org.openqa.selenium.remote.RemoteWebDriver.findElement(RemoteWebDriver.java:363)
at org.openqa.selenium.support.pagefactory.DefaultElementLocator.findElement(DefaultElementLocator.java:69)
at org.openqa.selenium.support.pagefactory.internal.LocatingElementHandler.invoke(LocatingElementHandler.java:38)
at com.sun.proxy.$Proxy14.getWrappedElement(Unknown Source)
at org.openqa.selenium.remote.internal.WebElementToJsonConverter.apply(WebElementToJsonConverter.java:51)
at com.google.common.collect.Iterators$6.transform(Iterators.java:788)
at com.google.common.collect.TransformedIterator.next(TransformedIterator.java:47)
at com.google.common.collect.Iterators.addAll(Iterators.java:358)
at com.google.common.collect.Lists.newArrayList(Lists.java:155)
at com.google.common.collect.Lists.newArrayList(Lists.java:141)
at org.openqa.selenium.remote.RemoteWebDriver.executeScript(RemoteWebDriver.java:535)
at Utilities.Page.JavaScriptClick(Page.java:758)
at pageObjects.VideoChannelsPage.IfScheduleIsNotExistAddIt(VideoChannelsPage.java:1737)
at testcases.VideoRecordingTest.SelectContinuousAndEventOptionAndChangeParametersTest(VideoRecordingTest.java:1286)
at java.util.ArrayList.forEach(ArrayList.java:1257)
... Removed 30 stack frames]]>
    </failure>
  </testcase> <!-- SelectContinuousAndEventOptionAndChangeParametersTest -->
  <testcase name="SelectEventAndChangeParametersEventTest" time="4.433" classname="testcases.VideoRecordingTest">
    <failure type="java.lang.NullPointerException">
      <![CDATA[java.lang.NullPointerException
at testcases.VideoRecordingTest.SelectEventAndChangeParametersEventTest(VideoRecordingTest.java:1226)
at java.util.ArrayList.forEach(ArrayList.java:1257)
... Removed 27 stack frames]]>
    </failure>
  </testcase> <!-- SelectEventAndChangeParametersEventTest -->
  <testcase name="ChangePreEventTimeExitAndPressDoNotSaveTest" time="21.248" classname="testcases.AudioChannelsElementsTest"/>
  <testcase name="ChangeProtocolExitAndPressSaveTest" time="24.467" classname="testcases.AudioChannelsElementsTest">
    <failure type="java.lang.AssertionError" message="did not expect to find [true] but found [false]">
      <![CDATA[java.lang.AssertionError: did not expect to find [true] but found [false]
at testcases.AudioChannelsElementsTest.ChangeProtocolExitAndPressSaveTest(AudioChannelsElementsTest.java:541)
at java.util.ArrayList.forEach(ArrayList.java:1257)
... Removed 31 stack frames]]>
    </failure>
  </testcase> <!-- ChangeProtocolExitAndPressSaveTest -->
  <testcase name="CreateNewSchedulePlanExitAndPressCancelTest" time="0.516" classname="testcases.AudioChannelsElementsTest">
    <failure type="org.openqa.selenium.ElementNotInteractableException" message="Element is not displayed
Build info: version: &amp;apos;3.9.1&amp;apos;, revision: &amp;apos;63f7b50&amp;apos;, time: &amp;apos;2018-02-07T22:25:02.294Z&amp;apos;
System info: host: &amp;apos;BORSE-PC&amp;apos;, ip: &amp;apos;172.20.1.58&amp;apos;, os.name: &amp;apos;Windows 10&amp;apos;, os.arch: &amp;apos;amd64&amp;apos;, os.version: &amp;apos;10.0&amp;apos;, java.version: &amp;apos;1.8.0_202&amp;apos;
Driver info: org.openqa.selenium.ie.InternetExplorerDriver
Capabilities {acceptInsecureCerts: false, browserName: internet explorer, browserVersion: 11, javascriptEnabled: true, pageLoadStrategy: normal, platform: WINDOWS, platformName: WINDOWS, proxy: Proxy(), se:ieOptions: {browserAttachTimeout: 0, elementScrollBehavior: 0, enablePersistentHover: true, ie.browserCommandLineSwitches: , ie.edgechromium: false, ie.edgepath: , ie.ensureCleanSession: true, ie.fileUploadDialogTimeout: 3000, ie.forceCreateProcessApi: false, ignoreProtectedModeSettings: true, ignoreZoomSetting: false, initialBrowserUrl: http://localhost:39519/, nativeEvents: true, requireWindowFocus: false}, setWindowRect: true, strictFileInteractability: false, timeouts: {implicit: 0, pageLoad: 300000, script: 30000}, unhandledPromptBehavior: dismiss and notify}
Session ID: 8f97d32b-ada3-426e-a616-7af6855e9f30">
      <![CDATA[org.openqa.selenium.ElementNotInteractableException: Element is not displayed
Build info: version: '3.9.1', revision: '63f7b50', time: '2018-02-07T22:25:02.294Z'
System info: host: 'BORSE-PC', ip: '172.20.1.58', os.name: 'Windows 10', os.arch: 'amd64', os.version: '10.0', java.version: '1.8.0_202'
Driver info: org.openqa.selenium.ie.InternetExplorerDriver
Capabilities {acceptInsecureCerts: false, browserName: internet explorer, browserVersion: 11, javascriptEnabled: true, pageLoadStrategy: normal, platform: WINDOWS, platformName: WINDOWS, proxy: Proxy(), se:ieOptions: {browserAttachTimeout: 0, elementScrollBehavior: 0, enablePersistentHover: true, ie.browserCommandLineSwitches: , ie.edgechromium: false, ie.edgepath: , ie.ensureCleanSession: true, ie.fileUploadDialogTimeout: 3000, ie.forceCreateProcessApi: false, ignoreProtectedModeSettings: true, ignoreZoomSetting: false, initialBrowserUrl: http://localhost:39519/, nativeEvents: true, requireWindowFocus: false}, setWindowRect: true, strictFileInteractability: false, timeouts: {implicit: 0, pageLoad: 300000, script: 30000}, unhandledPromptBehavior: dismiss and notify}
Session ID: 8f97d32b-ada3-426e-a616-7af6855e9f30
at org.openqa.selenium.remote.http.W3CHttpResponseCodec.createException(W3CHttpResponseCodec.java:187)
at org.openqa.selenium.remote.http.W3CHttpResponseCodec.decode(W3CHttpResponseCodec.java:122)
at org.openqa.selenium.remote.http.W3CHttpResponseCodec.decode(W3CHttpResponseCodec.java:49)
at org.openqa.selenium.remote.HttpCommandExecutor.execute(HttpCommandExecutor.java:160)
at org.openqa.selenium.remote.service.DriverCommandExecutor.execute(DriverCommandExecutor.java:83)
at org.openqa.selenium.remote.RemoteWebDriver.execute(RemoteWebDriver.java:601)
at org.openqa.selenium.remote.RemoteWebElement.execute(RemoteWebElement.java:279)
at org.openqa.selenium.remote.RemoteWebElement.click(RemoteWebElement.java:83)
at pageObjects.AudioChannelsPage.ClickOnChannel(AudioChannelsPage.java:313)
at testcases.AudioChannelsElementsTest.CreateNewSchedulePlanExitAndPressCancelTest(AudioChannelsElementsTest.java:2633)
at java.util.ArrayList.forEach(ArrayList.java:1257)
... Removed 31 stack frames]]>
    </failure>
  </testcase> <!-- CreateNewSchedulePlanExitAndPressCancelTest -->
  <testcase name="CreateNewSchedulePlanExitAndPressDoNotSaveTest" time="26.724" classname="testcases.AudioChannelsElementsTest"/>
  <testcase name="CreateNewSchedulePlanExitAndPressSaveTest" time="25.274" classname="testcases.AudioChannelsElementsTest"/>
  <testcase name="SelectAnyEventsExitAndPressDoNotSaveTest" time="44.152" classname="testcases.AudioChannelsElementsTest"/>
  <testcase name="SelectRecordingModeExitAndPressSaveTest" time="314.914" classname="testcases.AudioChannelsElementsTest">
    <failure type="org.openqa.selenium.NoSuchElementException" message="Unable to find element with xpath == //div[@class = &amp;apos;modal-footer-confirm&amp;apos;]/button[contains(text(), &amp;apos;Save&amp;apos;)]
For documentation on this error, please visit: http://seleniumhq.org/exceptions/no_such_element.html
Build info: version: &amp;apos;3.9.1&amp;apos;, revision: &amp;apos;63f7b50&amp;apos;, time: &amp;apos;2018-02-07T22:25:02.294Z&amp;apos;
System info: host: &amp;apos;BORSE-PC&amp;apos;, ip: &amp;apos;172.20.1.58&amp;apos;, os.name: &amp;apos;Windows 10&amp;apos;, os.arch: &amp;apos;amd64&amp;apos;, os.version: &amp;apos;10.0&amp;apos;, java.version: &amp;apos;1.8.0_202&amp;apos;
Driver info: org.openqa.selenium.ie.InternetExplorerDriver
Capabilities {acceptInsecureCerts: false, browserName: internet explorer, browserVersion: 11, javascriptEnabled: true, pageLoadStrategy: normal, platform: WINDOWS, platformName: WINDOWS, proxy: Proxy(), se:ieOptions: {browserAttachTimeout: 0, elementScrollBehavior: 0, enablePersistentHover: true, ie.browserCommandLineSwitches: , ie.edgechromium: false, ie.edgepath: , ie.ensureCleanSession: true, ie.fileUploadDialogTimeout: 3000, ie.forceCreateProcessApi: false, ignoreProtectedModeSettings: true, ignoreZoomSetting: false, initialBrowserUrl: http://localhost:24575/, nativeEvents: true, requireWindowFocus: false}, setWindowRect: true, strictFileInteractability: false, timeouts: {implicit: 0, pageLoad: 300000, script: 30000}, unhandledPromptBehavior: dismiss and notify}
Session ID: 7f8fc6d0-4c40-438e-880d-0b3f86fd1d9c
*** Element info: {Using=xpath, value=//div[@class = &amp;apos;modal-footer-confirm&amp;apos;]/button[contains(text(), &amp;apos;Save&amp;apos;)]}">
      <![CDATA[org.openqa.selenium.NoSuchElementException: Unable to find element with xpath == //div[@class = 'modal-footer-confirm']/button[contains(text(), 'Save')]
For documentation on this error, please visit: http://seleniumhq.org/exceptions/no_such_element.html
Build info: version: '3.9.1', revision: '63f7b50', time: '2018-02-07T22:25:02.294Z'
System info: host: 'BORSE-PC', ip: '172.20.1.58', os.name: 'Windows 10', os.arch: 'amd64', os.version: '10.0', java.version: '1.8.0_202'
Driver info: org.openqa.selenium.ie.InternetExplorerDriver
Capabilities {acceptInsecureCerts: false, browserName: internet explorer, browserVersion: 11, javascriptEnabled: true, pageLoadStrategy: normal, platform: WINDOWS, platformName: WINDOWS, proxy: Proxy(), se:ieOptions: {browserAttachTimeout: 0, elementScrollBehavior: 0, enablePersistentHover: true, ie.browserCommandLineSwitches: , ie.edgechromium: false, ie.edgepath: , ie.ensureCleanSession: true, ie.fileUploadDialogTimeout: 3000, ie.forceCreateProcessApi: false, ignoreProtectedModeSettings: true, ignoreZoomSetting: false, initialBrowserUrl: http://localhost:24575/, nativeEvents: true, requireWindowFocus: false}, setWindowRect: true, strictFileInteractability: false, timeouts: {implicit: 0, pageLoad: 300000, script: 30000}, unhandledPromptBehavior: dismiss and notify}
Session ID: 7f8fc6d0-4c40-438e-880d-0b3f86fd1d9c
*** Element info: {Using=xpath, value=//div[@class = 'modal-footer-confirm']/button[contains(text(), 'Save')]}
at org.openqa.selenium.remote.http.W3CHttpResponseCodec.createException(W3CHttpResponseCodec.java:187)
at org.openqa.selenium.remote.http.W3CHttpResponseCodec.decode(W3CHttpResponseCodec.java:122)
at org.openqa.selenium.remote.http.W3CHttpResponseCodec.decode(W3CHttpResponseCodec.java:49)
at org.openqa.selenium.remote.HttpCommandExecutor.execute(HttpCommandExecutor.java:160)
at org.openqa.selenium.remote.service.DriverCommandExecutor.execute(DriverCommandExecutor.java:83)
at org.openqa.selenium.remote.RemoteWebDriver.execute(RemoteWebDriver.java:601)
at org.openqa.selenium.remote.RemoteWebDriver.findElement(RemoteWebDriver.java:371)
at org.openqa.selenium.remote.RemoteWebDriver.findElementByXPath(RemoteWebDriver.java:473)
at org.openqa.selenium.By$ByXPath.findElement(By.java:361)
at org.openqa.selenium.remote.RemoteWebDriver.findElement(RemoteWebDriver.java:363)
at org.openqa.selenium.support.pagefactory.DefaultElementLocator.findElement(DefaultElementLocator.java:69)
at org.openqa.selenium.support.pagefactory.internal.LocatingElementHandler.invoke(LocatingElementHandler.java:38)
at com.sun.proxy.$Proxy14.getWrappedElement(Unknown Source)
at org.openqa.selenium.remote.internal.WebElementToJsonConverter.apply(WebElementToJsonConverter.java:51)
at com.google.common.collect.Iterators$6.transform(Iterators.java:788)
at com.google.common.collect.TransformedIterator.next(TransformedIterator.java:47)
at com.google.common.collect.Iterators.addAll(Iterators.java:358)
at com.google.common.collect.Lists.newArrayList(Lists.java:155)
at com.google.common.collect.Lists.newArrayList(Lists.java:141)
at org.openqa.selenium.remote.RemoteWebDriver.executeScript(RemoteWebDriver.java:535)
at Utilities.Page.JavaScriptClick(Page.java:758)
at Utilities.Page.PressSaveUnsavedChanges(Page.java:343)
at testcases.AudioChannelsElementsTest.SelectRecordingModeExitAndPressSaveTest(AudioChannelsElementsTest.java:1432)
at java.util.ArrayList.forEach(ArrayList.java:1257)
... Removed 30 stack frames]]>
    </failure>
  </testcase> <!-- SelectRecordingModeExitAndPressSaveTest -->
  <testcase name="SelectScheduleAndPressSaveTest" time="38.008" classname="testcases.AudioChannelsElementsTest">
    <failure type="org.openqa.selenium.ElementClickInterceptedException" message="Element not clickable at point (482,630). Other element would receive the click: &amp;lt;div tabindex=&amp;quot;-1&amp;quot; class=&amp;quot;modal fade ng-isolate-scope confirm-modal 457bb07d-846d-4c93-8a11-0461f346c614 in&amp;quot; role=&amp;quot;dialog&amp;quot; style=&amp;quot;display: block; z-index: 1050;&amp;quot; ng-style=&amp;quot;{&amp;apos;z-index&amp;apos;: 1050 + index*10, display: &amp;apos;block&amp;apos;}&amp;quot; modal-animation=&amp;quot;true&amp;quot; uib-modal-window=&amp;quot;modal-window&amp;quot; window-class=&amp;quot;confirm-modal 457bb07d-846d-4c93-8a11-0461f346c614&amp;quot; index=&amp;quot;0&amp;quot; animate=&amp;quot;animate&amp;quot; modal-in-class=&amp;quot;in&amp;quot; uib-modal-animation-class=&amp;quot;fade&amp;quot; modal-render=&amp;quot;true&amp;quot;&amp;gt; (elementsFromPoint index 1)
Build info: version: &amp;apos;3.9.1&amp;apos;, revision: &amp;apos;63f7b50&amp;apos;, time: &amp;apos;2018-02-07T22:25:02.294Z&amp;apos;
System info: host: &amp;apos;BORSE-PC&amp;apos;, ip: &amp;apos;172.20.1.58&amp;apos;, os.name: &amp;apos;Windows 10&amp;apos;, os.arch: &amp;apos;amd64&amp;apos;, os.version: &amp;apos;10.0&amp;apos;, java.version: &amp;apos;1.8.0_202&amp;apos;
Driver info: org.openqa.selenium.ie.InternetExplorerDriver
Capabilities {acceptInsecureCerts: false, browserName: internet explorer, browserVersion: 11, javascriptEnabled: true, pageLoadStrategy: normal, platform: WINDOWS, platformName: WINDOWS, proxy: Proxy(), se:ieOptions: {browserAttachTimeout: 0, elementScrollBehavior: 0, enablePersistentHover: true, ie.browserCommandLineSwitches: , ie.edgechromium: false, ie.edgepath: , ie.ensureCleanSession: true, ie.fileUploadDialogTimeout: 3000, ie.forceCreateProcessApi: false, ignoreProtectedModeSettings: true, ignoreZoomSetting: false, initialBrowserUrl: http://localhost:18169/, nativeEvents: true, requireWindowFocus: false}, setWindowRect: true, strictFileInteractability: false, timeouts: {implicit: 0, pageLoad: 300000, script: 30000}, unhandledPromptBehavior: dismiss and notify}
Session ID: 8ccef1ff-a1c5-4fcd-97f9-e44bbf07c082">
      <![CDATA[org.openqa.selenium.ElementClickInterceptedException: Element not clickable at point (482,630). Other element would receive the click: <div tabindex="-1" class="modal fade ng-isolate-scope confirm-modal 457bb07d-846d-4c93-8a11-0461f346c614 in" role="dialog" style="display: block; z-index: 1050;" ng-style="{'z-index': 1050 + index*10, display: 'block'}" modal-animation="true" uib-modal-window="modal-window" window-class="confirm-modal 457bb07d-846d-4c93-8a11-0461f346c614" index="0" animate="animate" modal-in-class="in" uib-modal-animation-class="fade" modal-render="true"> (elementsFromPoint index 1)
Build info: version: '3.9.1', revision: '63f7b50', time: '2018-02-07T22:25:02.294Z'
System info: host: 'BORSE-PC', ip: '172.20.1.58', os.name: 'Windows 10', os.arch: 'amd64', os.version: '10.0', java.version: '1.8.0_202'
Driver info: org.openqa.selenium.ie.InternetExplorerDriver
Capabilities {acceptInsecureCerts: false, browserName: internet explorer, browserVersion: 11, javascriptEnabled: true, pageLoadStrategy: normal, platform: WINDOWS, platformName: WINDOWS, proxy: Proxy(), se:ieOptions: {browserAttachTimeout: 0, elementScrollBehavior: 0, enablePersistentHover: true, ie.browserCommandLineSwitches: , ie.edgechromium: false, ie.edgepath: , ie.ensureCleanSession: true, ie.fileUploadDialogTimeout: 3000, ie.forceCreateProcessApi: false, ignoreProtectedModeSettings: true, ignoreZoomSetting: false, initialBrowserUrl: http://localhost:18169/, nativeEvents: true, requireWindowFocus: false}, setWindowRect: true, strictFileInteractability: false, timeouts: {implicit: 0, pageLoad: 300000, script: 30000}, unhandledPromptBehavior: dismiss and notify}
Session ID: 8ccef1ff-a1c5-4fcd-97f9-e44bbf07c082
at org.openqa.selenium.remote.http.W3CHttpResponseCodec.createException(W3CHttpResponseCodec.java:187)
at org.openqa.selenium.remote.http.W3CHttpResponseCodec.decode(W3CHttpResponseCodec.java:122)
at org.openqa.selenium.remote.http.W3CHttpResponseCodec.decode(W3CHttpResponseCodec.java:49)
at org.openqa.selenium.remote.HttpCommandExecutor.execute(HttpCommandExecutor.java:160)
at org.openqa.selenium.remote.service.DriverCommandExecutor.execute(DriverCommandExecutor.java:83)
at org.openqa.selenium.remote.RemoteWebDriver.execute(RemoteWebDriver.java:601)
at org.openqa.selenium.remote.RemoteWebElement.execute(RemoteWebElement.java:279)
at org.openqa.selenium.remote.RemoteWebElement.click(RemoteWebElement.java:83)
at pageObjects.AudioChannelsPage.ClickOnChannel(AudioChannelsPage.java:313)
at testcases.AudioChannelsElementsTest.SelectScheduleAndPressSaveTest(AudioChannelsElementsTest.java:1216)
at java.util.ArrayList.forEach(ArrayList.java:1257)
... Removed 31 stack frames]]>
    </failure>
  </testcase> <!-- SelectScheduleAndPressSaveTest -->
  <testcase name="SelectTwoEventsDeleteExitAndPressCancelTest" time="13.807" classname="testcases.AudioChannelsElementsTest">
    <failure type="org.openqa.selenium.NoSuchElementException" message="Unable to find element with xpath == //div[@class=&amp;apos;dropdown-custom-button&amp;apos;]
For documentation on this error, please visit: http://seleniumhq.org/exceptions/no_such_element.html
Build info: version: &amp;apos;3.9.1&amp;apos;, revision: &amp;apos;63f7b50&amp;apos;, time: &amp;apos;2018-02-07T22:25:02.294Z&amp;apos;
System info: host: &amp;apos;BORSE-PC&amp;apos;, ip: &amp;apos;172.20.1.58&amp;apos;, os.name: &amp;apos;Windows 10&amp;apos;, os.arch: &amp;apos;amd64&amp;apos;, os.version: &amp;apos;10.0&amp;apos;, java.version: &amp;apos;1.8.0_202&amp;apos;
Driver info: org.openqa.selenium.ie.InternetExplorerDriver
Capabilities {acceptInsecureCerts: false, browserName: internet explorer, browserVersion: 11, javascriptEnabled: true, pageLoadStrategy: normal, platform: WINDOWS, platformName: WINDOWS, proxy: Proxy(), se:ieOptions: {browserAttachTimeout: 0, elementScrollBehavior: 0, enablePersistentHover: true, ie.browserCommandLineSwitches: , ie.edgechromium: false, ie.edgepath: , ie.ensureCleanSession: true, ie.fileUploadDialogTimeout: 3000, ie.forceCreateProcessApi: false, ignoreProtectedModeSettings: true, ignoreZoomSetting: false, initialBrowserUrl: http://localhost:11369/, nativeEvents: true, requireWindowFocus: false}, setWindowRect: true, strictFileInteractability: false, timeouts: {implicit: 0, pageLoad: 300000, script: 30000}, unhandledPromptBehavior: dismiss and notify}
Session ID: 57fe55f3-7226-46e9-8d6b-17516e0504cc
*** Element info: {Using=xpath, value=//div[@class=&amp;apos;dropdown-custom-button&amp;apos;]}">
      <![CDATA[org.openqa.selenium.NoSuchElementException: Unable to find element with xpath == //div[@class='dropdown-custom-button']
For documentation on this error, please visit: http://seleniumhq.org/exceptions/no_such_element.html
Build info: version: '3.9.1', revision: '63f7b50', time: '2018-02-07T22:25:02.294Z'
System info: host: 'BORSE-PC', ip: '172.20.1.58', os.name: 'Windows 10', os.arch: 'amd64', os.version: '10.0', java.version: '1.8.0_202'
Driver info: org.openqa.selenium.ie.InternetExplorerDriver
Capabilities {acceptInsecureCerts: false, browserName: internet explorer, browserVersion: 11, javascriptEnabled: true, pageLoadStrategy: normal, platform: WINDOWS, platformName: WINDOWS, proxy: Proxy(), se:ieOptions: {browserAttachTimeout: 0, elementScrollBehavior: 0, enablePersistentHover: true, ie.browserCommandLineSwitches: , ie.edgechromium: false, ie.edgepath: , ie.ensureCleanSession: true, ie.fileUploadDialogTimeout: 3000, ie.forceCreateProcessApi: false, ignoreProtectedModeSettings: true, ignoreZoomSetting: false, initialBrowserUrl: http://localhost:11369/, nativeEvents: true, requireWindowFocus: false}, setWindowRect: true, strictFileInteractability: false, timeouts: {implicit: 0, pageLoad: 300000, script: 30000}, unhandledPromptBehavior: dismiss and notify}
Session ID: 57fe55f3-7226-46e9-8d6b-17516e0504cc
*** Element info: {Using=xpath, value=//div[@class='dropdown-custom-button']}
at org.openqa.selenium.remote.http.W3CHttpResponseCodec.createException(W3CHttpResponseCodec.java:187)
at org.openqa.selenium.remote.http.W3CHttpResponseCodec.decode(W3CHttpResponseCodec.java:122)
at org.openqa.selenium.remote.http.W3CHttpResponseCodec.decode(W3CHttpResponseCodec.java:49)
at org.openqa.selenium.remote.HttpCommandExecutor.execute(HttpCommandExecutor.java:160)
at org.openqa.selenium.remote.service.DriverCommandExecutor.execute(DriverCommandExecutor.java:83)
at org.openqa.selenium.remote.RemoteWebDriver.execute(RemoteWebDriver.java:601)
at org.openqa.selenium.remote.RemoteWebDriver.findElement(RemoteWebDriver.java:371)
at org.openqa.selenium.remote.RemoteWebDriver.findElementByXPath(RemoteWebDriver.java:473)
at org.openqa.selenium.By$ByXPath.findElement(By.java:361)
at org.openqa.selenium.remote.RemoteWebDriver.findElement(RemoteWebDriver.java:363)
at org.openqa.selenium.support.pagefactory.DefaultElementLocator.findElement(DefaultElementLocator.java:69)
at org.openqa.selenium.support.pagefactory.internal.LocatingElementHandler.invoke(LocatingElementHandler.java:38)
at com.sun.proxy.$Proxy14.getWrappedElement(Unknown Source)
at org.openqa.selenium.remote.internal.WebElementToJsonConverter.apply(WebElementToJsonConverter.java:51)
at com.google.common.collect.Iterators$6.transform(Iterators.java:788)
at com.google.common.collect.TransformedIterator.next(TransformedIterator.java:47)
at com.google.common.collect.Iterators.addAll(Iterators.java:358)
at com.google.common.collect.Lists.newArrayList(Lists.java:155)
at com.google.common.collect.Lists.newArrayList(Lists.java:141)
at org.openqa.selenium.remote.RemoteWebDriver.executeScript(RemoteWebDriver.java:535)
at Utilities.Page.JavaScriptClick(Page.java:758)
at Utilities.Page.ClickOnEventTypeField(Page.java:814)
at testcases.AudioChannelsElementsTest.SelectTwoEventsDeleteExitAndPressCancelTest(AudioChannelsElementsTest.java:2336)
at java.util.ArrayList.forEach(ArrayList.java:1257)
... Removed 30 stack frames]]>
    </failure>
  </testcase> <!-- SelectTwoEventsDeleteExitAndPressCancelTest -->
  <testcase name="SelectTwoEventsDeleteExitAndPressSaveTest" time="72.335" classname="testcases.AudioChannelsElementsTest">
    <failure type="java.lang.AssertionError" message="expected [1] but found [2]">
      <![CDATA[java.lang.AssertionError: expected [1] but found [2]
at testcases.AudioChannelsElementsTest.SelectTwoEventsDeleteExitAndPressSaveTest(AudioChannelsElementsTest.java:2588)
at java.util.ArrayList.forEach(ArrayList.java:1257)
... Removed 32 stack frames]]>
    </failure>
  </testcase> <!-- SelectTwoEventsDeleteExitAndPressSaveTest -->
  <testcase name="SwitchLimitRetentionToggleExitAndPressCancelTest" time="64.174" classname="testcases.AudioChannelsElementsTest">
    <failure type="org.openqa.selenium.NoSuchElementException" message="Unable to find element with xpath == //div[@class = &amp;apos;modal-footer-confirm&amp;apos;]/button[contains(text(), &amp;apos;Cancel&amp;apos;)]
For documentation on this error, please visit: http://seleniumhq.org/exceptions/no_such_element.html
Build info: version: &amp;apos;3.9.1&amp;apos;, revision: &amp;apos;63f7b50&amp;apos;, time: &amp;apos;2018-02-07T22:25:02.294Z&amp;apos;
System info: host: &amp;apos;BORSE-PC&amp;apos;, ip: &amp;apos;172.20.1.58&amp;apos;, os.name: &amp;apos;Windows 10&amp;apos;, os.arch: &amp;apos;amd64&amp;apos;, os.version: &amp;apos;10.0&amp;apos;, java.version: &amp;apos;1.8.0_202&amp;apos;
Driver info: org.openqa.selenium.ie.InternetExplorerDriver
Capabilities {acceptInsecureCerts: false, browserName: internet explorer, browserVersion: 11, javascriptEnabled: true, pageLoadStrategy: normal, platform: WINDOWS, platformName: WINDOWS, proxy: Proxy(), se:ieOptions: {browserAttachTimeout: 0, elementScrollBehavior: 0, enablePersistentHover: true, ie.browserCommandLineSwitches: , ie.edgechromium: false, ie.edgepath: , ie.ensureCleanSession: true, ie.fileUploadDialogTimeout: 3000, ie.forceCreateProcessApi: false, ignoreProtectedModeSettings: true, ignoreZoomSetting: false, initialBrowserUrl: http://localhost:46172/, nativeEvents: true, requireWindowFocus: false}, setWindowRect: true, strictFileInteractability: false, timeouts: {implicit: 0, pageLoad: 300000, script: 30000}, unhandledPromptBehavior: dismiss and notify}
Session ID: d9ff7fac-c33e-4550-b724-8241f29907cc
*** Element info: {Using=xpath, value=//div[@class = &amp;apos;modal-footer-confirm&amp;apos;]/button[contains(text(), &amp;apos;Cancel&amp;apos;)]}">
      <![CDATA[org.openqa.selenium.NoSuchElementException: Unable to find element with xpath == //div[@class = 'modal-footer-confirm']/button[contains(text(), 'Cancel')]
For documentation on this error, please visit: http://seleniumhq.org/exceptions/no_such_element.html
Build info: version: '3.9.1', revision: '63f7b50', time: '2018-02-07T22:25:02.294Z'
System info: host: 'BORSE-PC', ip: '172.20.1.58', os.name: 'Windows 10', os.arch: 'amd64', os.version: '10.0', java.version: '1.8.0_202'
Driver info: org.openqa.selenium.ie.InternetExplorerDriver
Capabilities {acceptInsecureCerts: false, browserName: internet explorer, browserVersion: 11, javascriptEnabled: true, pageLoadStrategy: normal, platform: WINDOWS, platformName: WINDOWS, proxy: Proxy(), se:ieOptions: {browserAttachTimeout: 0, elementScrollBehavior: 0, enablePersistentHover: true, ie.browserCommandLineSwitches: , ie.edgechromium: false, ie.edgepath: , ie.ensureCleanSession: true, ie.fileUploadDialogTimeout: 3000, ie.forceCreateProcessApi: false, ignoreProtectedModeSettings: true, ignoreZoomSetting: false, initialBrowserUrl: http://localhost:46172/, nativeEvents: true, requireWindowFocus: false}, setWindowRect: true, strictFileInteractability: false, timeouts: {implicit: 0, pageLoad: 300000, script: 30000}, unhandledPromptBehavior: dismiss and notify}
Session ID: d9ff7fac-c33e-4550-b724-8241f29907cc
*** Element info: {Using=xpath, value=//div[@class = 'modal-footer-confirm']/button[contains(text(), 'Cancel')]}
at org.openqa.selenium.remote.http.W3CHttpResponseCodec.createException(W3CHttpResponseCodec.java:187)
at org.openqa.selenium.remote.http.W3CHttpResponseCodec.decode(W3CHttpResponseCodec.java:122)
at org.openqa.selenium.remote.http.W3CHttpResponseCodec.decode(W3CHttpResponseCodec.java:49)
at org.openqa.selenium.remote.HttpCommandExecutor.execute(HttpCommandExecutor.java:160)
at org.openqa.selenium.remote.service.DriverCommandExecutor.execute(DriverCommandExecutor.java:83)
at org.openqa.selenium.remote.RemoteWebDriver.execute(RemoteWebDriver.java:601)
at org.openqa.selenium.remote.RemoteWebDriver.findElement(RemoteWebDriver.java:371)
at org.openqa.selenium.remote.RemoteWebDriver.findElementByXPath(RemoteWebDriver.java:473)
at org.openqa.selenium.By$ByXPath.findElement(By.java:361)
at org.openqa.selenium.remote.RemoteWebDriver.findElement(RemoteWebDriver.java:363)
at org.openqa.selenium.support.pagefactory.DefaultElementLocator.findElement(DefaultElementLocator.java:69)
at org.openqa.selenium.support.pagefactory.internal.LocatingElementHandler.invoke(LocatingElementHandler.java:38)
at com.sun.proxy.$Proxy14.getWrappedElement(Unknown Source)
at org.openqa.selenium.remote.internal.WebElementToJsonConverter.apply(WebElementToJsonConverter.java:51)
at com.google.common.collect.Iterators$6.transform(Iterators.java:788)
at com.google.common.collect.TransformedIterator.next(TransformedIterator.java:47)
at com.google.common.collect.Iterators.addAll(Iterators.java:358)
at com.google.common.collect.Lists.newArrayList(Lists.java:155)
at com.google.common.collect.Lists.newArrayList(Lists.java:141)
at org.openqa.selenium.remote.RemoteWebDriver.executeScript(RemoteWebDriver.java:535)
at Utilities.Page.JavaScriptClick(Page.java:758)
at Utilities.Page.CancelUnsavedChanges(Page.java:361)
at testcases.AudioChannelsElementsTest.SwitchLimitRetentionToggleExitAndPressCancelTest(AudioChannelsElementsTest.java:763)
at java.util.ArrayList.forEach(ArrayList.java:1257)
... Removed 30 stack frames]]>
    </failure>
  </testcase> <!-- SwitchLimitRetentionToggleExitAndPressCancelTest -->
  <testcase name="SwitchRecordingToggleExitAndPressCancelTest" time="63.651" classname="testcases.AudioChannelsElementsTest">
    <failure type="org.openqa.selenium.NoSuchElementException" message="Unable to find element with xpath == //div[@class = &amp;apos;modal-footer-confirm&amp;apos;]/button[contains(text(), &amp;apos;Cancel&amp;apos;)]
For documentation on this error, please visit: http://seleniumhq.org/exceptions/no_such_element.html
Build info: version: &amp;apos;3.9.1&amp;apos;, revision: &amp;apos;63f7b50&amp;apos;, time: &amp;apos;2018-02-07T22:25:02.294Z&amp;apos;
System info: host: &amp;apos;BORSE-PC&amp;apos;, ip: &amp;apos;172.20.1.58&amp;apos;, os.name: &amp;apos;Windows 10&amp;apos;, os.arch: &amp;apos;amd64&amp;apos;, os.version: &amp;apos;10.0&amp;apos;, java.version: &amp;apos;1.8.0_202&amp;apos;
Driver info: org.openqa.selenium.ie.InternetExplorerDriver
Capabilities {acceptInsecureCerts: false, browserName: internet explorer, browserVersion: 11, javascriptEnabled: true, pageLoadStrategy: normal, platform: WINDOWS, platformName: WINDOWS, proxy: Proxy(), se:ieOptions: {browserAttachTimeout: 0, elementScrollBehavior: 0, enablePersistentHover: true, ie.browserCommandLineSwitches: , ie.edgechromium: false, ie.edgepath: , ie.ensureCleanSession: true, ie.fileUploadDialogTimeout: 3000, ie.forceCreateProcessApi: false, ignoreProtectedModeSettings: true, ignoreZoomSetting: false, initialBrowserUrl: http://localhost:12866/, nativeEvents: true, requireWindowFocus: false}, setWindowRect: true, strictFileInteractability: false, timeouts: {implicit: 0, pageLoad: 300000, script: 30000}, unhandledPromptBehavior: dismiss and notify}
Session ID: 11ba49c3-74cb-42c9-8df8-72523c345f86
*** Element info: {Using=xpath, value=//div[@class = &amp;apos;modal-footer-confirm&amp;apos;]/button[contains(text(), &amp;apos;Cancel&amp;apos;)]}">
      <![CDATA[org.openqa.selenium.NoSuchElementException: Unable to find element with xpath == //div[@class = 'modal-footer-confirm']/button[contains(text(), 'Cancel')]
For documentation on this error, please visit: http://seleniumhq.org/exceptions/no_such_element.html
Build info: version: '3.9.1', revision: '63f7b50', time: '2018-02-07T22:25:02.294Z'
System info: host: 'BORSE-PC', ip: '172.20.1.58', os.name: 'Windows 10', os.arch: 'amd64', os.version: '10.0', java.version: '1.8.0_202'
Driver info: org.openqa.selenium.ie.InternetExplorerDriver
Capabilities {acceptInsecureCerts: false, browserName: internet explorer, browserVersion: 11, javascriptEnabled: true, pageLoadStrategy: normal, platform: WINDOWS, platformName: WINDOWS, proxy: Proxy(), se:ieOptions: {browserAttachTimeout: 0, elementScrollBehavior: 0, enablePersistentHover: true, ie.browserCommandLineSwitches: , ie.edgechromium: false, ie.edgepath: , ie.ensureCleanSession: true, ie.fileUploadDialogTimeout: 3000, ie.forceCreateProcessApi: false, ignoreProtectedModeSettings: true, ignoreZoomSetting: false, initialBrowserUrl: http://localhost:12866/, nativeEvents: true, requireWindowFocus: false}, setWindowRect: true, strictFileInteractability: false, timeouts: {implicit: 0, pageLoad: 300000, script: 30000}, unhandledPromptBehavior: dismiss and notify}
Session ID: 11ba49c3-74cb-42c9-8df8-72523c345f86
*** Element info: {Using=xpath, value=//div[@class = 'modal-footer-confirm']/button[contains(text(), 'Cancel')]}
at org.openqa.selenium.remote.http.W3CHttpResponseCodec.createException(W3CHttpResponseCodec.java:187)
at org.openqa.selenium.remote.http.W3CHttpResponseCodec.decode(W3CHttpResponseCodec.java:122)
at org.openqa.selenium.remote.http.W3CHttpResponseCodec.decode(W3CHttpResponseCodec.java:49)
at org.openqa.selenium.remote.HttpCommandExecutor.execute(HttpCommandExecutor.java:160)
at org.openqa.selenium.remote.service.DriverCommandExecutor.execute(DriverCommandExecutor.java:83)
at org.openqa.selenium.remote.RemoteWebDriver.execute(RemoteWebDriver.java:601)
at org.openqa.selenium.remote.RemoteWebDriver.findElement(RemoteWebDriver.java:371)
at org.openqa.selenium.remote.RemoteWebDriver.findElementByXPath(RemoteWebDriver.java:473)
at org.openqa.selenium.By$ByXPath.findElement(By.java:361)
at org.openqa.selenium.remote.RemoteWebDriver.findElement(RemoteWebDriver.java:363)
at org.openqa.selenium.support.pagefactory.DefaultElementLocator.findElement(DefaultElementLocator.java:69)
at org.openqa.selenium.support.pagefactory.internal.LocatingElementHandler.invoke(LocatingElementHandler.java:38)
at com.sun.proxy.$Proxy14.getWrappedElement(Unknown Source)
at org.openqa.selenium.remote.internal.WebElementToJsonConverter.apply(WebElementToJsonConverter.java:51)
at com.google.common.collect.Iterators$6.transform(Iterators.java:788)
at com.google.common.collect.TransformedIterator.next(TransformedIterator.java:47)
at com.google.common.collect.Iterators.addAll(Iterators.java:358)
at com.google.common.collect.Lists.newArrayList(Lists.java:155)
at com.google.common.collect.Lists.newArrayList(Lists.java:141)
at org.openqa.selenium.remote.RemoteWebDriver.executeScript(RemoteWebDriver.java:535)
at Utilities.Page.JavaScriptClick(Page.java:758)
at Utilities.Page.CancelUnsavedChanges(Page.java:361)
at testcases.AudioChannelsElementsTest.SwitchRecordingToggleExitAndPressCancelTest(AudioChannelsElementsTest.java:609)
at java.util.ArrayList.forEach(ArrayList.java:1257)
... Removed 30 stack frames]]>
    </failure>
  </testcase> <!-- SwitchRecordingToggleExitAndPressCancelTest -->
  <testcase name="SwitchRecordingToggleExitAndPressDonotSaveTest" time="67.713" classname="testcases.AudioChannelsElementsTest">
    <failure type="org.openqa.selenium.NoSuchElementException" message="Unable to find element with xpath == //div[@class = &amp;apos;modal-footer-confirm&amp;apos;]/button[contains(text(), &amp;apos;Do not save&amp;apos;)]
For documentation on this error, please visit: http://seleniumhq.org/exceptions/no_such_element.html
Build info: version: &amp;apos;3.9.1&amp;apos;, revision: &amp;apos;63f7b50&amp;apos;, time: &amp;apos;2018-02-07T22:25:02.294Z&amp;apos;
System info: host: &amp;apos;BORSE-PC&amp;apos;, ip: &amp;apos;172.20.1.58&amp;apos;, os.name: &amp;apos;Windows 10&amp;apos;, os.arch: &amp;apos;amd64&amp;apos;, os.version: &amp;apos;10.0&amp;apos;, java.version: &amp;apos;1.8.0_202&amp;apos;
Driver info: org.openqa.selenium.ie.InternetExplorerDriver
Capabilities {acceptInsecureCerts: false, browserName: internet explorer, browserVersion: 11, javascriptEnabled: true, pageLoadStrategy: normal, platform: WINDOWS, platformName: WINDOWS, proxy: Proxy(), se:ieOptions: {browserAttachTimeout: 0, elementScrollBehavior: 0, enablePersistentHover: true, ie.browserCommandLineSwitches: , ie.edgechromium: false, ie.edgepath: , ie.ensureCleanSession: true, ie.fileUploadDialogTimeout: 3000, ie.forceCreateProcessApi: false, ignoreProtectedModeSettings: true, ignoreZoomSetting: false, initialBrowserUrl: http://localhost:26746/, nativeEvents: true, requireWindowFocus: false}, setWindowRect: true, strictFileInteractability: false, timeouts: {implicit: 0, pageLoad: 300000, script: 30000}, unhandledPromptBehavior: dismiss and notify}
Session ID: 51c5f624-6ff7-4ece-8d56-9c866a8695c3
*** Element info: {Using=xpath, value=//div[@class = &amp;apos;modal-footer-confirm&amp;apos;]/button[contains(text(), &amp;apos;Do not save&amp;apos;)]}">
      <![CDATA[org.openqa.selenium.NoSuchElementException: Unable to find element with xpath == //div[@class = 'modal-footer-confirm']/button[contains(text(), 'Do not save')]
For documentation on this error, please visit: http://seleniumhq.org/exceptions/no_such_element.html
Build info: version: '3.9.1', revision: '63f7b50', time: '2018-02-07T22:25:02.294Z'
System info: host: 'BORSE-PC', ip: '172.20.1.58', os.name: 'Windows 10', os.arch: 'amd64', os.version: '10.0', java.version: '1.8.0_202'
Driver info: org.openqa.selenium.ie.InternetExplorerDriver
Capabilities {acceptInsecureCerts: false, browserName: internet explorer, browserVersion: 11, javascriptEnabled: true, pageLoadStrategy: normal, platform: WINDOWS, platformName: WINDOWS, proxy: Proxy(), se:ieOptions: {browserAttachTimeout: 0, elementScrollBehavior: 0, enablePersistentHover: true, ie.browserCommandLineSwitches: , ie.edgechromium: false, ie.edgepath: , ie.ensureCleanSession: true, ie.fileUploadDialogTimeout: 3000, ie.forceCreateProcessApi: false, ignoreProtectedModeSettings: true, ignoreZoomSetting: false, initialBrowserUrl: http://localhost:26746/, nativeEvents: true, requireWindowFocus: false}, setWindowRect: true, strictFileInteractability: false, timeouts: {implicit: 0, pageLoad: 300000, script: 30000}, unhandledPromptBehavior: dismiss and notify}
Session ID: 51c5f624-6ff7-4ece-8d56-9c866a8695c3
*** Element info: {Using=xpath, value=//div[@class = 'modal-footer-confirm']/button[contains(text(), 'Do not save')]}
at org.openqa.selenium.remote.http.W3CHttpResponseCodec.createException(W3CHttpResponseCodec.java:187)
at org.openqa.selenium.remote.http.W3CHttpResponseCodec.decode(W3CHttpResponseCodec.java:122)
at org.openqa.selenium.remote.http.W3CHttpResponseCodec.decode(W3CHttpResponseCodec.java:49)
at org.openqa.selenium.remote.HttpCommandExecutor.execute(HttpCommandExecutor.java:160)
at org.openqa.selenium.remote.service.DriverCommandExecutor.execute(DriverCommandExecutor.java:83)
at org.openqa.selenium.remote.RemoteWebDriver.execute(RemoteWebDriver.java:601)
at org.openqa.selenium.remote.RemoteWebDriver.findElement(RemoteWebDriver.java:371)
at org.openqa.selenium.remote.RemoteWebDriver.findElementByXPath(RemoteWebDriver.java:473)
at org.openqa.selenium.By$ByXPath.findElement(By.java:361)
at org.openqa.selenium.remote.RemoteWebDriver.findElement(RemoteWebDriver.java:363)
at org.openqa.selenium.support.pagefactory.DefaultElementLocator.findElement(DefaultElementLocator.java:69)
at org.openqa.selenium.support.pagefactory.internal.LocatingElementHandler.invoke(LocatingElementHandler.java:38)
at com.sun.proxy.$Proxy14.getWrappedElement(Unknown Source)
at org.openqa.selenium.remote.internal.WebElementToJsonConverter.apply(WebElementToJsonConverter.java:51)
at com.google.common.collect.Iterators$6.transform(Iterators.java:788)
at com.google.common.collect.TransformedIterator.next(TransformedIterator.java:47)
at com.google.common.collect.Iterators.addAll(Iterators.java:358)
at com.google.common.collect.Lists.newArrayList(Lists.java:155)
at com.google.common.collect.Lists.newArrayList(Lists.java:141)
at org.openqa.selenium.remote.RemoteWebDriver.executeScript(RemoteWebDriver.java:535)
at Utilities.Page.JavaScriptClick(Page.java:758)
at Utilities.Page.PressDontSaveUnsavedChanges(Page.java:352)
at testcases.AudioChannelsElementsTest.SwitchRecordingToggleExitAndPressDonotSaveTest(AudioChannelsElementsTest.java:652)
at java.util.ArrayList.forEach(ArrayList.java:1257)
... Removed 30 stack frames]]>
    </failure>
  </testcase> <!-- SwitchRecordingToggleExitAndPressDonotSaveTest -->
  <testcase name="SwitchRecordingToggleExitAndPressSaveTest" time="308.626" classname="testcases.AudioChannelsElementsTest">
    <failure type="org.openqa.selenium.NoSuchElementException" message="Unable to find element with xpath == //div[@class = &amp;apos;modal-footer-confirm&amp;apos;]/button[contains(text(), &amp;apos;Save&amp;apos;)]
For documentation on this error, please visit: http://seleniumhq.org/exceptions/no_such_element.html
Build info: version: &amp;apos;3.9.1&amp;apos;, revision: &amp;apos;63f7b50&amp;apos;, time: &amp;apos;2018-02-07T22:25:02.294Z&amp;apos;
System info: host: &amp;apos;BORSE-PC&amp;apos;, ip: &amp;apos;172.20.1.58&amp;apos;, os.name: &amp;apos;Windows 10&amp;apos;, os.arch: &amp;apos;amd64&amp;apos;, os.version: &amp;apos;10.0&amp;apos;, java.version: &amp;apos;1.8.0_202&amp;apos;
Driver info: org.openqa.selenium.ie.InternetExplorerDriver
Capabilities {acceptInsecureCerts: false, browserName: internet explorer, browserVersion: 11, javascriptEnabled: true, pageLoadStrategy: normal, platform: WINDOWS, platformName: WINDOWS, proxy: Proxy(), se:ieOptions: {browserAttachTimeout: 0, elementScrollBehavior: 0, enablePersistentHover: true, ie.browserCommandLineSwitches: , ie.edgechromium: false, ie.edgepath: , ie.ensureCleanSession: true, ie.fileUploadDialogTimeout: 3000, ie.forceCreateProcessApi: false, ignoreProtectedModeSettings: true, ignoreZoomSetting: false, initialBrowserUrl: http://localhost:33778/, nativeEvents: true, requireWindowFocus: false}, setWindowRect: true, strictFileInteractability: false, timeouts: {implicit: 0, pageLoad: 300000, script: 30000}, unhandledPromptBehavior: dismiss and notify}
Session ID: 11734fd9-8542-4298-a970-e3aa8a2f78dd
*** Element info: {Using=xpath, value=//div[@class = &amp;apos;modal-footer-confirm&amp;apos;]/button[contains(text(), &amp;apos;Save&amp;apos;)]}">
      <![CDATA[org.openqa.selenium.NoSuchElementException: Unable to find element with xpath == //div[@class = 'modal-footer-confirm']/button[contains(text(), 'Save')]
For documentation on this error, please visit: http://seleniumhq.org/exceptions/no_such_element.html
Build info: version: '3.9.1', revision: '63f7b50', time: '2018-02-07T22:25:02.294Z'
System info: host: 'BORSE-PC', ip: '172.20.1.58', os.name: 'Windows 10', os.arch: 'amd64', os.version: '10.0', java.version: '1.8.0_202'
Driver info: org.openqa.selenium.ie.InternetExplorerDriver
Capabilities {acceptInsecureCerts: false, browserName: internet explorer, browserVersion: 11, javascriptEnabled: true, pageLoadStrategy: normal, platform: WINDOWS, platformName: WINDOWS, proxy: Proxy(), se:ieOptions: {browserAttachTimeout: 0, elementScrollBehavior: 0, enablePersistentHover: true, ie.browserCommandLineSwitches: , ie.edgechromium: false, ie.edgepath: , ie.ensureCleanSession: true, ie.fileUploadDialogTimeout: 3000, ie.forceCreateProcessApi: false, ignoreProtectedModeSettings: true, ignoreZoomSetting: false, initialBrowserUrl: http://localhost:33778/, nativeEvents: true, requireWindowFocus: false}, setWindowRect: true, strictFileInteractability: false, timeouts: {implicit: 0, pageLoad: 300000, script: 30000}, unhandledPromptBehavior: dismiss and notify}
Session ID: 11734fd9-8542-4298-a970-e3aa8a2f78dd
*** Element info: {Using=xpath, value=//div[@class = 'modal-footer-confirm']/button[contains(text(), 'Save')]}
at org.openqa.selenium.remote.http.W3CHttpResponseCodec.createException(W3CHttpResponseCodec.java:187)
at org.openqa.selenium.remote.http.W3CHttpResponseCodec.decode(W3CHttpResponseCodec.java:122)
at org.openqa.selenium.remote.http.W3CHttpResponseCodec.decode(W3CHttpResponseCodec.java:49)
at org.openqa.selenium.remote.HttpCommandExecutor.execute(HttpCommandExecutor.java:160)
at org.openqa.selenium.remote.service.DriverCommandExecutor.execute(DriverCommandExecutor.java:83)
at org.openqa.selenium.remote.RemoteWebDriver.execute(RemoteWebDriver.java:601)
at org.openqa.selenium.remote.RemoteWebDriver.findElement(RemoteWebDriver.java:371)
at org.openqa.selenium.remote.RemoteWebDriver.findElementByXPath(RemoteWebDriver.java:473)
at org.openqa.selenium.By$ByXPath.findElement(By.java:361)
at org.openqa.selenium.remote.RemoteWebDriver.findElement(RemoteWebDriver.java:363)
at org.openqa.selenium.support.pagefactory.DefaultElementLocator.findElement(DefaultElementLocator.java:69)
at org.openqa.selenium.support.pagefactory.internal.LocatingElementHandler.invoke(LocatingElementHandler.java:38)
at com.sun.proxy.$Proxy14.getWrappedElement(Unknown Source)
at org.openqa.selenium.remote.internal.WebElementToJsonConverter.apply(WebElementToJsonConverter.java:51)
at com.google.common.collect.Iterators$6.transform(Iterators.java:788)
at com.google.common.collect.TransformedIterator.next(TransformedIterator.java:47)
at com.google.common.collect.Iterators.addAll(Iterators.java:358)
at com.google.common.collect.Lists.newArrayList(Lists.java:155)
at com.google.common.collect.Lists.newArrayList(Lists.java:141)
at org.openqa.selenium.remote.RemoteWebDriver.executeScript(RemoteWebDriver.java:535)
at Utilities.Page.JavaScriptClick(Page.java:758)
at Utilities.Page.PressSaveUnsavedChanges(Page.java:343)
at testcases.AudioChannelsElementsTest.SwitchRecordingToggleExitAndPressSaveTest(AudioChannelsElementsTest.java:696)
at java.util.ArrayList.forEach(ArrayList.java:1257)
... Removed 30 stack frames]]>
    </failure>
  </testcase> <!-- SwitchRecordingToggleExitAndPressSaveTest -->
  <testcase name="AddAudioResourcesInVideoChannelTest" time="21.313" classname="testcases.AudioChannelsTest">
    <failure type="org.openqa.selenium.ElementNotInteractableException" message="Element is not displayed
Build info: version: &amp;apos;3.9.1&amp;apos;, revision: &amp;apos;63f7b50&amp;apos;, time: &amp;apos;2018-02-07T22:25:02.294Z&amp;apos;
System info: host: &amp;apos;BORSE-PC&amp;apos;, ip: &amp;apos;172.20.1.58&amp;apos;, os.name: &amp;apos;Windows 10&amp;apos;, os.arch: &amp;apos;amd64&amp;apos;, os.version: &amp;apos;10.0&amp;apos;, java.version: &amp;apos;1.8.0_202&amp;apos;
Driver info: org.openqa.selenium.ie.InternetExplorerDriver
Capabilities {acceptInsecureCerts: false, browserName: internet explorer, browserVersion: 11, javascriptEnabled: true, pageLoadStrategy: normal, platform: WINDOWS, platformName: WINDOWS, proxy: Proxy(), se:ieOptions: {browserAttachTimeout: 0, elementScrollBehavior: 0, enablePersistentHover: true, ie.browserCommandLineSwitches: , ie.edgechromium: false, ie.edgepath: , ie.ensureCleanSession: true, ie.fileUploadDialogTimeout: 3000, ie.forceCreateProcessApi: false, ignoreProtectedModeSettings: true, ignoreZoomSetting: false, initialBrowserUrl: http://localhost:45412/, nativeEvents: true, requireWindowFocus: false}, setWindowRect: true, strictFileInteractability: false, timeouts: {implicit: 0, pageLoad: 300000, script: 30000}, unhandledPromptBehavior: dismiss and notify}
Session ID: d5c624df-f7ab-4761-8935-1b05fce16968">
      <![CDATA[org.openqa.selenium.ElementNotInteractableException: Element is not displayed
Build info: version: '3.9.1', revision: '63f7b50', time: '2018-02-07T22:25:02.294Z'
System info: host: 'BORSE-PC', ip: '172.20.1.58', os.name: 'Windows 10', os.arch: 'amd64', os.version: '10.0', java.version: '1.8.0_202'
Driver info: org.openqa.selenium.ie.InternetExplorerDriver
Capabilities {acceptInsecureCerts: false, browserName: internet explorer, browserVersion: 11, javascriptEnabled: true, pageLoadStrategy: normal, platform: WINDOWS, platformName: WINDOWS, proxy: Proxy(), se:ieOptions: {browserAttachTimeout: 0, elementScrollBehavior: 0, enablePersistentHover: true, ie.browserCommandLineSwitches: , ie.edgechromium: false, ie.edgepath: , ie.ensureCleanSession: true, ie.fileUploadDialogTimeout: 3000, ie.forceCreateProcessApi: false, ignoreProtectedModeSettings: true, ignoreZoomSetting: false, initialBrowserUrl: http://localhost:45412/, nativeEvents: true, requireWindowFocus: false}, setWindowRect: true, strictFileInteractability: false, timeouts: {implicit: 0, pageLoad: 300000, script: 30000}, unhandledPromptBehavior: dismiss and notify}
Session ID: d5c624df-f7ab-4761-8935-1b05fce16968
at org.openqa.selenium.remote.http.W3CHttpResponseCodec.createException(W3CHttpResponseCodec.java:187)
at org.openqa.selenium.remote.http.W3CHttpResponseCodec.decode(W3CHttpResponseCodec.java:122)
at org.openqa.selenium.remote.http.W3CHttpResponseCodec.decode(W3CHttpResponseCodec.java:49)
at org.openqa.selenium.remote.HttpCommandExecutor.execute(HttpCommandExecutor.java:160)
at org.openqa.selenium.remote.service.DriverCommandExecutor.execute(DriverCommandExecutor.java:83)
at org.openqa.selenium.remote.RemoteWebDriver.execute(RemoteWebDriver.java:601)
at org.openqa.selenium.remote.RemoteWebElement.execute(RemoteWebElement.java:279)
at org.openqa.selenium.remote.RemoteWebElement.click(RemoteWebElement.java:83)
at testcases.AudioChannelsTest.AddAudioResourcesInVideoChannelTest(AudioChannelsTest.java:228)
at java.util.ArrayList.forEach(ArrayList.java:1257)
... Removed 31 stack frames]]>
    </failure>
  </testcase> <!-- AddAudioResourcesInVideoChannelTest -->
  <testcase name="ChangeLimitRetentionValueTest" time="51.439" classname="testcases.AudioChannelsTest">
    <failure type="java.lang.AssertionError" message="expected [18] but found [14]">
      <![CDATA[java.lang.AssertionError: expected [18] but found [14]
at testcases.AudioChannelsTest.ChangeLimitRetentionValueTest(AudioChannelsTest.java:501)
at java.util.ArrayList.forEach(ArrayList.java:1257)
... Removed 32 stack frames]]>
    </failure>
  </testcase> <!-- ChangeLimitRetentionValueTest -->
  <testcase name="ChangeNameAndSaveTest" time="49.05" classname="testcases.AudioChannelsTest">
    <failure type="java.lang.NullPointerException">
      <![CDATA[java.lang.NullPointerException
at testcases.AudioChannelsTest.ChangeNameAndSaveTest(AudioChannelsTest.java:159)
at java.util.ArrayList.forEach(ArrayList.java:1257)
... Removed 27 stack frames]]>
    </failure>
  </testcase> <!-- ChangeNameAndSaveTest -->
  <testcase name="ChangePostEventTimeTest" time="30.372" classname="testcases.AudioChannelsTest">
    <failure type="java.lang.AssertionError" message="did not expect to find [false] but found [true]">
      <![CDATA[java.lang.AssertionError: did not expect to find [false] but found [true]
at testcases.AudioChannelsTest.ChangePostEventTimeTest(AudioChannelsTest.java:704)
at java.util.ArrayList.forEach(ArrayList.java:1257)
... Removed 31 stack frames]]>
    </failure>
  </testcase> <!-- ChangePostEventTimeTest -->
  <testcase name="ChangePreEventTimeTest" time="56.752" classname="testcases.AudioChannelsTest">
    <failure type="java.lang.AssertionError" message="expected [11] but found [0]">
      <![CDATA[java.lang.AssertionError: expected [11] but found [0]
at testcases.AudioChannelsTest.ChangePreEventTimeTest(AudioChannelsTest.java:674)
at java.util.ArrayList.forEach(ArrayList.java:1257)
... Removed 32 stack frames]]>
    </failure>
  </testcase> <!-- ChangePreEventTimeTest -->
  <testcase name="GetAudioChannelPropertiesAndApplyToOtherChannelTest" time="8.522" classname="testcases.AudioChannelsTest">
    <failure type="org.openqa.selenium.ElementClickInterceptedException" message="Element not clickable at point (486,474). Other element would receive the click: &amp;lt;div tabindex=&amp;quot;-1&amp;quot; class=&amp;quot;modal fade ng-isolate-scope undefined f6d799f9-e0ac-4c1a-a456-2d437029b629 in&amp;quot; role=&amp;quot;dialog&amp;quot; style=&amp;quot;display: block; z-index: 1050;&amp;quot; ng-style=&amp;quot;{&amp;apos;z-index&amp;apos;: 1050 + index*10, display: &amp;apos;block&amp;apos;}&amp;quot; modal-animation=&amp;quot;true&amp;quot; uib-modal-window=&amp;quot;modal-window&amp;quot; window-class=&amp;quot;undefined f6d799f9-e0ac-4c1a-a456-2d437029b629&amp;quot; index=&amp;quot;0&amp;quot; animate=&amp;quot;animate&amp;quot; modal-in-class=&amp;quot;in&amp;quot; uib-modal-animation-class=&amp;quot;fade&amp;quot; modal-render=&amp;quot;true&amp;quot;&amp;gt; (elementsFromPoint index 1)
Build info: version: &amp;apos;3.9.1&amp;apos;, revision: &amp;apos;63f7b50&amp;apos;, time: &amp;apos;2018-02-07T22:25:02.294Z&amp;apos;
System info: host: &amp;apos;BORSE-PC&amp;apos;, ip: &amp;apos;172.20.1.58&amp;apos;, os.name: &amp;apos;Windows 10&amp;apos;, os.arch: &amp;apos;amd64&amp;apos;, os.version: &amp;apos;10.0&amp;apos;, java.version: &amp;apos;1.8.0_202&amp;apos;
Driver info: org.openqa.selenium.ie.InternetExplorerDriver
Capabilities {acceptInsecureCerts: false, browserName: internet explorer, browserVersion: 11, javascriptEnabled: true, pageLoadStrategy: normal, platform: WINDOWS, platformName: WINDOWS, proxy: Proxy(), se:ieOptions: {browserAttachTimeout: 0, elementScrollBehavior: 0, enablePersistentHover: true, ie.browserCommandLineSwitches: , ie.edgechromium: false, ie.edgepath: , ie.ensureCleanSession: true, ie.fileUploadDialogTimeout: 3000, ie.forceCreateProcessApi: false, ignoreProtectedModeSettings: true, ignoreZoomSetting: false, initialBrowserUrl: http://localhost:19897/, nativeEvents: true, requireWindowFocus: false}, setWindowRect: true, strictFileInteractability: false, timeouts: {implicit: 0, pageLoad: 300000, script: 30000}, unhandledPromptBehavior: dismiss and notify}
Session ID: 26e80b66-6a1b-4d8b-9626-28f539a29357">
      <![CDATA[org.openqa.selenium.ElementClickInterceptedException: Element not clickable at point (486,474). Other element would receive the click: <div tabindex="-1" class="modal fade ng-isolate-scope undefined f6d799f9-e0ac-4c1a-a456-2d437029b629 in" role="dialog" style="display: block; z-index: 1050;" ng-style="{'z-index': 1050 + index*10, display: 'block'}" modal-animation="true" uib-modal-window="modal-window" window-class="undefined f6d799f9-e0ac-4c1a-a456-2d437029b629" index="0" animate="animate" modal-in-class="in" uib-modal-animation-class="fade" modal-render="true"> (elementsFromPoint index 1)
Build info: version: '3.9.1', revision: '63f7b50', time: '2018-02-07T22:25:02.294Z'
System info: host: 'BORSE-PC', ip: '172.20.1.58', os.name: 'Windows 10', os.arch: 'amd64', os.version: '10.0', java.version: '1.8.0_202'
Driver info: org.openqa.selenium.ie.InternetExplorerDriver
Capabilities {acceptInsecureCerts: false, browserName: internet explorer, browserVersion: 11, javascriptEnabled: true, pageLoadStrategy: normal, platform: WINDOWS, platformName: WINDOWS, proxy: Proxy(), se:ieOptions: {browserAttachTimeout: 0, elementScrollBehavior: 0, enablePersistentHover: true, ie.browserCommandLineSwitches: , ie.edgechromium: false, ie.edgepath: , ie.ensureCleanSession: true, ie.fileUploadDialogTimeout: 3000, ie.forceCreateProcessApi: false, ignoreProtectedModeSettings: true, ignoreZoomSetting: false, initialBrowserUrl: http://localhost:19897/, nativeEvents: true, requireWindowFocus: false}, setWindowRect: true, strictFileInteractability: false, timeouts: {implicit: 0, pageLoad: 300000, script: 30000}, unhandledPromptBehavior: dismiss and notify}
Session ID: 26e80b66-6a1b-4d8b-9626-28f539a29357
at org.openqa.selenium.remote.http.W3CHttpResponseCodec.createException(W3CHttpResponseCodec.java:187)
at org.openqa.selenium.remote.http.W3CHttpResponseCodec.decode(W3CHttpResponseCodec.java:122)
at org.openqa.selenium.remote.http.W3CHttpResponseCodec.decode(W3CHttpResponseCodec.java:49)
at org.openqa.selenium.remote.HttpCommandExecutor.execute(HttpCommandExecutor.java:160)
at org.openqa.selenium.remote.service.DriverCommandExecutor.execute(DriverCommandExecutor.java:83)
at org.openqa.selenium.remote.RemoteWebDriver.execute(RemoteWebDriver.java:601)
at org.openqa.selenium.remote.RemoteWebElement.execute(RemoteWebElement.java:279)
at org.openqa.selenium.remote.RemoteWebElement.click(RemoteWebElement.java:83)
at testcases.AudioChannelsTest.GetAudioChannelPropertiesAndApplyToOtherChannelTest(AudioChannelsTest.java:1072)
at java.util.ArrayList.forEach(ArrayList.java:1257)
... Removed 31 stack frames]]>
    </failure>
  </testcase> <!-- GetAudioChannelPropertiesAndApplyToOtherChannelTest -->
  <testcase name="SelectAllDevicesInSpecifyEventsTest" time="48.903" classname="testcases.AudioChannelsTest">
    <failure type="java.lang.AssertionError" message="did not expect to find [true] but found [false]">
      <![CDATA[java.lang.AssertionError: did not expect to find [true] but found [false]
at testcases.AudioChannelsTest.SelectAllDevicesInSpecifyEventsTest(AudioChannelsTest.java:895)
at java.util.ArrayList.forEach(ArrayList.java:1257)
... Removed 31 stack frames]]>
    </failure>
  </testcase> <!-- SelectAllDevicesInSpecifyEventsTest -->
  <testcase name="SelectAnyEventsInspecifyEventsTest" time="7.786" classname="testcases.AudioChannelsTest">
    <failure type="org.openqa.selenium.NoSuchElementException" message="Cannot locate element with text: Event
For documentation on this error, please visit: http://seleniumhq.org/exceptions/no_such_element.html
Build info: version: &amp;apos;3.9.1&amp;apos;, revision: &amp;apos;63f7b50&amp;apos;, time: &amp;apos;2018-02-07T22:25:02.294Z&amp;apos;
System info: host: &amp;apos;BORSE-PC&amp;apos;, ip: &amp;apos;172.20.1.58&amp;apos;, os.name: &amp;apos;Windows 10&amp;apos;, os.arch: &amp;apos;amd64&amp;apos;, os.version: &amp;apos;10.0&amp;apos;, java.version: &amp;apos;1.8.0_202&amp;apos;
Driver info: driver.version: unknown">
      <![CDATA[org.openqa.selenium.NoSuchElementException: Cannot locate element with text: Event
For documentation on this error, please visit: http://seleniumhq.org/exceptions/no_such_element.html
Build info: version: '3.9.1', revision: '63f7b50', time: '2018-02-07T22:25:02.294Z'
System info: host: 'BORSE-PC', ip: '172.20.1.58', os.name: 'Windows 10', os.arch: 'amd64', os.version: '10.0', java.version: '1.8.0_202'
Driver info: driver.version: unknown
at org.openqa.selenium.support.ui.Select.selectByVisibleText(Select.java:151)
at pageObjects.AudioChannelsPage.SelectRecordingModeOption(AudioChannelsPage.java:413)
at testcases.AudioChannelsTest.SelectAnyEventsInspecifyEventsTest(AudioChannelsTest.java:936)
at java.util.ArrayList.forEach(ArrayList.java:1257)
... Removed 27 stack frames]]>
    </failure>
  </testcase> <!-- SelectAnyEventsInspecifyEventsTest -->
  <testcase name="SelectScheduleTest" time="100.695" classname="testcases.AudioChannelsTest"/>
  <testcase name="SwitchRecordingToggleTest" time="50.221" classname="testcases.AudioChannelsTest"/>
  <testcase name="DeleteViewFromViewsPageTest" time="68.767" classname="testcases.ToursTest"/>
  <testcase name="ChangeBacklightCompensationModeTest" time="68.35" classname="testcases.VideoPictureSettingsTest">
    <failure type="org.openqa.selenium.interactions.MoveTargetOutOfBoundsException" message="Cannot click on element
Build info: version: &amp;apos;3.9.1&amp;apos;, revision: &amp;apos;63f7b50&amp;apos;, time: &amp;apos;2018-02-07T22:25:02.294Z&amp;apos;
System info: host: &amp;apos;BORSE-PC&amp;apos;, ip: &amp;apos;172.20.1.58&amp;apos;, os.name: &amp;apos;Windows 10&amp;apos;, os.arch: &amp;apos;amd64&amp;apos;, os.version: &amp;apos;10.0&amp;apos;, java.version: &amp;apos;1.8.0_202&amp;apos;
Driver info: org.openqa.selenium.ie.InternetExplorerDriver
Capabilities {acceptInsecureCerts: false, browserName: internet explorer, browserVersion: 11, javascriptEnabled: true, pageLoadStrategy: normal, platform: WINDOWS, platformName: WINDOWS, proxy: Proxy(), se:ieOptions: {browserAttachTimeout: 0, elementScrollBehavior: 0, enablePersistentHover: true, ie.browserCommandLineSwitches: , ie.edgechromium: false, ie.edgepath: , ie.ensureCleanSession: true, ie.fileUploadDialogTimeout: 3000, ie.forceCreateProcessApi: false, ignoreProtectedModeSettings: true, ignoreZoomSetting: false, initialBrowserUrl: http://localhost:48257/, nativeEvents: true, requireWindowFocus: false}, setWindowRect: true, strictFileInteractability: false, timeouts: {implicit: 0, pageLoad: 300000, script: 30000}, unhandledPromptBehavior: dismiss and notify}
Session ID: 1c0e1e31-26fc-4577-8f95-7ba152f2cec8">
      <![CDATA[org.openqa.selenium.interactions.MoveTargetOutOfBoundsException: Cannot click on element
Build info: version: '3.9.1', revision: '63f7b50', time: '2018-02-07T22:25:02.294Z'
System info: host: 'BORSE-PC', ip: '172.20.1.58', os.name: 'Windows 10', os.arch: 'amd64', os.version: '10.0', java.version: '1.8.0_202'
Driver info: org.openqa.selenium.ie.InternetExplorerDriver
Capabilities {acceptInsecureCerts: false, browserName: internet explorer, browserVersion: 11, javascriptEnabled: true, pageLoadStrategy: normal, platform: WINDOWS, platformName: WINDOWS, proxy: Proxy(), se:ieOptions: {browserAttachTimeout: 0, elementScrollBehavior: 0, enablePersistentHover: true, ie.browserCommandLineSwitches: , ie.edgechromium: false, ie.edgepath: , ie.ensureCleanSession: true, ie.fileUploadDialogTimeout: 3000, ie.forceCreateProcessApi: false, ignoreProtectedModeSettings: true, ignoreZoomSetting: false, initialBrowserUrl: http://localhost:48257/, nativeEvents: true, requireWindowFocus: false}, setWindowRect: true, strictFileInteractability: false, timeouts: {implicit: 0, pageLoad: 300000, script: 30000}, unhandledPromptBehavior: dismiss and notify}
Session ID: 1c0e1e31-26fc-4577-8f95-7ba152f2cec8
at org.openqa.selenium.remote.http.W3CHttpResponseCodec.createException(W3CHttpResponseCodec.java:187)
at org.openqa.selenium.remote.http.W3CHttpResponseCodec.decode(W3CHttpResponseCodec.java:122)
at org.openqa.selenium.remote.http.W3CHttpResponseCodec.decode(W3CHttpResponseCodec.java:49)
at org.openqa.selenium.remote.HttpCommandExecutor.execute(HttpCommandExecutor.java:160)
at org.openqa.selenium.remote.service.DriverCommandExecutor.execute(DriverCommandExecutor.java:83)
at org.openqa.selenium.remote.RemoteWebDriver.execute(RemoteWebDriver.java:601)
at org.openqa.selenium.remote.RemoteWebElement.execute(RemoteWebElement.java:279)
at org.openqa.selenium.remote.RemoteWebElement.click(RemoteWebElement.java:83)
at testcases.VideoPictureSettingsTest.ChangeBacklightCompensationModeTest(VideoPictureSettingsTest.java:985)
at java.util.ArrayList.forEach(ArrayList.java:1257)
... Removed 31 stack frames]]>
    </failure>
  </testcase> <!-- ChangeBacklightCompensationModeTest -->
  <testcase name="ChangeBrightnessAndPressSaveTest" time="27.733" classname="testcases.VideoPictureSettingsTest">
    <failure type="org.openqa.selenium.ElementNotInteractableException" message="Element is not displayed
Build info: version: &amp;apos;3.9.1&amp;apos;, revision: &amp;apos;63f7b50&amp;apos;, time: &amp;apos;2018-02-07T22:25:02.294Z&amp;apos;
System info: host: &amp;apos;BORSE-PC&amp;apos;, ip: &amp;apos;172.20.1.58&amp;apos;, os.name: &amp;apos;Windows 10&amp;apos;, os.arch: &amp;apos;amd64&amp;apos;, os.version: &amp;apos;10.0&amp;apos;, java.version: &amp;apos;1.8.0_202&amp;apos;
Driver info: org.openqa.selenium.ie.InternetExplorerDriver
Capabilities {acceptInsecureCerts: false, browserName: internet explorer, browserVersion: 11, javascriptEnabled: true, pageLoadStrategy: normal, platform: WINDOWS, platformName: WINDOWS, proxy: Proxy(), se:ieOptions: {browserAttachTimeout: 0, elementScrollBehavior: 0, enablePersistentHover: true, ie.browserCommandLineSwitches: , ie.edgechromium: false, ie.edgepath: , ie.ensureCleanSession: true, ie.fileUploadDialogTimeout: 3000, ie.forceCreateProcessApi: false, ignoreProtectedModeSettings: true, ignoreZoomSetting: false, initialBrowserUrl: http://localhost:25595/, nativeEvents: true, requireWindowFocus: false}, setWindowRect: true, strictFileInteractability: false, timeouts: {implicit: 0, pageLoad: 300000, script: 30000}, unhandledPromptBehavior: dismiss and notify}
Session ID: 78098ade-ddfb-427a-a1bb-d7a83dd65ee4">
      <![CDATA[org.openqa.selenium.ElementNotInteractableException: Element is not displayed
Build info: version: '3.9.1', revision: '63f7b50', time: '2018-02-07T22:25:02.294Z'
System info: host: 'BORSE-PC', ip: '172.20.1.58', os.name: 'Windows 10', os.arch: 'amd64', os.version: '10.0', java.version: '1.8.0_202'
Driver info: org.openqa.selenium.ie.InternetExplorerDriver
Capabilities {acceptInsecureCerts: false, browserName: internet explorer, browserVersion: 11, javascriptEnabled: true, pageLoadStrategy: normal, platform: WINDOWS, platformName: WINDOWS, proxy: Proxy(), se:ieOptions: {browserAttachTimeout: 0, elementScrollBehavior: 0, enablePersistentHover: true, ie.browserCommandLineSwitches: , ie.edgechromium: false, ie.edgepath: , ie.ensureCleanSession: true, ie.fileUploadDialogTimeout: 3000, ie.forceCreateProcessApi: false, ignoreProtectedModeSettings: true, ignoreZoomSetting: false, initialBrowserUrl: http://localhost:25595/, nativeEvents: true, requireWindowFocus: false}, setWindowRect: true, strictFileInteractability: false, timeouts: {implicit: 0, pageLoad: 300000, script: 30000}, unhandledPromptBehavior: dismiss and notify}
Session ID: 78098ade-ddfb-427a-a1bb-d7a83dd65ee4
at org.openqa.selenium.remote.http.W3CHttpResponseCodec.createException(W3CHttpResponseCodec.java:187)
at org.openqa.selenium.remote.http.W3CHttpResponseCodec.decode(W3CHttpResponseCodec.java:122)
at org.openqa.selenium.remote.http.W3CHttpResponseCodec.decode(W3CHttpResponseCodec.java:49)
at org.openqa.selenium.remote.HttpCommandExecutor.execute(HttpCommandExecutor.java:160)
at org.openqa.selenium.remote.service.DriverCommandExecutor.execute(DriverCommandExecutor.java:83)
at org.openqa.selenium.remote.RemoteWebDriver.execute(RemoteWebDriver.java:601)
at org.openqa.selenium.remote.RemoteWebElement.execute(RemoteWebElement.java:279)
at org.openqa.selenium.remote.RemoteWebElement.click(RemoteWebElement.java:83)
at testcases.VideoPictureSettingsTest.ChangeBrightnessAndPressSaveTest(VideoPictureSettingsTest.java:132)
at java.util.ArrayList.forEach(ArrayList.java:1257)
... Removed 31 stack frames]]>
    </failure>
  </testcase> <!-- ChangeBrightnessAndPressSaveTest -->
  <testcase name="ChangeColorSaturationAndPressSaveTest" time="17.06" classname="testcases.VideoPictureSettingsTest">
    <failure type="org.openqa.selenium.interactions.MoveTargetOutOfBoundsException" message="Cannot click on element
Build info: version: &amp;apos;3.9.1&amp;apos;, revision: &amp;apos;63f7b50&amp;apos;, time: &amp;apos;2018-02-07T22:25:02.294Z&amp;apos;
System info: host: &amp;apos;BORSE-PC&amp;apos;, ip: &amp;apos;172.20.1.58&amp;apos;, os.name: &amp;apos;Windows 10&amp;apos;, os.arch: &amp;apos;amd64&amp;apos;, os.version: &amp;apos;10.0&amp;apos;, java.version: &amp;apos;1.8.0_202&amp;apos;
Driver info: org.openqa.selenium.ie.InternetExplorerDriver
Capabilities {acceptInsecureCerts: false, browserName: internet explorer, browserVersion: 11, javascriptEnabled: true, pageLoadStrategy: normal, platform: WINDOWS, platformName: WINDOWS, proxy: Proxy(), se:ieOptions: {browserAttachTimeout: 0, elementScrollBehavior: 0, enablePersistentHover: true, ie.browserCommandLineSwitches: , ie.edgechromium: false, ie.edgepath: , ie.ensureCleanSession: true, ie.fileUploadDialogTimeout: 3000, ie.forceCreateProcessApi: false, ignoreProtectedModeSettings: true, ignoreZoomSetting: false, initialBrowserUrl: http://localhost:13544/, nativeEvents: true, requireWindowFocus: false}, setWindowRect: true, strictFileInteractability: false, timeouts: {implicit: 0, pageLoad: 300000, script: 30000}, unhandledPromptBehavior: dismiss and notify}
Session ID: d7c7f019-6d8e-4578-85f4-51a8f5715982">
      <![CDATA[org.openqa.selenium.interactions.MoveTargetOutOfBoundsException: Cannot click on element
Build info: version: '3.9.1', revision: '63f7b50', time: '2018-02-07T22:25:02.294Z'
System info: host: 'BORSE-PC', ip: '172.20.1.58', os.name: 'Windows 10', os.arch: 'amd64', os.version: '10.0', java.version: '1.8.0_202'
Driver info: org.openqa.selenium.ie.InternetExplorerDriver
Capabilities {acceptInsecureCerts: false, browserName: internet explorer, browserVersion: 11, javascriptEnabled: true, pageLoadStrategy: normal, platform: WINDOWS, platformName: WINDOWS, proxy: Proxy(), se:ieOptions: {browserAttachTimeout: 0, elementScrollBehavior: 0, enablePersistentHover: true, ie.browserCommandLineSwitches: , ie.edgechromium: false, ie.edgepath: , ie.ensureCleanSession: true, ie.fileUploadDialogTimeout: 3000, ie.forceCreateProcessApi: false, ignoreProtectedModeSettings: true, ignoreZoomSetting: false, initialBrowserUrl: http://localhost:13544/, nativeEvents: true, requireWindowFocus: false}, setWindowRect: true, strictFileInteractability: false, timeouts: {implicit: 0, pageLoad: 300000, script: 30000}, unhandledPromptBehavior: dismiss and notify}
Session ID: d7c7f019-6d8e-4578-85f4-51a8f5715982
at org.openqa.selenium.remote.http.W3CHttpResponseCodec.createException(W3CHttpResponseCodec.java:187)
at org.openqa.selenium.remote.http.W3CHttpResponseCodec.decode(W3CHttpResponseCodec.java:122)
at org.openqa.selenium.remote.http.W3CHttpResponseCodec.decode(W3CHttpResponseCodec.java:49)
at org.openqa.selenium.remote.HttpCommandExecutor.execute(HttpCommandExecutor.java:160)
at org.openqa.selenium.remote.service.DriverCommandExecutor.execute(DriverCommandExecutor.java:83)
at org.openqa.selenium.remote.RemoteWebDriver.execute(RemoteWebDriver.java:601)
at org.openqa.selenium.remote.RemoteWebElement.execute(RemoteWebElement.java:279)
at org.openqa.selenium.remote.RemoteWebElement.click(RemoteWebElement.java:83)
at testcases.VideoPictureSettingsTest.ChangeColorSaturationAndPressSaveTest(VideoPictureSettingsTest.java:348)
at java.util.ArrayList.forEach(ArrayList.java:1257)
... Removed 31 stack frames]]>
    </failure>
  </testcase> <!-- ChangeColorSaturationAndPressSaveTest -->
  <testcase name="ChangeContrastAndPressSaveTest" time="27.389" classname="testcases.VideoPictureSettingsTest">
    <failure type="org.openqa.selenium.ElementNotInteractableException" message="Element is not displayed
Build info: version: &amp;apos;3.9.1&amp;apos;, revision: &amp;apos;63f7b50&amp;apos;, time: &amp;apos;2018-02-07T22:25:02.294Z&amp;apos;
System info: host: &amp;apos;BORSE-PC&amp;apos;, ip: &amp;apos;172.20.1.58&amp;apos;, os.name: &amp;apos;Windows 10&amp;apos;, os.arch: &amp;apos;amd64&amp;apos;, os.version: &amp;apos;10.0&amp;apos;, java.version: &amp;apos;1.8.0_202&amp;apos;
Driver info: org.openqa.selenium.ie.InternetExplorerDriver
Capabilities {acceptInsecureCerts: false, browserName: internet explorer, browserVersion: 11, javascriptEnabled: true, pageLoadStrategy: normal, platform: WINDOWS, platformName: WINDOWS, proxy: Proxy(), se:ieOptions: {browserAttachTimeout: 0, elementScrollBehavior: 0, enablePersistentHover: true, ie.browserCommandLineSwitches: , ie.edgechromium: false, ie.edgepath: , ie.ensureCleanSession: true, ie.fileUploadDialogTimeout: 3000, ie.forceCreateProcessApi: false, ignoreProtectedModeSettings: true, ignoreZoomSetting: false, initialBrowserUrl: http://localhost:24445/, nativeEvents: true, requireWindowFocus: false}, setWindowRect: true, strictFileInteractability: false, timeouts: {implicit: 0, pageLoad: 300000, script: 30000}, unhandledPromptBehavior: dismiss and notify}
Session ID: ed6fa16c-11a1-4988-88c1-b2162ad07246">
      <![CDATA[org.openqa.selenium.ElementNotInteractableException: Element is not displayed
Build info: version: '3.9.1', revision: '63f7b50', time: '2018-02-07T22:25:02.294Z'
System info: host: 'BORSE-PC', ip: '172.20.1.58', os.name: 'Windows 10', os.arch: 'amd64', os.version: '10.0', java.version: '1.8.0_202'
Driver info: org.openqa.selenium.ie.InternetExplorerDriver
Capabilities {acceptInsecureCerts: false, browserName: internet explorer, browserVersion: 11, javascriptEnabled: true, pageLoadStrategy: normal, platform: WINDOWS, platformName: WINDOWS, proxy: Proxy(), se:ieOptions: {browserAttachTimeout: 0, elementScrollBehavior: 0, enablePersistentHover: true, ie.browserCommandLineSwitches: , ie.edgechromium: false, ie.edgepath: , ie.ensureCleanSession: true, ie.fileUploadDialogTimeout: 3000, ie.forceCreateProcessApi: false, ignoreProtectedModeSettings: true, ignoreZoomSetting: false, initialBrowserUrl: http://localhost:24445/, nativeEvents: true, requireWindowFocus: false}, setWindowRect: true, strictFileInteractability: false, timeouts: {implicit: 0, pageLoad: 300000, script: 30000}, unhandledPromptBehavior: dismiss and notify}
Session ID: ed6fa16c-11a1-4988-88c1-b2162ad07246
at org.openqa.selenium.remote.http.W3CHttpResponseCodec.createException(W3CHttpResponseCodec.java:187)
at org.openqa.selenium.remote.http.W3CHttpResponseCodec.decode(W3CHttpResponseCodec.java:122)
at org.openqa.selenium.remote.http.W3CHttpResponseCodec.decode(W3CHttpResponseCodec.java:49)
at org.openqa.selenium.remote.HttpCommandExecutor.execute(HttpCommandExecutor.java:160)
at org.openqa.selenium.remote.service.DriverCommandExecutor.execute(DriverCommandExecutor.java:83)
at org.openqa.selenium.remote.RemoteWebDriver.execute(RemoteWebDriver.java:601)
at org.openqa.selenium.remote.RemoteWebElement.execute(RemoteWebElement.java:279)
at org.openqa.selenium.remote.RemoteWebElement.click(RemoteWebElement.java:83)
at testcases.VideoPictureSettingsTest.ChangeContrastAndPressSaveTest(VideoPictureSettingsTest.java:240)
at java.util.ArrayList.forEach(ArrayList.java:1257)
... Removed 31 stack frames]]>
    </failure>
  </testcase> <!-- ChangeContrastAndPressSaveTest -->
  <testcase name="ChangeDayNightFilterModeTest" time="5.605" classname="testcases.VideoPictureSettingsTest">
    <failure type="org.openqa.selenium.ElementNotInteractableException" message="Element is not displayed
Build info: version: &amp;apos;3.9.1&amp;apos;, revision: &amp;apos;63f7b50&amp;apos;, time: &amp;apos;2018-02-07T22:25:02.294Z&amp;apos;
System info: host: &amp;apos;BORSE-PC&amp;apos;, ip: &amp;apos;172.20.1.58&amp;apos;, os.name: &amp;apos;Windows 10&amp;apos;, os.arch: &amp;apos;amd64&amp;apos;, os.version: &amp;apos;10.0&amp;apos;, java.version: &amp;apos;1.8.0_202&amp;apos;
Driver info: org.openqa.selenium.ie.InternetExplorerDriver
Capabilities {acceptInsecureCerts: false, browserName: internet explorer, browserVersion: 11, javascriptEnabled: true, pageLoadStrategy: normal, platform: WINDOWS, platformName: WINDOWS, proxy: Proxy(), se:ieOptions: {browserAttachTimeout: 0, elementScrollBehavior: 0, enablePersistentHover: true, ie.browserCommandLineSwitches: , ie.edgechromium: false, ie.edgepath: , ie.ensureCleanSession: true, ie.fileUploadDialogTimeout: 3000, ie.forceCreateProcessApi: false, ignoreProtectedModeSettings: true, ignoreZoomSetting: false, initialBrowserUrl: http://localhost:19974/, nativeEvents: true, requireWindowFocus: false}, setWindowRect: true, strictFileInteractability: false, timeouts: {implicit: 0, pageLoad: 300000, script: 30000}, unhandledPromptBehavior: dismiss and notify}
Session ID: 9f281113-2e54-4d05-8086-61a2d66a5a6d">
      <![CDATA[org.openqa.selenium.ElementNotInteractableException: Element is not displayed
Build info: version: '3.9.1', revision: '63f7b50', time: '2018-02-07T22:25:02.294Z'
System info: host: 'BORSE-PC', ip: '172.20.1.58', os.name: 'Windows 10', os.arch: 'amd64', os.version: '10.0', java.version: '1.8.0_202'
Driver info: org.openqa.selenium.ie.InternetExplorerDriver
Capabilities {acceptInsecureCerts: false, browserName: internet explorer, browserVersion: 11, javascriptEnabled: true, pageLoadStrategy: normal, platform: WINDOWS, platformName: WINDOWS, proxy: Proxy(), se:ieOptions: {browserAttachTimeout: 0, elementScrollBehavior: 0, enablePersistentHover: true, ie.browserCommandLineSwitches: , ie.edgechromium: false, ie.edgepath: , ie.ensureCleanSession: true, ie.fileUploadDialogTimeout: 3000, ie.forceCreateProcessApi: false, ignoreProtectedModeSettings: true, ignoreZoomSetting: false, initialBrowserUrl: http://localhost:19974/, nativeEvents: true, requireWindowFocus: false}, setWindowRect: true, strictFileInteractability: false, timeouts: {implicit: 0, pageLoad: 300000, script: 30000}, unhandledPromptBehavior: dismiss and notify}
Session ID: 9f281113-2e54-4d05-8086-61a2d66a5a6d
at org.openqa.selenium.remote.http.W3CHttpResponseCodec.createException(W3CHttpResponseCodec.java:187)
at org.openqa.selenium.remote.http.W3CHttpResponseCodec.decode(W3CHttpResponseCodec.java:122)
at org.openqa.selenium.remote.http.W3CHttpResponseCodec.decode(W3CHttpResponseCodec.java:49)
at org.openqa.selenium.remote.HttpCommandExecutor.execute(HttpCommandExecutor.java:160)
at org.openqa.selenium.remote.service.DriverCommandExecutor.execute(DriverCommandExecutor.java:83)
at org.openqa.selenium.remote.RemoteWebDriver.execute(RemoteWebDriver.java:601)
at org.openqa.selenium.remote.RemoteWebElement.execute(RemoteWebElement.java:279)
at org.openqa.selenium.remote.RemoteWebElement.click(RemoteWebElement.java:83)
at testcases.VideoPictureSettingsTest.ChangeDayNightFilterModeTest(VideoPictureSettingsTest.java:569)
at java.util.ArrayList.forEach(ArrayList.java:1257)
... Removed 31 stack frames]]>
    </failure>
  </testcase> <!-- ChangeDayNightFilterModeTest -->
  <testcase name="ChangeExposureModeToAutoTest" time="5.798" classname="testcases.VideoPictureSettingsTest">
    <failure type="org.openqa.selenium.ElementNotInteractableException" message="Element is not displayed
Build info: version: &amp;apos;3.9.1&amp;apos;, revision: &amp;apos;63f7b50&amp;apos;, time: &amp;apos;2018-02-07T22:25:02.294Z&amp;apos;
System info: host: &amp;apos;BORSE-PC&amp;apos;, ip: &amp;apos;172.20.1.58&amp;apos;, os.name: &amp;apos;Windows 10&amp;apos;, os.arch: &amp;apos;amd64&amp;apos;, os.version: &amp;apos;10.0&amp;apos;, java.version: &amp;apos;1.8.0_202&amp;apos;
Driver info: org.openqa.selenium.ie.InternetExplorerDriver
Capabilities {acceptInsecureCerts: false, browserName: internet explorer, browserVersion: 11, javascriptEnabled: true, pageLoadStrategy: normal, platform: WINDOWS, platformName: WINDOWS, proxy: Proxy(), se:ieOptions: {browserAttachTimeout: 0, elementScrollBehavior: 0, enablePersistentHover: true, ie.browserCommandLineSwitches: , ie.edgechromium: false, ie.edgepath: , ie.ensureCleanSession: true, ie.fileUploadDialogTimeout: 3000, ie.forceCreateProcessApi: false, ignoreProtectedModeSettings: true, ignoreZoomSetting: false, initialBrowserUrl: http://localhost:38437/, nativeEvents: true, requireWindowFocus: false}, setWindowRect: true, strictFileInteractability: false, timeouts: {implicit: 0, pageLoad: 300000, script: 30000}, unhandledPromptBehavior: dismiss and notify}
Session ID: 2c5058fc-8ee2-47a1-b98f-313514c217e9">
      <![CDATA[org.openqa.selenium.ElementNotInteractableException: Element is not displayed
Build info: version: '3.9.1', revision: '63f7b50', time: '2018-02-07T22:25:02.294Z'
System info: host: 'BORSE-PC', ip: '172.20.1.58', os.name: 'Windows 10', os.arch: 'amd64', os.version: '10.0', java.version: '1.8.0_202'
Driver info: org.openqa.selenium.ie.InternetExplorerDriver
Capabilities {acceptInsecureCerts: false, browserName: internet explorer, browserVersion: 11, javascriptEnabled: true, pageLoadStrategy: normal, platform: WINDOWS, platformName: WINDOWS, proxy: Proxy(), se:ieOptions: {browserAttachTimeout: 0, elementScrollBehavior: 0, enablePersistentHover: true, ie.browserCommandLineSwitches: , ie.edgechromium: false, ie.edgepath: , ie.ensureCleanSession: true, ie.fileUploadDialogTimeout: 3000, ie.forceCreateProcessApi: false, ignoreProtectedModeSettings: true, ignoreZoomSetting: false, initialBrowserUrl: http://localhost:38437/, nativeEvents: true, requireWindowFocus: false}, setWindowRect: true, strictFileInteractability: false, timeouts: {implicit: 0, pageLoad: 300000, script: 30000}, unhandledPromptBehavior: dismiss and notify}
Session ID: 2c5058fc-8ee2-47a1-b98f-313514c217e9
at org.openqa.selenium.remote.http.W3CHttpResponseCodec.createException(W3CHttpResponseCodec.java:187)
at org.openqa.selenium.remote.http.W3CHttpResponseCodec.decode(W3CHttpResponseCodec.java:122)
at org.openqa.selenium.remote.http.W3CHttpResponseCodec.decode(W3CHttpResponseCodec.java:49)
at org.openqa.selenium.remote.HttpCommandExecutor.execute(HttpCommandExecutor.java:160)
at org.openqa.selenium.remote.service.DriverCommandExecutor.execute(DriverCommandExecutor.java:83)
at org.openqa.selenium.remote.RemoteWebDriver.execute(RemoteWebDriver.java:601)
at org.openqa.selenium.remote.RemoteWebElement.execute(RemoteWebElement.java:279)
at org.openqa.selenium.remote.RemoteWebElement.click(RemoteWebElement.java:83)
at testcases.VideoPictureSettingsTest.ChangeExposureModeToAutoTest(VideoPictureSettingsTest.java:660)
at java.util.ArrayList.forEach(ArrayList.java:1257)
... Removed 31 stack frames]]>
    </failure>
  </testcase> <!-- ChangeExposureModeToAutoTest -->
  <testcase name="ChangeExposureModeToManualAndChangeExposureTimeTest" time="42.895" classname="testcases.VideoPictureSettingsTest">
    <failure type="org.openqa.selenium.interactions.MoveTargetOutOfBoundsException" message="Cannot click on element
Build info: version: &amp;apos;3.9.1&amp;apos;, revision: &amp;apos;63f7b50&amp;apos;, time: &amp;apos;2018-02-07T22:25:02.294Z&amp;apos;
System info: host: &amp;apos;BORSE-PC&amp;apos;, ip: &amp;apos;172.20.1.58&amp;apos;, os.name: &amp;apos;Windows 10&amp;apos;, os.arch: &amp;apos;amd64&amp;apos;, os.version: &amp;apos;10.0&amp;apos;, java.version: &amp;apos;1.8.0_202&amp;apos;
Driver info: org.openqa.selenium.ie.InternetExplorerDriver
Capabilities {acceptInsecureCerts: false, browserName: internet explorer, browserVersion: 11, javascriptEnabled: true, pageLoadStrategy: normal, platform: WINDOWS, platformName: WINDOWS, proxy: Proxy(), se:ieOptions: {browserAttachTimeout: 0, elementScrollBehavior: 0, enablePersistentHover: true, ie.browserCommandLineSwitches: , ie.edgechromium: false, ie.edgepath: , ie.ensureCleanSession: true, ie.fileUploadDialogTimeout: 3000, ie.forceCreateProcessApi: false, ignoreProtectedModeSettings: true, ignoreZoomSetting: false, initialBrowserUrl: http://localhost:39247/, nativeEvents: true, requireWindowFocus: false}, setWindowRect: true, strictFileInteractability: false, timeouts: {implicit: 0, pageLoad: 300000, script: 30000}, unhandledPromptBehavior: dismiss and notify}
Session ID: f5d4f403-5c66-48dd-b365-99d963941cce">
      <![CDATA[org.openqa.selenium.interactions.MoveTargetOutOfBoundsException: Cannot click on element
Build info: version: '3.9.1', revision: '63f7b50', time: '2018-02-07T22:25:02.294Z'
System info: host: 'BORSE-PC', ip: '172.20.1.58', os.name: 'Windows 10', os.arch: 'amd64', os.version: '10.0', java.version: '1.8.0_202'
Driver info: org.openqa.selenium.ie.InternetExplorerDriver
Capabilities {acceptInsecureCerts: false, browserName: internet explorer, browserVersion: 11, javascriptEnabled: true, pageLoadStrategy: normal, platform: WINDOWS, platformName: WINDOWS, proxy: Proxy(), se:ieOptions: {browserAttachTimeout: 0, elementScrollBehavior: 0, enablePersistentHover: true, ie.browserCommandLineSwitches: , ie.edgechromium: false, ie.edgepath: , ie.ensureCleanSession: true, ie.fileUploadDialogTimeout: 3000, ie.forceCreateProcessApi: false, ignoreProtectedModeSettings: true, ignoreZoomSetting: false, initialBrowserUrl: http://localhost:39247/, nativeEvents: true, requireWindowFocus: false}, setWindowRect: true, strictFileInteractability: false, timeouts: {implicit: 0, pageLoad: 300000, script: 30000}, unhandledPromptBehavior: dismiss and notify}
Session ID: f5d4f403-5c66-48dd-b365-99d963941cce
at org.openqa.selenium.remote.http.W3CHttpResponseCodec.createException(W3CHttpResponseCodec.java:187)
at org.openqa.selenium.remote.http.W3CHttpResponseCodec.decode(W3CHttpResponseCodec.java:122)
at org.openqa.selenium.remote.http.W3CHttpResponseCodec.decode(W3CHttpResponseCodec.java:49)
at org.openqa.selenium.remote.HttpCommandExecutor.execute(HttpCommandExecutor.java:160)
at org.openqa.selenium.remote.service.DriverCommandExecutor.execute(DriverCommandExecutor.java:83)
at org.openqa.selenium.remote.RemoteWebDriver.execute(RemoteWebDriver.java:601)
at org.openqa.selenium.remote.RemoteWebElement.execute(RemoteWebElement.java:279)
at org.openqa.selenium.remote.RemoteWebElement.click(RemoteWebElement.java:83)
at testcases.VideoPictureSettingsTest.ChangeExposureModeToManualAndChangeExposureTimeTest(VideoPictureSettingsTest.java:753)
at java.util.ArrayList.forEach(ArrayList.java:1257)
... Removed 31 stack frames]]>
    </failure>
  </testcase> <!-- ChangeExposureModeToManualAndChangeExposureTimeTest -->
  <testcase name="ChangeExposureModeToManualAndChangeGainTest" time="28.625" classname="testcases.VideoPictureSettingsTest">
    <failure type="org.openqa.selenium.interactions.MoveTargetOutOfBoundsException" message="Cannot click on element
Build info: version: &amp;apos;3.9.1&amp;apos;, revision: &amp;apos;63f7b50&amp;apos;, time: &amp;apos;2018-02-07T22:25:02.294Z&amp;apos;
System info: host: &amp;apos;BORSE-PC&amp;apos;, ip: &amp;apos;172.20.1.58&amp;apos;, os.name: &amp;apos;Windows 10&amp;apos;, os.arch: &amp;apos;amd64&amp;apos;, os.version: &amp;apos;10.0&amp;apos;, java.version: &amp;apos;1.8.0_202&amp;apos;
Driver info: org.openqa.selenium.ie.InternetExplorerDriver
Capabilities {acceptInsecureCerts: false, browserName: internet explorer, browserVersion: 11, javascriptEnabled: true, pageLoadStrategy: normal, platform: WINDOWS, platformName: WINDOWS, proxy: Proxy(), se:ieOptions: {browserAttachTimeout: 0, elementScrollBehavior: 0, enablePersistentHover: true, ie.browserCommandLineSwitches: , ie.edgechromium: false, ie.edgepath: , ie.ensureCleanSession: true, ie.fileUploadDialogTimeout: 3000, ie.forceCreateProcessApi: false, ignoreProtectedModeSettings: true, ignoreZoomSetting: false, initialBrowserUrl: http://localhost:47455/, nativeEvents: true, requireWindowFocus: false}, setWindowRect: true, strictFileInteractability: false, timeouts: {implicit: 0, pageLoad: 300000, script: 30000}, unhandledPromptBehavior: dismiss and notify}
Session ID: a7badc86-ee78-4702-b83d-2f8e522754d9">
      <![CDATA[org.openqa.selenium.interactions.MoveTargetOutOfBoundsException: Cannot click on element
Build info: version: '3.9.1', revision: '63f7b50', time: '2018-02-07T22:25:02.294Z'
System info: host: 'BORSE-PC', ip: '172.20.1.58', os.name: 'Windows 10', os.arch: 'amd64', os.version: '10.0', java.version: '1.8.0_202'
Driver info: org.openqa.selenium.ie.InternetExplorerDriver
Capabilities {acceptInsecureCerts: false, browserName: internet explorer, browserVersion: 11, javascriptEnabled: true, pageLoadStrategy: normal, platform: WINDOWS, platformName: WINDOWS, proxy: Proxy(), se:ieOptions: {browserAttachTimeout: 0, elementScrollBehavior: 0, enablePersistentHover: true, ie.browserCommandLineSwitches: , ie.edgechromium: false, ie.edgepath: , ie.ensureCleanSession: true, ie.fileUploadDialogTimeout: 3000, ie.forceCreateProcessApi: false, ignoreProtectedModeSettings: true, ignoreZoomSetting: false, initialBrowserUrl: http://localhost:47455/, nativeEvents: true, requireWindowFocus: false}, setWindowRect: true, strictFileInteractability: false, timeouts: {implicit: 0, pageLoad: 300000, script: 30000}, unhandledPromptBehavior: dismiss and notify}
Session ID: a7badc86-ee78-4702-b83d-2f8e522754d9
at org.openqa.selenium.remote.http.W3CHttpResponseCodec.createException(W3CHttpResponseCodec.java:187)
at org.openqa.selenium.remote.http.W3CHttpResponseCodec.decode(W3CHttpResponseCodec.java:122)
at org.openqa.selenium.remote.http.W3CHttpResponseCodec.decode(W3CHttpResponseCodec.java:49)
at org.openqa.selenium.remote.HttpCommandExecutor.execute(HttpCommandExecutor.java:160)
at org.openqa.selenium.remote.service.DriverCommandExecutor.execute(DriverCommandExecutor.java:83)
at org.openqa.selenium.remote.RemoteWebDriver.execute(RemoteWebDriver.java:601)
at org.openqa.selenium.remote.RemoteWebElement.execute(RemoteWebElement.java:279)
at org.openqa.selenium.remote.RemoteWebElement.click(RemoteWebElement.java:83)
at testcases.VideoPictureSettingsTest.ChangeExposureModeToManualAndChangeGainTest(VideoPictureSettingsTest.java:868)
at java.util.ArrayList.forEach(ArrayList.java:1257)
... Removed 31 stack frames]]>
    </failure>
  </testcase> <!-- ChangeExposureModeToManualAndChangeGainTest -->
  <testcase name="ChangeSharpnessAndPressSaveTest" time="16.464" classname="testcases.VideoPictureSettingsTest">
    <failure type="org.openqa.selenium.ElementNotInteractableException" message="Element is not displayed
Build info: version: &amp;apos;3.9.1&amp;apos;, revision: &amp;apos;63f7b50&amp;apos;, time: &amp;apos;2018-02-07T22:25:02.294Z&amp;apos;
System info: host: &amp;apos;BORSE-PC&amp;apos;, ip: &amp;apos;172.20.1.58&amp;apos;, os.name: &amp;apos;Windows 10&amp;apos;, os.arch: &amp;apos;amd64&amp;apos;, os.version: &amp;apos;10.0&amp;apos;, java.version: &amp;apos;1.8.0_202&amp;apos;
Driver info: org.openqa.selenium.ie.InternetExplorerDriver
Capabilities {acceptInsecureCerts: false, browserName: internet explorer, browserVersion: 11, javascriptEnabled: true, pageLoadStrategy: normal, platform: WINDOWS, platformName: WINDOWS, proxy: Proxy(), se:ieOptions: {browserAttachTimeout: 0, elementScrollBehavior: 0, enablePersistentHover: true, ie.browserCommandLineSwitches: , ie.edgechromium: false, ie.edgepath: , ie.ensureCleanSession: true, ie.fileUploadDialogTimeout: 3000, ie.forceCreateProcessApi: false, ignoreProtectedModeSettings: true, ignoreZoomSetting: false, initialBrowserUrl: http://localhost:3224/, nativeEvents: true, requireWindowFocus: false}, setWindowRect: true, strictFileInteractability: false, timeouts: {implicit: 0, pageLoad: 300000, script: 30000}, unhandledPromptBehavior: dismiss and notify}
Session ID: 1817553e-9f5d-4e8e-a08d-4dbdc5f47316">
      <![CDATA[org.openqa.selenium.ElementNotInteractableException: Element is not displayed
Build info: version: '3.9.1', revision: '63f7b50', time: '2018-02-07T22:25:02.294Z'
System info: host: 'BORSE-PC', ip: '172.20.1.58', os.name: 'Windows 10', os.arch: 'amd64', os.version: '10.0', java.version: '1.8.0_202'
Driver info: org.openqa.selenium.ie.InternetExplorerDriver
Capabilities {acceptInsecureCerts: false, browserName: internet explorer, browserVersion: 11, javascriptEnabled: true, pageLoadStrategy: normal, platform: WINDOWS, platformName: WINDOWS, proxy: Proxy(), se:ieOptions: {browserAttachTimeout: 0, elementScrollBehavior: 0, enablePersistentHover: true, ie.browserCommandLineSwitches: , ie.edgechromium: false, ie.edgepath: , ie.ensureCleanSession: true, ie.fileUploadDialogTimeout: 3000, ie.forceCreateProcessApi: false, ignoreProtectedModeSettings: true, ignoreZoomSetting: false, initialBrowserUrl: http://localhost:3224/, nativeEvents: true, requireWindowFocus: false}, setWindowRect: true, strictFileInteractability: false, timeouts: {implicit: 0, pageLoad: 300000, script: 30000}, unhandledPromptBehavior: dismiss and notify}
Session ID: 1817553e-9f5d-4e8e-a08d-4dbdc5f47316
at org.openqa.selenium.remote.http.W3CHttpResponseCodec.createException(W3CHttpResponseCodec.java:187)
at org.openqa.selenium.remote.http.W3CHttpResponseCodec.decode(W3CHttpResponseCodec.java:122)
at org.openqa.selenium.remote.http.W3CHttpResponseCodec.decode(W3CHttpResponseCodec.java:49)
at org.openqa.selenium.remote.HttpCommandExecutor.execute(HttpCommandExecutor.java:160)
at org.openqa.selenium.remote.service.DriverCommandExecutor.execute(DriverCommandExecutor.java:83)
at org.openqa.selenium.remote.RemoteWebDriver.execute(RemoteWebDriver.java:601)
at org.openqa.selenium.remote.RemoteWebElement.execute(RemoteWebElement.java:279)
at org.openqa.selenium.remote.RemoteWebElement.click(RemoteWebElement.java:83)
at testcases.VideoPictureSettingsTest.ChangeSharpnessAndPressSaveTest(VideoPictureSettingsTest.java:459)
at java.util.ArrayList.forEach(ArrayList.java:1257)
... Removed 31 stack frames]]>
    </failure>
  </testcase> <!-- ChangeSharpnessAndPressSaveTest -->
  <testcase name="GetVideoChannelPictureSetiingsAndApplyToOtherChannelTest" time="1.751" classname="testcases.VideoPictureSettingsTest">
    <failure type="org.openqa.selenium.ElementNotInteractableException" message="Element is not displayed
Build info: version: &amp;apos;3.9.1&amp;apos;, revision: &amp;apos;63f7b50&amp;apos;, time: &amp;apos;2018-02-07T22:25:02.294Z&amp;apos;
System info: host: &amp;apos;BORSE-PC&amp;apos;, ip: &amp;apos;172.20.1.58&amp;apos;, os.name: &amp;apos;Windows 10&amp;apos;, os.arch: &amp;apos;amd64&amp;apos;, os.version: &amp;apos;10.0&amp;apos;, java.version: &amp;apos;1.8.0_202&amp;apos;
Driver info: org.openqa.selenium.ie.InternetExplorerDriver
Capabilities {acceptInsecureCerts: false, browserName: internet explorer, browserVersion: 11, javascriptEnabled: true, pageLoadStrategy: normal, platform: WINDOWS, platformName: WINDOWS, proxy: Proxy(), se:ieOptions: {browserAttachTimeout: 0, elementScrollBehavior: 0, enablePersistentHover: true, ie.browserCommandLineSwitches: , ie.edgechromium: false, ie.edgepath: , ie.ensureCleanSession: true, ie.fileUploadDialogTimeout: 3000, ie.forceCreateProcessApi: false, ignoreProtectedModeSettings: true, ignoreZoomSetting: false, initialBrowserUrl: http://localhost:25377/, nativeEvents: true, requireWindowFocus: false}, setWindowRect: true, strictFileInteractability: false, timeouts: {implicit: 0, pageLoad: 300000, script: 30000}, unhandledPromptBehavior: dismiss and notify}
Session ID: 7e280a12-de32-4974-91d3-129923420875">
      <![CDATA[org.openqa.selenium.ElementNotInteractableException: Element is not displayed
Build info: version: '3.9.1', revision: '63f7b50', time: '2018-02-07T22:25:02.294Z'
System info: host: 'BORSE-PC', ip: '172.20.1.58', os.name: 'Windows 10', os.arch: 'amd64', os.version: '10.0', java.version: '1.8.0_202'
Driver info: org.openqa.selenium.ie.InternetExplorerDriver
Capabilities {acceptInsecureCerts: false, browserName: internet explorer, browserVersion: 11, javascriptEnabled: true, pageLoadStrategy: normal, platform: WINDOWS, platformName: WINDOWS, proxy: Proxy(), se:ieOptions: {browserAttachTimeout: 0, elementScrollBehavior: 0, enablePersistentHover: true, ie.browserCommandLineSwitches: , ie.edgechromium: false, ie.edgepath: , ie.ensureCleanSession: true, ie.fileUploadDialogTimeout: 3000, ie.forceCreateProcessApi: false, ignoreProtectedModeSettings: true, ignoreZoomSetting: false, initialBrowserUrl: http://localhost:25377/, nativeEvents: true, requireWindowFocus: false}, setWindowRect: true, strictFileInteractability: false, timeouts: {implicit: 0, pageLoad: 300000, script: 30000}, unhandledPromptBehavior: dismiss and notify}
Session ID: 7e280a12-de32-4974-91d3-129923420875
at org.openqa.selenium.remote.http.W3CHttpResponseCodec.createException(W3CHttpResponseCodec.java:187)
at org.openqa.selenium.remote.http.W3CHttpResponseCodec.decode(W3CHttpResponseCodec.java:122)
at org.openqa.selenium.remote.http.W3CHttpResponseCodec.decode(W3CHttpResponseCodec.java:49)
at org.openqa.selenium.remote.HttpCommandExecutor.execute(HttpCommandExecutor.java:160)
at org.openqa.selenium.remote.service.DriverCommandExecutor.execute(DriverCommandExecutor.java:83)
at org.openqa.selenium.remote.RemoteWebDriver.execute(RemoteWebDriver.java:601)
at org.openqa.selenium.remote.RemoteWebElement.execute(RemoteWebElement.java:279)
at org.openqa.selenium.remote.RemoteWebElement.click(RemoteWebElement.java:83)
at testcases.VideoPictureSettingsTest.GetVideoChannelPictureSetiingsAndApplyToOtherChannelTest(VideoPictureSettingsTest.java:1056)
at java.util.ArrayList.forEach(ArrayList.java:1257)
... Removed 31 stack frames]]>
    </failure>
  </testcase> <!-- GetVideoChannelPictureSetiingsAndApplyToOtherChannelTest -->
  <testcase name="ChangeIPAdressExitPressSaveUnsavedChangesTest" time="0.0" classname="testcases.NVRsElementsTest">
    <ignored/>
  </testcase> <!-- ChangeIPAdressExitPressSaveUnsavedChangesTest -->
  <testcase name="SortEventsByNameInSpecifyEventsWTest" time="0.0" classname="testcases.VideoRecordingTest">
    <ignored/>
  </testcase> <!-- SortEventsByNameInSpecifyEventsWTest -->
  <testcase name="CheckPropertiesAfterChangePortTest" time="0.0" classname="testcases.NVRsElementsTest">
    <ignored/>
  </testcase> <!-- CheckPropertiesAfterChangePortTest -->
  <testcase name="ChangeNameExitAndSaveTest" time="0.0" classname="testcases.ToursElementsTest">
    <ignored/>
  </testcase> <!-- ChangeNameExitAndSaveTest -->
  <testcase name="RemoveNVRsByIconTest" time="0.0" classname="testcases.NVRsTest">
    <ignored/>
  </testcase> <!-- RemoveNVRsByIconTest -->
  <testcase name="ChangeRecordingModeTest" time="0.0" classname="testcases.AudioChannelsTest">
    <ignored/>
  </testcase> <!-- ChangeRecordingModeTest -->
  <testcase name="AddViewTest" time="0.0" classname="testcases.ToursTest">
    <ignored/>
  </testcase> <!-- AddViewTest -->
  <testcase name="ChangeProtocolExitAndPressCancelTest" time="0.0" classname="testcases.AudioChannelsElementsTest">
    <ignored/>
  </testcase> <!-- ChangeProtocolExitAndPressCancelTest -->
  <testcase name="SwitchRecordingIfLimitRetentionIsOnTest" time="0.0" classname="testcases.AudioChannelsTest">
    <ignored/>
  </testcase> <!-- SwitchRecordingIfLimitRetentionIsOnTest -->
  <testcase name="ChangePortPressCancelTest" time="0.0" classname="testcases.NVRsElementsTest">
    <ignored/>
  </testcase> <!-- ChangePortPressCancelTest -->
  <testcase name="AddProperNumericIdPressCancelUnsavedChangesTest" time="0.0" classname="testcases.VideoChannelPropertiesElementTest">
    <ignored/>
  </testcase> <!-- AddProperNumericIdPressCancelUnsavedChangesTest -->
  <testcase name="ChangeViewTimeToMoreThanMaxValueTest" time="0.0" classname="testcases.ToursTest">
    <ignored/>
  </testcase> <!-- ChangeViewTimeToMoreThanMaxValueTest -->
  <testcase name="AddNVRManuallyAndPressCloseTest" time="0.0" classname="testcases.NVRsTest">
    <ignored/>
  </testcase> <!-- AddNVRManuallyAndPressCloseTest -->
  <testcase name="SelectRelayEventTypeTest" time="0.0" classname="testcases.VideoRecordingTest">
    <ignored/>
  </testcase> <!-- SelectRelayEventTypeTest -->
  <testcase name="ChangePreEventTimeAndPressCancelTest" time="0.0" classname="testcases.AudioChannelsElementsTest">
    <ignored/>
  </testcase> <!-- ChangePreEventTimeAndPressCancelTest -->
  <testcase name="AddAudioResourcesExitPressDontSaveUnsavedChangesTest" time="0.0" classname="testcases.VideoChannelPropertiesElementTest">
    <ignored/>
  </testcase> <!-- AddAudioResourcesExitPressDontSaveUnsavedChangesTest -->
  <testcase name="ChangeViewTimeExitAndSaveTest" time="0.0" classname="testcases.ToursElementsTest">
    <ignored/>
  </testcase> <!-- ChangeViewTimeExitAndSaveTest -->
  <testcase name="ChangeVisibilityExitAndPressSaveTest" time="0.0" classname="testcases.AudioChannelsElementsTest">
    <ignored/>
  </testcase> <!-- ChangeVisibilityExitAndPressSaveTest -->
  <testcase name="ChangeNameTest" time="0.0" classname="testcases.ToursTest">
    <ignored/>
  </testcase> <!-- ChangeNameTest -->
  <testcase name="AddViewExitAndCancelTest" time="0.0" classname="testcases.ToursElementsTest">
    <ignored/>
  </testcase> <!-- AddViewExitAndCancelTest -->
  <testcase name="AddNewTourExitAndDoNotSaveTest" time="0.0" classname="testcases.ToursElementsTest">
    <ignored/>
  </testcase> <!-- AddNewTourExitAndDoNotSaveTest -->
  <testcase name="SwitchStorageDefinitionsExitAndPressCancelTest" time="0.0" classname="testcases.NVRsElementsTest">
    <ignored/>
  </testcase> <!-- SwitchStorageDefinitionsExitAndPressCancelTest -->
  <testcase name="DeleteResourceByButtonAndCheckInMonitoringTest" time="0.0" classname="testcases.GroupsHierarchyTest">
    <ignored/>
  </testcase> <!-- DeleteResourceByButtonAndCheckInMonitoringTest -->
  <testcase name="ChangeNameExitAndPressDonotSaveTest" time="0.0" classname="testcases.AudioChannelsElementsTest">
    <ignored/>
  </testcase> <!-- ChangeNameExitAndPressDonotSaveTest -->
  <testcase name="ChangeViewTimeTest" time="0.0" classname="testcases.ToursTest">
    <ignored/>
  </testcase> <!-- ChangeViewTimeTest -->
  <testcase name="ChangeIPAdressPressCancelExitTest" time="0.0" classname="testcases.NVRsElementsTest">
    <ignored/>
  </testcase> <!-- ChangeIPAdressPressCancelExitTest -->
  <testcase name="DeleteOneNVRAndCheckPropertiesPanelTest" time="0.0" classname="testcases.NVRsTest">
    <ignored/>
  </testcase> <!-- DeleteOneNVRAndCheckPropertiesPanelTest -->
  <testcase name="ChangeStorageDefinitionsTest" time="0.0" classname="testcases.NVRsTest">
    <ignored/>
  </testcase> <!-- ChangeStorageDefinitionsTest -->
  <testcase name="ChangeProtocolTest" time="0.0" classname="testcases.AudioChannelsTest">
    <ignored/>
  </testcase> <!-- ChangeProtocolTest -->
  <testcase name="SwitchStorageDefinitionsAndPressCancelTest" time="0.0" classname="testcases.NVRsElementsTest">
    <ignored/>
  </testcase> <!-- SwitchStorageDefinitionsAndPressCancelTest -->
  <testcase name="ChangePortExitPressSaveUnsavedChangesTest" time="0.0" classname="testcases.NVRsElementsTest">
    <ignored/>
  </testcase> <!-- ChangePortExitPressSaveUnsavedChangesTest -->
  <testcase name="SwitchStorageDefinitionsTest" time="0.0" classname="testcases.NVRsTest">
    <ignored/>
  </testcase> <!-- SwitchStorageDefinitionsTest -->
  <testcase name="DeleteAllViewsTest" time="0.0" classname="testcases.ToursTest">
    <ignored/>
  </testcase> <!-- DeleteAllViewsTest -->
  <testcase name="DragResourceToGroupTest" time="0.0" classname="testcases.GroupsHierarchyTest">
    <ignored/>
  </testcase> <!-- DragResourceToGroupTest -->
  <testcase name="MultipleNVRsAdditingTest" time="0.0" classname="testcases.NVRsTest">
    <ignored/>
  </testcase> <!-- MultipleNVRsAdditingTest -->
  <testcase name="NewTourWithEmptyViewTest" time="0.0" classname="testcases.ToursTest">
    <ignored/>
  </testcase> <!-- NewTourWithEmptyViewTest -->
  <testcase name="ChangeVisibilityExitAndPressCancelTest" time="0.0" classname="testcases.AudioChannelsElementsTest">
    <ignored/>
  </testcase> <!-- ChangeVisibilityExitAndPressCancelTest -->
  <testcase name="SelectScheduleAndPressDoNotSaveTest" time="0.0" classname="testcases.AudioChannelsElementsTest">
    <ignored/>
  </testcase> <!-- SelectScheduleAndPressDoNotSaveTest -->
  <testcase name="AddAudioResourcesExitCancelUnsavedChangesTest" time="0.0" classname="testcases.VideoChannelPropertiesElementTest">
    <ignored/>
  </testcase> <!-- AddAudioResourcesExitCancelUnsavedChangesTest -->
  <testcase name="ChangeSecuredAndCheckStatusTest" time="0.0" classname="testcases.NVRsTest">
    <ignored/>
  </testcase> <!-- ChangeSecuredAndCheckStatusTest -->
  <testcase name="ChangeViewTimeBySpinnersExitAndDoNotSaveTest" time="0.0" classname="testcases.ToursElementsTest">
    <ignored/>
  </testcase> <!-- ChangeViewTimeBySpinnersExitAndDoNotSaveTest -->
  <testcase name="ChangeNameExitCancelUnsavedChangesExitCancelTest" time="0.0" classname="testcases.NVRsElementsTest">
    <ignored/>
  </testcase> <!-- ChangeNameExitCancelUnsavedChangesExitCancelTest -->
  <testcase name="ChangeStorageDefinitionsExitCancelUnsavedChangesTest" time="0.0" classname="testcases.NVRsElementsTest">
    <ignored/>
  </testcase> <!-- ChangeStorageDefinitionsExitCancelUnsavedChangesTest -->
  <testcase name="SelectAndCancelAudioResourcesTest" time="0.0" classname="testcases.VideoChannelPropertiesElementTest">
    <ignored/>
  </testcase> <!-- SelectAndCancelAudioResourcesTest -->
  <testcase name="CheckPropertiesAfterChangeUserNameTest" time="0.0" classname="testcases.NVRsElementsTest">
    <ignored/>
  </testcase> <!-- CheckPropertiesAfterChangeUserNameTest -->
  <testcase name="AddNewTourWithoutViewExitAndCancelTest" time="0.0" classname="testcases.ToursElementsTest">
    <ignored/>
  </testcase> <!-- AddNewTourWithoutViewExitAndCancelTest -->
  <testcase name="SwitchOffStorageDefinitionsTest" time="0.0" classname="testcases.NVRsTest">
    <ignored/>
  </testcase> <!-- SwitchOffStorageDefinitionsTest -->
  <testcase name="SwitchLimitRetentionToggleTest" time="0.0" classname="testcases.VideoRecordingTest">
    <ignored/>
  </testcase> <!-- SwitchLimitRetentionToggleTest -->
  <testcase name="ChangeVisibilityExitAndPressDoNotSaveTest" time="0.0" classname="testcases.AudioChannelsElementsTest">
    <ignored/>
  </testcase> <!-- ChangeVisibilityExitAndPressDoNotSaveTest -->
  <testcase name="ChangeRemarksExitAndSaveTest" time="0.0" classname="testcases.ToursElementsTest">
    <ignored/>
  </testcase> <!-- ChangeRemarksExitAndSaveTest -->
  <testcase name="DeleteOneNVRClickOnAnotherNVRAndCheckPropertiesPanelTest" time="0.0" classname="testcases.NVRsTest">
    <ignored/>
  </testcase> <!-- DeleteOneNVRClickOnAnotherNVRAndCheckPropertiesPanelTest -->
  <testcase name="DecreasePortInAddNVRManualyWindowTest" time="0.0" classname="testcases.NVRsTest">
    <ignored/>
  </testcase> <!-- DecreasePortInAddNVRManualyWindowTest -->
  <testcase name="ChangeOrderForViewTest" time="0.0" classname="testcases.ToursTest">
    <ignored/>
  </testcase> <!-- ChangeOrderForViewTest -->
  <testcase name="DeleteAllViewsExitAndSaveTest" time="0.0" classname="testcases.ToursElementsTest">
    <ignored/>
  </testcase> <!-- DeleteAllViewsExitAndSaveTest -->
  <testcase name="SwitchLimitRetentionToggleTest" time="0.0" classname="testcases.AudioChannelsTest">
    <ignored/>
  </testcase> <!-- SwitchLimitRetentionToggleTest -->
  <testcase name="SortingNVRsByVersionTest" time="0.0" classname="testcases.NVRsTest">
    <ignored/>
  </testcase> <!-- SortingNVRsByVersionTest -->
  <testcase name="DeleteAllViewsExitAndCancelTest" time="0.0" classname="testcases.ToursElementsTest">
    <ignored/>
  </testcase> <!-- DeleteAllViewsExitAndCancelTest -->
  <testcase name="SortingDiscoveredNVRsTest" time="0.0" classname="testcases.NVRsTest">
    <ignored/>
  </testcase> <!-- SortingDiscoveredNVRsTest -->
  <testcase name="CancelButtonIsDisableTest" time="0.0" classname="testcases.VideoChannelPropertiesElementTest">
    <ignored/>
  </testcase> <!-- CancelButtonIsDisableTest -->
  <testcase name="SortingNVRsByNameTest" time="0.0" classname="testcases.NVRsTest">
    <ignored/>
  </testcase> <!-- SortingNVRsByNameTest -->
  <testcase name="DeleteTourByButtonAndPressNoTest" time="0.0" classname="testcases.ToursTest">
    <ignored/>
  </testcase> <!-- DeleteTourByButtonAndPressNoTest -->
  <testcase name="AddViewExitAndSaveTest" time="0.0" classname="testcases.ToursElementsTest">
    <ignored/>
  </testcase> <!-- AddViewExitAndSaveTest -->
  <testcase name="InputInvalidUserNameInAddNVRManualyTest" time="0.0" classname="testcases.NVRsTest">
    <ignored/>
  </testcase> <!-- InputInvalidUserNameInAddNVRManualyTest -->
  <testcase name="ChangeNameExitAndPressCancelTest" time="0.0" classname="testcases.AudioChannelsElementsTest">
    <ignored/>
  </testcase> <!-- ChangeNameExitAndPressCancelTest -->
  <testcase name="DeleteAudioChannelsTest" time="0.0" classname="testcases.VideoChannelPropertiesElementTest">
    <ignored/>
  </testcase> <!-- DeleteAudioChannelsTest -->
  <testcase name="AddNVRManuallyAndSwitchONSecuredTest" time="0.0" classname="testcases.NVRsTest">
    <ignored/>
  </testcase> <!-- AddNVRManuallyAndSwitchONSecuredTest -->
  <testcase name="DeleteViewExitAndDoNotSaveTest" time="0.0" classname="testcases.ToursElementsTest">
    <ignored/>
  </testcase> <!-- DeleteViewExitAndDoNotSaveTest -->
  <testcase name="ChangeRemarksExitAndCancelTest" time="0.0" classname="testcases.ToursElementsTest">
    <ignored/>
  </testcase> <!-- ChangeRemarksExitAndCancelTest -->
  <testcase name="ChangeUserNameToValidAndCheckStatusTest" time="0.0" classname="testcases.NVRsTest">
    <ignored/>
  </testcase> <!-- ChangeUserNameToValidAndCheckStatusTest -->
  <testcase name="DeleteViewAndCancelTest" time="0.0" classname="testcases.ToursElementsTest">
    <ignored/>
  </testcase> <!-- DeleteViewAndCancelTest -->
  <testcase name="SelectAnyEventsInspecifyEventsTest" time="0.0" classname="testcases.VideoRecordingTest">
    <ignored/>
  </testcase> <!-- SelectAnyEventsInspecifyEventsTest -->
  <testcase name="ResourcesFilterTest" time="0.0" classname="testcases.GroupsHierarchyTest">
    <ignored/>
  </testcase> <!-- ResourcesFilterTest -->
  <testcase name="ChangeNameExitPressDontSaveUnsavedChangesTest" time="0.0" classname="testcases.NVRsElementsTest">
    <ignored/>
  </testcase> <!-- ChangeNameExitPressDontSaveUnsavedChangesTest -->
  <testcase name="ChangeViewTimeExitAndCancelTest" time="0.0" classname="testcases.ToursElementsTest">
    <ignored/>
  </testcase> <!-- ChangeViewTimeExitAndCancelTest -->
  <testcase name="ChangePortExitCancelUnsavedChangesTest" time="0.0" classname="testcases.NVRsElementsTest">
    <ignored/>
  </testcase> <!-- ChangePortExitCancelUnsavedChangesTest -->
  <testcase name="SortEventsByStatusInSpecifyEventsWTest" time="0.0" classname="testcases.VideoRecordingTest">
    <ignored/>
  </testcase> <!-- SortEventsByStatusInSpecifyEventsWTest -->
  <testcase name="ChangeNameExitPressSaveUnsavedChangesTest" time="0.0" classname="testcases.VideoChannelPropertiesElementTest">
    <ignored/>
  </testcase> <!-- ChangeNameExitPressSaveUnsavedChangesTest -->
  <testcase name="AddNVRManuallyCheckStatusTest" time="0.0" classname="testcases.NVRsTest">
    <ignored/>
  </testcase> <!-- AddNVRManuallyCheckStatusTest -->
  <testcase name="SwitchLimitRetentionToggleAndPressCancelTest" time="0.0" classname="testcases.AudioChannelsElementsTest">
    <ignored/>
  </testcase> <!-- SwitchLimitRetentionToggleAndPressCancelTest -->
  <testcase name="ChangeNameExitAndDoNotSaveTest" time="0.0" classname="testcases.ToursElementsTest">
    <ignored/>
  </testcase> <!-- ChangeNameExitAndDoNotSaveTest -->
  <testcase name="DeleteViewExitAndCancelTest" time="0.0" classname="testcases.ToursElementsTest">
    <ignored/>
  </testcase> <!-- DeleteViewExitAndCancelTest -->
  <testcase name="ChangeVisibilityStatusAndCancelTest" time="0.0" classname="testcases.ToursElementsTest">
    <ignored/>
  </testcase> <!-- ChangeVisibilityStatusAndCancelTest -->
  <testcase name="AddNewTourWithAllParametersTest" time="0.0" classname="testcases.ToursTest">
    <ignored/>
  </testcase> <!-- AddNewTourWithAllParametersTest -->
  <testcase name="InputInvalidIPAdressInAddNVRManualyTest" time="0.0" classname="testcases.NVRsTest">
    <ignored/>
  </testcase> <!-- InputInvalidIPAdressInAddNVRManualyTest -->
  <testcase name="SelectTwoEventsDeleteExitAndPressDoNotSaveTest" time="0.0" classname="testcases.AudioChannelsElementsTest">
    <ignored/>
  </testcase> <!-- SelectTwoEventsDeleteExitAndPressDoNotSaveTest -->
  <testcase name="ChangeUserNameAndPressCancel" time="0.0" classname="testcases.NVRsElementsTest">
    <ignored/>
  </testcase> <!-- ChangeUserNameAndPressCancel -->
  <testcase name="SortingNVRsByIPAdressTest" time="0.0" classname="testcases.NVRsTest">
    <ignored/>
  </testcase> <!-- SortingNVRsByIPAdressTest -->
  <testcase name="InputInvalidPortInAddNVRManualyTest" time="0.0" classname="testcases.NVRsTest">
    <ignored/>
  </testcase> <!-- InputInvalidPortInAddNVRManualyTest -->
  <testcase name="IncreasePortInAddNVRManualyWindowTest" time="0.0" classname="testcases.NVRsTest">
    <ignored/>
  </testcase> <!-- IncreasePortInAddNVRManualyWindowTest -->
  <testcase name="CancelRemovalNVRsByIconTest" time="0.0" classname="testcases.NVRsTest">
    <ignored/>
  </testcase> <!-- CancelRemovalNVRsByIconTest -->
  <testcase name="ChangeViewTimeBySpinnersAndCancelTest" time="0.0" classname="testcases.ToursElementsTest">
    <ignored/>
  </testcase> <!-- ChangeViewTimeBySpinnersAndCancelTest -->
  <testcase name="ChangeRemarksAndCancelTest" time="0.0" classname="testcases.ToursElementsTest">
    <ignored/>
  </testcase> <!-- ChangeRemarksAndCancelTest -->
  <testcase name="ChangeVisibilityStatusExitAndDoNotSaveTest" time="0.0" classname="testcases.ToursElementsTest">
    <ignored/>
  </testcase> <!-- ChangeVisibilityStatusExitAndDoNotSaveTest -->
  <testcase name="CreateNewSchedulePlanAndPressCancelTest" time="0.0" classname="testcases.AudioChannelsElementsTest">
    <ignored/>
  </testcase> <!-- CreateNewSchedulePlanAndPressCancelTest -->
  <testcase name="ChangeViewTimeExitAndDoNotSaveTest" time="0.0" classname="testcases.ToursElementsTest">
    <ignored/>
  </testcase> <!-- ChangeViewTimeExitAndDoNotSaveTest -->
  <testcase name="AddGroupAndCheckInMonitoringTest" time="0.0" classname="testcases.GroupsHierarchyTest">
    <ignored/>
  </testcase> <!-- AddGroupAndCheckInMonitoringTest -->
  <testcase name="AddSubGroupTest" time="0.0" classname="testcases.GroupsHierarchyTest">
    <ignored/>
  </testcase> <!-- AddSubGroupTest -->
  <testcase name="AddNVRWithSecuredPortAndSwitchOffSecuredStatusTest" time="0.0" classname="testcases.NVRsTest">
    <ignored/>
  </testcase> <!-- AddNVRWithSecuredPortAndSwitchOffSecuredStatusTest -->
  <testcase name="ChangeVisibilityStatusExitAndSaveTest" time="0.0" classname="testcases.ToursElementsTest">
    <ignored/>
  </testcase> <!-- ChangeVisibilityStatusExitAndSaveTest -->
  <testcase name="AddNVRAndCheckStatusVTest" time="0.0" classname="testcases.NVRsTest">
    <ignored/>
  </testcase> <!-- AddNVRAndCheckStatusVTest -->
  <testcase name="AddNewTourTest" time="0.0" classname="testcases.ToursTest">
    <ignored/>
  </testcase> <!-- AddNewTourTest -->
  <testcase name="AddProperNumericIdPressSaveTest" time="0.0" classname="testcases.VideoChannelPropertiesElementTest">
    <ignored/>
  </testcase> <!-- AddProperNumericIdPressSaveTest -->
  <testcase name="SelectAnyEventsExitAndPressSaveTest" time="0.0" classname="testcases.AudioChannelsElementsTest">
    <ignored/>
  </testcase> <!-- SelectAnyEventsExitAndPressSaveTest -->
  <testcase name="AddViewAndCancelTest" time="0.0" classname="testcases.ToursElementsTest">
    <ignored/>
  </testcase> <!-- AddViewAndCancelTest -->
  <testcase name="FilterNVRsTest" time="0.0" classname="testcases.NVRsTest">
    <ignored/>
  </testcase> <!-- FilterNVRsTest -->
  <testcase name="AddNewTourWithoutViewExitAndSaveTest" time="0.0" classname="testcases.ToursElementsTest">
    <ignored/>
  </testcase> <!-- AddNewTourWithoutViewExitAndSaveTest -->
  <testcase name="ChangePortAndCheckStatusTest" time="0.0" classname="testcases.NVRsTest">
    <ignored/>
  </testcase> <!-- ChangePortAndCheckStatusTest -->
  <testcase name="FilterToursTest" time="0.0" classname="testcases.ToursTest">
    <ignored/>
  </testcase> <!-- FilterToursTest -->
  <testcase name="DeleteViewExitAndSaveTest" time="0.0" classname="testcases.ToursElementsTest">
    <ignored/>
  </testcase> <!-- DeleteViewExitAndSaveTest -->
  <testcase name="ChangePortBySpinnersTest" time="0.0" classname="testcases.NVRsTest">
    <ignored/>
  </testcase> <!-- ChangePortBySpinnersTest -->
  <testcase name="RenameGroupAndClickCancelIconTest" time="0.0" classname="testcases.GroupsHierarchyTest">
    <ignored/>
  </testcase> <!-- RenameGroupAndClickCancelIconTest -->
  <testcase name="ChangeVisibilityStatusTest" time="0.0" classname="testcases.ToursTest">
    <ignored/>
  </testcase> <!-- ChangeVisibilityStatusTest -->
  <testcase name="ChangeProtocolAndPressCancelTest" time="0.0" classname="testcases.AudioChannelsElementsTest">
    <ignored/>
  </testcase> <!-- ChangeProtocolAndPressCancelTest -->
  <testcase name="ChangeVisibleStatusPressCancelExitTest" time="0.0" classname="testcases.VideoChannelPropertiesElementTest">
    <ignored/>
  </testcase> <!-- ChangeVisibleStatusPressCancelExitTest -->
  <testcase name="SelectRecordingModeExitAndPressCancelTest" time="0.0" classname="testcases.AudioChannelsElementsTest">
    <ignored/>
  </testcase> <!-- SelectRecordingModeExitAndPressCancelTest -->
  <testcase name="ChangePostEventTimeExitAndPressSaveTest" time="0.0" classname="testcases.AudioChannelsElementsTest">
    <ignored/>
  </testcase> <!-- ChangePostEventTimeExitAndPressSaveTest -->
  <testcase name="ChangeVisibilityTest" time="0.0" classname="testcases.AudioChannelsTest">
    <ignored/>
  </testcase> <!-- ChangeVisibilityTest -->
  <testcase name="FilterAudioChannelsTest" time="0.0" classname="testcases.AudioChannelsTest">
    <ignored/>
  </testcase> <!-- FilterAudioChannelsTest -->
  <testcase name="ChangeVisibleStatusExitPressDontSaveUnsavedChangesTest" time="0.0" classname="testcases.VideoChannelPropertiesElementTest">
    <ignored/>
  </testcase> <!-- ChangeVisibleStatusExitPressDontSaveUnsavedChangesTest -->
  <testcase name="ChangeViewTimeBySpinnersExitAndCancelTest" time="0.0" classname="testcases.ToursElementsTest">
    <ignored/>
  </testcase> <!-- ChangeViewTimeBySpinnersExitAndCancelTest -->
  <testcase name="SelectTwoEventsDeleteAndPressCancelTest" time="0.0" classname="testcases.AudioChannelsElementsTest">
    <ignored/>
  </testcase> <!-- SelectTwoEventsDeleteAndPressCancelTest -->
  <testcase name="FilterViewsTest" time="0.0" classname="testcases.ToursTest">
    <ignored/>
  </testcase> <!-- FilterViewsTest -->
  <testcase name="CheckPropertiesAfterChangeNameTest" time="0.0" classname="testcases.NVRsElementsTest">
    <ignored/>
  </testcase> <!-- CheckPropertiesAfterChangeNameTest -->
  <testcase name="SwitchStorageDefinitionsExitAndPressSaveButtonTest" time="0.0" classname="testcases.NVRsElementsTest">
    <ignored/>
  </testcase> <!-- SwitchStorageDefinitionsExitAndPressSaveButtonTest -->
  <testcase name="SelectDigitalInputEventTypeTest" time="0.0" classname="testcases.VideoRecordingTest">
    <ignored/>
  </testcase> <!-- SelectDigitalInputEventTypeTest -->
  <testcase name="AddViewExitAndDoNotSaveTest" time="0.0" classname="testcases.ToursElementsTest">
    <ignored/>
  </testcase> <!-- AddViewExitAndDoNotSaveTest -->
  <testcase name="AddNewTourWithoutViewAndCancelTest" time="0.0" classname="testcases.ToursElementsTest">
    <ignored/>
  </testcase> <!-- AddNewTourWithoutViewAndCancelTest -->
  <testcase name="ChangeVisibilityAndPressCancelTest" time="0.0" classname="testcases.AudioChannelsElementsTest">
    <ignored/>
  </testcase> <!-- ChangeVisibilityAndPressCancelTest -->
  <testcase name="ChangeNameExitPressSaveUnsavedChangesTest" time="0.0" classname="testcases.NVRsElementsTest">
    <ignored/>
  </testcase> <!-- ChangeNameExitPressSaveUnsavedChangesTest -->
  <testcase name="TakeSnapshotButtonTest" time="0.0" classname="testcases.VideoChannelPropertiesElementTest">
    <ignored/>
  </testcase> <!-- TakeSnapshotButtonTest -->
  <testcase name="RemoveNVRsByButtonTest" time="0.0" classname="testcases.NVRsTest">
    <ignored/>
  </testcase> <!-- RemoveNVRsByButtonTest -->
  <testcase name="ChangeNameTest" time="0.0" classname="testcases.NVRsTest">
    <ignored/>
  </testcase> <!-- ChangeNameTest -->
  <testcase name="SwitchRecordingToggleAndPressCancelTest" time="0.0" classname="testcases.AudioChannelsElementsTest">
    <ignored/>
  </testcase> <!-- SwitchRecordingToggleAndPressCancelTest -->
  <testcase name="ChangeViewTimeAndCancelTest" time="0.0" classname="testcases.ToursElementsTest">
    <ignored/>
  </testcase> <!-- ChangeViewTimeAndCancelTest -->
  <testcase name="SelectAnyEventsAndPressCancelTest" time="0.0" classname="testcases.AudioChannelsElementsTest">
    <ignored/>
  </testcase> <!-- SelectAnyEventsAndPressCancelTest -->
  <testcase name="FilterDiscoveredNVRsTest" time="0.0" classname="testcases.NVRsTest">
    <ignored/>
  </testcase> <!-- FilterDiscoveredNVRsTest -->
  <testcase name="DeleteResourceByButtonAndCancelRemovingTest" time="0.0" classname="testcases.GroupsHierarchyTest">
    <ignored/>
  </testcase> <!-- DeleteResourceByButtonAndCancelRemovingTest -->
  <testcase name="AddProperNumericIdPressSaveUnsavedChangesTest" time="0.0" classname="testcases.VideoChannelPropertiesElementTest">
    <ignored/>
  </testcase> <!-- AddProperNumericIdPressSaveUnsavedChangesTest -->
  <testcase name="DeleteViewTest" time="0.0" classname="testcases.ToursTest">
    <ignored/>
  </testcase> <!-- DeleteViewTest -->
  <testcase name="ChangeNameExitCancelUnsavedChangesTest" time="0.0" classname="testcases.VideoChannelPropertiesElementTest">
    <ignored/>
  </testcase> <!-- ChangeNameExitCancelUnsavedChangesTest -->
  <testcase name="SwitchStorageDefinitionsExitAndPressDontSaveButtonTest" time="0.0" classname="testcases.NVRsElementsTest">
    <ignored/>
  </testcase> <!-- SwitchStorageDefinitionsExitAndPressDontSaveButtonTest -->
  <testcase name="SelectRecordingModeAndPressCancelTest" time="0.0" classname="testcases.AudioChannelsElementsTest">
    <ignored/>
  </testcase> <!-- SelectRecordingModeAndPressCancelTest -->
  <testcase name="SwitchLimitRetentionToggleExitAndPressDonotSaveTest" time="0.0" classname="testcases.AudioChannelsElementsTest">
    <ignored/>
  </testcase> <!-- SwitchLimitRetentionToggleExitAndPressDonotSaveTest -->
  <testcase name="ChangeViewTimeBySpinnersExitAndSaveTest" time="0.0" classname="testcases.ToursElementsTest">
    <ignored/>
  </testcase> <!-- ChangeViewTimeBySpinnersExitAndSaveTest -->
  <testcase name="AddNVRAndPressApplyTest" time="0.0" classname="testcases.NVRsTest">
    <ignored/>
  </testcase> <!-- AddNVRAndPressApplyTest -->
  <testcase name="AddNVRManuallyWithSecuredPortAndSwitchONSecuredTest" time="0.0" classname="testcases.NVRsTest">
    <ignored/>
  </testcase> <!-- AddNVRManuallyWithSecuredPortAndSwitchONSecuredTest -->
  <testcase name="ChangeLimitRetentionAndPressCancelTest" time="0.0" classname="testcases.AudioChannelsElementsTest">
    <ignored/>
  </testcase> <!-- ChangeLimitRetentionAndPressCancelTest -->
  <testcase name="AddProperNumericIdPressDoNotSaveTest" time="0.0" classname="testcases.VideoChannelPropertiesElementTest">
    <ignored/>
  </testcase> <!-- AddProperNumericIdPressDoNotSaveTest -->
  <testcase name="ChangeRemarksExitAndDoNotSaveTest" time="0.0" classname="testcases.ToursElementsTest">
    <ignored/>
  </testcase> <!-- ChangeRemarksExitAndDoNotSaveTest -->
  <testcase name="SelectNVRandPressCancelTest" time="0.0" classname="testcases.NVRsTest">
    <ignored/>
  </testcase> <!-- SelectNVRandPressCancelTest -->
  <testcase name="ChangeViewTimeToLessThanMinValueTest" time="0.0" classname="testcases.ToursTest">
    <ignored/>
  </testcase> <!-- ChangeViewTimeToLessThanMinValueTest -->
  <testcase name="AddNewTourWithoutViewExitAndDoNotSaveTest" time="0.0" classname="testcases.ToursElementsTest">
    <ignored/>
  </testcase> <!-- AddNewTourWithoutViewExitAndDoNotSaveTest -->
  <testcase name="SelectAllEventsInSpecifyEventsTest" time="0.0" classname="testcases.VideoRecordingTest">
    <ignored/>
  </testcase> <!-- SelectAllEventsInSpecifyEventsTest -->
  <testcase name="DeleteTourByButtonTest" time="0.0" classname="testcases.ToursTest">
    <ignored/>
  </testcase> <!-- DeleteTourByButtonTest -->
  <testcase name="AddAudioResourcesPressCancelExitTest" time="0.0" classname="testcases.VideoChannelPropertiesElementTest">
    <ignored/>
  </testcase> <!-- AddAudioResourcesPressCancelExitTest -->
  <testcase name="DeleteTourByIconAndPressNoTest" time="0.0" classname="testcases.ToursTest">
    <ignored/>
  </testcase> <!-- DeleteTourByIconAndPressNoTest -->
  <testcase name="ChangeVisibleStatusExitCancelUnsavedChangesTest" time="0.0" classname="testcases.VideoChannelPropertiesElementTest">
    <ignored/>
  </testcase> <!-- ChangeVisibleStatusExitCancelUnsavedChangesTest -->
  <testcase name="ChangePreEventTimeExitAndPressCancelTest" time="0.0" classname="testcases.AudioChannelsElementsTest">
    <ignored/>
  </testcase> <!-- ChangePreEventTimeExitAndPressCancelTest -->
  <testcase name="ChangePortToSecuredAndCheckStatusTest" time="0.0" classname="testcases.NVRsTest">
    <ignored/>
  </testcase> <!-- ChangePortToSecuredAndCheckStatusTest -->
  <testcase name="AddAlreadyUsedNVRManuallyTest" time="0.0" classname="testcases.NVRsTest">
    <ignored/>
  </testcase> <!-- AddAlreadyUsedNVRManuallyTest -->
  <testcase name="ChangeUserNameExitPressDontSaveUnsavedChangesTest" time="0.0" classname="testcases.NVRsElementsTest">
    <ignored/>
  </testcase> <!-- ChangeUserNameExitPressDontSaveUnsavedChangesTest -->
  <testcase name="SelectAnyEventsExitAndPressCancelTest" time="0.0" classname="testcases.AudioChannelsElementsTest">
    <ignored/>
  </testcase> <!-- SelectAnyEventsExitAndPressCancelTest -->
  <testcase name="AddProperNumericIdPressCancelTest" time="0.0" classname="testcases.VideoChannelPropertiesElementTest">
    <ignored/>
  </testcase> <!-- AddProperNumericIdPressCancelTest -->
  <testcase name="OpenDeviceWebPageTest" time="0.0" classname="testcases.VideoChannelPropertiesElementTest">
    <ignored/>
  </testcase> <!-- OpenDeviceWebPageTest -->
  <testcase name="InputInvalidPasswordInAddNVRManualyTest" time="0.0" classname="testcases.NVRsTest">
    <ignored/>
  </testcase> <!-- InputInvalidPasswordInAddNVRManualyTest -->
  <testcase name="ChangeNameAndPressCancelTest" time="0.0" classname="testcases.AudioChannelsElementsTest">
    <ignored/>
  </testcase> <!-- ChangeNameAndPressCancelTest -->
  <testcase name="ChangePortToValidAndCheckStatusTest" time="0.0" classname="testcases.NVRsTest">
    <ignored/>
  </testcase> <!-- ChangePortToValidAndCheckStatusTest -->
  <testcase name="ChangeRemarksTest" time="0.0" classname="testcases.ToursTest">
    <ignored/>
  </testcase> <!-- ChangeRemarksTest -->
  <testcase name="ChangeVisibilityStatusExitAndCancelTest" time="0.0" classname="testcases.ToursElementsTest">
    <ignored/>
  </testcase> <!-- ChangeVisibilityStatusExitAndCancelTest -->
  <testcase name="IncreasePortAndPressCancel" time="0.0" classname="testcases.NVRsElementsTest">
    <ignored/>
  </testcase> <!-- IncreasePortAndPressCancel -->
  <testcase name="FilterCamerasTest" time="0.0" classname="testcases.VideoChannelPropertiesElementTest">
    <ignored/>
  </testcase> <!-- FilterCamerasTest -->
  <testcase name="AddNVRWithSecuredPortTest" time="0.0" classname="testcases.NVRsTest">
    <ignored/>
  </testcase> <!-- AddNVRWithSecuredPortTest -->
  <testcase name="ChangeLimitRetentionExitAndPressSaveTest" time="0.0" classname="testcases.AudioChannelsElementsTest">
    <ignored/>
  </testcase> <!-- ChangeLimitRetentionExitAndPressSaveTest -->
  <testcase name="SwitchLimitRetentionToggleExitAndPressSaveTest" time="0.0" classname="testcases.AudioChannelsElementsTest">
    <ignored/>
  </testcase> <!-- SwitchLimitRetentionToggleExitAndPressSaveTest -->
  <testcase name="DeleteTourByIconTest" time="0.0" classname="testcases.ToursTest">
    <ignored/>
  </testcase> <!-- DeleteTourByIconTest -->
  <testcase name="RenameGroupAndCheckInMonitoringTest" time="0.0" classname="testcases.GroupsHierarchyTest">
    <ignored/>
  </testcase> <!-- RenameGroupAndCheckInMonitoringTest -->
  <testcase name="SelectScheduleExitAndPressCancelTest" time="0.0" classname="testcases.AudioChannelsElementsTest">
    <ignored/>
  </testcase> <!-- SelectScheduleExitAndPressCancelTest -->
  <testcase name="AddNVRManuallyAndPressApplyTest" time="0.0" classname="testcases.NVRsTest">
    <ignored/>
  </testcase> <!-- AddNVRManuallyAndPressApplyTest -->
  <testcase name="ChangeNameExitAndPressSaveTest" time="0.0" classname="testcases.AudioChannelsElementsTest">
    <ignored/>
  </testcase> <!-- ChangeNameExitAndPressSaveTest -->
  <testcase name="ChangePreEventTimeExitAndPressSaveTest" time="0.0" classname="testcases.AudioChannelsElementsTest">
    <ignored/>
  </testcase> <!-- ChangePreEventTimeExitAndPressSaveTest -->
  <testcase name="AddSaveAddAudioChannelsTest" time="0.0" classname="testcases.VideoChannelPropertiesElementTest">
    <ignored/>
  </testcase> <!-- AddSaveAddAudioChannelsTest -->
  <testcase name="ChangePasswordToInvalidAndCheckStatusTest" time="0.0" classname="testcases.NVRsTest">
    <ignored/>
  </testcase> <!-- ChangePasswordToInvalidAndCheckStatusTest -->
  <testcase name="DeleteEventsFromEventsList" time="0.0" classname="testcases.VideoRecordingTest">
    <ignored/>
  </testcase> <!-- DeleteEventsFromEventsList -->
  <testcase name="CreateNewSchedulesPlansTest" time="0.0" classname="testcases.AudioChannelsTest">
    <ignored/>
  </testcase> <!-- CreateNewSchedulesPlansTest -->
  <testcase name="MultipleSelectAndDeleteSpecifyEventsTest" time="0.0" classname="testcases.VideoRecordingTest">
    <ignored/>
  </testcase> <!-- MultipleSelectAndDeleteSpecifyEventsTest -->
  <testcase name="ChangePortExitPressDontSaveUnsavedChangesTest" time="0.0" classname="testcases.NVRsElementsTest">
    <ignored/>
  </testcase> <!-- ChangePortExitPressDontSaveUnsavedChangesTest -->
  <testcase name="ChangeUserNameExitCancelUnsavedChangesTest" time="0.0" classname="testcases.NVRsElementsTest">
    <ignored/>
  </testcase> <!-- ChangeUserNameExitCancelUnsavedChangesTest -->
  <testcase name="ChangeLimitRetentionExitAndPressDoNotSaveTest" time="0.0" classname="testcases.AudioChannelsElementsTest">
    <ignored/>
  </testcase> <!-- ChangeLimitRetentionExitAndPressDoNotSaveTest -->
  <testcase name="ChangePostEventTimeExitAndPressDoNotSaveTest" time="0.0" classname="testcases.AudioChannelsElementsTest">
    <ignored/>
  </testcase> <!-- ChangePostEventTimeExitAndPressDoNotSaveTest -->
  <testcase name="SelectRecordingModeExitAndPressDoNotSaveTest" time="0.0" classname="testcases.AudioChannelsElementsTest">
    <ignored/>
  </testcase> <!-- SelectRecordingModeExitAndPressDoNotSaveTest -->
  <testcase name="MultipleSelectAndDeleteSpecifyEventsTest" time="0.0" classname="testcases.AudioChannelsTest">
    <ignored/>
  </testcase> <!-- MultipleSelectAndDeleteSpecifyEventsTest -->
  <testcase name="ChangeLimitRetentionExitAndPressCancelTest" time="0.0" classname="testcases.AudioChannelsElementsTest">
    <ignored/>
  </testcase> <!-- ChangeLimitRetentionExitAndPressCancelTest -->
  <testcase name="ChangeNamePressCancelTest" time="0.0" classname="testcases.NVRsElementsTest">
    <ignored/>
  </testcase> <!-- ChangeNamePressCancelTest -->
  <testcase name="SortAudioChannelsByName" time="0.0" classname="testcases.AudioChannelsTest">
    <ignored/>
  </testcase> <!-- SortAudioChannelsByName -->
  <testcase name="ChangeStorageDefinitionsAndPressCancelTest" time="0.0" classname="testcases.NVRsElementsTest">
    <ignored/>
  </testcase> <!-- ChangeStorageDefinitionsAndPressCancelTest -->
  <testcase name="ChangeUserNameExitPressSaveUnsavedChangesTest" time="0.0" classname="testcases.NVRsElementsTest">
    <ignored/>
  </testcase> <!-- ChangeUserNameExitPressSaveUnsavedChangesTest -->
  <testcase name="ChangeNameExitAndCancelTest" time="0.0" classname="testcases.ToursElementsTest">
    <ignored/>
  </testcase> <!-- ChangeNameExitAndCancelTest -->
  <testcase name="CancelRemovalNVRsByButtonTest" time="0.0" classname="testcases.NVRsTest">
    <ignored/>
  </testcase> <!-- CancelRemovalNVRsByButtonTest -->
  <testcase name="SelectEventAndPressCloseTest" time="0.0" classname="testcases.VideoRecordingTest">
    <ignored/>
  </testcase> <!-- SelectEventAndPressCloseTest -->
  <testcase name="ChangeIPAdressExitPressDontSaveUnsavedChangesTest" time="0.0" classname="testcases.NVRsElementsTest">
    <ignored/>
  </testcase> <!-- ChangeIPAdressExitPressDontSaveUnsavedChangesTest -->
  <testcase name="CheckPropertiesAfterChangePasswordTest" time="0.0" classname="testcases.NVRsElementsTest">
    <ignored/>
  </testcase> <!-- CheckPropertiesAfterChangePasswordTest -->
  <testcase name="DragGroupToGroupTest" time="0.0" classname="testcases.GroupsHierarchyTest">
    <ignored/>
  </testcase> <!-- DragGroupToGroupTest -->
  <testcase name="ChangeNameAndCancelTest" time="0.0" classname="testcases.ToursElementsTest">
    <ignored/>
  </testcase> <!-- ChangeNameAndCancelTest -->
  <testcase name="ChangeProtocolExitAndPressDoNotSaveTest" time="0.0" classname="testcases.AudioChannelsElementsTest">
    <ignored/>
  </testcase> <!-- ChangeProtocolExitAndPressDoNotSaveTest -->
  <testcase name="SaveButtonIsDisableTest" time="0.0" classname="testcases.VideoChannelPropertiesElementTest">
    <ignored/>
  </testcase> <!-- SaveButtonIsDisableTest -->
  <testcase name="ChangePostEventTimeExitAndPressCancelTest" time="0.0" classname="testcases.AudioChannelsElementsTest">
    <ignored/>
  </testcase> <!-- ChangePostEventTimeExitAndPressCancelTest -->
  <testcase name="DeleteGroupAndCheckInMonitoringTest" time="0.0" classname="testcases.GroupsHierarchyTest">
    <ignored/>
  </testcase> <!-- DeleteGroupAndCheckInMonitoringTest -->
  <testcase name="ChangeUserNameToInvalidAndCheckStatusTest" time="0.0" classname="testcases.NVRsTest">
    <ignored/>
  </testcase> <!-- ChangeUserNameToInvalidAndCheckStatusTest -->
  <testcase name="AddAudioResourcesExitPressSaveUnsavedChangesTest" time="0.0" classname="testcases.VideoChannelPropertiesElementTest">
    <ignored/>
  </testcase> <!-- AddAudioResourcesExitPressSaveUnsavedChangesTest -->
  <testcase name="ChangeViewTimeBySpinnersTest" time="0.0" classname="testcases.ToursTest">
    <ignored/>
  </testcase> <!-- ChangeViewTimeBySpinnersTest -->
  <testcase name="SwitchOffStorageDefinitionsAndPressNoTest" time="0.0" classname="testcases.NVRsTest">
    <ignored/>
  </testcase> <!-- SwitchOffStorageDefinitionsAndPressNoTest -->
  <testcase name="SelectScheduleAndPressCancelTest" time="0.0" classname="testcases.AudioChannelsElementsTest">
    <ignored/>
  </testcase> <!-- SelectScheduleAndPressCancelTest -->
  <testcase name="CheckPropertiesAfterChangeIPAdressTest" time="0.0" classname="testcases.NVRsElementsTest">
    <ignored/>
  </testcase> <!-- CheckPropertiesAfterChangeIPAdressTest -->
  <testcase name="DeleteAllViewsExitAndDoNotSaveTest" time="0.0" classname="testcases.ToursElementsTest">
    <ignored/>
  </testcase> <!-- DeleteAllViewsExitAndDoNotSaveTest -->
  <testcase name="DeleteAllViewsAndCancelTest" time="0.0" classname="testcases.ToursElementsTest">
    <ignored/>
  </testcase> <!-- DeleteAllViewsAndCancelTest -->
  <testcase name="ChangePostEventTimeAndPressCancelTest" time="0.0" classname="testcases.AudioChannelsElementsTest">
    <ignored/>
  </testcase> <!-- ChangePostEventTimeAndPressCancelTest -->
</testsuite> <!-- Default test(failed)(failed)(failed) -->
