<?xml version="1.0" encoding="UTF-8"?>
<!-- Generated by org.testng.reporters.JUnitXMLReporter -->
<testsuite hostname="BORSE-PC" ignored="121" name="Default test(failed)(failed)(failed)(failed)(failed)(failed)" tests="14" failures="13" timestamp="2020-03-24T19:26:16 IST" time="1589.257" errors="0">
  <testcase name="IncreasePortExitPressDontSaveUnsavedChangesTest" time="15.76" classname="testcases.NVRsElementsTest">
    <failure type="java.lang.AssertionError" message="did not expect to find [true] but found [false]">
      <![CDATA[java.lang.AssertionError: did not expect to find [true] but found [false]
at testcases.NVRsElementsTest.IncreasePortExitPressDontSaveUnsavedChangesTest(NVRsElementsTest.java:851)
at java.util.ArrayList.forEach(ArrayList.java:1257)
... Removed 31 stack frames]]>
    </failure>
  </testcase> <!-- IncreasePortExitPressDontSaveUnsavedChangesTest -->
  <testcase name="DecreasePortExitCancelUnsavedChangesTest" time="16.701" classname="testcases.NVRsElementsTest">
    <failure type="java.lang.AssertionError" message="did not expect to find [true] but found [false]">
      <![CDATA[java.lang.AssertionError: did not expect to find [true] but found [false]
at testcases.NVRsElementsTest.DecreasePortExitCancelUnsavedChangesTest(NVRsElementsTest.java:811)
at java.util.ArrayList.forEach(ArrayList.java:1257)
... Removed 31 stack frames]]>
    </failure>
  </testcase> <!-- DecreasePortExitCancelUnsavedChangesTest -->
  <testcase name="ChangeIPAdressExitCancelUnsavedChangesTest" time="32.629" classname="testcases.NVRsElementsTest">
    <failure type="java.lang.AssertionError" message="expected [172.20.1.46IP17] but found [IP17]">
      <![CDATA[java.lang.AssertionError: expected [172.20.1.46IP17] but found [IP17]
at testcases.NVRsElementsTest.ChangeIPAdressExitCancelUnsavedChangesTest(NVRsElementsTest.java:377)
at java.util.ArrayList.forEach(ArrayList.java:1257)
... Removed 32 stack frames]]>
    </failure>
  </testcase> <!-- ChangeIPAdressExitCancelUnsavedChangesTest -->
  <testcase name="DecreasePortExitPressSaveUnsavedChangesTest" time="16.612" classname="testcases.NVRsElementsTest">
    <failure type="java.lang.AssertionError" message="did not expect to find [true] but found [false]">
      <![CDATA[java.lang.AssertionError: did not expect to find [true] but found [false]
at testcases.NVRsElementsTest.DecreasePortExitPressSaveUnsavedChangesTest(NVRsElementsTest.java:901)
at java.util.ArrayList.forEach(ArrayList.java:1257)
... Removed 31 stack frames]]>
    </failure>
  </testcase> <!-- DecreasePortExitPressSaveUnsavedChangesTest -->
  <testcase name="ChangeLimitRetentionValueTest" time="0.633" classname="testcases.AudioChannelsTest">
    <failure type="org.openqa.selenium.ElementNotInteractableException" message="Element is not displayed
Build info: version: &amp;apos;3.9.1&amp;apos;, revision: &amp;apos;63f7b50&amp;apos;, time: &amp;apos;2018-02-07T22:25:02.294Z&amp;apos;
System info: host: &amp;apos;BORSE-PC&amp;apos;, ip: &amp;apos;172.20.1.58&amp;apos;, os.name: &amp;apos;Windows 10&amp;apos;, os.arch: &amp;apos;amd64&amp;apos;, os.version: &amp;apos;10.0&amp;apos;, java.version: &amp;apos;1.8.0_202&amp;apos;
Driver info: org.openqa.selenium.ie.InternetExplorerDriver
Capabilities {acceptInsecureCerts: false, browserName: internet explorer, browserVersion: 11, javascriptEnabled: true, pageLoadStrategy: normal, platform: WINDOWS, platformName: WINDOWS, proxy: Proxy(), se:ieOptions: {browserAttachTimeout: 0, elementScrollBehavior: 0, enablePersistentHover: true, ie.browserCommandLineSwitches: , ie.edgechromium: false, ie.edgepath: , ie.ensureCleanSession: true, ie.fileUploadDialogTimeout: 3000, ie.forceCreateProcessApi: false, ignoreProtectedModeSettings: true, ignoreZoomSetting: false, initialBrowserUrl: http://localhost:15522/, nativeEvents: true, requireWindowFocus: false}, setWindowRect: true, strictFileInteractability: false, timeouts: {implicit: 0, pageLoad: 300000, script: 30000}, unhandledPromptBehavior: dismiss and notify}
Session ID: bfc83777-33c1-4ec7-901d-335a5ae9f42f">
      <![CDATA[org.openqa.selenium.ElementNotInteractableException: Element is not displayed
Build info: version: '3.9.1', revision: '63f7b50', time: '2018-02-07T22:25:02.294Z'
System info: host: 'BORSE-PC', ip: '172.20.1.58', os.name: 'Windows 10', os.arch: 'amd64', os.version: '10.0', java.version: '1.8.0_202'
Driver info: org.openqa.selenium.ie.InternetExplorerDriver
Capabilities {acceptInsecureCerts: false, browserName: internet explorer, browserVersion: 11, javascriptEnabled: true, pageLoadStrategy: normal, platform: WINDOWS, platformName: WINDOWS, proxy: Proxy(), se:ieOptions: {browserAttachTimeout: 0, elementScrollBehavior: 0, enablePersistentHover: true, ie.browserCommandLineSwitches: , ie.edgechromium: false, ie.edgepath: , ie.ensureCleanSession: true, ie.fileUploadDialogTimeout: 3000, ie.forceCreateProcessApi: false, ignoreProtectedModeSettings: true, ignoreZoomSetting: false, initialBrowserUrl: http://localhost:15522/, nativeEvents: true, requireWindowFocus: false}, setWindowRect: true, strictFileInteractability: false, timeouts: {implicit: 0, pageLoad: 300000, script: 30000}, unhandledPromptBehavior: dismiss and notify}
Session ID: bfc83777-33c1-4ec7-901d-335a5ae9f42f
at org.openqa.selenium.remote.http.W3CHttpResponseCodec.createException(W3CHttpResponseCodec.java:187)
at org.openqa.selenium.remote.http.W3CHttpResponseCodec.decode(W3CHttpResponseCodec.java:122)
at org.openqa.selenium.remote.http.W3CHttpResponseCodec.decode(W3CHttpResponseCodec.java:49)
at org.openqa.selenium.remote.HttpCommandExecutor.execute(HttpCommandExecutor.java:160)
at org.openqa.selenium.remote.service.DriverCommandExecutor.execute(DriverCommandExecutor.java:83)
at org.openqa.selenium.remote.RemoteWebDriver.execute(RemoteWebDriver.java:601)
at org.openqa.selenium.remote.RemoteWebElement.execute(RemoteWebElement.java:279)
at org.openqa.selenium.remote.RemoteWebElement.click(RemoteWebElement.java:83)
at pageObjects.AudioChannelsPage.ClickOnChannel(AudioChannelsPage.java:313)
at testcases.AudioChannelsTest.ChangeLimitRetentionValueTest(AudioChannelsTest.java:457)
at java.util.ArrayList.forEach(ArrayList.java:1257)
... Removed 31 stack frames]]>
    </failure>
  </testcase> <!-- ChangeLimitRetentionValueTest -->
  <testcase name="SelectScheduleTest" time="52.055" classname="testcases.AudioChannelsTest">
    <failure type="org.openqa.selenium.NoSuchElementException" message="Unable to find element with xpath == //ng-form/div[@class=&amp;apos;configuration-ditails-form flex-between&amp;apos;][2]//md-switch
For documentation on this error, please visit: http://seleniumhq.org/exceptions/no_such_element.html
Build info: version: &amp;apos;3.9.1&amp;apos;, revision: &amp;apos;63f7b50&amp;apos;, time: &amp;apos;2018-02-07T22:25:02.294Z&amp;apos;
System info: host: &amp;apos;BORSE-PC&amp;apos;, ip: &amp;apos;172.20.1.58&amp;apos;, os.name: &amp;apos;Windows 10&amp;apos;, os.arch: &amp;apos;amd64&amp;apos;, os.version: &amp;apos;10.0&amp;apos;, java.version: &amp;apos;1.8.0_202&amp;apos;
Driver info: org.openqa.selenium.ie.InternetExplorerDriver
Capabilities {acceptInsecureCerts: false, browserName: internet explorer, browserVersion: 11, javascriptEnabled: true, pageLoadStrategy: normal, platform: WINDOWS, platformName: WINDOWS, proxy: Proxy(), se:ieOptions: {browserAttachTimeout: 0, elementScrollBehavior: 0, enablePersistentHover: true, ie.browserCommandLineSwitches: , ie.edgechromium: false, ie.edgepath: , ie.ensureCleanSession: true, ie.fileUploadDialogTimeout: 3000, ie.forceCreateProcessApi: false, ignoreProtectedModeSettings: true, ignoreZoomSetting: false, initialBrowserUrl: http://localhost:22443/, nativeEvents: true, requireWindowFocus: false}, setWindowRect: true, strictFileInteractability: false, timeouts: {implicit: 0, pageLoad: 300000, script: 30000}, unhandledPromptBehavior: dismiss and notify}
Session ID: 05c229ae-8963-42bb-a8ec-ed65a62e07f4
*** Element info: {Using=xpath, value=//ng-form/div[@class=&amp;apos;configuration-ditails-form flex-between&amp;apos;][2]//md-switch}">
      <![CDATA[org.openqa.selenium.NoSuchElementException: Unable to find element with xpath == //ng-form/div[@class='configuration-ditails-form flex-between'][2]//md-switch
For documentation on this error, please visit: http://seleniumhq.org/exceptions/no_such_element.html
Build info: version: '3.9.1', revision: '63f7b50', time: '2018-02-07T22:25:02.294Z'
System info: host: 'BORSE-PC', ip: '172.20.1.58', os.name: 'Windows 10', os.arch: 'amd64', os.version: '10.0', java.version: '1.8.0_202'
Driver info: org.openqa.selenium.ie.InternetExplorerDriver
Capabilities {acceptInsecureCerts: false, browserName: internet explorer, browserVersion: 11, javascriptEnabled: true, pageLoadStrategy: normal, platform: WINDOWS, platformName: WINDOWS, proxy: Proxy(), se:ieOptions: {browserAttachTimeout: 0, elementScrollBehavior: 0, enablePersistentHover: true, ie.browserCommandLineSwitches: , ie.edgechromium: false, ie.edgepath: , ie.ensureCleanSession: true, ie.fileUploadDialogTimeout: 3000, ie.forceCreateProcessApi: false, ignoreProtectedModeSettings: true, ignoreZoomSetting: false, initialBrowserUrl: http://localhost:22443/, nativeEvents: true, requireWindowFocus: false}, setWindowRect: true, strictFileInteractability: false, timeouts: {implicit: 0, pageLoad: 300000, script: 30000}, unhandledPromptBehavior: dismiss and notify}
Session ID: 05c229ae-8963-42bb-a8ec-ed65a62e07f4
*** Element info: {Using=xpath, value=//ng-form/div[@class='configuration-ditails-form flex-between'][2]//md-switch}
at org.openqa.selenium.remote.http.W3CHttpResponseCodec.createException(W3CHttpResponseCodec.java:187)
at org.openqa.selenium.remote.http.W3CHttpResponseCodec.decode(W3CHttpResponseCodec.java:122)
at org.openqa.selenium.remote.http.W3CHttpResponseCodec.decode(W3CHttpResponseCodec.java:49)
at org.openqa.selenium.remote.HttpCommandExecutor.execute(HttpCommandExecutor.java:160)
at org.openqa.selenium.remote.service.DriverCommandExecutor.execute(DriverCommandExecutor.java:83)
at org.openqa.selenium.remote.RemoteWebDriver.execute(RemoteWebDriver.java:601)
at org.openqa.selenium.remote.RemoteWebDriver.findElement(RemoteWebDriver.java:371)
at org.openqa.selenium.remote.RemoteWebDriver.findElementByXPath(RemoteWebDriver.java:473)
at org.openqa.selenium.By$ByXPath.findElement(By.java:361)
at org.openqa.selenium.remote.RemoteWebDriver.findElement(RemoteWebDriver.java:363)
at org.openqa.selenium.support.pagefactory.DefaultElementLocator.findElement(DefaultElementLocator.java:69)
at org.openqa.selenium.support.pagefactory.internal.LocatingElementHandler.invoke(LocatingElementHandler.java:38)
at com.sun.proxy.$Proxy14.getAttribute(Unknown Source)
at pageObjects.AudioChannelsPage.LimitRetentionToggleIsOn(AudioChannelsPage.java:401)
at testcases.AudioChannelsTest.SelectScheduleTest(AudioChannelsTest.java:516)
at java.util.ArrayList.forEach(ArrayList.java:1257)
... Removed 31 stack frames]]>
    </failure>
  </testcase> <!-- SelectScheduleTest -->
  <testcase name="GetAudioChannelPropertiesAndApplyToOtherChannelTest" time="14.846" classname="testcases.AudioChannelsTest">
    <failure type="org.openqa.selenium.ElementNotInteractableException" message="Element is not displayed
Build info: version: &amp;apos;3.9.1&amp;apos;, revision: &amp;apos;63f7b50&amp;apos;, time: &amp;apos;2018-02-07T22:25:02.294Z&amp;apos;
System info: host: &amp;apos;BORSE-PC&amp;apos;, ip: &amp;apos;172.20.1.58&amp;apos;, os.name: &amp;apos;Windows 10&amp;apos;, os.arch: &amp;apos;amd64&amp;apos;, os.version: &amp;apos;10.0&amp;apos;, java.version: &amp;apos;1.8.0_202&amp;apos;
Driver info: org.openqa.selenium.ie.InternetExplorerDriver
Capabilities {acceptInsecureCerts: false, browserName: internet explorer, browserVersion: 11, javascriptEnabled: true, pageLoadStrategy: normal, platform: WINDOWS, platformName: WINDOWS, proxy: Proxy(), se:ieOptions: {browserAttachTimeout: 0, elementScrollBehavior: 0, enablePersistentHover: true, ie.browserCommandLineSwitches: , ie.edgechromium: false, ie.edgepath: , ie.ensureCleanSession: true, ie.fileUploadDialogTimeout: 3000, ie.forceCreateProcessApi: false, ignoreProtectedModeSettings: true, ignoreZoomSetting: false, initialBrowserUrl: http://localhost:22222/, nativeEvents: true, requireWindowFocus: false}, setWindowRect: true, strictFileInteractability: false, timeouts: {implicit: 0, pageLoad: 300000, script: 30000}, unhandledPromptBehavior: dismiss and notify}
Session ID: 618fc6a6-d3e1-4d3b-96b2-0481b224a5a6">
      <![CDATA[org.openqa.selenium.ElementNotInteractableException: Element is not displayed
Build info: version: '3.9.1', revision: '63f7b50', time: '2018-02-07T22:25:02.294Z'
System info: host: 'BORSE-PC', ip: '172.20.1.58', os.name: 'Windows 10', os.arch: 'amd64', os.version: '10.0', java.version: '1.8.0_202'
Driver info: org.openqa.selenium.ie.InternetExplorerDriver
Capabilities {acceptInsecureCerts: false, browserName: internet explorer, browserVersion: 11, javascriptEnabled: true, pageLoadStrategy: normal, platform: WINDOWS, platformName: WINDOWS, proxy: Proxy(), se:ieOptions: {browserAttachTimeout: 0, elementScrollBehavior: 0, enablePersistentHover: true, ie.browserCommandLineSwitches: , ie.edgechromium: false, ie.edgepath: , ie.ensureCleanSession: true, ie.fileUploadDialogTimeout: 3000, ie.forceCreateProcessApi: false, ignoreProtectedModeSettings: true, ignoreZoomSetting: false, initialBrowserUrl: http://localhost:22222/, nativeEvents: true, requireWindowFocus: false}, setWindowRect: true, strictFileInteractability: false, timeouts: {implicit: 0, pageLoad: 300000, script: 30000}, unhandledPromptBehavior: dismiss and notify}
Session ID: 618fc6a6-d3e1-4d3b-96b2-0481b224a5a6
at org.openqa.selenium.remote.http.W3CHttpResponseCodec.createException(W3CHttpResponseCodec.java:187)
at org.openqa.selenium.remote.http.W3CHttpResponseCodec.decode(W3CHttpResponseCodec.java:122)
at org.openqa.selenium.remote.http.W3CHttpResponseCodec.decode(W3CHttpResponseCodec.java:49)
at org.openqa.selenium.remote.HttpCommandExecutor.execute(HttpCommandExecutor.java:160)
at org.openqa.selenium.remote.service.DriverCommandExecutor.execute(DriverCommandExecutor.java:83)
at org.openqa.selenium.remote.RemoteWebDriver.execute(RemoteWebDriver.java:601)
at org.openqa.selenium.remote.RemoteWebElement.execute(RemoteWebElement.java:279)
at org.openqa.selenium.remote.RemoteWebElement.click(RemoteWebElement.java:83)
at testcases.AudioChannelsTest.GetAudioChannelPropertiesAndApplyToOtherChannelTest(AudioChannelsTest.java:1072)
at java.util.ArrayList.forEach(ArrayList.java:1257)
... Removed 31 stack frames]]>
    </failure>
  </testcase> <!-- GetAudioChannelPropertiesAndApplyToOtherChannelTest -->
  <testcase name="SelectAllDevicesInSpecifyEventsTest" time="46.223" classname="testcases.AudioChannelsTest">
    <failure type="java.lang.AssertionError" message="did not expect to find [true] but found [false]">
      <![CDATA[java.lang.AssertionError: did not expect to find [true] but found [false]
at testcases.AudioChannelsTest.SelectAllDevicesInSpecifyEventsTest(AudioChannelsTest.java:895)
at java.util.ArrayList.forEach(ArrayList.java:1257)
... Removed 31 stack frames]]>
    </failure>
  </testcase> <!-- SelectAllDevicesInSpecifyEventsTest -->
  <testcase name="AddAudioResourcesInVideoChannelTest" time="88.257" classname="testcases.AudioChannelsTest">
    <failure type="java.lang.AssertionError" message="did not expect to find [true] but found [false]">
      <![CDATA[java.lang.AssertionError: did not expect to find [true] but found [false]
at testcases.AudioChannelsTest.AddAudioResourcesInVideoChannelTest(AudioChannelsTest.java:264)
at java.util.ArrayList.forEach(ArrayList.java:1257)
... Removed 31 stack frames]]>
    </failure>
  </testcase> <!-- AddAudioResourcesInVideoChannelTest -->
  <testcase name="ChangePreEventTimeTest" time="52.991" classname="testcases.AudioChannelsTest">
    <failure type="java.lang.AssertionError" message="expected [10] but found [0]">
      <![CDATA[java.lang.AssertionError: expected [10] but found [0]
at testcases.AudioChannelsTest.ChangePreEventTimeTest(AudioChannelsTest.java:674)
at java.util.ArrayList.forEach(ArrayList.java:1257)
... Removed 32 stack frames]]>
    </failure>
  </testcase> <!-- ChangePreEventTimeTest -->
  <testcase name="AddNewTourAndCancelTest" time="5.576" classname="testcases.ToursElementsTest"/>
  <testcase name="AddNewTourExitAndSaveTest" time="11.665" classname="testcases.ToursElementsTest">
    <failure type="java.lang.AssertionError" message="did not expect to find [true] but found [false]">
      <![CDATA[java.lang.AssertionError: did not expect to find [true] but found [false]
at testcases.ToursElementsTest.AddNewTourExitAndSaveTest(ToursElementsTest.java:394)
at java.util.ArrayList.forEach(ArrayList.java:1257)
... Removed 31 stack frames]]>
    </failure>
  </testcase> <!-- AddNewTourExitAndSaveTest -->
  <testcase name="ChangeIPAdressAndCheckStatusTest" time="20.207" classname="testcases.NVRsTest">
    <failure type="java.lang.AssertionError" message="expected [172.20.1.46172.20.1.46IP] but found [172.20.1.46IP]">
      <![CDATA[java.lang.AssertionError: expected [172.20.1.46172.20.1.46IP] but found [172.20.1.46IP]
at testcases.NVRsTest.ChangeIPAdressAndCheckStatusTest(NVRsTest.java:1354)
at java.util.ArrayList.forEach(ArrayList.java:1257)
... Removed 32 stack frames]]>
    </failure>
  </testcase> <!-- ChangeIPAdressAndCheckStatusTest -->
  <testcase name="AddNVRManuallyWithSecuredPortTest" time="210.601" classname="testcases.NVRsTest">
    <failure type="java.lang.AssertionError" message="expected [Communication Failure] but found [Connecting...]">
      <![CDATA[java.lang.AssertionError: expected [Communication Failure] but found [Connecting...]
at testcases.NVRsTest.AddNVRManuallyWithSecuredPortTest(NVRsTest.java:810)
at java.util.ArrayList.forEach(ArrayList.java:1257)
... Removed 32 stack frames]]>
    </failure>
  </testcase> <!-- AddNVRManuallyWithSecuredPortTest -->
  <testcase name="AddViewExitAndDoNotSaveTest" time="0.0" classname="testcases.ToursElementsTest">
    <ignored/>
  </testcase> <!-- AddViewExitAndDoNotSaveTest -->
  <testcase name="ChangeIPAdressExitPressSaveUnsavedChangesTest" time="0.0" classname="testcases.NVRsElementsTest">
    <ignored/>
  </testcase> <!-- ChangeIPAdressExitPressSaveUnsavedChangesTest -->
  <testcase name="AddNewTourWithoutViewAndCancelTest" time="0.0" classname="testcases.ToursElementsTest">
    <ignored/>
  </testcase> <!-- AddNewTourWithoutViewAndCancelTest -->
  <testcase name="ChangeNameExitPressSaveUnsavedChangesTest" time="0.0" classname="testcases.NVRsElementsTest">
    <ignored/>
  </testcase> <!-- ChangeNameExitPressSaveUnsavedChangesTest -->
  <testcase name="CheckPropertiesAfterChangePortTest" time="0.0" classname="testcases.NVRsElementsTest">
    <ignored/>
  </testcase> <!-- CheckPropertiesAfterChangePortTest -->
  <testcase name="RemoveNVRsByButtonTest" time="0.0" classname="testcases.NVRsTest">
    <ignored/>
  </testcase> <!-- RemoveNVRsByButtonTest -->
  <testcase name="ChangeNameTest" time="0.0" classname="testcases.NVRsTest">
    <ignored/>
  </testcase> <!-- ChangeNameTest -->
  <testcase name="ChangeNameExitAndSaveTest" time="0.0" classname="testcases.ToursElementsTest">
    <ignored/>
  </testcase> <!-- ChangeNameExitAndSaveTest -->
  <testcase name="RemoveNVRsByIconTest" time="0.0" classname="testcases.NVRsTest">
    <ignored/>
  </testcase> <!-- RemoveNVRsByIconTest -->
  <testcase name="ChangeViewTimeAndCancelTest" time="0.0" classname="testcases.ToursElementsTest">
    <ignored/>
  </testcase> <!-- ChangeViewTimeAndCancelTest -->
  <testcase name="ChangeRecordingModeTest" time="0.0" classname="testcases.AudioChannelsTest">
    <ignored/>
  </testcase> <!-- ChangeRecordingModeTest -->
  <testcase name="SwitchRecordingIfLimitRetentionIsOnTest" time="0.0" classname="testcases.AudioChannelsTest">
    <ignored/>
  </testcase> <!-- SwitchRecordingIfLimitRetentionIsOnTest -->
  <testcase name="ChangePortPressCancelTest" time="0.0" classname="testcases.NVRsElementsTest">
    <ignored/>
  </testcase> <!-- ChangePortPressCancelTest -->
  <testcase name="FilterDiscoveredNVRsTest" time="0.0" classname="testcases.NVRsTest">
    <ignored/>
  </testcase> <!-- FilterDiscoveredNVRsTest -->
  <testcase name="AddNVRManuallyAndPressCloseTest" time="0.0" classname="testcases.NVRsTest">
    <ignored/>
  </testcase> <!-- AddNVRManuallyAndPressCloseTest -->
  <testcase name="AddNewTourExitAndCancelTest" time="0.0" classname="testcases.ToursElementsTest">
    <ignored/>
  </testcase> <!-- AddNewTourExitAndCancelTest -->
  <testcase name="ChangeViewTimeExitAndSaveTest" time="0.0" classname="testcases.ToursElementsTest">
    <ignored/>
  </testcase> <!-- ChangeViewTimeExitAndSaveTest -->
  <testcase name="SwitchStorageDefinitionsExitAndPressDontSaveButtonTest" time="0.0" classname="testcases.NVRsElementsTest">
    <ignored/>
  </testcase> <!-- SwitchStorageDefinitionsExitAndPressDontSaveButtonTest -->
  <testcase name="ChangeViewTimeBySpinnersExitAndSaveTest" time="0.0" classname="testcases.ToursElementsTest">
    <ignored/>
  </testcase> <!-- ChangeViewTimeBySpinnersExitAndSaveTest -->
  <testcase name="AddViewExitAndCancelTest" time="0.0" classname="testcases.ToursElementsTest">
    <ignored/>
  </testcase> <!-- AddViewExitAndCancelTest -->
  <testcase name="AddNewTourExitAndDoNotSaveTest" time="0.0" classname="testcases.ToursElementsTest">
    <ignored/>
  </testcase> <!-- AddNewTourExitAndDoNotSaveTest -->
  <testcase name="AddNVRAndPressApplyTest" time="0.0" classname="testcases.NVRsTest">
    <ignored/>
  </testcase> <!-- AddNVRAndPressApplyTest -->
  <testcase name="SwitchStorageDefinitionsExitAndPressCancelTest" time="0.0" classname="testcases.NVRsElementsTest">
    <ignored/>
  </testcase> <!-- SwitchStorageDefinitionsExitAndPressCancelTest -->
  <testcase name="AddNVRManuallyWithSecuredPortAndSwitchONSecuredTest" time="0.0" classname="testcases.NVRsTest">
    <ignored/>
  </testcase> <!-- AddNVRManuallyWithSecuredPortAndSwitchONSecuredTest -->
  <testcase name="ChangeRemarksExitAndDoNotSaveTest" time="0.0" classname="testcases.ToursElementsTest">
    <ignored/>
  </testcase> <!-- ChangeRemarksExitAndDoNotSaveTest -->
  <testcase name="ChangeIPAdressPressCancelExitTest" time="0.0" classname="testcases.NVRsElementsTest">
    <ignored/>
  </testcase> <!-- ChangeIPAdressPressCancelExitTest -->
  <testcase name="DeleteOneNVRAndCheckPropertiesPanelTest" time="0.0" classname="testcases.NVRsTest">
    <ignored/>
  </testcase> <!-- DeleteOneNVRAndCheckPropertiesPanelTest -->
  <testcase name="ChangeProtocolTest" time="0.0" classname="testcases.AudioChannelsTest">
    <ignored/>
  </testcase> <!-- ChangeProtocolTest -->
  <testcase name="ChangeStorageDefinitionsTest" time="0.0" classname="testcases.NVRsTest">
    <ignored/>
  </testcase> <!-- ChangeStorageDefinitionsTest -->
  <testcase name="SwitchStorageDefinitionsAndPressCancelTest" time="0.0" classname="testcases.NVRsElementsTest">
    <ignored/>
  </testcase> <!-- SwitchStorageDefinitionsAndPressCancelTest -->
  <testcase name="SelectNVRandPressCancelTest" time="0.0" classname="testcases.NVRsTest">
    <ignored/>
  </testcase> <!-- SelectNVRandPressCancelTest -->
  <testcase name="ChangePortExitPressSaveUnsavedChangesTest" time="0.0" classname="testcases.NVRsElementsTest">
    <ignored/>
  </testcase> <!-- ChangePortExitPressSaveUnsavedChangesTest -->
  <testcase name="SwitchStorageDefinitionsTest" time="0.0" classname="testcases.NVRsTest">
    <ignored/>
  </testcase> <!-- SwitchStorageDefinitionsTest -->
  <testcase name="AddNewTourWithoutViewExitAndDoNotSaveTest" time="0.0" classname="testcases.ToursElementsTest">
    <ignored/>
  </testcase> <!-- AddNewTourWithoutViewExitAndDoNotSaveTest -->
  <testcase name="MultipleNVRsAdditingTest" time="0.0" classname="testcases.NVRsTest">
    <ignored/>
  </testcase> <!-- MultipleNVRsAdditingTest -->
  <testcase name="ChangePortToSecuredAndCheckStatusTest" time="0.0" classname="testcases.NVRsTest">
    <ignored/>
  </testcase> <!-- ChangePortToSecuredAndCheckStatusTest -->
  <testcase name="AddAlreadyUsedNVRManuallyTest" time="0.0" classname="testcases.NVRsTest">
    <ignored/>
  </testcase> <!-- AddAlreadyUsedNVRManuallyTest -->
  <testcase name="ChangeUserNameExitPressDontSaveUnsavedChangesTest" time="0.0" classname="testcases.NVRsElementsTest">
    <ignored/>
  </testcase> <!-- ChangeUserNameExitPressDontSaveUnsavedChangesTest -->
  <testcase name="ChangePostEventTimeTest" time="0.0" classname="testcases.AudioChannelsTest">
    <ignored/>
  </testcase> <!-- ChangePostEventTimeTest -->
  <testcase name="ChangeSecuredAndCheckStatusTest" time="0.0" classname="testcases.NVRsTest">
    <ignored/>
  </testcase> <!-- ChangeSecuredAndCheckStatusTest -->
  <testcase name="ChangeViewTimeBySpinnersExitAndDoNotSaveTest" time="0.0" classname="testcases.ToursElementsTest">
    <ignored/>
  </testcase> <!-- ChangeViewTimeBySpinnersExitAndDoNotSaveTest -->
  <testcase name="ChangeNameExitCancelUnsavedChangesExitCancelTest" time="0.0" classname="testcases.NVRsElementsTest">
    <ignored/>
  </testcase> <!-- ChangeNameExitCancelUnsavedChangesExitCancelTest -->
  <testcase name="ChangeStorageDefinitionsExitCancelUnsavedChangesTest" time="0.0" classname="testcases.NVRsElementsTest">
    <ignored/>
  </testcase> <!-- ChangeStorageDefinitionsExitCancelUnsavedChangesTest -->
  <testcase name="CheckPropertiesAfterChangeUserNameTest" time="0.0" classname="testcases.NVRsElementsTest">
    <ignored/>
  </testcase> <!-- CheckPropertiesAfterChangeUserNameTest -->
  <testcase name="AddNewTourWithoutViewExitAndCancelTest" time="0.0" classname="testcases.ToursElementsTest">
    <ignored/>
  </testcase> <!-- AddNewTourWithoutViewExitAndCancelTest -->
  <testcase name="InputInvalidPasswordInAddNVRManualyTest" time="0.0" classname="testcases.NVRsTest">
    <ignored/>
  </testcase> <!-- InputInvalidPasswordInAddNVRManualyTest -->
  <testcase name="SwitchOffStorageDefinitionsTest" time="0.0" classname="testcases.NVRsTest">
    <ignored/>
  </testcase> <!-- SwitchOffStorageDefinitionsTest -->
  <testcase name="ChangeRemarksExitAndSaveTest" time="0.0" classname="testcases.ToursElementsTest">
    <ignored/>
  </testcase> <!-- ChangeRemarksExitAndSaveTest -->
  <testcase name="DeleteOneNVRClickOnAnotherNVRAndCheckPropertiesPanelTest" time="0.0" classname="testcases.NVRsTest">
    <ignored/>
  </testcase> <!-- DeleteOneNVRClickOnAnotherNVRAndCheckPropertiesPanelTest -->
  <testcase name="DecreasePortInAddNVRManualyWindowTest" time="0.0" classname="testcases.NVRsTest">
    <ignored/>
  </testcase> <!-- DecreasePortInAddNVRManualyWindowTest -->
  <testcase name="ChangePortToValidAndCheckStatusTest" time="0.0" classname="testcases.NVRsTest">
    <ignored/>
  </testcase> <!-- ChangePortToValidAndCheckStatusTest -->
  <testcase name="DeleteAllViewsExitAndSaveTest" time="0.0" classname="testcases.ToursElementsTest">
    <ignored/>
  </testcase> <!-- DeleteAllViewsExitAndSaveTest -->
  <testcase name="SwitchLimitRetentionToggleTest" time="0.0" classname="testcases.AudioChannelsTest">
    <ignored/>
  </testcase> <!-- SwitchLimitRetentionToggleTest -->
  <testcase name="SortingNVRsByVersionTest" time="0.0" classname="testcases.NVRsTest">
    <ignored/>
  </testcase> <!-- SortingNVRsByVersionTest -->
  <testcase name="ChangeVisibilityStatusExitAndCancelTest" time="0.0" classname="testcases.ToursElementsTest">
    <ignored/>
  </testcase> <!-- ChangeVisibilityStatusExitAndCancelTest -->
  <testcase name="DeleteAllViewsExitAndCancelTest" time="0.0" classname="testcases.ToursElementsTest">
    <ignored/>
  </testcase> <!-- DeleteAllViewsExitAndCancelTest -->
  <testcase name="SortingDiscoveredNVRsTest" time="0.0" classname="testcases.NVRsTest">
    <ignored/>
  </testcase> <!-- SortingDiscoveredNVRsTest -->
  <testcase name="IncreasePortAndPressCancel" time="0.0" classname="testcases.NVRsElementsTest">
    <ignored/>
  </testcase> <!-- IncreasePortAndPressCancel -->
  <testcase name="ChangeNameAndSaveTest" time="0.0" classname="testcases.AudioChannelsTest">
    <ignored/>
  </testcase> <!-- ChangeNameAndSaveTest -->
  <testcase name="AddNVRWithSecuredPortTest" time="0.0" classname="testcases.NVRsTest">
    <ignored/>
  </testcase> <!-- AddNVRWithSecuredPortTest -->
  <testcase name="SortingNVRsByNameTest" time="0.0" classname="testcases.NVRsTest">
    <ignored/>
  </testcase> <!-- SortingNVRsByNameTest -->
  <testcase name="AddViewExitAndSaveTest" time="0.0" classname="testcases.ToursElementsTest">
    <ignored/>
  </testcase> <!-- AddViewExitAndSaveTest -->
  <testcase name="InputInvalidUserNameInAddNVRManualyTest" time="0.0" classname="testcases.NVRsTest">
    <ignored/>
  </testcase> <!-- InputInvalidUserNameInAddNVRManualyTest -->
  <testcase name="AddNVRManuallyAndSwitchONSecuredTest" time="0.0" classname="testcases.NVRsTest">
    <ignored/>
  </testcase> <!-- AddNVRManuallyAndSwitchONSecuredTest -->
  <testcase name="SelectAnyEventsInspecifyEventsTest" time="0.0" classname="testcases.AudioChannelsTest">
    <ignored/>
  </testcase> <!-- SelectAnyEventsInspecifyEventsTest -->
  <testcase name="DeleteViewExitAndDoNotSaveTest" time="0.0" classname="testcases.ToursElementsTest">
    <ignored/>
  </testcase> <!-- DeleteViewExitAndDoNotSaveTest -->
  <testcase name="ChangeRemarksExitAndCancelTest" time="0.0" classname="testcases.ToursElementsTest">
    <ignored/>
  </testcase> <!-- ChangeRemarksExitAndCancelTest -->
  <testcase name="ChangeUserNameToValidAndCheckStatusTest" time="0.0" classname="testcases.NVRsTest">
    <ignored/>
  </testcase> <!-- ChangeUserNameToValidAndCheckStatusTest -->
  <testcase name="AddNVRManuallyAndPressApplyTest" time="0.0" classname="testcases.NVRsTest">
    <ignored/>
  </testcase> <!-- AddNVRManuallyAndPressApplyTest -->
  <testcase name="DeleteViewAndCancelTest" time="0.0" classname="testcases.ToursElementsTest">
    <ignored/>
  </testcase> <!-- DeleteViewAndCancelTest -->
  <testcase name="ChangeNameExitPressDontSaveUnsavedChangesTest" time="0.0" classname="testcases.NVRsElementsTest">
    <ignored/>
  </testcase> <!-- ChangeNameExitPressDontSaveUnsavedChangesTest -->
  <testcase name="ChangeViewTimeExitAndCancelTest" time="0.0" classname="testcases.ToursElementsTest">
    <ignored/>
  </testcase> <!-- ChangeViewTimeExitAndCancelTest -->
  <testcase name="ChangePortExitCancelUnsavedChangesTest" time="0.0" classname="testcases.NVRsElementsTest">
    <ignored/>
  </testcase> <!-- ChangePortExitCancelUnsavedChangesTest -->
  <testcase name="CreateNewSchedulesPlansTest" time="0.0" classname="testcases.AudioChannelsTest">
    <ignored/>
  </testcase> <!-- CreateNewSchedulesPlansTest -->
  <testcase name="ChangePasswordToInvalidAndCheckStatusTest" time="0.0" classname="testcases.NVRsTest">
    <ignored/>
  </testcase> <!-- ChangePasswordToInvalidAndCheckStatusTest -->
  <testcase name="AddNVRManuallyCheckStatusTest" time="0.0" classname="testcases.NVRsTest">
    <ignored/>
  </testcase> <!-- AddNVRManuallyCheckStatusTest -->
  <testcase name="ChangePortExitPressDontSaveUnsavedChangesTest" time="0.0" classname="testcases.NVRsElementsTest">
    <ignored/>
  </testcase> <!-- ChangePortExitPressDontSaveUnsavedChangesTest -->
  <testcase name="ChangeUserNameExitCancelUnsavedChangesTest" time="0.0" classname="testcases.NVRsElementsTest">
    <ignored/>
  </testcase> <!-- ChangeUserNameExitCancelUnsavedChangesTest -->
  <testcase name="ChangeNameExitAndDoNotSaveTest" time="0.0" classname="testcases.ToursElementsTest">
    <ignored/>
  </testcase> <!-- ChangeNameExitAndDoNotSaveTest -->
  <testcase name="DeleteViewExitAndCancelTest" time="0.0" classname="testcases.ToursElementsTest">
    <ignored/>
  </testcase> <!-- DeleteViewExitAndCancelTest -->
  <testcase name="ChangeVisibilityStatusAndCancelTest" time="0.0" classname="testcases.ToursElementsTest">
    <ignored/>
  </testcase> <!-- ChangeVisibilityStatusAndCancelTest -->
  <testcase name="MultipleSelectAndDeleteSpecifyEventsTest" time="0.0" classname="testcases.AudioChannelsTest">
    <ignored/>
  </testcase> <!-- MultipleSelectAndDeleteSpecifyEventsTest -->
  <testcase name="InputInvalidIPAdressInAddNVRManualyTest" time="0.0" classname="testcases.NVRsTest">
    <ignored/>
  </testcase> <!-- InputInvalidIPAdressInAddNVRManualyTest -->
  <testcase name="ChangeNamePressCancelTest" time="0.0" classname="testcases.NVRsElementsTest">
    <ignored/>
  </testcase> <!-- ChangeNamePressCancelTest -->
  <testcase name="ChangeUserNameAndPressCancel" time="0.0" classname="testcases.NVRsElementsTest">
    <ignored/>
  </testcase> <!-- ChangeUserNameAndPressCancel -->
  <testcase name="SortingNVRsByIPAdressTest" time="0.0" classname="testcases.NVRsTest">
    <ignored/>
  </testcase> <!-- SortingNVRsByIPAdressTest -->
  <testcase name="InputInvalidPortInAddNVRManualyTest" time="0.0" classname="testcases.NVRsTest">
    <ignored/>
  </testcase> <!-- InputInvalidPortInAddNVRManualyTest -->
  <testcase name="SortAudioChannelsByName" time="0.0" classname="testcases.AudioChannelsTest">
    <ignored/>
  </testcase> <!-- SortAudioChannelsByName -->
  <testcase name="ChangeStorageDefinitionsAndPressCancelTest" time="0.0" classname="testcases.NVRsElementsTest">
    <ignored/>
  </testcase> <!-- ChangeStorageDefinitionsAndPressCancelTest -->
  <testcase name="IncreasePortInAddNVRManualyWindowTest" time="0.0" classname="testcases.NVRsTest">
    <ignored/>
  </testcase> <!-- IncreasePortInAddNVRManualyWindowTest -->
  <testcase name="CancelRemovalNVRsByIconTest" time="0.0" classname="testcases.NVRsTest">
    <ignored/>
  </testcase> <!-- CancelRemovalNVRsByIconTest -->
  <testcase name="ChangeViewTimeBySpinnersAndCancelTest" time="0.0" classname="testcases.ToursElementsTest">
    <ignored/>
  </testcase> <!-- ChangeViewTimeBySpinnersAndCancelTest -->
  <testcase name="ChangeRemarksAndCancelTest" time="0.0" classname="testcases.ToursElementsTest">
    <ignored/>
  </testcase> <!-- ChangeRemarksAndCancelTest -->
  <testcase name="ChangeUserNameExitPressSaveUnsavedChangesTest" time="0.0" classname="testcases.NVRsElementsTest">
    <ignored/>
  </testcase> <!-- ChangeUserNameExitPressSaveUnsavedChangesTest -->
  <testcase name="ChangeNameExitAndCancelTest" time="0.0" classname="testcases.ToursElementsTest">
    <ignored/>
  </testcase> <!-- ChangeNameExitAndCancelTest -->
  <testcase name="CancelRemovalNVRsByButtonTest" time="0.0" classname="testcases.NVRsTest">
    <ignored/>
  </testcase> <!-- CancelRemovalNVRsByButtonTest -->
  <testcase name="ChangeVisibilityStatusExitAndDoNotSaveTest" time="0.0" classname="testcases.ToursElementsTest">
    <ignored/>
  </testcase> <!-- ChangeVisibilityStatusExitAndDoNotSaveTest -->
  <testcase name="ChangeViewTimeExitAndDoNotSaveTest" time="0.0" classname="testcases.ToursElementsTest">
    <ignored/>
  </testcase> <!-- ChangeViewTimeExitAndDoNotSaveTest -->
  <testcase name="ChangeIPAdressExitPressDontSaveUnsavedChangesTest" time="0.0" classname="testcases.NVRsElementsTest">
    <ignored/>
  </testcase> <!-- ChangeIPAdressExitPressDontSaveUnsavedChangesTest -->
  <testcase name="AddNVRWithSecuredPortAndSwitchOffSecuredStatusTest" time="0.0" classname="testcases.NVRsTest">
    <ignored/>
  </testcase> <!-- AddNVRWithSecuredPortAndSwitchOffSecuredStatusTest -->
  <testcase name="ChangeVisibilityStatusExitAndSaveTest" time="0.0" classname="testcases.ToursElementsTest">
    <ignored/>
  </testcase> <!-- ChangeVisibilityStatusExitAndSaveTest -->
  <testcase name="AddNVRAndCheckStatusVTest" time="0.0" classname="testcases.NVRsTest">
    <ignored/>
  </testcase> <!-- AddNVRAndCheckStatusVTest -->
  <testcase name="SwitchRecordingToggleTest" time="0.0" classname="testcases.AudioChannelsTest">
    <ignored/>
  </testcase> <!-- SwitchRecordingToggleTest -->
  <testcase name="CheckPropertiesAfterChangePasswordTest" time="0.0" classname="testcases.NVRsElementsTest">
    <ignored/>
  </testcase> <!-- CheckPropertiesAfterChangePasswordTest -->
  <testcase name="ChangeNameAndCancelTest" time="0.0" classname="testcases.ToursElementsTest">
    <ignored/>
  </testcase> <!-- ChangeNameAndCancelTest -->
  <testcase name="AddViewAndCancelTest" time="0.0" classname="testcases.ToursElementsTest">
    <ignored/>
  </testcase> <!-- AddViewAndCancelTest -->
  <testcase name="FilterNVRsTest" time="0.0" classname="testcases.NVRsTest">
    <ignored/>
  </testcase> <!-- FilterNVRsTest -->
  <testcase name="AddNewTourWithoutViewExitAndSaveTest" time="0.0" classname="testcases.ToursElementsTest">
    <ignored/>
  </testcase> <!-- AddNewTourWithoutViewExitAndSaveTest -->
  <testcase name="ChangePortAndCheckStatusTest" time="0.0" classname="testcases.NVRsTest">
    <ignored/>
  </testcase> <!-- ChangePortAndCheckStatusTest -->
  <testcase name="ChangeUserNameToInvalidAndCheckStatusTest" time="0.0" classname="testcases.NVRsTest">
    <ignored/>
  </testcase> <!-- ChangeUserNameToInvalidAndCheckStatusTest -->
  <testcase name="DeleteViewExitAndSaveTest" time="0.0" classname="testcases.ToursElementsTest">
    <ignored/>
  </testcase> <!-- DeleteViewExitAndSaveTest -->
  <testcase name="ChangePortBySpinnersTest" time="0.0" classname="testcases.NVRsTest">
    <ignored/>
  </testcase> <!-- ChangePortBySpinnersTest -->
  <testcase name="ChangeVisibilityTest" time="0.0" classname="testcases.AudioChannelsTest">
    <ignored/>
  </testcase> <!-- ChangeVisibilityTest -->
  <testcase name="FilterAudioChannelsTest" time="0.0" classname="testcases.AudioChannelsTest">
    <ignored/>
  </testcase> <!-- FilterAudioChannelsTest -->
  <testcase name="SwitchOffStorageDefinitionsAndPressNoTest" time="0.0" classname="testcases.NVRsTest">
    <ignored/>
  </testcase> <!-- SwitchOffStorageDefinitionsAndPressNoTest -->
  <testcase name="CheckPropertiesAfterChangeIPAdressTest" time="0.0" classname="testcases.NVRsElementsTest">
    <ignored/>
  </testcase> <!-- CheckPropertiesAfterChangeIPAdressTest -->
  <testcase name="ChangeViewTimeBySpinnersExitAndCancelTest" time="0.0" classname="testcases.ToursElementsTest">
    <ignored/>
  </testcase> <!-- ChangeViewTimeBySpinnersExitAndCancelTest -->
  <testcase name="DeleteAllViewsExitAndDoNotSaveTest" time="0.0" classname="testcases.ToursElementsTest">
    <ignored/>
  </testcase> <!-- DeleteAllViewsExitAndDoNotSaveTest -->
  <testcase name="DeleteAllViewsAndCancelTest" time="0.0" classname="testcases.ToursElementsTest">
    <ignored/>
  </testcase> <!-- DeleteAllViewsAndCancelTest -->
  <testcase name="CheckPropertiesAfterChangeNameTest" time="0.0" classname="testcases.NVRsElementsTest">
    <ignored/>
  </testcase> <!-- CheckPropertiesAfterChangeNameTest -->
  <testcase name="SwitchStorageDefinitionsExitAndPressSaveButtonTest" time="0.0" classname="testcases.NVRsElementsTest">
    <ignored/>
  </testcase> <!-- SwitchStorageDefinitionsExitAndPressSaveButtonTest -->
</testsuite> <!-- Default test(failed)(failed)(failed)(failed)(failed)(failed) -->
