<?xml version="1.0" encoding="UTF-8"?>
<!-- Generated by org.testng.reporters.JUnitXMLReporter -->
<testsuite hostname="BORSE-PC" ignored="27" name="Default test(failed)" tests="17" failures="16" timestamp="2020-04-10T14:11:36 IST" time="1887.194" errors="0">
  <testcase name="ChangeStartTimeTest" time="13.235" classname="testcases.SchedulesTests">
    <failure type="java.lang.NumberFormatException" message="For input string: &amp;quot;54 PM&amp;quot;">
      <![CDATA[java.lang.NumberFormatException: For input string: "54 PM"
at java.lang.NumberFormatException.forInputString(NumberFormatException.java:65)
at java.lang.Integer.parseInt(Integer.java:580)
at java.lang.Integer.parseInt(Integer.java:615)
at pageObjects.SchedulesPage.GetEndTimeMinutes(SchedulesPage.java:589)
at testcases.SchedulesTests.ChangeStartTimeTest(SchedulesTests.java:682)
at java.util.ArrayList.forEach(ArrayList.java:1257)
... Removed 27 stack frames]]>
    </failure>
  </testcase> <!-- ChangeStartTimeTest -->
  <testcase name="AddNewScheduleTest" time="5.901" classname="testcases.SchedulesTests">
    <failure type="java.lang.AssertionError" message="expected [34] but found [33]">
      <![CDATA[java.lang.AssertionError: expected [34] but found [33]
at testcases.SchedulesTests.AddNewScheduleTest(SchedulesTests.java:134)
at java.util.ArrayList.forEach(ArrayList.java:1257)
... Removed 32 stack frames]]>
    </failure>
  </testcase> <!-- AddNewScheduleTest -->
  <testcase name="ChangeDurationBySpinnersTest" time="107.557" classname="testcases.SchedulesTests">
    <failure type="java.lang.NumberFormatException" message="For input string: &amp;quot;34 PM&amp;quot;">
      <![CDATA[java.lang.NumberFormatException: For input string: "34 PM"
at java.lang.NumberFormatException.forInputString(NumberFormatException.java:65)
at java.lang.Integer.parseInt(Integer.java:580)
at java.lang.Integer.parseInt(Integer.java:615)
at pageObjects.SchedulesPage.GetEndTimeMinutes(SchedulesPage.java:589)
at testcases.SchedulesTests.ChangeDurationBySpinnersTest(SchedulesTests.java:1284)
at java.util.ArrayList.forEach(ArrayList.java:1257)
... Removed 27 stack frames]]>
    </failure>
  </testcase> <!-- ChangeDurationBySpinnersTest -->
  <testcase name="ChangeEndTimeBySpinnerTest" time="1.636" classname="testcases.SchedulesTests">
    <failure type="java.lang.NumberFormatException" message="For input string: &amp;quot;49 AM&amp;quot;">
      <![CDATA[java.lang.NumberFormatException: For input string: "49 AM"
at java.lang.NumberFormatException.forInputString(NumberFormatException.java:65)
at java.lang.Integer.parseInt(Integer.java:580)
at java.lang.Integer.parseInt(Integer.java:615)
at pageObjects.SchedulesPage.GetEndTimeMinutes(SchedulesPage.java:589)
at testcases.SchedulesTests.ChangeEndTimeBySpinnerTest(SchedulesTests.java:1024)
at java.util.ArrayList.forEach(ArrayList.java:1257)
... Removed 27 stack frames]]>
    </failure>
  </testcase> <!-- ChangeEndTimeBySpinnerTest -->
  <testcase name="ChangeMonthlyCountOfDayTest" time="16.335" classname="testcases.SchedulesTests">
    <failure type="org.openqa.selenium.ElementNotInteractableException" message="Element cannot be interacted with via the keyboard because it is not focusable
Build info: version: &amp;apos;3.9.1&amp;apos;, revision: &amp;apos;63f7b50&amp;apos;, time: &amp;apos;2018-02-07T22:25:02.294Z&amp;apos;
System info: host: &amp;apos;BORSE-PC&amp;apos;, ip: &amp;apos;172.20.1.58&amp;apos;, os.name: &amp;apos;Windows 10&amp;apos;, os.arch: &amp;apos;amd64&amp;apos;, os.version: &amp;apos;10.0&amp;apos;, java.version: &amp;apos;1.8.0_202&amp;apos;
Driver info: org.openqa.selenium.ie.InternetExplorerDriver
Capabilities {acceptInsecureCerts: false, browserName: internet explorer, browserVersion: 11, javascriptEnabled: true, pageLoadStrategy: normal, platform: WINDOWS, platformName: WINDOWS, proxy: Proxy(), se:ieOptions: {browserAttachTimeout: 0, elementScrollBehavior: 0, enablePersistentHover: true, ie.browserCommandLineSwitches: , ie.edgechromium: false, ie.edgepath: , ie.ensureCleanSession: true, ie.fileUploadDialogTimeout: 3000, ie.forceCreateProcessApi: false, ignoreProtectedModeSettings: true, ignoreZoomSetting: false, initialBrowserUrl: http://localhost:4509/, nativeEvents: true, requireWindowFocus: false}, setWindowRect: true, strictFileInteractability: false, timeouts: {implicit: 0, pageLoad: 300000, script: 30000}, unhandledPromptBehavior: dismiss and notify}
Session ID: e1290b53-ff3b-4a14-b8fa-981ab63b0500">
      <![CDATA[org.openqa.selenium.ElementNotInteractableException: Element cannot be interacted with via the keyboard because it is not focusable
Build info: version: '3.9.1', revision: '63f7b50', time: '2018-02-07T22:25:02.294Z'
System info: host: 'BORSE-PC', ip: '172.20.1.58', os.name: 'Windows 10', os.arch: 'amd64', os.version: '10.0', java.version: '1.8.0_202'
Driver info: org.openqa.selenium.ie.InternetExplorerDriver
Capabilities {acceptInsecureCerts: false, browserName: internet explorer, browserVersion: 11, javascriptEnabled: true, pageLoadStrategy: normal, platform: WINDOWS, platformName: WINDOWS, proxy: Proxy(), se:ieOptions: {browserAttachTimeout: 0, elementScrollBehavior: 0, enablePersistentHover: true, ie.browserCommandLineSwitches: , ie.edgechromium: false, ie.edgepath: , ie.ensureCleanSession: true, ie.fileUploadDialogTimeout: 3000, ie.forceCreateProcessApi: false, ignoreProtectedModeSettings: true, ignoreZoomSetting: false, initialBrowserUrl: http://localhost:4509/, nativeEvents: true, requireWindowFocus: false}, setWindowRect: true, strictFileInteractability: false, timeouts: {implicit: 0, pageLoad: 300000, script: 30000}, unhandledPromptBehavior: dismiss and notify}
Session ID: e1290b53-ff3b-4a14-b8fa-981ab63b0500
at org.openqa.selenium.remote.http.W3CHttpResponseCodec.createException(W3CHttpResponseCodec.java:187)
at org.openqa.selenium.remote.http.W3CHttpResponseCodec.decode(W3CHttpResponseCodec.java:122)
at org.openqa.selenium.remote.http.W3CHttpResponseCodec.decode(W3CHttpResponseCodec.java:49)
at org.openqa.selenium.remote.HttpCommandExecutor.execute(HttpCommandExecutor.java:160)
at org.openqa.selenium.remote.service.DriverCommandExecutor.execute(DriverCommandExecutor.java:83)
at org.openqa.selenium.remote.RemoteWebDriver.execute(RemoteWebDriver.java:601)
at org.openqa.selenium.remote.RemoteWebElement.execute(RemoteWebElement.java:279)
at org.openqa.selenium.remote.RemoteWebElement.sendKeys(RemoteWebElement.java:100)
at Utilities.Page.setElementText(Page.java:478)
at pageObjects.SchedulesPage.InputInDaysField(SchedulesPage.java:677)
at testcases.SchedulesTests.ChangeMonthlyCountOfDayTest(SchedulesTests.java:1534)
at java.util.ArrayList.forEach(ArrayList.java:1257)
... Removed 31 stack frames]]>
    </failure>
  </testcase> <!-- ChangeMonthlyCountOfDayTest -->
  <testcase name="DeleteScheduleByButtonTest" time="17.498" classname="testcases.SchedulesTests">
    <failure type="java.lang.AssertionError" message="expected [32] but found [33]">
      <![CDATA[java.lang.AssertionError: expected [32] but found [33]
at testcases.SchedulesTests.DeleteScheduleByButtonTest(SchedulesTests.java:326)
at java.util.ArrayList.forEach(ArrayList.java:1257)
... Removed 32 stack frames]]>
    </failure>
  </testcase> <!-- DeleteScheduleByButtonTest -->
  <testcase name="DeleteScheduleByIconTest" time="17.341" classname="testcases.SchedulesTests">
    <failure type="java.lang.AssertionError" message="expected [32] but found [33]">
      <![CDATA[java.lang.AssertionError: expected [32] but found [33]
at testcases.SchedulesTests.DeleteScheduleByIconTest(SchedulesTests.java:263)
at java.util.ArrayList.forEach(ArrayList.java:1257)
... Removed 32 stack frames]]>
    </failure>
  </testcase> <!-- DeleteScheduleByIconTest -->
  <testcase name="ChangeDurationTest" time="8.919" classname="testcases.SchedulesTests">
    <failure type="java.lang.NumberFormatException" message="For input string: &amp;quot;39 AM&amp;quot;">
      <![CDATA[java.lang.NumberFormatException: For input string: "39 AM"
at java.lang.NumberFormatException.forInputString(NumberFormatException.java:65)
at java.lang.Integer.parseInt(Integer.java:580)
at java.lang.Integer.parseInt(Integer.java:615)
at pageObjects.SchedulesPage.GetEndTimeMinutes(SchedulesPage.java:589)
at testcases.SchedulesTests.ChangeDurationTest(SchedulesTests.java:1171)
at java.util.ArrayList.forEach(ArrayList.java:1257)
... Removed 27 stack frames]]>
    </failure>
  </testcase> <!-- ChangeDurationTest -->
  <testcase name="ChangeStartTimeBySpinnerTest" time="1.852" classname="testcases.SchedulesTests">
    <failure type="java.lang.NumberFormatException" message="For input string: &amp;quot;52 AM&amp;quot;">
      <![CDATA[java.lang.NumberFormatException: For input string: "52 AM"
at java.lang.NumberFormatException.forInputString(NumberFormatException.java:65)
at java.lang.Integer.parseInt(Integer.java:580)
at java.lang.Integer.parseInt(Integer.java:615)
at pageObjects.SchedulesPage.GetStartTimeMinutes(SchedulesPage.java:604)
at testcases.SchedulesTests.ChangeStartTimeBySpinnerTest(SchedulesTests.java:776)
at java.util.ArrayList.forEach(ArrayList.java:1257)
... Removed 27 stack frames]]>
    </failure>
  </testcase> <!-- ChangeStartTimeBySpinnerTest -->
  <testcase name="ChangeNameTest" time="31.209" classname="testcases.SchedulesTests"/>
  <testcase name="AddNewScheduleWithAllParametersTest" time="10.678" classname="testcases.SchedulesTests">
    <failure type="org.openqa.selenium.NoSuchElementException" message="Unable to find element with xpath == //div[@class=&amp;apos;fullSize padding-left-right-15 bottom-separator-builder&amp;apos;]/div[@class=&amp;apos;configuration-ditails-form&amp;apos;]//span[contains(text(),&amp;apos;Description&amp;apos;)]/../..//input
For documentation on this error, please visit: http://seleniumhq.org/exceptions/no_such_element.html
Build info: version: &amp;apos;3.9.1&amp;apos;, revision: &amp;apos;63f7b50&amp;apos;, time: &amp;apos;2018-02-07T22:25:02.294Z&amp;apos;
System info: host: &amp;apos;BORSE-PC&amp;apos;, ip: &amp;apos;172.20.1.58&amp;apos;, os.name: &amp;apos;Windows 10&amp;apos;, os.arch: &amp;apos;amd64&amp;apos;, os.version: &amp;apos;10.0&amp;apos;, java.version: &amp;apos;1.8.0_202&amp;apos;
Driver info: org.openqa.selenium.ie.InternetExplorerDriver
Capabilities {acceptInsecureCerts: false, browserName: internet explorer, browserVersion: 11, javascriptEnabled: true, pageLoadStrategy: normal, platform: WINDOWS, platformName: WINDOWS, proxy: Proxy(), se:ieOptions: {browserAttachTimeout: 0, elementScrollBehavior: 0, enablePersistentHover: true, ie.browserCommandLineSwitches: , ie.edgechromium: false, ie.edgepath: , ie.ensureCleanSession: true, ie.fileUploadDialogTimeout: 3000, ie.forceCreateProcessApi: false, ignoreProtectedModeSettings: true, ignoreZoomSetting: false, initialBrowserUrl: http://localhost:8165/, nativeEvents: true, requireWindowFocus: false}, setWindowRect: true, strictFileInteractability: false, timeouts: {implicit: 0, pageLoad: 300000, script: 30000}, unhandledPromptBehavior: dismiss and notify}
Session ID: 0f01be61-f059-4a53-9a17-0363b33f484c
*** Element info: {Using=xpath, value=//div[@class=&amp;apos;fullSize padding-left-right-15 bottom-separator-builder&amp;apos;]/div[@class=&amp;apos;configuration-ditails-form&amp;apos;]//span[contains(text(),&amp;apos;Description&amp;apos;)]/../..//input}">
      <![CDATA[org.openqa.selenium.NoSuchElementException: Unable to find element with xpath == //div[@class='fullSize padding-left-right-15 bottom-separator-builder']/div[@class='configuration-ditails-form']//span[contains(text(),'Description')]/../..//input
For documentation on this error, please visit: http://seleniumhq.org/exceptions/no_such_element.html
Build info: version: '3.9.1', revision: '63f7b50', time: '2018-02-07T22:25:02.294Z'
System info: host: 'BORSE-PC', ip: '172.20.1.58', os.name: 'Windows 10', os.arch: 'amd64', os.version: '10.0', java.version: '1.8.0_202'
Driver info: org.openqa.selenium.ie.InternetExplorerDriver
Capabilities {acceptInsecureCerts: false, browserName: internet explorer, browserVersion: 11, javascriptEnabled: true, pageLoadStrategy: normal, platform: WINDOWS, platformName: WINDOWS, proxy: Proxy(), se:ieOptions: {browserAttachTimeout: 0, elementScrollBehavior: 0, enablePersistentHover: true, ie.browserCommandLineSwitches: , ie.edgechromium: false, ie.edgepath: , ie.ensureCleanSession: true, ie.fileUploadDialogTimeout: 3000, ie.forceCreateProcessApi: false, ignoreProtectedModeSettings: true, ignoreZoomSetting: false, initialBrowserUrl: http://localhost:8165/, nativeEvents: true, requireWindowFocus: false}, setWindowRect: true, strictFileInteractability: false, timeouts: {implicit: 0, pageLoad: 300000, script: 30000}, unhandledPromptBehavior: dismiss and notify}
Session ID: 0f01be61-f059-4a53-9a17-0363b33f484c
*** Element info: {Using=xpath, value=//div[@class='fullSize padding-left-right-15 bottom-separator-builder']/div[@class='configuration-ditails-form']//span[contains(text(),'Description')]/../..//input}
at org.openqa.selenium.remote.http.W3CHttpResponseCodec.createException(W3CHttpResponseCodec.java:187)
at org.openqa.selenium.remote.http.W3CHttpResponseCodec.decode(W3CHttpResponseCodec.java:122)
at org.openqa.selenium.remote.http.W3CHttpResponseCodec.decode(W3CHttpResponseCodec.java:49)
at org.openqa.selenium.remote.HttpCommandExecutor.execute(HttpCommandExecutor.java:160)
at org.openqa.selenium.remote.service.DriverCommandExecutor.execute(DriverCommandExecutor.java:83)
at org.openqa.selenium.remote.RemoteWebDriver.execute(RemoteWebDriver.java:601)
at org.openqa.selenium.remote.RemoteWebDriver.findElement(RemoteWebDriver.java:371)
at org.openqa.selenium.remote.RemoteWebDriver.findElementByXPath(RemoteWebDriver.java:473)
at org.openqa.selenium.By$ByXPath.findElement(By.java:361)
at org.openqa.selenium.remote.RemoteWebDriver.findElement(RemoteWebDriver.java:363)
at org.openqa.selenium.support.pagefactory.DefaultElementLocator.findElement(DefaultElementLocator.java:69)
at org.openqa.selenium.support.pagefactory.internal.LocatingElementHandler.invoke(LocatingElementHandler.java:38)
at com.sun.proxy.$Proxy14.clear(Unknown Source)
at Utilities.Page.setElementText(Page.java:477)
at pageObjects.SchedulesPage.InputInDescriptionField(SchedulesPage.java:448)
at testcases.SchedulesTests.AddNewScheduleWithAllParametersTest(SchedulesTests.java:160)
at java.util.ArrayList.forEach(ArrayList.java:1257)
... Removed 31 stack frames]]>
    </failure>
  </testcase> <!-- AddNewScheduleWithAllParametersTest -->
  <testcase name="ChangeStartDateInNeverModeTest" time="22.98" classname="testcases.SchedulesTests">
    <failure type="java.lang.IndexOutOfBoundsException" message="Index: 0, Size: 0">
      <![CDATA[java.lang.IndexOutOfBoundsException: Index: 0, Size: 0
at java.util.ArrayList.rangeCheck(ArrayList.java:657)
at java.util.ArrayList.get(ArrayList.java:433)
at org.openqa.selenium.support.pagefactory.internal.LocatingElementListHandler.invoke(LocatingElementListHandler.java:39)
at com.sun.proxy.$Proxy15.get(Unknown Source)
at pageObjects.SchedulesPage.ClickOnYearByIndex(SchedulesPage.java:813)
at testcases.SchedulesTests.ChangeStartDateInNeverModeTest(SchedulesTests.java:2512)
at java.util.ArrayList.forEach(ArrayList.java:1257)
... Removed 30 stack frames]]>
    </failure>
  </testcase> <!-- ChangeStartDateInNeverModeTest -->
  <testcase name="AddNewScheduleAndCheckInRulesTest" time="13.402" classname="testcases.SchedulesTests">
    <failure type="java.lang.AssertionError" message="did not expect to find [true] but found [false]">
      <![CDATA[java.lang.AssertionError: did not expect to find [true] but found [false]
at testcases.SchedulesTests.AddNewScheduleAndCheckInRulesTest(SchedulesTests.java:2912)
at java.util.ArrayList.forEach(ArrayList.java:1257)
... Removed 31 stack frames]]>
    </failure>
  </testcase> <!-- AddNewScheduleAndCheckInRulesTest -->
  <testcase name="ChangeDayOfMonthInYearlyTest" time="16.521" classname="testcases.SchedulesTests">
    <failure type="org.openqa.selenium.ElementNotInteractableException" message="Element cannot be interacted with via the keyboard because it is not focusable
Build info: version: &amp;apos;3.9.1&amp;apos;, revision: &amp;apos;63f7b50&amp;apos;, time: &amp;apos;2018-02-07T22:25:02.294Z&amp;apos;
System info: host: &amp;apos;BORSE-PC&amp;apos;, ip: &amp;apos;172.20.1.58&amp;apos;, os.name: &amp;apos;Windows 10&amp;apos;, os.arch: &amp;apos;amd64&amp;apos;, os.version: &amp;apos;10.0&amp;apos;, java.version: &amp;apos;1.8.0_202&amp;apos;
Driver info: org.openqa.selenium.ie.InternetExplorerDriver
Capabilities {acceptInsecureCerts: false, browserName: internet explorer, browserVersion: 11, javascriptEnabled: true, pageLoadStrategy: normal, platform: WINDOWS, platformName: WINDOWS, proxy: Proxy(), se:ieOptions: {browserAttachTimeout: 0, elementScrollBehavior: 0, enablePersistentHover: true, ie.browserCommandLineSwitches: , ie.edgechromium: false, ie.edgepath: , ie.ensureCleanSession: true, ie.fileUploadDialogTimeout: 3000, ie.forceCreateProcessApi: false, ignoreProtectedModeSettings: true, ignoreZoomSetting: false, initialBrowserUrl: http://localhost:30245/, nativeEvents: true, requireWindowFocus: false}, setWindowRect: true, strictFileInteractability: false, timeouts: {implicit: 0, pageLoad: 300000, script: 30000}, unhandledPromptBehavior: dismiss and notify}
Session ID: 3a393a17-63e8-44ed-8dfa-812d72b3ec66">
      <![CDATA[org.openqa.selenium.ElementNotInteractableException: Element cannot be interacted with via the keyboard because it is not focusable
Build info: version: '3.9.1', revision: '63f7b50', time: '2018-02-07T22:25:02.294Z'
System info: host: 'BORSE-PC', ip: '172.20.1.58', os.name: 'Windows 10', os.arch: 'amd64', os.version: '10.0', java.version: '1.8.0_202'
Driver info: org.openqa.selenium.ie.InternetExplorerDriver
Capabilities {acceptInsecureCerts: false, browserName: internet explorer, browserVersion: 11, javascriptEnabled: true, pageLoadStrategy: normal, platform: WINDOWS, platformName: WINDOWS, proxy: Proxy(), se:ieOptions: {browserAttachTimeout: 0, elementScrollBehavior: 0, enablePersistentHover: true, ie.browserCommandLineSwitches: , ie.edgechromium: false, ie.edgepath: , ie.ensureCleanSession: true, ie.fileUploadDialogTimeout: 3000, ie.forceCreateProcessApi: false, ignoreProtectedModeSettings: true, ignoreZoomSetting: false, initialBrowserUrl: http://localhost:30245/, nativeEvents: true, requireWindowFocus: false}, setWindowRect: true, strictFileInteractability: false, timeouts: {implicit: 0, pageLoad: 300000, script: 30000}, unhandledPromptBehavior: dismiss and notify}
Session ID: 3a393a17-63e8-44ed-8dfa-812d72b3ec66
at org.openqa.selenium.remote.http.W3CHttpResponseCodec.createException(W3CHttpResponseCodec.java:187)
at org.openqa.selenium.remote.http.W3CHttpResponseCodec.decode(W3CHttpResponseCodec.java:122)
at org.openqa.selenium.remote.http.W3CHttpResponseCodec.decode(W3CHttpResponseCodec.java:49)
at org.openqa.selenium.remote.HttpCommandExecutor.execute(HttpCommandExecutor.java:160)
at org.openqa.selenium.remote.service.DriverCommandExecutor.execute(DriverCommandExecutor.java:83)
at org.openqa.selenium.remote.RemoteWebDriver.execute(RemoteWebDriver.java:601)
at org.openqa.selenium.remote.RemoteWebElement.execute(RemoteWebElement.java:279)
at org.openqa.selenium.remote.RemoteWebElement.sendKeys(RemoteWebElement.java:100)
at Utilities.Page.setElementText(Page.java:478)
at pageObjects.SchedulesPage.InputInCountDaysInMonth(SchedulesPage.java:352)
at testcases.SchedulesTests.ChangeDayOfMonthInYearlyTest(SchedulesTests.java:2349)
at java.util.ArrayList.forEach(ArrayList.java:1257)
... Removed 31 stack frames]]>
    </failure>
  </testcase> <!-- ChangeDayOfMonthInYearlyTest -->
  <testcase name="ChangeDescriptionTest" time="5.161" classname="testcases.SchedulesTests">
    <failure type="org.openqa.selenium.NoSuchElementException" message="Unable to find element with xpath == //div[@class=&amp;apos;fullSize padding-left-right-15 bottom-separator-builder&amp;apos;]/div[@class=&amp;apos;configuration-ditails-form&amp;apos;]//span[contains(text(),&amp;apos;Description&amp;apos;)]/../..//input
For documentation on this error, please visit: http://seleniumhq.org/exceptions/no_such_element.html
Build info: version: &amp;apos;3.9.1&amp;apos;, revision: &amp;apos;63f7b50&amp;apos;, time: &amp;apos;2018-02-07T22:25:02.294Z&amp;apos;
System info: host: &amp;apos;BORSE-PC&amp;apos;, ip: &amp;apos;172.20.1.58&amp;apos;, os.name: &amp;apos;Windows 10&amp;apos;, os.arch: &amp;apos;amd64&amp;apos;, os.version: &amp;apos;10.0&amp;apos;, java.version: &amp;apos;1.8.0_202&amp;apos;
Driver info: org.openqa.selenium.ie.InternetExplorerDriver
Capabilities {acceptInsecureCerts: false, browserName: internet explorer, browserVersion: 11, javascriptEnabled: true, pageLoadStrategy: normal, platform: WINDOWS, platformName: WINDOWS, proxy: Proxy(), se:ieOptions: {browserAttachTimeout: 0, elementScrollBehavior: 0, enablePersistentHover: true, ie.browserCommandLineSwitches: , ie.edgechromium: false, ie.edgepath: , ie.ensureCleanSession: true, ie.fileUploadDialogTimeout: 3000, ie.forceCreateProcessApi: false, ignoreProtectedModeSettings: true, ignoreZoomSetting: false, initialBrowserUrl: http://localhost:8225/, nativeEvents: true, requireWindowFocus: false}, setWindowRect: true, strictFileInteractability: false, timeouts: {implicit: 0, pageLoad: 300000, script: 30000}, unhandledPromptBehavior: dismiss and notify}
Session ID: 9efb18df-cfb5-4dd7-8b25-6b4a1770f7b5
*** Element info: {Using=xpath, value=//div[@class=&amp;apos;fullSize padding-left-right-15 bottom-separator-builder&amp;apos;]/div[@class=&amp;apos;configuration-ditails-form&amp;apos;]//span[contains(text(),&amp;apos;Description&amp;apos;)]/../..//input}">
      <![CDATA[org.openqa.selenium.NoSuchElementException: Unable to find element with xpath == //div[@class='fullSize padding-left-right-15 bottom-separator-builder']/div[@class='configuration-ditails-form']//span[contains(text(),'Description')]/../..//input
For documentation on this error, please visit: http://seleniumhq.org/exceptions/no_such_element.html
Build info: version: '3.9.1', revision: '63f7b50', time: '2018-02-07T22:25:02.294Z'
System info: host: 'BORSE-PC', ip: '172.20.1.58', os.name: 'Windows 10', os.arch: 'amd64', os.version: '10.0', java.version: '1.8.0_202'
Driver info: org.openqa.selenium.ie.InternetExplorerDriver
Capabilities {acceptInsecureCerts: false, browserName: internet explorer, browserVersion: 11, javascriptEnabled: true, pageLoadStrategy: normal, platform: WINDOWS, platformName: WINDOWS, proxy: Proxy(), se:ieOptions: {browserAttachTimeout: 0, elementScrollBehavior: 0, enablePersistentHover: true, ie.browserCommandLineSwitches: , ie.edgechromium: false, ie.edgepath: , ie.ensureCleanSession: true, ie.fileUploadDialogTimeout: 3000, ie.forceCreateProcessApi: false, ignoreProtectedModeSettings: true, ignoreZoomSetting: false, initialBrowserUrl: http://localhost:8225/, nativeEvents: true, requireWindowFocus: false}, setWindowRect: true, strictFileInteractability: false, timeouts: {implicit: 0, pageLoad: 300000, script: 30000}, unhandledPromptBehavior: dismiss and notify}
Session ID: 9efb18df-cfb5-4dd7-8b25-6b4a1770f7b5
*** Element info: {Using=xpath, value=//div[@class='fullSize padding-left-right-15 bottom-separator-builder']/div[@class='configuration-ditails-form']//span[contains(text(),'Description')]/../..//input}
at org.openqa.selenium.remote.http.W3CHttpResponseCodec.createException(W3CHttpResponseCodec.java:187)
at org.openqa.selenium.remote.http.W3CHttpResponseCodec.decode(W3CHttpResponseCodec.java:122)
at org.openqa.selenium.remote.http.W3CHttpResponseCodec.decode(W3CHttpResponseCodec.java:49)
at org.openqa.selenium.remote.HttpCommandExecutor.execute(HttpCommandExecutor.java:160)
at org.openqa.selenium.remote.service.DriverCommandExecutor.execute(DriverCommandExecutor.java:83)
at org.openqa.selenium.remote.RemoteWebDriver.execute(RemoteWebDriver.java:601)
at org.openqa.selenium.remote.RemoteWebDriver.findElement(RemoteWebDriver.java:371)
at org.openqa.selenium.remote.RemoteWebDriver.findElementByXPath(RemoteWebDriver.java:473)
at org.openqa.selenium.By$ByXPath.findElement(By.java:361)
at org.openqa.selenium.remote.RemoteWebDriver.findElement(RemoteWebDriver.java:363)
at org.openqa.selenium.support.pagefactory.DefaultElementLocator.findElement(DefaultElementLocator.java:69)
at org.openqa.selenium.support.pagefactory.internal.LocatingElementHandler.invoke(LocatingElementHandler.java:38)
at com.sun.proxy.$Proxy14.getAttribute(Unknown Source)
at pageObjects.SchedulesPage.GetDescription(SchedulesPage.java:278)
at testcases.SchedulesTests.ChangeDescriptionTest(SchedulesTests.java:420)
at java.util.ArrayList.forEach(ArrayList.java:1257)
... Removed 31 stack frames]]>
    </failure>
  </testcase> <!-- ChangeDescriptionTest -->
  <testcase name="ChangeEndDateInNeverModeTest" time="11.421" classname="testcases.SchedulesTests">
    <failure type="java.lang.IndexOutOfBoundsException" message="Index: 0, Size: 0">
      <![CDATA[java.lang.IndexOutOfBoundsException: Index: 0, Size: 0
at java.util.ArrayList.rangeCheck(ArrayList.java:657)
at java.util.ArrayList.get(ArrayList.java:433)
at org.openqa.selenium.support.pagefactory.internal.LocatingElementListHandler.invoke(LocatingElementListHandler.java:39)
at com.sun.proxy.$Proxy15.get(Unknown Source)
at pageObjects.SchedulesPage.ClickOnYearByIndex(SchedulesPage.java:813)
at testcases.SchedulesTests.ChangeEndDateInNeverModeTest(SchedulesTests.java:2599)
at java.util.ArrayList.forEach(ArrayList.java:1257)
... Removed 30 stack frames]]>
    </failure>
  </testcase> <!-- ChangeEndDateInNeverModeTest -->
  <testcase name="ChangeEndTimeTest" time="7.628" classname="testcases.SchedulesTests">
    <failure type="java.lang.StringIndexOutOfBoundsException" message="String index out of range: -1">
      <![CDATA[java.lang.StringIndexOutOfBoundsException: String index out of range: -1
at java.lang.String.substring(String.java:1967)
at pageObjects.SchedulesPage.GetEndTimeHours(SchedulesPage.java:581)
at testcases.SchedulesTests.ChangeEndTimeTest(SchedulesTests.java:920)
at java.util.ArrayList.forEach(ArrayList.java:1257)
... Removed 27 stack frames]]>
    </failure>
  </testcase> <!-- ChangeEndTimeTest -->
  <testcase name="FilterSchedulesTest" time="0.0" classname="testcases.SchedulesTests">
    <ignored/>
  </testcase> <!-- FilterSchedulesTest -->
  <testcase name="DeleteScheduleByIconAndClickNoTest" time="0.0" classname="testcases.SchedulesTests">
    <ignored/>
  </testcase> <!-- DeleteScheduleByIconAndClickNoTest -->
  <testcase name="ChangeMonthlyCountOfDayBySpinnersTest" time="0.0" classname="testcases.SchedulesTests">
    <ignored/>
  </testcase> <!-- ChangeMonthlyCountOfDayBySpinnersTest -->
  <testcase name="ChangeMonthlyModeTest" time="0.0" classname="testcases.SchedulesTests">
    <ignored/>
  </testcase> <!-- ChangeMonthlyModeTest -->
  <testcase name="ChangeRepeatOptionTest" time="0.0" classname="testcases.SchedulesTests">
    <ignored/>
  </testcase> <!-- ChangeRepeatOptionTest -->
  <testcase name="ChangeDayOfWeekInMonthInYearlyModeTest" time="0.0" classname="testcases.SchedulesTests">
    <ignored/>
  </testcase> <!-- ChangeDayOfWeekInMonthInYearlyModeTest -->
  <testcase name="ChangeMonthlyNumberOfDayTest" time="0.0" classname="testcases.SchedulesTests">
    <ignored/>
  </testcase> <!-- ChangeMonthlyNumberOfDayTest -->
  <testcase name="AddSomePeriodsToScheduleTest" time="0.0" classname="testcases.SchedulesTests">
    <ignored/>
  </testcase> <!-- AddSomePeriodsToScheduleTest -->
  <testcase name="DeleteScheduleByButtonAndClickNOTest" time="0.0" classname="testcases.SchedulesTests">
    <ignored/>
  </testcase> <!-- DeleteScheduleByButtonAndClickNOTest -->
  <testcase name="DeleteAllPeriodsTest" time="0.0" classname="testcases.SchedulesTests">
    <ignored/>
  </testcase> <!-- DeleteAllPeriodsTest -->
  <testcase name="DeleteScheduleByButtonAndCheckInAudioChannelsTest" time="0.0" classname="testcases.SchedulesTests">
    <ignored/>
  </testcase> <!-- DeleteScheduleByButtonAndCheckInAudioChannelsTest -->
  <testcase name="ChangeDayOfMonthInYearlyBySpinnersTest" time="0.0" classname="testcases.SchedulesTests">
    <ignored/>
  </testcase> <!-- ChangeDayOfMonthInYearlyBySpinnersTest -->
  <testcase name="ChangeWeeklyDaysTest" time="0.0" classname="testcases.SchedulesTests">
    <ignored/>
  </testcase> <!-- ChangeWeeklyDaysTest -->
  <testcase name="ChangeDateAndCheckDurationInNeverModeTest" time="0.0" classname="testcases.SchedulesTests">
    <ignored/>
  </testcase> <!-- ChangeDateAndCheckDurationInNeverModeTest -->
  <testcase name="ChangeMonthInYearlyModeTest" time="0.0" classname="testcases.SchedulesTests">
    <ignored/>
  </testcase> <!-- ChangeMonthInYearlyModeTest -->
  <testcase name="DeleteScheduleByButtonAndCheckInVideoChannelsTest" time="0.0" classname="testcases.SchedulesTests">
    <ignored/>
  </testcase> <!-- DeleteScheduleByButtonAndCheckInVideoChannelsTest -->
  <testcase name="AddNewScheduleAndCheckInVideoChannelsTest" time="0.0" classname="testcases.SchedulesTests">
    <ignored/>
  </testcase> <!-- AddNewScheduleAndCheckInVideoChannelsTest -->
  <testcase name="CheckThatUncheckedModeElementsAreDisabledTest" time="0.0" classname="testcases.SchedulesTests">
    <ignored/>
  </testcase> <!-- CheckThatUncheckedModeElementsAreDisabledTest -->
  <testcase name="ChangeDayOfMonthInYearlyModeTest" time="0.0" classname="testcases.SchedulesTests">
    <ignored/>
  </testcase> <!-- ChangeDayOfMonthInYearlyModeTest -->
  <testcase name="ChangeMonthlyDayOfWeekTest" time="0.0" classname="testcases.SchedulesTests">
    <ignored/>
  </testcase> <!-- ChangeMonthlyDayOfWeekTest -->
  <testcase name="DeleteSomePeriodsTest" time="0.0" classname="testcases.SchedulesTests">
    <ignored/>
  </testcase> <!-- DeleteSomePeriodsTest -->
  <testcase name="AddNewScheduleAndCheckInAudioChannelsTest" time="0.0" classname="testcases.SchedulesTests">
    <ignored/>
  </testcase> <!-- AddNewScheduleAndCheckInAudioChannelsTest -->
  <testcase name="ChangePeriodNameTest" time="0.0" classname="testcases.SchedulesTests">
    <ignored/>
  </testcase> <!-- ChangePeriodNameTest -->
  <testcase name="DeleteScheduleByButtonAndCheckInRulesTest" time="0.0" classname="testcases.SchedulesTests">
    <ignored/>
  </testcase> <!-- DeleteScheduleByButtonAndCheckInRulesTest -->
  <testcase name="ChangeYearlyModeTest" time="0.0" classname="testcases.SchedulesTests">
    <ignored/>
  </testcase> <!-- ChangeYearlyModeTest -->
  <testcase name="ChangeEveryMonthInYearlyModeTest" time="0.0" classname="testcases.SchedulesTests">
    <ignored/>
  </testcase> <!-- ChangeEveryMonthInYearlyModeTest -->
  <testcase name="ChangeThatUncheckedModeElementsAreDisabledInYearlyModeTest" time="0.0" classname="testcases.SchedulesTests">
    <ignored/>
  </testcase> <!-- ChangeThatUncheckedModeElementsAreDisabledInYearlyModeTest -->
</testsuite> <!-- Default test(failed) -->
