<?xml version="1.0" encoding="UTF-8"?>
<!-- Generated by org.testng.reporters.JUnitXMLReporter -->
<testsuite hostname="BORSE-PC" ignored="1" name="Views" tests="14" failures="3" timestamp="2019-12-09T18:55:24 IST" time="1050.05" errors="0">
  <testcase name="AddNewViewTest" time="66.992" classname="testcases.ViewsTest">
    <failure type="java.lang.AssertionError" message="expected [11] but found [10]">
      <![CDATA[java.lang.AssertionError: expected [11] but found [10]
at testcases.ViewsTest.AddNewViewTest(ViewsTest.java:161)
at java.util.ArrayList.forEach(Unknown Source)
... Removed 32 stack frames]]>
    </failure>
  </testcase> <!-- AddNewViewTest -->
  <testcase name="AddNewViewWithoutLayoutTest" time="0.819" classname="testcases.ViewsTest">
    <failure type="java.lang.AssertionError" message="did not expect to find [true] but found [false]">
      <![CDATA[java.lang.AssertionError: did not expect to find [true] but found [false]
at testcases.ViewsTest.AddNewViewWithoutLayoutTest(ViewsTest.java:579)
at java.util.ArrayList.forEach(Unknown Source)
... Removed 31 stack frames]]>
    </failure>
  </testcase> <!-- AddNewViewWithoutLayoutTest -->
  <testcase name="CancelDeletingViewByButton" time="25.533" classname="testcases.ViewsTest"/>
  <testcase name="CancelRemovingViewByIconTest" time="25.963" classname="testcases.ViewsTest"/>
  <testcase name="ChangeLayoutTest" time="51.818" classname="testcases.ViewsTest">
    <failure type="java.lang.AssertionError" message="expected [2] but found [17]">
      <![CDATA[java.lang.AssertionError: expected [2] but found [17]
at testcases.ViewsTest.ChangeLayoutTest(ViewsTest.java:636)
at java.util.ArrayList.forEach(Unknown Source)
... Removed 32 stack frames]]>
    </failure>
  </testcase> <!-- ChangeLayoutTest -->
  <testcase name="ChangeNameTest" time="52.487" classname="testcases.ViewsTest"/>
  <testcase name="ChangeRemarksTest" time="23.743" classname="testcases.ViewsTest"/>
  <testcase name="ChangeVisibilityStatusTest" time="42.042" classname="testcases.ViewsTest"/>
  <testcase name="ClearViewAndDragResourceTest" time="55.552" classname="testcases.ViewsTest"/>
  <testcase name="ClearViewTest" time="52.641" classname="testcases.ViewsTest"/>
  <testcase name="DeleteViewByButtonTest" time="34.376" classname="testcases.ViewsTest"/>
  <testcase name="DeleteViewByIconTest" time="37.058" classname="testcases.ViewsTest"/>
  <testcase name="ResourceFilterTest" time="2.67" classname="testcases.ViewsTest"/>
  <testcase name="ViewsFilterTest" time="1.185" classname="testcases.ViewsTest"/>
  <testcase name="DeleteCameraAndCheckInViewTest" time="0.0" classname="testcases.ViewsTest">
    <ignored/>
  </testcase> <!-- DeleteCameraAndCheckInViewTest -->
</testsuite> <!-- Views -->
