<?xml version="1.0" encoding="UTF-8"?>
<!-- Generated by org.testng.reporters.JUnitXMLReporter -->
<testsuite hostname="BORSE-PC" ignored="202" name="Default test(failed)(failed)(failed)(failed)" tests="59" failures="44" timestamp="2020-04-02T14:44:04 IST" time="12920.512" errors="0">
  <testcase name="@BeforeMethod GoToAudioChannelsPage" time="398.767" classname="testcases.AudioChannelsTest">
    <failure type="org.openqa.selenium.TimeoutException" message="Timed out waiting for page to load.
Build info: version: &amp;apos;3.9.1&amp;apos;, revision: &amp;apos;63f7b50&amp;apos;, time: &amp;apos;2018-02-07T22:25:02.294Z&amp;apos;
System info: host: &amp;apos;BORSE-PC&amp;apos;, ip: &amp;apos;172.20.1.58&amp;apos;, os.name: &amp;apos;Windows 10&amp;apos;, os.arch: &amp;apos;amd64&amp;apos;, os.version: &amp;apos;10.0&amp;apos;, java.version: &amp;apos;1.8.0_202&amp;apos;
Driver info: org.openqa.selenium.ie.InternetExplorerDriver
Capabilities {acceptInsecureCerts: false, browserName: internet explorer, browserVersion: 11, javascriptEnabled: true, pageLoadStrategy: normal, platform: WINDOWS, platformName: WINDOWS, proxy: Proxy(), se:ieOptions: {browserAttachTimeout: 0, elementScrollBehavior: 0, enablePersistentHover: true, ie.browserCommandLineSwitches: , ie.edgechromium: false, ie.edgepath: , ie.ensureCleanSession: true, ie.fileUploadDialogTimeout: 3000, ie.forceCreateProcessApi: false, ignoreProtectedModeSettings: true, ignoreZoomSetting: false, initialBrowserUrl: http://localhost:31804/, nativeEvents: true, requireWindowFocus: false}, setWindowRect: true, strictFileInteractability: false, timeouts: {implicit: 0, pageLoad: 300000, script: 30000}, unhandledPromptBehavior: dismiss and notify}
Session ID: 267153f0-81c5-4a32-b056-4941dac48a5f">
      <![CDATA[org.openqa.selenium.TimeoutException: Timed out waiting for page to load.
Build info: version: '3.9.1', revision: '63f7b50', time: '2018-02-07T22:25:02.294Z'
System info: host: 'BORSE-PC', ip: '172.20.1.58', os.name: 'Windows 10', os.arch: 'amd64', os.version: '10.0', java.version: '1.8.0_202'
Driver info: org.openqa.selenium.ie.InternetExplorerDriver
Capabilities {acceptInsecureCerts: false, browserName: internet explorer, browserVersion: 11, javascriptEnabled: true, pageLoadStrategy: normal, platform: WINDOWS, platformName: WINDOWS, proxy: Proxy(), se:ieOptions: {browserAttachTimeout: 0, elementScrollBehavior: 0, enablePersistentHover: true, ie.browserCommandLineSwitches: , ie.edgechromium: false, ie.edgepath: , ie.ensureCleanSession: true, ie.fileUploadDialogTimeout: 3000, ie.forceCreateProcessApi: false, ignoreProtectedModeSettings: true, ignoreZoomSetting: false, initialBrowserUrl: http://localhost:31804/, nativeEvents: true, requireWindowFocus: false}, setWindowRect: true, strictFileInteractability: false, timeouts: {implicit: 0, pageLoad: 300000, script: 30000}, unhandledPromptBehavior: dismiss and notify}
Session ID: 267153f0-81c5-4a32-b056-4941dac48a5f
at org.openqa.selenium.remote.http.W3CHttpResponseCodec.createException(W3CHttpResponseCodec.java:187)
at org.openqa.selenium.remote.http.W3CHttpResponseCodec.decode(W3CHttpResponseCodec.java:122)
at org.openqa.selenium.remote.http.W3CHttpResponseCodec.decode(W3CHttpResponseCodec.java:49)
at org.openqa.selenium.remote.HttpCommandExecutor.execute(HttpCommandExecutor.java:160)
at org.openqa.selenium.remote.service.DriverCommandExecutor.execute(DriverCommandExecutor.java:83)
at org.openqa.selenium.remote.RemoteWebDriver.execute(RemoteWebDriver.java:601)
at org.openqa.selenium.remote.RemoteWebDriver.get(RemoteWebDriver.java:325)
at testcases.AudioChannelsTest.GoToAudioChannelsPage(AudioChannelsTest.java:74)
at java.util.ArrayList.forEach(ArrayList.java:1257)
... Removed 35 stack frames]]>
    </failure>
  </testcase> <!-- @BeforeMethod GoToAudioChannelsPage -->
  <testcase name="@AfterMethod afterMethod" time="-1.585809394565E9" classname="testcases.AudioChannelsTest">
    <skipped/>
  </testcase> <!-- @AfterMethod afterMethod -->
  <testcase name="@BeforeMethod GoToAudioChannelsPage" time="396.768" classname="testcases.AudioChannelsTest">
    <failure type="org.openqa.selenium.TimeoutException" message="Timed out waiting for page to load.
Build info: version: &amp;apos;3.9.1&amp;apos;, revision: &amp;apos;63f7b50&amp;apos;, time: &amp;apos;2018-02-07T22:25:02.294Z&amp;apos;
System info: host: &amp;apos;BORSE-PC&amp;apos;, ip: &amp;apos;172.20.1.58&amp;apos;, os.name: &amp;apos;Windows 10&amp;apos;, os.arch: &amp;apos;amd64&amp;apos;, os.version: &amp;apos;10.0&amp;apos;, java.version: &amp;apos;1.8.0_202&amp;apos;
Driver info: org.openqa.selenium.ie.InternetExplorerDriver
Capabilities {acceptInsecureCerts: false, browserName: internet explorer, browserVersion: 11, javascriptEnabled: true, pageLoadStrategy: normal, platform: WINDOWS, platformName: WINDOWS, proxy: Proxy(), se:ieOptions: {browserAttachTimeout: 0, elementScrollBehavior: 0, enablePersistentHover: true, ie.browserCommandLineSwitches: , ie.edgechromium: false, ie.edgepath: , ie.ensureCleanSession: true, ie.fileUploadDialogTimeout: 3000, ie.forceCreateProcessApi: false, ignoreProtectedModeSettings: true, ignoreZoomSetting: false, initialBrowserUrl: http://localhost:44458/, nativeEvents: true, requireWindowFocus: false}, setWindowRect: true, strictFileInteractability: false, timeouts: {implicit: 0, pageLoad: 300000, script: 30000}, unhandledPromptBehavior: dismiss and notify}
Session ID: e60498b0-f27e-4eea-bccd-982c0984fc25">
      <![CDATA[org.openqa.selenium.TimeoutException: Timed out waiting for page to load.
Build info: version: '3.9.1', revision: '63f7b50', time: '2018-02-07T22:25:02.294Z'
System info: host: 'BORSE-PC', ip: '172.20.1.58', os.name: 'Windows 10', os.arch: 'amd64', os.version: '10.0', java.version: '1.8.0_202'
Driver info: org.openqa.selenium.ie.InternetExplorerDriver
Capabilities {acceptInsecureCerts: false, browserName: internet explorer, browserVersion: 11, javascriptEnabled: true, pageLoadStrategy: normal, platform: WINDOWS, platformName: WINDOWS, proxy: Proxy(), se:ieOptions: {browserAttachTimeout: 0, elementScrollBehavior: 0, enablePersistentHover: true, ie.browserCommandLineSwitches: , ie.edgechromium: false, ie.edgepath: , ie.ensureCleanSession: true, ie.fileUploadDialogTimeout: 3000, ie.forceCreateProcessApi: false, ignoreProtectedModeSettings: true, ignoreZoomSetting: false, initialBrowserUrl: http://localhost:44458/, nativeEvents: true, requireWindowFocus: false}, setWindowRect: true, strictFileInteractability: false, timeouts: {implicit: 0, pageLoad: 300000, script: 30000}, unhandledPromptBehavior: dismiss and notify}
Session ID: e60498b0-f27e-4eea-bccd-982c0984fc25
at org.openqa.selenium.remote.http.W3CHttpResponseCodec.createException(W3CHttpResponseCodec.java:187)
at org.openqa.selenium.remote.http.W3CHttpResponseCodec.decode(W3CHttpResponseCodec.java:122)
at org.openqa.selenium.remote.http.W3CHttpResponseCodec.decode(W3CHttpResponseCodec.java:49)
at org.openqa.selenium.remote.HttpCommandExecutor.execute(HttpCommandExecutor.java:160)
at org.openqa.selenium.remote.service.DriverCommandExecutor.execute(DriverCommandExecutor.java:83)
at org.openqa.selenium.remote.RemoteWebDriver.execute(RemoteWebDriver.java:601)
at org.openqa.selenium.remote.RemoteWebDriver.get(RemoteWebDriver.java:325)
at testcases.AudioChannelsTest.GoToAudioChannelsPage(AudioChannelsTest.java:74)
at java.util.ArrayList.forEach(ArrayList.java:1257)
... Removed 35 stack frames]]>
    </failure>
  </testcase> <!-- @BeforeMethod GoToAudioChannelsPage -->
  <testcase name="@AfterMethod afterMethod" time="-1.585809791336E9" classname="testcases.AudioChannelsTest">
    <skipped/>
  </testcase> <!-- @AfterMethod afterMethod -->
  <testcase name="@BeforeMethod GoToAudioChannelsPage" time="397.775" classname="testcases.AudioChannelsTest">
    <failure type="org.openqa.selenium.TimeoutException" message="Timed out waiting for page to load.
Build info: version: &amp;apos;3.9.1&amp;apos;, revision: &amp;apos;63f7b50&amp;apos;, time: &amp;apos;2018-02-07T22:25:02.294Z&amp;apos;
System info: host: &amp;apos;BORSE-PC&amp;apos;, ip: &amp;apos;172.20.1.58&amp;apos;, os.name: &amp;apos;Windows 10&amp;apos;, os.arch: &amp;apos;amd64&amp;apos;, os.version: &amp;apos;10.0&amp;apos;, java.version: &amp;apos;1.8.0_202&amp;apos;
Driver info: org.openqa.selenium.ie.InternetExplorerDriver
Capabilities {acceptInsecureCerts: false, browserName: internet explorer, browserVersion: 11, javascriptEnabled: true, pageLoadStrategy: normal, platform: WINDOWS, platformName: WINDOWS, proxy: Proxy(), se:ieOptions: {browserAttachTimeout: 0, elementScrollBehavior: 0, enablePersistentHover: true, ie.browserCommandLineSwitches: , ie.edgechromium: false, ie.edgepath: , ie.ensureCleanSession: true, ie.fileUploadDialogTimeout: 3000, ie.forceCreateProcessApi: false, ignoreProtectedModeSettings: true, ignoreZoomSetting: false, initialBrowserUrl: http://localhost:13065/, nativeEvents: true, requireWindowFocus: false}, setWindowRect: true, strictFileInteractability: false, timeouts: {implicit: 0, pageLoad: 300000, script: 30000}, unhandledPromptBehavior: dismiss and notify}
Session ID: 11489e71-e747-40cb-91d3-063c74fec90c">
      <![CDATA[org.openqa.selenium.TimeoutException: Timed out waiting for page to load.
Build info: version: '3.9.1', revision: '63f7b50', time: '2018-02-07T22:25:02.294Z'
System info: host: 'BORSE-PC', ip: '172.20.1.58', os.name: 'Windows 10', os.arch: 'amd64', os.version: '10.0', java.version: '1.8.0_202'
Driver info: org.openqa.selenium.ie.InternetExplorerDriver
Capabilities {acceptInsecureCerts: false, browserName: internet explorer, browserVersion: 11, javascriptEnabled: true, pageLoadStrategy: normal, platform: WINDOWS, platformName: WINDOWS, proxy: Proxy(), se:ieOptions: {browserAttachTimeout: 0, elementScrollBehavior: 0, enablePersistentHover: true, ie.browserCommandLineSwitches: , ie.edgechromium: false, ie.edgepath: , ie.ensureCleanSession: true, ie.fileUploadDialogTimeout: 3000, ie.forceCreateProcessApi: false, ignoreProtectedModeSettings: true, ignoreZoomSetting: false, initialBrowserUrl: http://localhost:13065/, nativeEvents: true, requireWindowFocus: false}, setWindowRect: true, strictFileInteractability: false, timeouts: {implicit: 0, pageLoad: 300000, script: 30000}, unhandledPromptBehavior: dismiss and notify}
Session ID: 11489e71-e747-40cb-91d3-063c74fec90c
at org.openqa.selenium.remote.http.W3CHttpResponseCodec.createException(W3CHttpResponseCodec.java:187)
at org.openqa.selenium.remote.http.W3CHttpResponseCodec.decode(W3CHttpResponseCodec.java:122)
at org.openqa.selenium.remote.http.W3CHttpResponseCodec.decode(W3CHttpResponseCodec.java:49)
at org.openqa.selenium.remote.HttpCommandExecutor.execute(HttpCommandExecutor.java:160)
at org.openqa.selenium.remote.service.DriverCommandExecutor.execute(DriverCommandExecutor.java:83)
at org.openqa.selenium.remote.RemoteWebDriver.execute(RemoteWebDriver.java:601)
at org.openqa.selenium.remote.RemoteWebDriver.get(RemoteWebDriver.java:325)
at testcases.AudioChannelsTest.GoToAudioChannelsPage(AudioChannelsTest.java:74)
at java.util.ArrayList.forEach(ArrayList.java:1257)
... Removed 35 stack frames]]>
    </failure>
  </testcase> <!-- @BeforeMethod GoToAudioChannelsPage -->
  <testcase name="@AfterMethod afterMethod" time="-1.585810189113E9" classname="testcases.AudioChannelsTest">
    <skipped/>
  </testcase> <!-- @AfterMethod afterMethod -->
  <testcase name="@BeforeMethod GoToAudioChannelsPage" time="397.206" classname="testcases.AudioChannelsTest">
    <failure type="org.openqa.selenium.TimeoutException" message="Timed out waiting for page to load.
Build info: version: &amp;apos;3.9.1&amp;apos;, revision: &amp;apos;63f7b50&amp;apos;, time: &amp;apos;2018-02-07T22:25:02.294Z&amp;apos;
System info: host: &amp;apos;BORSE-PC&amp;apos;, ip: &amp;apos;172.20.1.58&amp;apos;, os.name: &amp;apos;Windows 10&amp;apos;, os.arch: &amp;apos;amd64&amp;apos;, os.version: &amp;apos;10.0&amp;apos;, java.version: &amp;apos;1.8.0_202&amp;apos;
Driver info: org.openqa.selenium.ie.InternetExplorerDriver
Capabilities {acceptInsecureCerts: false, browserName: internet explorer, browserVersion: 11, javascriptEnabled: true, pageLoadStrategy: normal, platform: WINDOWS, platformName: WINDOWS, proxy: Proxy(), se:ieOptions: {browserAttachTimeout: 0, elementScrollBehavior: 0, enablePersistentHover: true, ie.browserCommandLineSwitches: , ie.edgechromium: false, ie.edgepath: , ie.ensureCleanSession: true, ie.fileUploadDialogTimeout: 3000, ie.forceCreateProcessApi: false, ignoreProtectedModeSettings: true, ignoreZoomSetting: false, initialBrowserUrl: http://localhost:17129/, nativeEvents: true, requireWindowFocus: false}, setWindowRect: true, strictFileInteractability: false, timeouts: {implicit: 0, pageLoad: 300000, script: 30000}, unhandledPromptBehavior: dismiss and notify}
Session ID: a7134449-d7fb-4738-848a-7c884b86ac98">
      <![CDATA[org.openqa.selenium.TimeoutException: Timed out waiting for page to load.
Build info: version: '3.9.1', revision: '63f7b50', time: '2018-02-07T22:25:02.294Z'
System info: host: 'BORSE-PC', ip: '172.20.1.58', os.name: 'Windows 10', os.arch: 'amd64', os.version: '10.0', java.version: '1.8.0_202'
Driver info: org.openqa.selenium.ie.InternetExplorerDriver
Capabilities {acceptInsecureCerts: false, browserName: internet explorer, browserVersion: 11, javascriptEnabled: true, pageLoadStrategy: normal, platform: WINDOWS, platformName: WINDOWS, proxy: Proxy(), se:ieOptions: {browserAttachTimeout: 0, elementScrollBehavior: 0, enablePersistentHover: true, ie.browserCommandLineSwitches: , ie.edgechromium: false, ie.edgepath: , ie.ensureCleanSession: true, ie.fileUploadDialogTimeout: 3000, ie.forceCreateProcessApi: false, ignoreProtectedModeSettings: true, ignoreZoomSetting: false, initialBrowserUrl: http://localhost:17129/, nativeEvents: true, requireWindowFocus: false}, setWindowRect: true, strictFileInteractability: false, timeouts: {implicit: 0, pageLoad: 300000, script: 30000}, unhandledPromptBehavior: dismiss and notify}
Session ID: a7134449-d7fb-4738-848a-7c884b86ac98
at org.openqa.selenium.remote.http.W3CHttpResponseCodec.createException(W3CHttpResponseCodec.java:187)
at org.openqa.selenium.remote.http.W3CHttpResponseCodec.decode(W3CHttpResponseCodec.java:122)
at org.openqa.selenium.remote.http.W3CHttpResponseCodec.decode(W3CHttpResponseCodec.java:49)
at org.openqa.selenium.remote.HttpCommandExecutor.execute(HttpCommandExecutor.java:160)
at org.openqa.selenium.remote.service.DriverCommandExecutor.execute(DriverCommandExecutor.java:83)
at org.openqa.selenium.remote.RemoteWebDriver.execute(RemoteWebDriver.java:601)
at org.openqa.selenium.remote.RemoteWebDriver.get(RemoteWebDriver.java:325)
at testcases.AudioChannelsTest.GoToAudioChannelsPage(AudioChannelsTest.java:74)
at java.util.ArrayList.forEach(ArrayList.java:1257)
... Removed 35 stack frames]]>
    </failure>
  </testcase> <!-- @BeforeMethod GoToAudioChannelsPage -->
  <testcase name="@AfterMethod afterMethod" time="-1.585810586321E9" classname="testcases.AudioChannelsTest">
    <skipped/>
  </testcase> <!-- @AfterMethod afterMethod -->
  <testcase name="@AfterClass endReport" time="-1.585810586321E9" classname="testcases.AudioChannelsTest">
    <skipped/>
  </testcase> <!-- @AfterClass endReport -->
  <testcase name="@BeforeMethod GoToAudioChannelsPage" time="396.611" classname="testcases.AudioChannelsElementsTest">
    <failure type="org.openqa.selenium.TimeoutException" message="Timed out waiting for page to load.
Build info: version: &amp;apos;3.9.1&amp;apos;, revision: &amp;apos;63f7b50&amp;apos;, time: &amp;apos;2018-02-07T22:25:02.294Z&amp;apos;
System info: host: &amp;apos;BORSE-PC&amp;apos;, ip: &amp;apos;172.20.1.58&amp;apos;, os.name: &amp;apos;Windows 10&amp;apos;, os.arch: &amp;apos;amd64&amp;apos;, os.version: &amp;apos;10.0&amp;apos;, java.version: &amp;apos;1.8.0_202&amp;apos;
Driver info: org.openqa.selenium.ie.InternetExplorerDriver
Capabilities {acceptInsecureCerts: false, browserName: internet explorer, browserVersion: 11, javascriptEnabled: true, pageLoadStrategy: normal, platform: WINDOWS, platformName: WINDOWS, proxy: Proxy(), se:ieOptions: {browserAttachTimeout: 0, elementScrollBehavior: 0, enablePersistentHover: true, ie.browserCommandLineSwitches: , ie.edgechromium: false, ie.edgepath: , ie.ensureCleanSession: true, ie.fileUploadDialogTimeout: 3000, ie.forceCreateProcessApi: false, ignoreProtectedModeSettings: true, ignoreZoomSetting: false, initialBrowserUrl: http://localhost:40119/, nativeEvents: true, requireWindowFocus: false}, setWindowRect: true, strictFileInteractability: false, timeouts: {implicit: 0, pageLoad: 300000, script: 30000}, unhandledPromptBehavior: dismiss and notify}
Session ID: 4283abbf-7ee1-47e6-9701-9b4cbee67ddd">
      <![CDATA[org.openqa.selenium.TimeoutException: Timed out waiting for page to load.
Build info: version: '3.9.1', revision: '63f7b50', time: '2018-02-07T22:25:02.294Z'
System info: host: 'BORSE-PC', ip: '172.20.1.58', os.name: 'Windows 10', os.arch: 'amd64', os.version: '10.0', java.version: '1.8.0_202'
Driver info: org.openqa.selenium.ie.InternetExplorerDriver
Capabilities {acceptInsecureCerts: false, browserName: internet explorer, browserVersion: 11, javascriptEnabled: true, pageLoadStrategy: normal, platform: WINDOWS, platformName: WINDOWS, proxy: Proxy(), se:ieOptions: {browserAttachTimeout: 0, elementScrollBehavior: 0, enablePersistentHover: true, ie.browserCommandLineSwitches: , ie.edgechromium: false, ie.edgepath: , ie.ensureCleanSession: true, ie.fileUploadDialogTimeout: 3000, ie.forceCreateProcessApi: false, ignoreProtectedModeSettings: true, ignoreZoomSetting: false, initialBrowserUrl: http://localhost:40119/, nativeEvents: true, requireWindowFocus: false}, setWindowRect: true, strictFileInteractability: false, timeouts: {implicit: 0, pageLoad: 300000, script: 30000}, unhandledPromptBehavior: dismiss and notify}
Session ID: 4283abbf-7ee1-47e6-9701-9b4cbee67ddd
at org.openqa.selenium.remote.http.W3CHttpResponseCodec.createException(W3CHttpResponseCodec.java:187)
at org.openqa.selenium.remote.http.W3CHttpResponseCodec.decode(W3CHttpResponseCodec.java:122)
at org.openqa.selenium.remote.http.W3CHttpResponseCodec.decode(W3CHttpResponseCodec.java:49)
at org.openqa.selenium.remote.HttpCommandExecutor.execute(HttpCommandExecutor.java:160)
at org.openqa.selenium.remote.service.DriverCommandExecutor.execute(DriverCommandExecutor.java:83)
at org.openqa.selenium.remote.RemoteWebDriver.execute(RemoteWebDriver.java:601)
at org.openqa.selenium.remote.RemoteWebDriver.get(RemoteWebDriver.java:325)
at testcases.AudioChannelsElementsTest.GoToAudioChannelsPage(AudioChannelsElementsTest.java:99)
at java.util.ArrayList.forEach(ArrayList.java:1257)
... Removed 35 stack frames]]>
    </failure>
  </testcase> <!-- @BeforeMethod GoToAudioChannelsPage -->
  <testcase name="@AfterMethod afterMethod" time="-1.585810982934E9" classname="testcases.AudioChannelsElementsTest">
    <skipped/>
  </testcase> <!-- @AfterMethod afterMethod -->
  <testcase name="@BeforeMethod GoToAudioChannelsPage" time="397.555" classname="testcases.AudioChannelsElementsTest">
    <failure type="org.openqa.selenium.TimeoutException" message="Timed out waiting for page to load.
Build info: version: &amp;apos;3.9.1&amp;apos;, revision: &amp;apos;63f7b50&amp;apos;, time: &amp;apos;2018-02-07T22:25:02.294Z&amp;apos;
System info: host: &amp;apos;BORSE-PC&amp;apos;, ip: &amp;apos;172.20.1.58&amp;apos;, os.name: &amp;apos;Windows 10&amp;apos;, os.arch: &amp;apos;amd64&amp;apos;, os.version: &amp;apos;10.0&amp;apos;, java.version: &amp;apos;1.8.0_202&amp;apos;
Driver info: org.openqa.selenium.ie.InternetExplorerDriver
Capabilities {acceptInsecureCerts: false, browserName: internet explorer, browserVersion: 11, javascriptEnabled: true, pageLoadStrategy: normal, platform: WINDOWS, platformName: WINDOWS, proxy: Proxy(), se:ieOptions: {browserAttachTimeout: 0, elementScrollBehavior: 0, enablePersistentHover: true, ie.browserCommandLineSwitches: , ie.edgechromium: false, ie.edgepath: , ie.ensureCleanSession: true, ie.fileUploadDialogTimeout: 3000, ie.forceCreateProcessApi: false, ignoreProtectedModeSettings: true, ignoreZoomSetting: false, initialBrowserUrl: http://localhost:2867/, nativeEvents: true, requireWindowFocus: false}, setWindowRect: true, strictFileInteractability: false, timeouts: {implicit: 0, pageLoad: 300000, script: 30000}, unhandledPromptBehavior: dismiss and notify}
Session ID: 4051ddc0-1caa-41a2-b16f-c9bd7555baac">
      <![CDATA[org.openqa.selenium.TimeoutException: Timed out waiting for page to load.
Build info: version: '3.9.1', revision: '63f7b50', time: '2018-02-07T22:25:02.294Z'
System info: host: 'BORSE-PC', ip: '172.20.1.58', os.name: 'Windows 10', os.arch: 'amd64', os.version: '10.0', java.version: '1.8.0_202'
Driver info: org.openqa.selenium.ie.InternetExplorerDriver
Capabilities {acceptInsecureCerts: false, browserName: internet explorer, browserVersion: 11, javascriptEnabled: true, pageLoadStrategy: normal, platform: WINDOWS, platformName: WINDOWS, proxy: Proxy(), se:ieOptions: {browserAttachTimeout: 0, elementScrollBehavior: 0, enablePersistentHover: true, ie.browserCommandLineSwitches: , ie.edgechromium: false, ie.edgepath: , ie.ensureCleanSession: true, ie.fileUploadDialogTimeout: 3000, ie.forceCreateProcessApi: false, ignoreProtectedModeSettings: true, ignoreZoomSetting: false, initialBrowserUrl: http://localhost:2867/, nativeEvents: true, requireWindowFocus: false}, setWindowRect: true, strictFileInteractability: false, timeouts: {implicit: 0, pageLoad: 300000, script: 30000}, unhandledPromptBehavior: dismiss and notify}
Session ID: 4051ddc0-1caa-41a2-b16f-c9bd7555baac
at org.openqa.selenium.remote.http.W3CHttpResponseCodec.createException(W3CHttpResponseCodec.java:187)
at org.openqa.selenium.remote.http.W3CHttpResponseCodec.decode(W3CHttpResponseCodec.java:122)
at org.openqa.selenium.remote.http.W3CHttpResponseCodec.decode(W3CHttpResponseCodec.java:49)
at org.openqa.selenium.remote.HttpCommandExecutor.execute(HttpCommandExecutor.java:160)
at org.openqa.selenium.remote.service.DriverCommandExecutor.execute(DriverCommandExecutor.java:83)
at org.openqa.selenium.remote.RemoteWebDriver.execute(RemoteWebDriver.java:601)
at org.openqa.selenium.remote.RemoteWebDriver.get(RemoteWebDriver.java:325)
at testcases.AudioChannelsElementsTest.GoToAudioChannelsPage(AudioChannelsElementsTest.java:99)
at java.util.ArrayList.forEach(ArrayList.java:1257)
... Removed 35 stack frames]]>
    </failure>
  </testcase> <!-- @BeforeMethod GoToAudioChannelsPage -->
  <testcase name="@AfterMethod afterMethod" time="-1.585811380491E9" classname="testcases.AudioChannelsElementsTest">
    <skipped/>
  </testcase> <!-- @AfterMethod afterMethod -->
  <testcase name="@BeforeMethod GoToAudioChannelsPage" time="400.144" classname="testcases.AudioChannelsElementsTest">
    <failure type="org.openqa.selenium.TimeoutException" message="Timed out waiting for page to load.
Build info: version: &amp;apos;3.9.1&amp;apos;, revision: &amp;apos;63f7b50&amp;apos;, time: &amp;apos;2018-02-07T22:25:02.294Z&amp;apos;
System info: host: &amp;apos;BORSE-PC&amp;apos;, ip: &amp;apos;172.20.1.58&amp;apos;, os.name: &amp;apos;Windows 10&amp;apos;, os.arch: &amp;apos;amd64&amp;apos;, os.version: &amp;apos;10.0&amp;apos;, java.version: &amp;apos;1.8.0_202&amp;apos;
Driver info: org.openqa.selenium.ie.InternetExplorerDriver
Capabilities {acceptInsecureCerts: false, browserName: internet explorer, browserVersion: 11, javascriptEnabled: true, pageLoadStrategy: normal, platform: WINDOWS, platformName: WINDOWS, proxy: Proxy(), se:ieOptions: {browserAttachTimeout: 0, elementScrollBehavior: 0, enablePersistentHover: true, ie.browserCommandLineSwitches: , ie.edgechromium: false, ie.edgepath: , ie.ensureCleanSession: true, ie.fileUploadDialogTimeout: 3000, ie.forceCreateProcessApi: false, ignoreProtectedModeSettings: true, ignoreZoomSetting: false, initialBrowserUrl: http://localhost:26587/, nativeEvents: true, requireWindowFocus: false}, setWindowRect: true, strictFileInteractability: false, timeouts: {implicit: 0, pageLoad: 300000, script: 30000}, unhandledPromptBehavior: dismiss and notify}
Session ID: 066a8dd0-6758-4b31-91b4-ddd0a1466c1d">
      <![CDATA[org.openqa.selenium.TimeoutException: Timed out waiting for page to load.
Build info: version: '3.9.1', revision: '63f7b50', time: '2018-02-07T22:25:02.294Z'
System info: host: 'BORSE-PC', ip: '172.20.1.58', os.name: 'Windows 10', os.arch: 'amd64', os.version: '10.0', java.version: '1.8.0_202'
Driver info: org.openqa.selenium.ie.InternetExplorerDriver
Capabilities {acceptInsecureCerts: false, browserName: internet explorer, browserVersion: 11, javascriptEnabled: true, pageLoadStrategy: normal, platform: WINDOWS, platformName: WINDOWS, proxy: Proxy(), se:ieOptions: {browserAttachTimeout: 0, elementScrollBehavior: 0, enablePersistentHover: true, ie.browserCommandLineSwitches: , ie.edgechromium: false, ie.edgepath: , ie.ensureCleanSession: true, ie.fileUploadDialogTimeout: 3000, ie.forceCreateProcessApi: false, ignoreProtectedModeSettings: true, ignoreZoomSetting: false, initialBrowserUrl: http://localhost:26587/, nativeEvents: true, requireWindowFocus: false}, setWindowRect: true, strictFileInteractability: false, timeouts: {implicit: 0, pageLoad: 300000, script: 30000}, unhandledPromptBehavior: dismiss and notify}
Session ID: 066a8dd0-6758-4b31-91b4-ddd0a1466c1d
at org.openqa.selenium.remote.http.W3CHttpResponseCodec.createException(W3CHttpResponseCodec.java:187)
at org.openqa.selenium.remote.http.W3CHttpResponseCodec.decode(W3CHttpResponseCodec.java:122)
at org.openqa.selenium.remote.http.W3CHttpResponseCodec.decode(W3CHttpResponseCodec.java:49)
at org.openqa.selenium.remote.HttpCommandExecutor.execute(HttpCommandExecutor.java:160)
at org.openqa.selenium.remote.service.DriverCommandExecutor.execute(DriverCommandExecutor.java:83)
at org.openqa.selenium.remote.RemoteWebDriver.execute(RemoteWebDriver.java:601)
at org.openqa.selenium.remote.RemoteWebDriver.get(RemoteWebDriver.java:325)
at testcases.AudioChannelsElementsTest.GoToAudioChannelsPage(AudioChannelsElementsTest.java:99)
at java.util.ArrayList.forEach(ArrayList.java:1257)
... Removed 35 stack frames]]>
    </failure>
  </testcase> <!-- @BeforeMethod GoToAudioChannelsPage -->
  <testcase name="@AfterMethod afterMethod" time="-1.585811780638E9" classname="testcases.AudioChannelsElementsTest">
    <skipped/>
  </testcase> <!-- @AfterMethod afterMethod -->
  <testcase name="@BeforeMethod GoToAudioChannelsPage" time="403.495" classname="testcases.AudioChannelsElementsTest">
    <failure type="org.openqa.selenium.TimeoutException" message="Timed out waiting for page to load.
Build info: version: &amp;apos;3.9.1&amp;apos;, revision: &amp;apos;63f7b50&amp;apos;, time: &amp;apos;2018-02-07T22:25:02.294Z&amp;apos;
System info: host: &amp;apos;BORSE-PC&amp;apos;, ip: &amp;apos;172.20.1.58&amp;apos;, os.name: &amp;apos;Windows 10&amp;apos;, os.arch: &amp;apos;amd64&amp;apos;, os.version: &amp;apos;10.0&amp;apos;, java.version: &amp;apos;1.8.0_202&amp;apos;
Driver info: org.openqa.selenium.ie.InternetExplorerDriver
Capabilities {acceptInsecureCerts: false, browserName: internet explorer, browserVersion: 11, javascriptEnabled: true, pageLoadStrategy: normal, platform: WINDOWS, platformName: WINDOWS, proxy: Proxy(), se:ieOptions: {browserAttachTimeout: 0, elementScrollBehavior: 0, enablePersistentHover: true, ie.browserCommandLineSwitches: , ie.edgechromium: false, ie.edgepath: , ie.ensureCleanSession: true, ie.fileUploadDialogTimeout: 3000, ie.forceCreateProcessApi: false, ignoreProtectedModeSettings: true, ignoreZoomSetting: false, initialBrowserUrl: http://localhost:29393/, nativeEvents: true, requireWindowFocus: false}, setWindowRect: true, strictFileInteractability: false, timeouts: {implicit: 0, pageLoad: 300000, script: 30000}, unhandledPromptBehavior: dismiss and notify}
Session ID: cb9b96ad-a802-4364-a824-d1d9f7c6fb75">
      <![CDATA[org.openqa.selenium.TimeoutException: Timed out waiting for page to load.
Build info: version: '3.9.1', revision: '63f7b50', time: '2018-02-07T22:25:02.294Z'
System info: host: 'BORSE-PC', ip: '172.20.1.58', os.name: 'Windows 10', os.arch: 'amd64', os.version: '10.0', java.version: '1.8.0_202'
Driver info: org.openqa.selenium.ie.InternetExplorerDriver
Capabilities {acceptInsecureCerts: false, browserName: internet explorer, browserVersion: 11, javascriptEnabled: true, pageLoadStrategy: normal, platform: WINDOWS, platformName: WINDOWS, proxy: Proxy(), se:ieOptions: {browserAttachTimeout: 0, elementScrollBehavior: 0, enablePersistentHover: true, ie.browserCommandLineSwitches: , ie.edgechromium: false, ie.edgepath: , ie.ensureCleanSession: true, ie.fileUploadDialogTimeout: 3000, ie.forceCreateProcessApi: false, ignoreProtectedModeSettings: true, ignoreZoomSetting: false, initialBrowserUrl: http://localhost:29393/, nativeEvents: true, requireWindowFocus: false}, setWindowRect: true, strictFileInteractability: false, timeouts: {implicit: 0, pageLoad: 300000, script: 30000}, unhandledPromptBehavior: dismiss and notify}
Session ID: cb9b96ad-a802-4364-a824-d1d9f7c6fb75
at org.openqa.selenium.remote.http.W3CHttpResponseCodec.createException(W3CHttpResponseCodec.java:187)
at org.openqa.selenium.remote.http.W3CHttpResponseCodec.decode(W3CHttpResponseCodec.java:122)
at org.openqa.selenium.remote.http.W3CHttpResponseCodec.decode(W3CHttpResponseCodec.java:49)
at org.openqa.selenium.remote.HttpCommandExecutor.execute(HttpCommandExecutor.java:160)
at org.openqa.selenium.remote.service.DriverCommandExecutor.execute(DriverCommandExecutor.java:83)
at org.openqa.selenium.remote.RemoteWebDriver.execute(RemoteWebDriver.java:601)
at org.openqa.selenium.remote.RemoteWebDriver.get(RemoteWebDriver.java:325)
at testcases.AudioChannelsElementsTest.GoToAudioChannelsPage(AudioChannelsElementsTest.java:99)
at java.util.ArrayList.forEach(ArrayList.java:1257)
... Removed 35 stack frames]]>
    </failure>
  </testcase> <!-- @BeforeMethod GoToAudioChannelsPage -->
  <testcase name="@AfterMethod afterMethod" time="-1.585812184134E9" classname="testcases.AudioChannelsElementsTest">
    <skipped/>
  </testcase> <!-- @AfterMethod afterMethod -->
  <testcase name="@BeforeMethod GoToAudioChannelsPage" time="398.521" classname="testcases.AudioChannelsElementsTest">
    <failure type="org.openqa.selenium.TimeoutException" message="Timed out waiting for page to load.
Build info: version: &amp;apos;3.9.1&amp;apos;, revision: &amp;apos;63f7b50&amp;apos;, time: &amp;apos;2018-02-07T22:25:02.294Z&amp;apos;
System info: host: &amp;apos;BORSE-PC&amp;apos;, ip: &amp;apos;172.20.1.58&amp;apos;, os.name: &amp;apos;Windows 10&amp;apos;, os.arch: &amp;apos;amd64&amp;apos;, os.version: &amp;apos;10.0&amp;apos;, java.version: &amp;apos;1.8.0_202&amp;apos;
Driver info: org.openqa.selenium.ie.InternetExplorerDriver
Capabilities {acceptInsecureCerts: false, browserName: internet explorer, browserVersion: 11, javascriptEnabled: true, pageLoadStrategy: normal, platform: WINDOWS, platformName: WINDOWS, proxy: Proxy(), se:ieOptions: {browserAttachTimeout: 0, elementScrollBehavior: 0, enablePersistentHover: true, ie.browserCommandLineSwitches: , ie.edgechromium: false, ie.edgepath: , ie.ensureCleanSession: true, ie.fileUploadDialogTimeout: 3000, ie.forceCreateProcessApi: false, ignoreProtectedModeSettings: true, ignoreZoomSetting: false, initialBrowserUrl: http://localhost:6611/, nativeEvents: true, requireWindowFocus: false}, setWindowRect: true, strictFileInteractability: false, timeouts: {implicit: 0, pageLoad: 300000, script: 30000}, unhandledPromptBehavior: dismiss and notify}
Session ID: 1fb3840d-3e38-44b1-aaf1-b9a1cf9367fb">
      <![CDATA[org.openqa.selenium.TimeoutException: Timed out waiting for page to load.
Build info: version: '3.9.1', revision: '63f7b50', time: '2018-02-07T22:25:02.294Z'
System info: host: 'BORSE-PC', ip: '172.20.1.58', os.name: 'Windows 10', os.arch: 'amd64', os.version: '10.0', java.version: '1.8.0_202'
Driver info: org.openqa.selenium.ie.InternetExplorerDriver
Capabilities {acceptInsecureCerts: false, browserName: internet explorer, browserVersion: 11, javascriptEnabled: true, pageLoadStrategy: normal, platform: WINDOWS, platformName: WINDOWS, proxy: Proxy(), se:ieOptions: {browserAttachTimeout: 0, elementScrollBehavior: 0, enablePersistentHover: true, ie.browserCommandLineSwitches: , ie.edgechromium: false, ie.edgepath: , ie.ensureCleanSession: true, ie.fileUploadDialogTimeout: 3000, ie.forceCreateProcessApi: false, ignoreProtectedModeSettings: true, ignoreZoomSetting: false, initialBrowserUrl: http://localhost:6611/, nativeEvents: true, requireWindowFocus: false}, setWindowRect: true, strictFileInteractability: false, timeouts: {implicit: 0, pageLoad: 300000, script: 30000}, unhandledPromptBehavior: dismiss and notify}
Session ID: 1fb3840d-3e38-44b1-aaf1-b9a1cf9367fb
at org.openqa.selenium.remote.http.W3CHttpResponseCodec.createException(W3CHttpResponseCodec.java:187)
at org.openqa.selenium.remote.http.W3CHttpResponseCodec.decode(W3CHttpResponseCodec.java:122)
at org.openqa.selenium.remote.http.W3CHttpResponseCodec.decode(W3CHttpResponseCodec.java:49)
at org.openqa.selenium.remote.HttpCommandExecutor.execute(HttpCommandExecutor.java:160)
at org.openqa.selenium.remote.service.DriverCommandExecutor.execute(DriverCommandExecutor.java:83)
at org.openqa.selenium.remote.RemoteWebDriver.execute(RemoteWebDriver.java:601)
at org.openqa.selenium.remote.RemoteWebDriver.get(RemoteWebDriver.java:325)
at testcases.AudioChannelsElementsTest.GoToAudioChannelsPage(AudioChannelsElementsTest.java:99)
at java.util.ArrayList.forEach(ArrayList.java:1257)
... Removed 35 stack frames]]>
    </failure>
  </testcase> <!-- @BeforeMethod GoToAudioChannelsPage -->
  <testcase name="@AfterMethod afterMethod" time="-1.585812582657E9" classname="testcases.AudioChannelsElementsTest">
    <skipped/>
  </testcase> <!-- @AfterMethod afterMethod -->
  <testcase name="@BeforeMethod GoToAudioChannelsPage" time="399.862" classname="testcases.AudioChannelsElementsTest">
    <failure type="org.openqa.selenium.TimeoutException" message="Timed out waiting for page to load.
Build info: version: &amp;apos;3.9.1&amp;apos;, revision: &amp;apos;63f7b50&amp;apos;, time: &amp;apos;2018-02-07T22:25:02.294Z&amp;apos;
System info: host: &amp;apos;BORSE-PC&amp;apos;, ip: &amp;apos;172.20.1.58&amp;apos;, os.name: &amp;apos;Windows 10&amp;apos;, os.arch: &amp;apos;amd64&amp;apos;, os.version: &amp;apos;10.0&amp;apos;, java.version: &amp;apos;1.8.0_202&amp;apos;
Driver info: org.openqa.selenium.ie.InternetExplorerDriver
Capabilities {acceptInsecureCerts: false, browserName: internet explorer, browserVersion: 11, javascriptEnabled: true, pageLoadStrategy: normal, platform: WINDOWS, platformName: WINDOWS, proxy: Proxy(), se:ieOptions: {browserAttachTimeout: 0, elementScrollBehavior: 0, enablePersistentHover: true, ie.browserCommandLineSwitches: , ie.edgechromium: false, ie.edgepath: , ie.ensureCleanSession: true, ie.fileUploadDialogTimeout: 3000, ie.forceCreateProcessApi: false, ignoreProtectedModeSettings: true, ignoreZoomSetting: false, initialBrowserUrl: http://localhost:11025/, nativeEvents: true, requireWindowFocus: false}, setWindowRect: true, strictFileInteractability: false, timeouts: {implicit: 0, pageLoad: 300000, script: 30000}, unhandledPromptBehavior: dismiss and notify}
Session ID: 02943b75-ac0a-4390-b8b1-0c8a4549f99a">
      <![CDATA[org.openqa.selenium.TimeoutException: Timed out waiting for page to load.
Build info: version: '3.9.1', revision: '63f7b50', time: '2018-02-07T22:25:02.294Z'
System info: host: 'BORSE-PC', ip: '172.20.1.58', os.name: 'Windows 10', os.arch: 'amd64', os.version: '10.0', java.version: '1.8.0_202'
Driver info: org.openqa.selenium.ie.InternetExplorerDriver
Capabilities {acceptInsecureCerts: false, browserName: internet explorer, browserVersion: 11, javascriptEnabled: true, pageLoadStrategy: normal, platform: WINDOWS, platformName: WINDOWS, proxy: Proxy(), se:ieOptions: {browserAttachTimeout: 0, elementScrollBehavior: 0, enablePersistentHover: true, ie.browserCommandLineSwitches: , ie.edgechromium: false, ie.edgepath: , ie.ensureCleanSession: true, ie.fileUploadDialogTimeout: 3000, ie.forceCreateProcessApi: false, ignoreProtectedModeSettings: true, ignoreZoomSetting: false, initialBrowserUrl: http://localhost:11025/, nativeEvents: true, requireWindowFocus: false}, setWindowRect: true, strictFileInteractability: false, timeouts: {implicit: 0, pageLoad: 300000, script: 30000}, unhandledPromptBehavior: dismiss and notify}
Session ID: 02943b75-ac0a-4390-b8b1-0c8a4549f99a
at org.openqa.selenium.remote.http.W3CHttpResponseCodec.createException(W3CHttpResponseCodec.java:187)
at org.openqa.selenium.remote.http.W3CHttpResponseCodec.decode(W3CHttpResponseCodec.java:122)
at org.openqa.selenium.remote.http.W3CHttpResponseCodec.decode(W3CHttpResponseCodec.java:49)
at org.openqa.selenium.remote.HttpCommandExecutor.execute(HttpCommandExecutor.java:160)
at org.openqa.selenium.remote.service.DriverCommandExecutor.execute(DriverCommandExecutor.java:83)
at org.openqa.selenium.remote.RemoteWebDriver.execute(RemoteWebDriver.java:601)
at org.openqa.selenium.remote.RemoteWebDriver.get(RemoteWebDriver.java:325)
at testcases.AudioChannelsElementsTest.GoToAudioChannelsPage(AudioChannelsElementsTest.java:99)
at java.util.ArrayList.forEach(ArrayList.java:1257)
... Removed 35 stack frames]]>
    </failure>
  </testcase> <!-- @BeforeMethod GoToAudioChannelsPage -->
  <testcase name="@AfterMethod afterMethod" time="-1.585812982521E9" classname="testcases.AudioChannelsElementsTest">
    <skipped/>
  </testcase> <!-- @AfterMethod afterMethod -->
  <testcase name="@BeforeMethod GoToAudioChannelsPage" time="399.975" classname="testcases.AudioChannelsElementsTest">
    <failure type="org.openqa.selenium.TimeoutException" message="Timed out waiting for page to load.
Build info: version: &amp;apos;3.9.1&amp;apos;, revision: &amp;apos;63f7b50&amp;apos;, time: &amp;apos;2018-02-07T22:25:02.294Z&amp;apos;
System info: host: &amp;apos;BORSE-PC&amp;apos;, ip: &amp;apos;172.20.1.58&amp;apos;, os.name: &amp;apos;Windows 10&amp;apos;, os.arch: &amp;apos;amd64&amp;apos;, os.version: &amp;apos;10.0&amp;apos;, java.version: &amp;apos;1.8.0_202&amp;apos;
Driver info: org.openqa.selenium.ie.InternetExplorerDriver
Capabilities {acceptInsecureCerts: false, browserName: internet explorer, browserVersion: 11, javascriptEnabled: true, pageLoadStrategy: normal, platform: WINDOWS, platformName: WINDOWS, proxy: Proxy(), se:ieOptions: {browserAttachTimeout: 0, elementScrollBehavior: 0, enablePersistentHover: true, ie.browserCommandLineSwitches: , ie.edgechromium: false, ie.edgepath: , ie.ensureCleanSession: true, ie.fileUploadDialogTimeout: 3000, ie.forceCreateProcessApi: false, ignoreProtectedModeSettings: true, ignoreZoomSetting: false, initialBrowserUrl: http://localhost:24625/, nativeEvents: true, requireWindowFocus: false}, setWindowRect: true, strictFileInteractability: false, timeouts: {implicit: 0, pageLoad: 300000, script: 30000}, unhandledPromptBehavior: dismiss and notify}
Session ID: 7f3dd93f-2fed-42c9-9575-9b861c02efee">
      <![CDATA[org.openqa.selenium.TimeoutException: Timed out waiting for page to load.
Build info: version: '3.9.1', revision: '63f7b50', time: '2018-02-07T22:25:02.294Z'
System info: host: 'BORSE-PC', ip: '172.20.1.58', os.name: 'Windows 10', os.arch: 'amd64', os.version: '10.0', java.version: '1.8.0_202'
Driver info: org.openqa.selenium.ie.InternetExplorerDriver
Capabilities {acceptInsecureCerts: false, browserName: internet explorer, browserVersion: 11, javascriptEnabled: true, pageLoadStrategy: normal, platform: WINDOWS, platformName: WINDOWS, proxy: Proxy(), se:ieOptions: {browserAttachTimeout: 0, elementScrollBehavior: 0, enablePersistentHover: true, ie.browserCommandLineSwitches: , ie.edgechromium: false, ie.edgepath: , ie.ensureCleanSession: true, ie.fileUploadDialogTimeout: 3000, ie.forceCreateProcessApi: false, ignoreProtectedModeSettings: true, ignoreZoomSetting: false, initialBrowserUrl: http://localhost:24625/, nativeEvents: true, requireWindowFocus: false}, setWindowRect: true, strictFileInteractability: false, timeouts: {implicit: 0, pageLoad: 300000, script: 30000}, unhandledPromptBehavior: dismiss and notify}
Session ID: 7f3dd93f-2fed-42c9-9575-9b861c02efee
at org.openqa.selenium.remote.http.W3CHttpResponseCodec.createException(W3CHttpResponseCodec.java:187)
at org.openqa.selenium.remote.http.W3CHttpResponseCodec.decode(W3CHttpResponseCodec.java:122)
at org.openqa.selenium.remote.http.W3CHttpResponseCodec.decode(W3CHttpResponseCodec.java:49)
at org.openqa.selenium.remote.HttpCommandExecutor.execute(HttpCommandExecutor.java:160)
at org.openqa.selenium.remote.service.DriverCommandExecutor.execute(DriverCommandExecutor.java:83)
at org.openqa.selenium.remote.RemoteWebDriver.execute(RemoteWebDriver.java:601)
at org.openqa.selenium.remote.RemoteWebDriver.get(RemoteWebDriver.java:325)
at testcases.AudioChannelsElementsTest.GoToAudioChannelsPage(AudioChannelsElementsTest.java:99)
at java.util.ArrayList.forEach(ArrayList.java:1257)
... Removed 35 stack frames]]>
    </failure>
  </testcase> <!-- @BeforeMethod GoToAudioChannelsPage -->
  <testcase name="@AfterMethod afterMethod" time="-1.585813382498E9" classname="testcases.AudioChannelsElementsTest">
    <skipped/>
  </testcase> <!-- @AfterMethod afterMethod -->
  <testcase name="@BeforeMethod GoToAudioChannelsPage" time="399.344" classname="testcases.AudioChannelsElementsTest">
    <failure type="org.openqa.selenium.TimeoutException" message="Timed out waiting for page to load.
Build info: version: &amp;apos;3.9.1&amp;apos;, revision: &amp;apos;63f7b50&amp;apos;, time: &amp;apos;2018-02-07T22:25:02.294Z&amp;apos;
System info: host: &amp;apos;BORSE-PC&amp;apos;, ip: &amp;apos;172.20.1.58&amp;apos;, os.name: &amp;apos;Windows 10&amp;apos;, os.arch: &amp;apos;amd64&amp;apos;, os.version: &amp;apos;10.0&amp;apos;, java.version: &amp;apos;1.8.0_202&amp;apos;
Driver info: org.openqa.selenium.ie.InternetExplorerDriver
Capabilities {acceptInsecureCerts: false, browserName: internet explorer, browserVersion: 11, javascriptEnabled: true, pageLoadStrategy: normal, platform: WINDOWS, platformName: WINDOWS, proxy: Proxy(), se:ieOptions: {browserAttachTimeout: 0, elementScrollBehavior: 0, enablePersistentHover: true, ie.browserCommandLineSwitches: , ie.edgechromium: false, ie.edgepath: , ie.ensureCleanSession: true, ie.fileUploadDialogTimeout: 3000, ie.forceCreateProcessApi: false, ignoreProtectedModeSettings: true, ignoreZoomSetting: false, initialBrowserUrl: http://localhost:4028/, nativeEvents: true, requireWindowFocus: false}, setWindowRect: true, strictFileInteractability: false, timeouts: {implicit: 0, pageLoad: 300000, script: 30000}, unhandledPromptBehavior: dismiss and notify}
Session ID: 53e04e65-1350-43b8-999b-7e5a7f4617bb">
      <![CDATA[org.openqa.selenium.TimeoutException: Timed out waiting for page to load.
Build info: version: '3.9.1', revision: '63f7b50', time: '2018-02-07T22:25:02.294Z'
System info: host: 'BORSE-PC', ip: '172.20.1.58', os.name: 'Windows 10', os.arch: 'amd64', os.version: '10.0', java.version: '1.8.0_202'
Driver info: org.openqa.selenium.ie.InternetExplorerDriver
Capabilities {acceptInsecureCerts: false, browserName: internet explorer, browserVersion: 11, javascriptEnabled: true, pageLoadStrategy: normal, platform: WINDOWS, platformName: WINDOWS, proxy: Proxy(), se:ieOptions: {browserAttachTimeout: 0, elementScrollBehavior: 0, enablePersistentHover: true, ie.browserCommandLineSwitches: , ie.edgechromium: false, ie.edgepath: , ie.ensureCleanSession: true, ie.fileUploadDialogTimeout: 3000, ie.forceCreateProcessApi: false, ignoreProtectedModeSettings: true, ignoreZoomSetting: false, initialBrowserUrl: http://localhost:4028/, nativeEvents: true, requireWindowFocus: false}, setWindowRect: true, strictFileInteractability: false, timeouts: {implicit: 0, pageLoad: 300000, script: 30000}, unhandledPromptBehavior: dismiss and notify}
Session ID: 53e04e65-1350-43b8-999b-7e5a7f4617bb
at org.openqa.selenium.remote.http.W3CHttpResponseCodec.createException(W3CHttpResponseCodec.java:187)
at org.openqa.selenium.remote.http.W3CHttpResponseCodec.decode(W3CHttpResponseCodec.java:122)
at org.openqa.selenium.remote.http.W3CHttpResponseCodec.decode(W3CHttpResponseCodec.java:49)
at org.openqa.selenium.remote.HttpCommandExecutor.execute(HttpCommandExecutor.java:160)
at org.openqa.selenium.remote.service.DriverCommandExecutor.execute(DriverCommandExecutor.java:83)
at org.openqa.selenium.remote.RemoteWebDriver.execute(RemoteWebDriver.java:601)
at org.openqa.selenium.remote.RemoteWebDriver.get(RemoteWebDriver.java:325)
at testcases.AudioChannelsElementsTest.GoToAudioChannelsPage(AudioChannelsElementsTest.java:99)
at java.util.ArrayList.forEach(ArrayList.java:1257)
... Removed 35 stack frames]]>
    </failure>
  </testcase> <!-- @BeforeMethod GoToAudioChannelsPage -->
  <testcase name="@AfterMethod afterMethod" time="-1.585813781845E9" classname="testcases.AudioChannelsElementsTest">
    <skipped/>
  </testcase> <!-- @AfterMethod afterMethod -->
  <testcase name="@BeforeMethod GoToAudioChannelsPage" time="402.396" classname="testcases.AudioChannelsElementsTest">
    <failure type="org.openqa.selenium.TimeoutException" message="Timed out waiting for page to load.
Build info: version: &amp;apos;3.9.1&amp;apos;, revision: &amp;apos;63f7b50&amp;apos;, time: &amp;apos;2018-02-07T22:25:02.294Z&amp;apos;
System info: host: &amp;apos;BORSE-PC&amp;apos;, ip: &amp;apos;172.20.1.58&amp;apos;, os.name: &amp;apos;Windows 10&amp;apos;, os.arch: &amp;apos;amd64&amp;apos;, os.version: &amp;apos;10.0&amp;apos;, java.version: &amp;apos;1.8.0_202&amp;apos;
Driver info: org.openqa.selenium.ie.InternetExplorerDriver
Capabilities {acceptInsecureCerts: false, browserName: internet explorer, browserVersion: 11, javascriptEnabled: true, pageLoadStrategy: normal, platform: WINDOWS, platformName: WINDOWS, proxy: Proxy(), se:ieOptions: {browserAttachTimeout: 0, elementScrollBehavior: 0, enablePersistentHover: true, ie.browserCommandLineSwitches: , ie.edgechromium: false, ie.edgepath: , ie.ensureCleanSession: true, ie.fileUploadDialogTimeout: 3000, ie.forceCreateProcessApi: false, ignoreProtectedModeSettings: true, ignoreZoomSetting: false, initialBrowserUrl: http://localhost:33508/, nativeEvents: true, requireWindowFocus: false}, setWindowRect: true, strictFileInteractability: false, timeouts: {implicit: 0, pageLoad: 300000, script: 30000}, unhandledPromptBehavior: dismiss and notify}
Session ID: 3301a0e7-c843-447a-a577-507dd3ffe0c4">
      <![CDATA[org.openqa.selenium.TimeoutException: Timed out waiting for page to load.
Build info: version: '3.9.1', revision: '63f7b50', time: '2018-02-07T22:25:02.294Z'
System info: host: 'BORSE-PC', ip: '172.20.1.58', os.name: 'Windows 10', os.arch: 'amd64', os.version: '10.0', java.version: '1.8.0_202'
Driver info: org.openqa.selenium.ie.InternetExplorerDriver
Capabilities {acceptInsecureCerts: false, browserName: internet explorer, browserVersion: 11, javascriptEnabled: true, pageLoadStrategy: normal, platform: WINDOWS, platformName: WINDOWS, proxy: Proxy(), se:ieOptions: {browserAttachTimeout: 0, elementScrollBehavior: 0, enablePersistentHover: true, ie.browserCommandLineSwitches: , ie.edgechromium: false, ie.edgepath: , ie.ensureCleanSession: true, ie.fileUploadDialogTimeout: 3000, ie.forceCreateProcessApi: false, ignoreProtectedModeSettings: true, ignoreZoomSetting: false, initialBrowserUrl: http://localhost:33508/, nativeEvents: true, requireWindowFocus: false}, setWindowRect: true, strictFileInteractability: false, timeouts: {implicit: 0, pageLoad: 300000, script: 30000}, unhandledPromptBehavior: dismiss and notify}
Session ID: 3301a0e7-c843-447a-a577-507dd3ffe0c4
at org.openqa.selenium.remote.http.W3CHttpResponseCodec.createException(W3CHttpResponseCodec.java:187)
at org.openqa.selenium.remote.http.W3CHttpResponseCodec.decode(W3CHttpResponseCodec.java:122)
at org.openqa.selenium.remote.http.W3CHttpResponseCodec.decode(W3CHttpResponseCodec.java:49)
at org.openqa.selenium.remote.HttpCommandExecutor.execute(HttpCommandExecutor.java:160)
at org.openqa.selenium.remote.service.DriverCommandExecutor.execute(DriverCommandExecutor.java:83)
at org.openqa.selenium.remote.RemoteWebDriver.execute(RemoteWebDriver.java:601)
at org.openqa.selenium.remote.RemoteWebDriver.get(RemoteWebDriver.java:325)
at testcases.AudioChannelsElementsTest.GoToAudioChannelsPage(AudioChannelsElementsTest.java:99)
at java.util.ArrayList.forEach(ArrayList.java:1257)
... Removed 35 stack frames]]>
    </failure>
  </testcase> <!-- @BeforeMethod GoToAudioChannelsPage -->
  <testcase name="@AfterMethod afterMethod" time="-1.585814184243E9" classname="testcases.AudioChannelsElementsTest">
    <skipped/>
  </testcase> <!-- @AfterMethod afterMethod -->
  <testcase name="@BeforeMethod GoToAudioChannelsPage" time="400.464" classname="testcases.AudioChannelsElementsTest">
    <failure type="org.openqa.selenium.TimeoutException" message="Timed out waiting for page to load.
Build info: version: &amp;apos;3.9.1&amp;apos;, revision: &amp;apos;63f7b50&amp;apos;, time: &amp;apos;2018-02-07T22:25:02.294Z&amp;apos;
System info: host: &amp;apos;BORSE-PC&amp;apos;, ip: &amp;apos;172.20.1.58&amp;apos;, os.name: &amp;apos;Windows 10&amp;apos;, os.arch: &amp;apos;amd64&amp;apos;, os.version: &amp;apos;10.0&amp;apos;, java.version: &amp;apos;1.8.0_202&amp;apos;
Driver info: org.openqa.selenium.ie.InternetExplorerDriver
Capabilities {acceptInsecureCerts: false, browserName: internet explorer, browserVersion: 11, javascriptEnabled: true, pageLoadStrategy: normal, platform: WINDOWS, platformName: WINDOWS, proxy: Proxy(), se:ieOptions: {browserAttachTimeout: 0, elementScrollBehavior: 0, enablePersistentHover: true, ie.browserCommandLineSwitches: , ie.edgechromium: false, ie.edgepath: , ie.ensureCleanSession: true, ie.fileUploadDialogTimeout: 3000, ie.forceCreateProcessApi: false, ignoreProtectedModeSettings: true, ignoreZoomSetting: false, initialBrowserUrl: http://localhost:42158/, nativeEvents: true, requireWindowFocus: false}, setWindowRect: true, strictFileInteractability: false, timeouts: {implicit: 0, pageLoad: 300000, script: 30000}, unhandledPromptBehavior: dismiss and notify}
Session ID: 54d6ef22-24ec-4b68-b14c-8bcae4b351e3">
      <![CDATA[org.openqa.selenium.TimeoutException: Timed out waiting for page to load.
Build info: version: '3.9.1', revision: '63f7b50', time: '2018-02-07T22:25:02.294Z'
System info: host: 'BORSE-PC', ip: '172.20.1.58', os.name: 'Windows 10', os.arch: 'amd64', os.version: '10.0', java.version: '1.8.0_202'
Driver info: org.openqa.selenium.ie.InternetExplorerDriver
Capabilities {acceptInsecureCerts: false, browserName: internet explorer, browserVersion: 11, javascriptEnabled: true, pageLoadStrategy: normal, platform: WINDOWS, platformName: WINDOWS, proxy: Proxy(), se:ieOptions: {browserAttachTimeout: 0, elementScrollBehavior: 0, enablePersistentHover: true, ie.browserCommandLineSwitches: , ie.edgechromium: false, ie.edgepath: , ie.ensureCleanSession: true, ie.fileUploadDialogTimeout: 3000, ie.forceCreateProcessApi: false, ignoreProtectedModeSettings: true, ignoreZoomSetting: false, initialBrowserUrl: http://localhost:42158/, nativeEvents: true, requireWindowFocus: false}, setWindowRect: true, strictFileInteractability: false, timeouts: {implicit: 0, pageLoad: 300000, script: 30000}, unhandledPromptBehavior: dismiss and notify}
Session ID: 54d6ef22-24ec-4b68-b14c-8bcae4b351e3
at org.openqa.selenium.remote.http.W3CHttpResponseCodec.createException(W3CHttpResponseCodec.java:187)
at org.openqa.selenium.remote.http.W3CHttpResponseCodec.decode(W3CHttpResponseCodec.java:122)
at org.openqa.selenium.remote.http.W3CHttpResponseCodec.decode(W3CHttpResponseCodec.java:49)
at org.openqa.selenium.remote.HttpCommandExecutor.execute(HttpCommandExecutor.java:160)
at org.openqa.selenium.remote.service.DriverCommandExecutor.execute(DriverCommandExecutor.java:83)
at org.openqa.selenium.remote.RemoteWebDriver.execute(RemoteWebDriver.java:601)
at org.openqa.selenium.remote.RemoteWebDriver.get(RemoteWebDriver.java:325)
at testcases.AudioChannelsElementsTest.GoToAudioChannelsPage(AudioChannelsElementsTest.java:99)
at java.util.ArrayList.forEach(ArrayList.java:1257)
... Removed 35 stack frames]]>
    </failure>
  </testcase> <!-- @BeforeMethod GoToAudioChannelsPage -->
  <testcase name="@AfterMethod afterMethod" time="-1.585814584708E9" classname="testcases.AudioChannelsElementsTest">
    <skipped/>
  </testcase> <!-- @AfterMethod afterMethod -->
  <testcase name="@AfterClass endReport" time="-1.585814584709E9" classname="testcases.AudioChannelsElementsTest">
    <skipped/>
  </testcase> <!-- @AfterClass endReport -->
  <testcase name="AddNVRManuallyWithSecuredPortTest" time="212.507" classname="testcases.NVRsTest">
    <failure type="java.lang.AssertionError" message="expected [Communication Failure] but found [Connecting...]">
      <![CDATA[java.lang.AssertionError: expected [Communication Failure] but found [Connecting...]
at testcases.NVRsTest.AddNVRManuallyWithSecuredPortTest(NVRsTest.java:810)
at java.util.ArrayList.forEach(ArrayList.java:1257)
... Removed 32 stack frames]]>
    </failure>
  </testcase> <!-- AddNVRManuallyWithSecuredPortTest -->
  <testcase name="ChangeIPAdressAndCheckStatusTest" time="70.939" classname="testcases.NVRsTest">
    <failure type="java.lang.AssertionError" message="expected [172.20.1.46172.20.1.46IP] but found [172.20.1.46IP]">
      <![CDATA[java.lang.AssertionError: expected [172.20.1.46172.20.1.46IP] but found [172.20.1.46IP]
at testcases.NVRsTest.ChangeIPAdressAndCheckStatusTest(NVRsTest.java:1354)
at java.util.ArrayList.forEach(ArrayList.java:1257)
... Removed 32 stack frames]]>
    </failure>
  </testcase> <!-- ChangeIPAdressAndCheckStatusTest -->
  <testcase name="ChangeIPAdressExitCancelUnsavedChangesTest" time="82.224" classname="testcases.NVRsElementsTest">
    <failure type="java.lang.AssertionError" message="expected [172.20.1.46IP53] but found [IP53]">
      <![CDATA[java.lang.AssertionError: expected [172.20.1.46IP53] but found [IP53]
at testcases.NVRsElementsTest.ChangeIPAdressExitCancelUnsavedChangesTest(NVRsElementsTest.java:377)
at java.util.ArrayList.forEach(ArrayList.java:1257)
... Removed 32 stack frames]]>
    </failure>
  </testcase> <!-- ChangeIPAdressExitCancelUnsavedChangesTest -->
  <testcase name="DecreasePortExitCancelUnsavedChangesTest" time="18.188" classname="testcases.NVRsElementsTest">
    <failure type="java.lang.AssertionError" message="did not expect to find [true] but found [false]">
      <![CDATA[java.lang.AssertionError: did not expect to find [true] but found [false]
at testcases.NVRsElementsTest.DecreasePortExitCancelUnsavedChangesTest(NVRsElementsTest.java:811)
at java.util.ArrayList.forEach(ArrayList.java:1257)
... Removed 31 stack frames]]>
    </failure>
  </testcase> <!-- DecreasePortExitCancelUnsavedChangesTest -->
  <testcase name="DecreasePortExitPressSaveUnsavedChangesTest" time="18.241" classname="testcases.NVRsElementsTest">
    <failure type="java.lang.AssertionError" message="did not expect to find [true] but found [false]">
      <![CDATA[java.lang.AssertionError: did not expect to find [true] but found [false]
at testcases.NVRsElementsTest.DecreasePortExitPressSaveUnsavedChangesTest(NVRsElementsTest.java:901)
at java.util.ArrayList.forEach(ArrayList.java:1257)
... Removed 31 stack frames]]>
    </failure>
  </testcase> <!-- DecreasePortExitPressSaveUnsavedChangesTest -->
  <testcase name="IncreasePortExitPressDontSaveUnsavedChangesTest" time="17.301" classname="testcases.NVRsElementsTest">
    <failure type="java.lang.AssertionError" message="did not expect to find [true] but found [false]">
      <![CDATA[java.lang.AssertionError: did not expect to find [true] but found [false]
at testcases.NVRsElementsTest.IncreasePortExitPressDontSaveUnsavedChangesTest(NVRsElementsTest.java:851)
at java.util.ArrayList.forEach(ArrayList.java:1257)
... Removed 31 stack frames]]>
    </failure>
  </testcase> <!-- IncreasePortExitPressDontSaveUnsavedChangesTest -->
  <testcase name="ChangeBacklightCompensationModeTest" time="38.36" classname="testcases.VideoPictureSettingsTest">
    <failure type="org.openqa.selenium.ElementNotInteractableException" message="Element is not displayed
Build info: version: &amp;apos;3.9.1&amp;apos;, revision: &amp;apos;63f7b50&amp;apos;, time: &amp;apos;2018-02-07T22:25:02.294Z&amp;apos;
System info: host: &amp;apos;BORSE-PC&amp;apos;, ip: &amp;apos;172.20.1.58&amp;apos;, os.name: &amp;apos;Windows 10&amp;apos;, os.arch: &amp;apos;amd64&amp;apos;, os.version: &amp;apos;10.0&amp;apos;, java.version: &amp;apos;1.8.0_202&amp;apos;
Driver info: org.openqa.selenium.ie.InternetExplorerDriver
Capabilities {acceptInsecureCerts: false, browserName: internet explorer, browserVersion: 11, javascriptEnabled: true, pageLoadStrategy: normal, platform: WINDOWS, platformName: WINDOWS, proxy: Proxy(), se:ieOptions: {browserAttachTimeout: 0, elementScrollBehavior: 0, enablePersistentHover: true, ie.browserCommandLineSwitches: , ie.edgechromium: false, ie.edgepath: , ie.ensureCleanSession: true, ie.fileUploadDialogTimeout: 3000, ie.forceCreateProcessApi: false, ignoreProtectedModeSettings: true, ignoreZoomSetting: false, initialBrowserUrl: http://localhost:13551/, nativeEvents: true, requireWindowFocus: false}, setWindowRect: true, strictFileInteractability: false, timeouts: {implicit: 0, pageLoad: 300000, script: 30000}, unhandledPromptBehavior: dismiss and notify}
Session ID: dcef5d3b-2b06-49c6-aef1-600ce10d004c">
      <![CDATA[org.openqa.selenium.ElementNotInteractableException: Element is not displayed
Build info: version: '3.9.1', revision: '63f7b50', time: '2018-02-07T22:25:02.294Z'
System info: host: 'BORSE-PC', ip: '172.20.1.58', os.name: 'Windows 10', os.arch: 'amd64', os.version: '10.0', java.version: '1.8.0_202'
Driver info: org.openqa.selenium.ie.InternetExplorerDriver
Capabilities {acceptInsecureCerts: false, browserName: internet explorer, browserVersion: 11, javascriptEnabled: true, pageLoadStrategy: normal, platform: WINDOWS, platformName: WINDOWS, proxy: Proxy(), se:ieOptions: {browserAttachTimeout: 0, elementScrollBehavior: 0, enablePersistentHover: true, ie.browserCommandLineSwitches: , ie.edgechromium: false, ie.edgepath: , ie.ensureCleanSession: true, ie.fileUploadDialogTimeout: 3000, ie.forceCreateProcessApi: false, ignoreProtectedModeSettings: true, ignoreZoomSetting: false, initialBrowserUrl: http://localhost:13551/, nativeEvents: true, requireWindowFocus: false}, setWindowRect: true, strictFileInteractability: false, timeouts: {implicit: 0, pageLoad: 300000, script: 30000}, unhandledPromptBehavior: dismiss and notify}
Session ID: dcef5d3b-2b06-49c6-aef1-600ce10d004c
at org.openqa.selenium.remote.http.W3CHttpResponseCodec.createException(W3CHttpResponseCodec.java:187)
at org.openqa.selenium.remote.http.W3CHttpResponseCodec.decode(W3CHttpResponseCodec.java:122)
at org.openqa.selenium.remote.http.W3CHttpResponseCodec.decode(W3CHttpResponseCodec.java:49)
at org.openqa.selenium.remote.HttpCommandExecutor.execute(HttpCommandExecutor.java:160)
at org.openqa.selenium.remote.service.DriverCommandExecutor.execute(DriverCommandExecutor.java:83)
at org.openqa.selenium.remote.RemoteWebDriver.execute(RemoteWebDriver.java:601)
at org.openqa.selenium.remote.RemoteWebElement.execute(RemoteWebElement.java:279)
at org.openqa.selenium.remote.RemoteWebElement.click(RemoteWebElement.java:83)
at testcases.VideoPictureSettingsTest.ChangeBacklightCompensationModeTest(VideoPictureSettingsTest.java:985)
at java.util.ArrayList.forEach(ArrayList.java:1257)
... Removed 31 stack frames]]>
    </failure>
  </testcase> <!-- ChangeBacklightCompensationModeTest -->
  <testcase name="ChangeBrightnessAndPressSaveTest" time="17.021" classname="testcases.VideoPictureSettingsTest">
    <failure type="org.openqa.selenium.ElementNotInteractableException" message="Element is not displayed
Build info: version: &amp;apos;3.9.1&amp;apos;, revision: &amp;apos;63f7b50&amp;apos;, time: &amp;apos;2018-02-07T22:25:02.294Z&amp;apos;
System info: host: &amp;apos;BORSE-PC&amp;apos;, ip: &amp;apos;172.20.1.58&amp;apos;, os.name: &amp;apos;Windows 10&amp;apos;, os.arch: &amp;apos;amd64&amp;apos;, os.version: &amp;apos;10.0&amp;apos;, java.version: &amp;apos;1.8.0_202&amp;apos;
Driver info: org.openqa.selenium.ie.InternetExplorerDriver
Capabilities {acceptInsecureCerts: false, browserName: internet explorer, browserVersion: 11, javascriptEnabled: true, pageLoadStrategy: normal, platform: WINDOWS, platformName: WINDOWS, proxy: Proxy(), se:ieOptions: {browserAttachTimeout: 0, elementScrollBehavior: 0, enablePersistentHover: true, ie.browserCommandLineSwitches: , ie.edgechromium: false, ie.edgepath: , ie.ensureCleanSession: true, ie.fileUploadDialogTimeout: 3000, ie.forceCreateProcessApi: false, ignoreProtectedModeSettings: true, ignoreZoomSetting: false, initialBrowserUrl: http://localhost:45215/, nativeEvents: true, requireWindowFocus: false}, setWindowRect: true, strictFileInteractability: false, timeouts: {implicit: 0, pageLoad: 300000, script: 30000}, unhandledPromptBehavior: dismiss and notify}
Session ID: befd37de-2682-4427-aace-9251bfc4804d">
      <![CDATA[org.openqa.selenium.ElementNotInteractableException: Element is not displayed
Build info: version: '3.9.1', revision: '63f7b50', time: '2018-02-07T22:25:02.294Z'
System info: host: 'BORSE-PC', ip: '172.20.1.58', os.name: 'Windows 10', os.arch: 'amd64', os.version: '10.0', java.version: '1.8.0_202'
Driver info: org.openqa.selenium.ie.InternetExplorerDriver
Capabilities {acceptInsecureCerts: false, browserName: internet explorer, browserVersion: 11, javascriptEnabled: true, pageLoadStrategy: normal, platform: WINDOWS, platformName: WINDOWS, proxy: Proxy(), se:ieOptions: {browserAttachTimeout: 0, elementScrollBehavior: 0, enablePersistentHover: true, ie.browserCommandLineSwitches: , ie.edgechromium: false, ie.edgepath: , ie.ensureCleanSession: true, ie.fileUploadDialogTimeout: 3000, ie.forceCreateProcessApi: false, ignoreProtectedModeSettings: true, ignoreZoomSetting: false, initialBrowserUrl: http://localhost:45215/, nativeEvents: true, requireWindowFocus: false}, setWindowRect: true, strictFileInteractability: false, timeouts: {implicit: 0, pageLoad: 300000, script: 30000}, unhandledPromptBehavior: dismiss and notify}
Session ID: befd37de-2682-4427-aace-9251bfc4804d
at org.openqa.selenium.remote.http.W3CHttpResponseCodec.createException(W3CHttpResponseCodec.java:187)
at org.openqa.selenium.remote.http.W3CHttpResponseCodec.decode(W3CHttpResponseCodec.java:122)
at org.openqa.selenium.remote.http.W3CHttpResponseCodec.decode(W3CHttpResponseCodec.java:49)
at org.openqa.selenium.remote.HttpCommandExecutor.execute(HttpCommandExecutor.java:160)
at org.openqa.selenium.remote.service.DriverCommandExecutor.execute(DriverCommandExecutor.java:83)
at org.openqa.selenium.remote.RemoteWebDriver.execute(RemoteWebDriver.java:601)
at org.openqa.selenium.remote.RemoteWebElement.execute(RemoteWebElement.java:279)
at org.openqa.selenium.remote.RemoteWebElement.click(RemoteWebElement.java:83)
at testcases.VideoPictureSettingsTest.ChangeBrightnessAndPressSaveTest(VideoPictureSettingsTest.java:132)
at java.util.ArrayList.forEach(ArrayList.java:1257)
... Removed 31 stack frames]]>
    </failure>
  </testcase> <!-- ChangeBrightnessAndPressSaveTest -->
  <testcase name="ChangeColorSaturationAndPressSaveTest" time="16.829" classname="testcases.VideoPictureSettingsTest">
    <failure type="org.openqa.selenium.ElementNotInteractableException" message="Element is not displayed
Build info: version: &amp;apos;3.9.1&amp;apos;, revision: &amp;apos;63f7b50&amp;apos;, time: &amp;apos;2018-02-07T22:25:02.294Z&amp;apos;
System info: host: &amp;apos;BORSE-PC&amp;apos;, ip: &amp;apos;172.20.1.58&amp;apos;, os.name: &amp;apos;Windows 10&amp;apos;, os.arch: &amp;apos;amd64&amp;apos;, os.version: &amp;apos;10.0&amp;apos;, java.version: &amp;apos;1.8.0_202&amp;apos;
Driver info: org.openqa.selenium.ie.InternetExplorerDriver
Capabilities {acceptInsecureCerts: false, browserName: internet explorer, browserVersion: 11, javascriptEnabled: true, pageLoadStrategy: normal, platform: WINDOWS, platformName: WINDOWS, proxy: Proxy(), se:ieOptions: {browserAttachTimeout: 0, elementScrollBehavior: 0, enablePersistentHover: true, ie.browserCommandLineSwitches: , ie.edgechromium: false, ie.edgepath: , ie.ensureCleanSession: true, ie.fileUploadDialogTimeout: 3000, ie.forceCreateProcessApi: false, ignoreProtectedModeSettings: true, ignoreZoomSetting: false, initialBrowserUrl: http://localhost:29527/, nativeEvents: true, requireWindowFocus: false}, setWindowRect: true, strictFileInteractability: false, timeouts: {implicit: 0, pageLoad: 300000, script: 30000}, unhandledPromptBehavior: dismiss and notify}
Session ID: 11d631f6-45ca-431e-8ff3-b90b6b33c1a5">
      <![CDATA[org.openqa.selenium.ElementNotInteractableException: Element is not displayed
Build info: version: '3.9.1', revision: '63f7b50', time: '2018-02-07T22:25:02.294Z'
System info: host: 'BORSE-PC', ip: '172.20.1.58', os.name: 'Windows 10', os.arch: 'amd64', os.version: '10.0', java.version: '1.8.0_202'
Driver info: org.openqa.selenium.ie.InternetExplorerDriver
Capabilities {acceptInsecureCerts: false, browserName: internet explorer, browserVersion: 11, javascriptEnabled: true, pageLoadStrategy: normal, platform: WINDOWS, platformName: WINDOWS, proxy: Proxy(), se:ieOptions: {browserAttachTimeout: 0, elementScrollBehavior: 0, enablePersistentHover: true, ie.browserCommandLineSwitches: , ie.edgechromium: false, ie.edgepath: , ie.ensureCleanSession: true, ie.fileUploadDialogTimeout: 3000, ie.forceCreateProcessApi: false, ignoreProtectedModeSettings: true, ignoreZoomSetting: false, initialBrowserUrl: http://localhost:29527/, nativeEvents: true, requireWindowFocus: false}, setWindowRect: true, strictFileInteractability: false, timeouts: {implicit: 0, pageLoad: 300000, script: 30000}, unhandledPromptBehavior: dismiss and notify}
Session ID: 11d631f6-45ca-431e-8ff3-b90b6b33c1a5
at org.openqa.selenium.remote.http.W3CHttpResponseCodec.createException(W3CHttpResponseCodec.java:187)
at org.openqa.selenium.remote.http.W3CHttpResponseCodec.decode(W3CHttpResponseCodec.java:122)
at org.openqa.selenium.remote.http.W3CHttpResponseCodec.decode(W3CHttpResponseCodec.java:49)
at org.openqa.selenium.remote.HttpCommandExecutor.execute(HttpCommandExecutor.java:160)
at org.openqa.selenium.remote.service.DriverCommandExecutor.execute(DriverCommandExecutor.java:83)
at org.openqa.selenium.remote.RemoteWebDriver.execute(RemoteWebDriver.java:601)
at org.openqa.selenium.remote.RemoteWebElement.execute(RemoteWebElement.java:279)
at org.openqa.selenium.remote.RemoteWebElement.click(RemoteWebElement.java:83)
at testcases.VideoPictureSettingsTest.ChangeColorSaturationAndPressSaveTest(VideoPictureSettingsTest.java:348)
at java.util.ArrayList.forEach(ArrayList.java:1257)
... Removed 31 stack frames]]>
    </failure>
  </testcase> <!-- ChangeColorSaturationAndPressSaveTest -->
  <testcase name="ChangeContrastAndPressSaveTest" time="5.72" classname="testcases.VideoPictureSettingsTest">
    <failure type="org.openqa.selenium.ElementNotInteractableException" message="Element is not displayed
Build info: version: &amp;apos;3.9.1&amp;apos;, revision: &amp;apos;63f7b50&amp;apos;, time: &amp;apos;2018-02-07T22:25:02.294Z&amp;apos;
System info: host: &amp;apos;BORSE-PC&amp;apos;, ip: &amp;apos;172.20.1.58&amp;apos;, os.name: &amp;apos;Windows 10&amp;apos;, os.arch: &amp;apos;amd64&amp;apos;, os.version: &amp;apos;10.0&amp;apos;, java.version: &amp;apos;1.8.0_202&amp;apos;
Driver info: org.openqa.selenium.ie.InternetExplorerDriver
Capabilities {acceptInsecureCerts: false, browserName: internet explorer, browserVersion: 11, javascriptEnabled: true, pageLoadStrategy: normal, platform: WINDOWS, platformName: WINDOWS, proxy: Proxy(), se:ieOptions: {browserAttachTimeout: 0, elementScrollBehavior: 0, enablePersistentHover: true, ie.browserCommandLineSwitches: , ie.edgechromium: false, ie.edgepath: , ie.ensureCleanSession: true, ie.fileUploadDialogTimeout: 3000, ie.forceCreateProcessApi: false, ignoreProtectedModeSettings: true, ignoreZoomSetting: false, initialBrowserUrl: http://localhost:19607/, nativeEvents: true, requireWindowFocus: false}, setWindowRect: true, strictFileInteractability: false, timeouts: {implicit: 0, pageLoad: 300000, script: 30000}, unhandledPromptBehavior: dismiss and notify}
Session ID: eacde0a5-4373-4d56-bce3-f833493f7c9a">
      <![CDATA[org.openqa.selenium.ElementNotInteractableException: Element is not displayed
Build info: version: '3.9.1', revision: '63f7b50', time: '2018-02-07T22:25:02.294Z'
System info: host: 'BORSE-PC', ip: '172.20.1.58', os.name: 'Windows 10', os.arch: 'amd64', os.version: '10.0', java.version: '1.8.0_202'
Driver info: org.openqa.selenium.ie.InternetExplorerDriver
Capabilities {acceptInsecureCerts: false, browserName: internet explorer, browserVersion: 11, javascriptEnabled: true, pageLoadStrategy: normal, platform: WINDOWS, platformName: WINDOWS, proxy: Proxy(), se:ieOptions: {browserAttachTimeout: 0, elementScrollBehavior: 0, enablePersistentHover: true, ie.browserCommandLineSwitches: , ie.edgechromium: false, ie.edgepath: , ie.ensureCleanSession: true, ie.fileUploadDialogTimeout: 3000, ie.forceCreateProcessApi: false, ignoreProtectedModeSettings: true, ignoreZoomSetting: false, initialBrowserUrl: http://localhost:19607/, nativeEvents: true, requireWindowFocus: false}, setWindowRect: true, strictFileInteractability: false, timeouts: {implicit: 0, pageLoad: 300000, script: 30000}, unhandledPromptBehavior: dismiss and notify}
Session ID: eacde0a5-4373-4d56-bce3-f833493f7c9a
at org.openqa.selenium.remote.http.W3CHttpResponseCodec.createException(W3CHttpResponseCodec.java:187)
at org.openqa.selenium.remote.http.W3CHttpResponseCodec.decode(W3CHttpResponseCodec.java:122)
at org.openqa.selenium.remote.http.W3CHttpResponseCodec.decode(W3CHttpResponseCodec.java:49)
at org.openqa.selenium.remote.HttpCommandExecutor.execute(HttpCommandExecutor.java:160)
at org.openqa.selenium.remote.service.DriverCommandExecutor.execute(DriverCommandExecutor.java:83)
at org.openqa.selenium.remote.RemoteWebDriver.execute(RemoteWebDriver.java:601)
at org.openqa.selenium.remote.RemoteWebElement.execute(RemoteWebElement.java:279)
at org.openqa.selenium.remote.RemoteWebElement.click(RemoteWebElement.java:83)
at testcases.VideoPictureSettingsTest.ChangeContrastAndPressSaveTest(VideoPictureSettingsTest.java:240)
at java.util.ArrayList.forEach(ArrayList.java:1257)
... Removed 31 stack frames]]>
    </failure>
  </testcase> <!-- ChangeContrastAndPressSaveTest -->
  <testcase name="ChangeDayNightFilterModeTest" time="5.762" classname="testcases.VideoPictureSettingsTest">
    <failure type="org.openqa.selenium.ElementNotInteractableException" message="Element is not displayed
Build info: version: &amp;apos;3.9.1&amp;apos;, revision: &amp;apos;63f7b50&amp;apos;, time: &amp;apos;2018-02-07T22:25:02.294Z&amp;apos;
System info: host: &amp;apos;BORSE-PC&amp;apos;, ip: &amp;apos;172.20.1.58&amp;apos;, os.name: &amp;apos;Windows 10&amp;apos;, os.arch: &amp;apos;amd64&amp;apos;, os.version: &amp;apos;10.0&amp;apos;, java.version: &amp;apos;1.8.0_202&amp;apos;
Driver info: org.openqa.selenium.ie.InternetExplorerDriver
Capabilities {acceptInsecureCerts: false, browserName: internet explorer, browserVersion: 11, javascriptEnabled: true, pageLoadStrategy: normal, platform: WINDOWS, platformName: WINDOWS, proxy: Proxy(), se:ieOptions: {browserAttachTimeout: 0, elementScrollBehavior: 0, enablePersistentHover: true, ie.browserCommandLineSwitches: , ie.edgechromium: false, ie.edgepath: , ie.ensureCleanSession: true, ie.fileUploadDialogTimeout: 3000, ie.forceCreateProcessApi: false, ignoreProtectedModeSettings: true, ignoreZoomSetting: false, initialBrowserUrl: http://localhost:38163/, nativeEvents: true, requireWindowFocus: false}, setWindowRect: true, strictFileInteractability: false, timeouts: {implicit: 0, pageLoad: 300000, script: 30000}, unhandledPromptBehavior: dismiss and notify}
Session ID: f980be6f-5e58-4ed1-accf-bfdc3ddecf90">
      <![CDATA[org.openqa.selenium.ElementNotInteractableException: Element is not displayed
Build info: version: '3.9.1', revision: '63f7b50', time: '2018-02-07T22:25:02.294Z'
System info: host: 'BORSE-PC', ip: '172.20.1.58', os.name: 'Windows 10', os.arch: 'amd64', os.version: '10.0', java.version: '1.8.0_202'
Driver info: org.openqa.selenium.ie.InternetExplorerDriver
Capabilities {acceptInsecureCerts: false, browserName: internet explorer, browserVersion: 11, javascriptEnabled: true, pageLoadStrategy: normal, platform: WINDOWS, platformName: WINDOWS, proxy: Proxy(), se:ieOptions: {browserAttachTimeout: 0, elementScrollBehavior: 0, enablePersistentHover: true, ie.browserCommandLineSwitches: , ie.edgechromium: false, ie.edgepath: , ie.ensureCleanSession: true, ie.fileUploadDialogTimeout: 3000, ie.forceCreateProcessApi: false, ignoreProtectedModeSettings: true, ignoreZoomSetting: false, initialBrowserUrl: http://localhost:38163/, nativeEvents: true, requireWindowFocus: false}, setWindowRect: true, strictFileInteractability: false, timeouts: {implicit: 0, pageLoad: 300000, script: 30000}, unhandledPromptBehavior: dismiss and notify}
Session ID: f980be6f-5e58-4ed1-accf-bfdc3ddecf90
at org.openqa.selenium.remote.http.W3CHttpResponseCodec.createException(W3CHttpResponseCodec.java:187)
at org.openqa.selenium.remote.http.W3CHttpResponseCodec.decode(W3CHttpResponseCodec.java:122)
at org.openqa.selenium.remote.http.W3CHttpResponseCodec.decode(W3CHttpResponseCodec.java:49)
at org.openqa.selenium.remote.HttpCommandExecutor.execute(HttpCommandExecutor.java:160)
at org.openqa.selenium.remote.service.DriverCommandExecutor.execute(DriverCommandExecutor.java:83)
at org.openqa.selenium.remote.RemoteWebDriver.execute(RemoteWebDriver.java:601)
at org.openqa.selenium.remote.RemoteWebElement.execute(RemoteWebElement.java:279)
at org.openqa.selenium.remote.RemoteWebElement.click(RemoteWebElement.java:83)
at testcases.VideoPictureSettingsTest.ChangeDayNightFilterModeTest(VideoPictureSettingsTest.java:569)
at java.util.ArrayList.forEach(ArrayList.java:1257)
... Removed 31 stack frames]]>
    </failure>
  </testcase> <!-- ChangeDayNightFilterModeTest -->
  <testcase name="ChangeExposureModeToAutoTest" time="27.304" classname="testcases.VideoPictureSettingsTest">
    <failure type="org.openqa.selenium.ElementNotInteractableException" message="Element is not displayed
Build info: version: &amp;apos;3.9.1&amp;apos;, revision: &amp;apos;63f7b50&amp;apos;, time: &amp;apos;2018-02-07T22:25:02.294Z&amp;apos;
System info: host: &amp;apos;BORSE-PC&amp;apos;, ip: &amp;apos;172.20.1.58&amp;apos;, os.name: &amp;apos;Windows 10&amp;apos;, os.arch: &amp;apos;amd64&amp;apos;, os.version: &amp;apos;10.0&amp;apos;, java.version: &amp;apos;1.8.0_202&amp;apos;
Driver info: org.openqa.selenium.ie.InternetExplorerDriver
Capabilities {acceptInsecureCerts: false, browserName: internet explorer, browserVersion: 11, javascriptEnabled: true, pageLoadStrategy: normal, platform: WINDOWS, platformName: WINDOWS, proxy: Proxy(), se:ieOptions: {browserAttachTimeout: 0, elementScrollBehavior: 0, enablePersistentHover: true, ie.browserCommandLineSwitches: , ie.edgechromium: false, ie.edgepath: , ie.ensureCleanSession: true, ie.fileUploadDialogTimeout: 3000, ie.forceCreateProcessApi: false, ignoreProtectedModeSettings: true, ignoreZoomSetting: false, initialBrowserUrl: http://localhost:7612/, nativeEvents: true, requireWindowFocus: false}, setWindowRect: true, strictFileInteractability: false, timeouts: {implicit: 0, pageLoad: 300000, script: 30000}, unhandledPromptBehavior: dismiss and notify}
Session ID: 357b7017-c7b8-47df-8571-ead8074e38cc">
      <![CDATA[org.openqa.selenium.ElementNotInteractableException: Element is not displayed
Build info: version: '3.9.1', revision: '63f7b50', time: '2018-02-07T22:25:02.294Z'
System info: host: 'BORSE-PC', ip: '172.20.1.58', os.name: 'Windows 10', os.arch: 'amd64', os.version: '10.0', java.version: '1.8.0_202'
Driver info: org.openqa.selenium.ie.InternetExplorerDriver
Capabilities {acceptInsecureCerts: false, browserName: internet explorer, browserVersion: 11, javascriptEnabled: true, pageLoadStrategy: normal, platform: WINDOWS, platformName: WINDOWS, proxy: Proxy(), se:ieOptions: {browserAttachTimeout: 0, elementScrollBehavior: 0, enablePersistentHover: true, ie.browserCommandLineSwitches: , ie.edgechromium: false, ie.edgepath: , ie.ensureCleanSession: true, ie.fileUploadDialogTimeout: 3000, ie.forceCreateProcessApi: false, ignoreProtectedModeSettings: true, ignoreZoomSetting: false, initialBrowserUrl: http://localhost:7612/, nativeEvents: true, requireWindowFocus: false}, setWindowRect: true, strictFileInteractability: false, timeouts: {implicit: 0, pageLoad: 300000, script: 30000}, unhandledPromptBehavior: dismiss and notify}
Session ID: 357b7017-c7b8-47df-8571-ead8074e38cc
at org.openqa.selenium.remote.http.W3CHttpResponseCodec.createException(W3CHttpResponseCodec.java:187)
at org.openqa.selenium.remote.http.W3CHttpResponseCodec.decode(W3CHttpResponseCodec.java:122)
at org.openqa.selenium.remote.http.W3CHttpResponseCodec.decode(W3CHttpResponseCodec.java:49)
at org.openqa.selenium.remote.HttpCommandExecutor.execute(HttpCommandExecutor.java:160)
at org.openqa.selenium.remote.service.DriverCommandExecutor.execute(DriverCommandExecutor.java:83)
at org.openqa.selenium.remote.RemoteWebDriver.execute(RemoteWebDriver.java:601)
at org.openqa.selenium.remote.RemoteWebElement.execute(RemoteWebElement.java:279)
at org.openqa.selenium.remote.RemoteWebElement.click(RemoteWebElement.java:83)
at testcases.VideoPictureSettingsTest.ChangeExposureModeToAutoTest(VideoPictureSettingsTest.java:660)
at java.util.ArrayList.forEach(ArrayList.java:1257)
... Removed 31 stack frames]]>
    </failure>
  </testcase> <!-- ChangeExposureModeToAutoTest -->
  <testcase name="ChangeExposureModeToManualAndChangeExposureTimeTest" time="26.797" classname="testcases.VideoPictureSettingsTest">
    <failure type="org.openqa.selenium.ElementNotInteractableException" message="Element is not displayed
Build info: version: &amp;apos;3.9.1&amp;apos;, revision: &amp;apos;63f7b50&amp;apos;, time: &amp;apos;2018-02-07T22:25:02.294Z&amp;apos;
System info: host: &amp;apos;BORSE-PC&amp;apos;, ip: &amp;apos;172.20.1.58&amp;apos;, os.name: &amp;apos;Windows 10&amp;apos;, os.arch: &amp;apos;amd64&amp;apos;, os.version: &amp;apos;10.0&amp;apos;, java.version: &amp;apos;1.8.0_202&amp;apos;
Driver info: org.openqa.selenium.ie.InternetExplorerDriver
Capabilities {acceptInsecureCerts: false, browserName: internet explorer, browserVersion: 11, javascriptEnabled: true, pageLoadStrategy: normal, platform: WINDOWS, platformName: WINDOWS, proxy: Proxy(), se:ieOptions: {browserAttachTimeout: 0, elementScrollBehavior: 0, enablePersistentHover: true, ie.browserCommandLineSwitches: , ie.edgechromium: false, ie.edgepath: , ie.ensureCleanSession: true, ie.fileUploadDialogTimeout: 3000, ie.forceCreateProcessApi: false, ignoreProtectedModeSettings: true, ignoreZoomSetting: false, initialBrowserUrl: http://localhost:35074/, nativeEvents: true, requireWindowFocus: false}, setWindowRect: true, strictFileInteractability: false, timeouts: {implicit: 0, pageLoad: 300000, script: 30000}, unhandledPromptBehavior: dismiss and notify}
Session ID: 8a5dec46-0cb2-4fb9-92a4-1879ed5d7dbe">
      <![CDATA[org.openqa.selenium.ElementNotInteractableException: Element is not displayed
Build info: version: '3.9.1', revision: '63f7b50', time: '2018-02-07T22:25:02.294Z'
System info: host: 'BORSE-PC', ip: '172.20.1.58', os.name: 'Windows 10', os.arch: 'amd64', os.version: '10.0', java.version: '1.8.0_202'
Driver info: org.openqa.selenium.ie.InternetExplorerDriver
Capabilities {acceptInsecureCerts: false, browserName: internet explorer, browserVersion: 11, javascriptEnabled: true, pageLoadStrategy: normal, platform: WINDOWS, platformName: WINDOWS, proxy: Proxy(), se:ieOptions: {browserAttachTimeout: 0, elementScrollBehavior: 0, enablePersistentHover: true, ie.browserCommandLineSwitches: , ie.edgechromium: false, ie.edgepath: , ie.ensureCleanSession: true, ie.fileUploadDialogTimeout: 3000, ie.forceCreateProcessApi: false, ignoreProtectedModeSettings: true, ignoreZoomSetting: false, initialBrowserUrl: http://localhost:35074/, nativeEvents: true, requireWindowFocus: false}, setWindowRect: true, strictFileInteractability: false, timeouts: {implicit: 0, pageLoad: 300000, script: 30000}, unhandledPromptBehavior: dismiss and notify}
Session ID: 8a5dec46-0cb2-4fb9-92a4-1879ed5d7dbe
at org.openqa.selenium.remote.http.W3CHttpResponseCodec.createException(W3CHttpResponseCodec.java:187)
at org.openqa.selenium.remote.http.W3CHttpResponseCodec.decode(W3CHttpResponseCodec.java:122)
at org.openqa.selenium.remote.http.W3CHttpResponseCodec.decode(W3CHttpResponseCodec.java:49)
at org.openqa.selenium.remote.HttpCommandExecutor.execute(HttpCommandExecutor.java:160)
at org.openqa.selenium.remote.service.DriverCommandExecutor.execute(DriverCommandExecutor.java:83)
at org.openqa.selenium.remote.RemoteWebDriver.execute(RemoteWebDriver.java:601)
at org.openqa.selenium.remote.RemoteWebElement.execute(RemoteWebElement.java:279)
at org.openqa.selenium.remote.RemoteWebElement.click(RemoteWebElement.java:83)
at testcases.VideoPictureSettingsTest.ChangeExposureModeToManualAndChangeExposureTimeTest(VideoPictureSettingsTest.java:753)
at java.util.ArrayList.forEach(ArrayList.java:1257)
... Removed 31 stack frames]]>
    </failure>
  </testcase> <!-- ChangeExposureModeToManualAndChangeExposureTimeTest -->
  <testcase name="ChangeExposureModeToManualAndChangeGainTest" time="45.031" classname="testcases.VideoPictureSettingsTest">
    <failure type="org.openqa.selenium.ElementNotInteractableException" message="Element is not displayed
Build info: version: &amp;apos;3.9.1&amp;apos;, revision: &amp;apos;63f7b50&amp;apos;, time: &amp;apos;2018-02-07T22:25:02.294Z&amp;apos;
System info: host: &amp;apos;BORSE-PC&amp;apos;, ip: &amp;apos;172.20.1.58&amp;apos;, os.name: &amp;apos;Windows 10&amp;apos;, os.arch: &amp;apos;amd64&amp;apos;, os.version: &amp;apos;10.0&amp;apos;, java.version: &amp;apos;1.8.0_202&amp;apos;
Driver info: org.openqa.selenium.ie.InternetExplorerDriver
Capabilities {acceptInsecureCerts: false, browserName: internet explorer, browserVersion: 11, javascriptEnabled: true, pageLoadStrategy: normal, platform: WINDOWS, platformName: WINDOWS, proxy: Proxy(), se:ieOptions: {browserAttachTimeout: 0, elementScrollBehavior: 0, enablePersistentHover: true, ie.browserCommandLineSwitches: , ie.edgechromium: false, ie.edgepath: , ie.ensureCleanSession: true, ie.fileUploadDialogTimeout: 3000, ie.forceCreateProcessApi: false, ignoreProtectedModeSettings: true, ignoreZoomSetting: false, initialBrowserUrl: http://localhost:47634/, nativeEvents: true, requireWindowFocus: false}, setWindowRect: true, strictFileInteractability: false, timeouts: {implicit: 0, pageLoad: 300000, script: 30000}, unhandledPromptBehavior: dismiss and notify}
Session ID: 0d0fca02-a509-4ecb-b126-db8574cfc022">
      <![CDATA[org.openqa.selenium.ElementNotInteractableException: Element is not displayed
Build info: version: '3.9.1', revision: '63f7b50', time: '2018-02-07T22:25:02.294Z'
System info: host: 'BORSE-PC', ip: '172.20.1.58', os.name: 'Windows 10', os.arch: 'amd64', os.version: '10.0', java.version: '1.8.0_202'
Driver info: org.openqa.selenium.ie.InternetExplorerDriver
Capabilities {acceptInsecureCerts: false, browserName: internet explorer, browserVersion: 11, javascriptEnabled: true, pageLoadStrategy: normal, platform: WINDOWS, platformName: WINDOWS, proxy: Proxy(), se:ieOptions: {browserAttachTimeout: 0, elementScrollBehavior: 0, enablePersistentHover: true, ie.browserCommandLineSwitches: , ie.edgechromium: false, ie.edgepath: , ie.ensureCleanSession: true, ie.fileUploadDialogTimeout: 3000, ie.forceCreateProcessApi: false, ignoreProtectedModeSettings: true, ignoreZoomSetting: false, initialBrowserUrl: http://localhost:47634/, nativeEvents: true, requireWindowFocus: false}, setWindowRect: true, strictFileInteractability: false, timeouts: {implicit: 0, pageLoad: 300000, script: 30000}, unhandledPromptBehavior: dismiss and notify}
Session ID: 0d0fca02-a509-4ecb-b126-db8574cfc022
at org.openqa.selenium.remote.http.W3CHttpResponseCodec.createException(W3CHttpResponseCodec.java:187)
at org.openqa.selenium.remote.http.W3CHttpResponseCodec.decode(W3CHttpResponseCodec.java:122)
at org.openqa.selenium.remote.http.W3CHttpResponseCodec.decode(W3CHttpResponseCodec.java:49)
at org.openqa.selenium.remote.HttpCommandExecutor.execute(HttpCommandExecutor.java:160)
at org.openqa.selenium.remote.service.DriverCommandExecutor.execute(DriverCommandExecutor.java:83)
at org.openqa.selenium.remote.RemoteWebDriver.execute(RemoteWebDriver.java:601)
at org.openqa.selenium.remote.RemoteWebElement.execute(RemoteWebElement.java:279)
at org.openqa.selenium.remote.RemoteWebElement.click(RemoteWebElement.java:83)
at testcases.VideoPictureSettingsTest.ChangeExposureModeToManualAndChangeGainTest(VideoPictureSettingsTest.java:868)
at java.util.ArrayList.forEach(ArrayList.java:1257)
... Removed 31 stack frames]]>
    </failure>
  </testcase> <!-- ChangeExposureModeToManualAndChangeGainTest -->
  <testcase name="ChangeSharpnessAndPressSaveTest" time="5.711" classname="testcases.VideoPictureSettingsTest">
    <failure type="org.openqa.selenium.ElementNotInteractableException" message="Element is not displayed
Build info: version: &amp;apos;3.9.1&amp;apos;, revision: &amp;apos;63f7b50&amp;apos;, time: &amp;apos;2018-02-07T22:25:02.294Z&amp;apos;
System info: host: &amp;apos;BORSE-PC&amp;apos;, ip: &amp;apos;172.20.1.58&amp;apos;, os.name: &amp;apos;Windows 10&amp;apos;, os.arch: &amp;apos;amd64&amp;apos;, os.version: &amp;apos;10.0&amp;apos;, java.version: &amp;apos;1.8.0_202&amp;apos;
Driver info: org.openqa.selenium.ie.InternetExplorerDriver
Capabilities {acceptInsecureCerts: false, browserName: internet explorer, browserVersion: 11, javascriptEnabled: true, pageLoadStrategy: normal, platform: WINDOWS, platformName: WINDOWS, proxy: Proxy(), se:ieOptions: {browserAttachTimeout: 0, elementScrollBehavior: 0, enablePersistentHover: true, ie.browserCommandLineSwitches: , ie.edgechromium: false, ie.edgepath: , ie.ensureCleanSession: true, ie.fileUploadDialogTimeout: 3000, ie.forceCreateProcessApi: false, ignoreProtectedModeSettings: true, ignoreZoomSetting: false, initialBrowserUrl: http://localhost:17522/, nativeEvents: true, requireWindowFocus: false}, setWindowRect: true, strictFileInteractability: false, timeouts: {implicit: 0, pageLoad: 300000, script: 30000}, unhandledPromptBehavior: dismiss and notify}
Session ID: 9b655d4a-2a31-4643-95a0-d0c58c5844e3">
      <![CDATA[org.openqa.selenium.ElementNotInteractableException: Element is not displayed
Build info: version: '3.9.1', revision: '63f7b50', time: '2018-02-07T22:25:02.294Z'
System info: host: 'BORSE-PC', ip: '172.20.1.58', os.name: 'Windows 10', os.arch: 'amd64', os.version: '10.0', java.version: '1.8.0_202'
Driver info: org.openqa.selenium.ie.InternetExplorerDriver
Capabilities {acceptInsecureCerts: false, browserName: internet explorer, browserVersion: 11, javascriptEnabled: true, pageLoadStrategy: normal, platform: WINDOWS, platformName: WINDOWS, proxy: Proxy(), se:ieOptions: {browserAttachTimeout: 0, elementScrollBehavior: 0, enablePersistentHover: true, ie.browserCommandLineSwitches: , ie.edgechromium: false, ie.edgepath: , ie.ensureCleanSession: true, ie.fileUploadDialogTimeout: 3000, ie.forceCreateProcessApi: false, ignoreProtectedModeSettings: true, ignoreZoomSetting: false, initialBrowserUrl: http://localhost:17522/, nativeEvents: true, requireWindowFocus: false}, setWindowRect: true, strictFileInteractability: false, timeouts: {implicit: 0, pageLoad: 300000, script: 30000}, unhandledPromptBehavior: dismiss and notify}
Session ID: 9b655d4a-2a31-4643-95a0-d0c58c5844e3
at org.openqa.selenium.remote.http.W3CHttpResponseCodec.createException(W3CHttpResponseCodec.java:187)
at org.openqa.selenium.remote.http.W3CHttpResponseCodec.decode(W3CHttpResponseCodec.java:122)
at org.openqa.selenium.remote.http.W3CHttpResponseCodec.decode(W3CHttpResponseCodec.java:49)
at org.openqa.selenium.remote.HttpCommandExecutor.execute(HttpCommandExecutor.java:160)
at org.openqa.selenium.remote.service.DriverCommandExecutor.execute(DriverCommandExecutor.java:83)
at org.openqa.selenium.remote.RemoteWebDriver.execute(RemoteWebDriver.java:601)
at org.openqa.selenium.remote.RemoteWebElement.execute(RemoteWebElement.java:279)
at org.openqa.selenium.remote.RemoteWebElement.click(RemoteWebElement.java:83)
at testcases.VideoPictureSettingsTest.ChangeSharpnessAndPressSaveTest(VideoPictureSettingsTest.java:459)
at java.util.ArrayList.forEach(ArrayList.java:1257)
... Removed 31 stack frames]]>
    </failure>
  </testcase> <!-- ChangeSharpnessAndPressSaveTest -->
  <testcase name="GetVideoChannelPictureSetiingsAndApplyToOtherChannelTest" time="1.48" classname="testcases.VideoPictureSettingsTest">
    <failure type="org.openqa.selenium.ElementNotInteractableException" message="Element is not displayed
Build info: version: &amp;apos;3.9.1&amp;apos;, revision: &amp;apos;63f7b50&amp;apos;, time: &amp;apos;2018-02-07T22:25:02.294Z&amp;apos;
System info: host: &amp;apos;BORSE-PC&amp;apos;, ip: &amp;apos;172.20.1.58&amp;apos;, os.name: &amp;apos;Windows 10&amp;apos;, os.arch: &amp;apos;amd64&amp;apos;, os.version: &amp;apos;10.0&amp;apos;, java.version: &amp;apos;1.8.0_202&amp;apos;
Driver info: org.openqa.selenium.ie.InternetExplorerDriver
Capabilities {acceptInsecureCerts: false, browserName: internet explorer, browserVersion: 11, javascriptEnabled: true, pageLoadStrategy: normal, platform: WINDOWS, platformName: WINDOWS, proxy: Proxy(), se:ieOptions: {browserAttachTimeout: 0, elementScrollBehavior: 0, enablePersistentHover: true, ie.browserCommandLineSwitches: , ie.edgechromium: false, ie.edgepath: , ie.ensureCleanSession: true, ie.fileUploadDialogTimeout: 3000, ie.forceCreateProcessApi: false, ignoreProtectedModeSettings: true, ignoreZoomSetting: false, initialBrowserUrl: http://localhost:2876/, nativeEvents: true, requireWindowFocus: false}, setWindowRect: true, strictFileInteractability: false, timeouts: {implicit: 0, pageLoad: 300000, script: 30000}, unhandledPromptBehavior: dismiss and notify}
Session ID: c89317c0-0d64-47c5-9258-28f25546c7d7">
      <![CDATA[org.openqa.selenium.ElementNotInteractableException: Element is not displayed
Build info: version: '3.9.1', revision: '63f7b50', time: '2018-02-07T22:25:02.294Z'
System info: host: 'BORSE-PC', ip: '172.20.1.58', os.name: 'Windows 10', os.arch: 'amd64', os.version: '10.0', java.version: '1.8.0_202'
Driver info: org.openqa.selenium.ie.InternetExplorerDriver
Capabilities {acceptInsecureCerts: false, browserName: internet explorer, browserVersion: 11, javascriptEnabled: true, pageLoadStrategy: normal, platform: WINDOWS, platformName: WINDOWS, proxy: Proxy(), se:ieOptions: {browserAttachTimeout: 0, elementScrollBehavior: 0, enablePersistentHover: true, ie.browserCommandLineSwitches: , ie.edgechromium: false, ie.edgepath: , ie.ensureCleanSession: true, ie.fileUploadDialogTimeout: 3000, ie.forceCreateProcessApi: false, ignoreProtectedModeSettings: true, ignoreZoomSetting: false, initialBrowserUrl: http://localhost:2876/, nativeEvents: true, requireWindowFocus: false}, setWindowRect: true, strictFileInteractability: false, timeouts: {implicit: 0, pageLoad: 300000, script: 30000}, unhandledPromptBehavior: dismiss and notify}
Session ID: c89317c0-0d64-47c5-9258-28f25546c7d7
at org.openqa.selenium.remote.http.W3CHttpResponseCodec.createException(W3CHttpResponseCodec.java:187)
at org.openqa.selenium.remote.http.W3CHttpResponseCodec.decode(W3CHttpResponseCodec.java:122)
at org.openqa.selenium.remote.http.W3CHttpResponseCodec.decode(W3CHttpResponseCodec.java:49)
at org.openqa.selenium.remote.HttpCommandExecutor.execute(HttpCommandExecutor.java:160)
at org.openqa.selenium.remote.service.DriverCommandExecutor.execute(DriverCommandExecutor.java:83)
at org.openqa.selenium.remote.RemoteWebDriver.execute(RemoteWebDriver.java:601)
at org.openqa.selenium.remote.RemoteWebElement.execute(RemoteWebElement.java:279)
at org.openqa.selenium.remote.RemoteWebElement.click(RemoteWebElement.java:83)
at testcases.VideoPictureSettingsTest.GetVideoChannelPictureSetiingsAndApplyToOtherChannelTest(VideoPictureSettingsTest.java:1056)
at java.util.ArrayList.forEach(ArrayList.java:1257)
... Removed 31 stack frames]]>
    </failure>
  </testcase> <!-- GetVideoChannelPictureSetiingsAndApplyToOtherChannelTest -->
  <testcase name="AddNewTourAndCancelTest" time="9.197" classname="testcases.ToursElementsTest">
    <failure type="java.lang.AssertionError" message="did not expect to find [true] but found [false]">
      <![CDATA[java.lang.AssertionError: did not expect to find [true] but found [false]
at testcases.ToursElementsTest.AddNewTourAndCancelTest(ToursElementsTest.java:247)
at java.util.ArrayList.forEach(ArrayList.java:1257)
... Removed 31 stack frames]]>
    </failure>
  </testcase> <!-- AddNewTourAndCancelTest -->
  <testcase name="AddNewTourExitAndCancelTest" time="19.134" classname="testcases.ToursElementsTest"/>
  <testcase name="AddNewTourExitAndSaveTest" time="11.755" classname="testcases.ToursElementsTest">
    <failure type="java.lang.AssertionError" message="did not expect to find [true] but found [false]">
      <![CDATA[java.lang.AssertionError: did not expect to find [true] but found [false]
at testcases.ToursElementsTest.AddNewTourExitAndSaveTest(ToursElementsTest.java:394)
at java.util.ArrayList.forEach(ArrayList.java:1257)
... Removed 31 stack frames]]>
    </failure>
  </testcase> <!-- AddNewTourExitAndSaveTest -->
  <testcase name="DeleteGroupAndPressNoTest" time="31.523" classname="testcases.GroupsHierarchyTest">
    <failure type="java.lang.AssertionError" message="did not expect to find [true] but found [false]">
      <![CDATA[java.lang.AssertionError: did not expect to find [true] but found [false]
at testcases.GroupsHierarchyTest.DeleteGroupAndPressNoTest(GroupsHierarchyTest.java:500)
at java.util.ArrayList.forEach(ArrayList.java:1257)
... Removed 31 stack frames]]>
    </failure>
  </testcase> <!-- DeleteGroupAndPressNoTest -->
  <testcase name="AddAudioResourcesInVideoChannelTest" time="67.852" classname="testcases.AudioChannelsTest">
    <failure type="java.lang.NullPointerException">
      <![CDATA[java.lang.NullPointerException
at pageObjects.AudioChannelsPage.ClickOnChannel(AudioChannelsPage.java:313)
at testcases.AudioChannelsTest.AddAudioResourcesInVideoChannelTest(AudioChannelsTest.java:252)
at java.util.ArrayList.forEach(ArrayList.java:1257)
... Removed 27 stack frames]]>
    </failure>
  </testcase> <!-- AddAudioResourcesInVideoChannelTest -->
  <testcase name="ChangeLimitRetentionValueTest" time="58.433" classname="testcases.AudioChannelsTest">
    <failure type="org.openqa.selenium.NoSuchElementException" message="Unable to find element with xpath == //ng-form/div[@class=&amp;apos;configuration-ditails-form flex-between&amp;apos;]//span[&amp;apos;ui-spinner ui-widget ui-corner-all ui-widget-header&amp;apos;]/input
For documentation on this error, please visit: http://seleniumhq.org/exceptions/no_such_element.html
Build info: version: &amp;apos;3.9.1&amp;apos;, revision: &amp;apos;63f7b50&amp;apos;, time: &amp;apos;2018-02-07T22:25:02.294Z&amp;apos;
System info: host: &amp;apos;BORSE-PC&amp;apos;, ip: &amp;apos;172.20.1.58&amp;apos;, os.name: &amp;apos;Windows 10&amp;apos;, os.arch: &amp;apos;amd64&amp;apos;, os.version: &amp;apos;10.0&amp;apos;, java.version: &amp;apos;1.8.0_202&amp;apos;
Driver info: org.openqa.selenium.ie.InternetExplorerDriver
Capabilities {acceptInsecureCerts: false, browserName: internet explorer, browserVersion: 11, javascriptEnabled: true, pageLoadStrategy: normal, platform: WINDOWS, platformName: WINDOWS, proxy: Proxy(), se:ieOptions: {browserAttachTimeout: 0, elementScrollBehavior: 0, enablePersistentHover: true, ie.browserCommandLineSwitches: , ie.edgechromium: false, ie.edgepath: , ie.ensureCleanSession: true, ie.fileUploadDialogTimeout: 3000, ie.forceCreateProcessApi: false, ignoreProtectedModeSettings: true, ignoreZoomSetting: false, initialBrowserUrl: http://localhost:29405/, nativeEvents: true, requireWindowFocus: false}, setWindowRect: true, strictFileInteractability: false, timeouts: {implicit: 0, pageLoad: 300000, script: 30000}, unhandledPromptBehavior: dismiss and notify}
Session ID: 37b1051f-4929-4c7e-93ac-a1fe282ad4ee
*** Element info: {Using=xpath, value=//ng-form/div[@class=&amp;apos;configuration-ditails-form flex-between&amp;apos;]//span[&amp;apos;ui-spinner ui-widget ui-corner-all ui-widget-header&amp;apos;]/input}">
      <![CDATA[org.openqa.selenium.NoSuchElementException: Unable to find element with xpath == //ng-form/div[@class='configuration-ditails-form flex-between']//span['ui-spinner ui-widget ui-corner-all ui-widget-header']/input
For documentation on this error, please visit: http://seleniumhq.org/exceptions/no_such_element.html
Build info: version: '3.9.1', revision: '63f7b50', time: '2018-02-07T22:25:02.294Z'
System info: host: 'BORSE-PC', ip: '172.20.1.58', os.name: 'Windows 10', os.arch: 'amd64', os.version: '10.0', java.version: '1.8.0_202'
Driver info: org.openqa.selenium.ie.InternetExplorerDriver
Capabilities {acceptInsecureCerts: false, browserName: internet explorer, browserVersion: 11, javascriptEnabled: true, pageLoadStrategy: normal, platform: WINDOWS, platformName: WINDOWS, proxy: Proxy(), se:ieOptions: {browserAttachTimeout: 0, elementScrollBehavior: 0, enablePersistentHover: true, ie.browserCommandLineSwitches: , ie.edgechromium: false, ie.edgepath: , ie.ensureCleanSession: true, ie.fileUploadDialogTimeout: 3000, ie.forceCreateProcessApi: false, ignoreProtectedModeSettings: true, ignoreZoomSetting: false, initialBrowserUrl: http://localhost:29405/, nativeEvents: true, requireWindowFocus: false}, setWindowRect: true, strictFileInteractability: false, timeouts: {implicit: 0, pageLoad: 300000, script: 30000}, unhandledPromptBehavior: dismiss and notify}
Session ID: 37b1051f-4929-4c7e-93ac-a1fe282ad4ee
*** Element info: {Using=xpath, value=//ng-form/div[@class='configuration-ditails-form flex-between']//span['ui-spinner ui-widget ui-corner-all ui-widget-header']/input}
at org.openqa.selenium.remote.http.W3CHttpResponseCodec.createException(W3CHttpResponseCodec.java:187)
at org.openqa.selenium.remote.http.W3CHttpResponseCodec.decode(W3CHttpResponseCodec.java:122)
at org.openqa.selenium.remote.http.W3CHttpResponseCodec.decode(W3CHttpResponseCodec.java:49)
at org.openqa.selenium.remote.HttpCommandExecutor.execute(HttpCommandExecutor.java:160)
at org.openqa.selenium.remote.service.DriverCommandExecutor.execute(DriverCommandExecutor.java:83)
at org.openqa.selenium.remote.RemoteWebDriver.execute(RemoteWebDriver.java:601)
at org.openqa.selenium.remote.RemoteWebDriver.findElement(RemoteWebDriver.java:371)
at org.openqa.selenium.remote.RemoteWebDriver.findElementByXPath(RemoteWebDriver.java:473)
at org.openqa.selenium.By$ByXPath.findElement(By.java:361)
at org.openqa.selenium.remote.RemoteWebDriver.findElement(RemoteWebDriver.java:363)
at org.openqa.selenium.support.pagefactory.DefaultElementLocator.findElement(DefaultElementLocator.java:69)
at org.openqa.selenium.support.pagefactory.internal.LocatingElementHandler.invoke(LocatingElementHandler.java:38)
at com.sun.proxy.$Proxy14.getAttribute(Unknown Source)
at pageObjects.AudioChannelsPage.GetLimitRetention(AudioChannelsPage.java:441)
at testcases.AudioChannelsTest.ChangeLimitRetentionValueTest(AudioChannelsTest.java:500)
at java.util.ArrayList.forEach(ArrayList.java:1257)
... Removed 31 stack frames]]>
    </failure>
  </testcase> <!-- ChangeLimitRetentionValueTest -->
  <testcase name="ChangeNameAndSaveTest" time="52.479" classname="testcases.AudioChannelsTest">
    <failure type="java.lang.AssertionError" message="expected [172.20.10.109_Mic_2NewNew] but found [172.20.1.65_Mic]">
      <![CDATA[java.lang.AssertionError: expected [172.20.10.109_Mic_2NewNew] but found [172.20.1.65_Mic]
at testcases.AudioChannelsTest.ChangeNameAndSaveTest(AudioChannelsTest.java:164)
at java.util.ArrayList.forEach(ArrayList.java:1257)
... Removed 32 stack frames]]>
    </failure>
  </testcase> <!-- ChangeNameAndSaveTest -->
  <testcase name="ChangePostEventTimeTest" time="54.57" classname="testcases.AudioChannelsTest">
    <failure type="java.lang.AssertionError" message="expected [65] but found [60]">
      <![CDATA[java.lang.AssertionError: expected [65] but found [60]
at testcases.AudioChannelsTest.ChangePostEventTimeTest(AudioChannelsTest.java:720)
at java.util.ArrayList.forEach(ArrayList.java:1257)
... Removed 32 stack frames]]>
    </failure>
  </testcase> <!-- ChangePostEventTimeTest -->
  <testcase name="ChangePreEventTimeTest" time="0.0" classname="testcases.AudioChannelsTest">
    <skipped/>
  </testcase> <!-- ChangePreEventTimeTest -->
  <testcase name="GetAudioChannelPropertiesAndApplyToOtherChannelTest" time="0.0" classname="testcases.AudioChannelsTest">
    <skipped/>
  </testcase> <!-- GetAudioChannelPropertiesAndApplyToOtherChannelTest -->
  <testcase name="SelectAllDevicesInSpecifyEventsTest" time="0.0" classname="testcases.AudioChannelsTest">
    <skipped/>
  </testcase> <!-- SelectAllDevicesInSpecifyEventsTest -->
  <testcase name="SelectAnyEventsInspecifyEventsTest" time="0.0" classname="testcases.AudioChannelsTest">
    <skipped/>
  </testcase> <!-- SelectAnyEventsInspecifyEventsTest -->
  <testcase name="ChangeProtocolExitAndPressSaveTest" time="0.0" classname="testcases.AudioChannelsElementsTest">
    <skipped/>
  </testcase> <!-- ChangeProtocolExitAndPressSaveTest -->
  <testcase name="CreateNewSchedulePlanExitAndPressCancelTest" time="0.0" classname="testcases.AudioChannelsElementsTest">
    <skipped/>
  </testcase> <!-- CreateNewSchedulePlanExitAndPressCancelTest -->
  <testcase name="SelectRecordingModeExitAndPressSaveTest" time="0.0" classname="testcases.AudioChannelsElementsTest">
    <skipped/>
  </testcase> <!-- SelectRecordingModeExitAndPressSaveTest -->
  <testcase name="SelectScheduleAndPressSaveTest" time="0.0" classname="testcases.AudioChannelsElementsTest">
    <skipped/>
  </testcase> <!-- SelectScheduleAndPressSaveTest -->
  <testcase name="SelectTwoEventsDeleteExitAndPressCancelTest" time="0.0" classname="testcases.AudioChannelsElementsTest">
    <skipped/>
  </testcase> <!-- SelectTwoEventsDeleteExitAndPressCancelTest -->
  <testcase name="SelectTwoEventsDeleteExitAndPressSaveTest" time="0.0" classname="testcases.AudioChannelsElementsTest">
    <skipped/>
  </testcase> <!-- SelectTwoEventsDeleteExitAndPressSaveTest -->
  <testcase name="SwitchLimitRetentionToggleExitAndPressCancelTest" time="0.0" classname="testcases.AudioChannelsElementsTest">
    <skipped/>
  </testcase> <!-- SwitchLimitRetentionToggleExitAndPressCancelTest -->
  <testcase name="SwitchRecordingToggleExitAndPressCancelTest" time="0.0" classname="testcases.AudioChannelsElementsTest">
    <skipped/>
  </testcase> <!-- SwitchRecordingToggleExitAndPressCancelTest -->
  <testcase name="SwitchRecordingToggleExitAndPressDonotSaveTest" time="0.0" classname="testcases.AudioChannelsElementsTest">
    <skipped/>
  </testcase> <!-- SwitchRecordingToggleExitAndPressDonotSaveTest -->
  <testcase name="SwitchRecordingToggleExitAndPressSaveTest" time="0.0" classname="testcases.AudioChannelsElementsTest">
    <skipped/>
  </testcase> <!-- SwitchRecordingToggleExitAndPressSaveTest -->
  <testcase name="AddAudioChannelsTest" time="69.885" classname="testcases.VideoChannelPropertiesElementTest">
    <failure type="java.lang.NullPointerException">
      <![CDATA[java.lang.NullPointerException
at testcases.VideoChannelPropertiesElementTest.AddAudioChannelsTest(VideoChannelPropertiesElementTest.java:955)
at java.util.ArrayList.forEach(ArrayList.java:1257)
... Removed 27 stack frames]]>
    </failure>
  </testcase> <!-- AddAudioChannelsTest -->
  <testcase name="ChangeNameAndSaveTest" time="1.044" classname="testcases.VideoChannelPropertiesElementTest">
    <failure type="org.openqa.selenium.ElementNotInteractableException" message="Element is not displayed
Build info: version: &amp;apos;3.9.1&amp;apos;, revision: &amp;apos;63f7b50&amp;apos;, time: &amp;apos;2018-02-07T22:25:02.294Z&amp;apos;
System info: host: &amp;apos;BORSE-PC&amp;apos;, ip: &amp;apos;172.20.1.58&amp;apos;, os.name: &amp;apos;Windows 10&amp;apos;, os.arch: &amp;apos;amd64&amp;apos;, os.version: &amp;apos;10.0&amp;apos;, java.version: &amp;apos;1.8.0_202&amp;apos;
Driver info: org.openqa.selenium.ie.InternetExplorerDriver
Capabilities {acceptInsecureCerts: false, browserName: internet explorer, browserVersion: 11, javascriptEnabled: true, pageLoadStrategy: normal, platform: WINDOWS, platformName: WINDOWS, proxy: Proxy(), se:ieOptions: {browserAttachTimeout: 0, elementScrollBehavior: 0, enablePersistentHover: true, ie.browserCommandLineSwitches: , ie.edgechromium: false, ie.edgepath: , ie.ensureCleanSession: true, ie.fileUploadDialogTimeout: 3000, ie.forceCreateProcessApi: false, ignoreProtectedModeSettings: true, ignoreZoomSetting: false, initialBrowserUrl: http://localhost:26236/, nativeEvents: true, requireWindowFocus: false}, setWindowRect: true, strictFileInteractability: false, timeouts: {implicit: 0, pageLoad: 300000, script: 30000}, unhandledPromptBehavior: dismiss and notify}
Session ID: 82ef63b7-4e1b-4000-a75d-28dc91f61727">
      <![CDATA[org.openqa.selenium.ElementNotInteractableException: Element is not displayed
Build info: version: '3.9.1', revision: '63f7b50', time: '2018-02-07T22:25:02.294Z'
System info: host: 'BORSE-PC', ip: '172.20.1.58', os.name: 'Windows 10', os.arch: 'amd64', os.version: '10.0', java.version: '1.8.0_202'
Driver info: org.openqa.selenium.ie.InternetExplorerDriver
Capabilities {acceptInsecureCerts: false, browserName: internet explorer, browserVersion: 11, javascriptEnabled: true, pageLoadStrategy: normal, platform: WINDOWS, platformName: WINDOWS, proxy: Proxy(), se:ieOptions: {browserAttachTimeout: 0, elementScrollBehavior: 0, enablePersistentHover: true, ie.browserCommandLineSwitches: , ie.edgechromium: false, ie.edgepath: , ie.ensureCleanSession: true, ie.fileUploadDialogTimeout: 3000, ie.forceCreateProcessApi: false, ignoreProtectedModeSettings: true, ignoreZoomSetting: false, initialBrowserUrl: http://localhost:26236/, nativeEvents: true, requireWindowFocus: false}, setWindowRect: true, strictFileInteractability: false, timeouts: {implicit: 0, pageLoad: 300000, script: 30000}, unhandledPromptBehavior: dismiss and notify}
Session ID: 82ef63b7-4e1b-4000-a75d-28dc91f61727
at org.openqa.selenium.remote.http.W3CHttpResponseCodec.createException(W3CHttpResponseCodec.java:187)
at org.openqa.selenium.remote.http.W3CHttpResponseCodec.decode(W3CHttpResponseCodec.java:122)
at org.openqa.selenium.remote.http.W3CHttpResponseCodec.decode(W3CHttpResponseCodec.java:49)
at org.openqa.selenium.remote.HttpCommandExecutor.execute(HttpCommandExecutor.java:160)
at org.openqa.selenium.remote.service.DriverCommandExecutor.execute(DriverCommandExecutor.java:83)
at org.openqa.selenium.remote.RemoteWebDriver.execute(RemoteWebDriver.java:601)
at org.openqa.selenium.remote.RemoteWebElement.execute(RemoteWebElement.java:279)
at org.openqa.selenium.remote.RemoteWebElement.click(RemoteWebElement.java:83)
at testcases.VideoChannelPropertiesElementTest.ChangeNameAndSaveTest(VideoChannelPropertiesElementTest.java:630)
at java.util.ArrayList.forEach(ArrayList.java:1257)
... Removed 31 stack frames]]>
    </failure>
  </testcase> <!-- ChangeNameAndSaveTest -->
  <testcase name="ChangeNameExitPressDontSaveUnsavedChangesTest" time="122.828" classname="testcases.VideoChannelPropertiesElementTest">
    <failure type="java.lang.AssertionError" message="expected [172.20.0.84_Camera] but found [172.20.0.165_Camera_3]">
      <![CDATA[java.lang.AssertionError: expected [172.20.0.84_Camera] but found [172.20.0.165_Camera_3]
at testcases.VideoChannelPropertiesElementTest.ChangeNameExitPressDontSaveUnsavedChangesTest(VideoChannelPropertiesElementTest.java:220)
at java.util.ArrayList.forEach(ArrayList.java:1257)
... Removed 32 stack frames]]>
    </failure>
  </testcase> <!-- ChangeNameExitPressDontSaveUnsavedChangesTest -->
  <testcase name="ChangeNamePressCancelExitTest" time="174.555" classname="testcases.VideoChannelPropertiesElementTest">
    <failure type="java.lang.AssertionError" message="expected [172.20.10.109_Camera_15 [15]] but found [172.20.0.165_Camera_3]">
      <![CDATA[java.lang.AssertionError: expected [172.20.10.109_Camera_15 [15]] but found [172.20.0.165_Camera_3]
at testcases.VideoChannelPropertiesElementTest.ChangeNamePressCancelExitTest(VideoChannelPropertiesElementTest.java:147)
at java.util.ArrayList.forEach(ArrayList.java:1257)
... Removed 32 stack frames]]>
    </failure>
  </testcase> <!-- ChangeNamePressCancelExitTest -->
  <testcase name="ChangeVisibleStatusExitPressSaveUnsavedChangesTest" time="54.361" classname="testcases.VideoChannelPropertiesElementTest">
    <failure type="java.lang.NullPointerException">
      <![CDATA[java.lang.NullPointerException
at testcases.VideoChannelPropertiesElementTest.ChangeVisibleStatusExitPressSaveUnsavedChangesTest(VideoChannelPropertiesElementTest.java:399)
at java.util.ArrayList.forEach(ArrayList.java:1257)
... Removed 27 stack frames]]>
    </failure>
  </testcase> <!-- ChangeVisibleStatusExitPressSaveUnsavedChangesTest -->
  <testcase name="MultipleSelectAudioChannelsTest" time="1.107" classname="testcases.VideoChannelPropertiesElementTest">
    <failure type="org.openqa.selenium.ElementNotInteractableException" message="Element is not displayed
Build info: version: &amp;apos;3.9.1&amp;apos;, revision: &amp;apos;63f7b50&amp;apos;, time: &amp;apos;2018-02-07T22:25:02.294Z&amp;apos;
System info: host: &amp;apos;BORSE-PC&amp;apos;, ip: &amp;apos;172.20.1.58&amp;apos;, os.name: &amp;apos;Windows 10&amp;apos;, os.arch: &amp;apos;amd64&amp;apos;, os.version: &amp;apos;10.0&amp;apos;, java.version: &amp;apos;1.8.0_202&amp;apos;
Driver info: org.openqa.selenium.ie.InternetExplorerDriver
Capabilities {acceptInsecureCerts: false, browserName: internet explorer, browserVersion: 11, javascriptEnabled: true, pageLoadStrategy: normal, platform: WINDOWS, platformName: WINDOWS, proxy: Proxy(), se:ieOptions: {browserAttachTimeout: 0, elementScrollBehavior: 0, enablePersistentHover: true, ie.browserCommandLineSwitches: , ie.edgechromium: false, ie.edgepath: , ie.ensureCleanSession: true, ie.fileUploadDialogTimeout: 3000, ie.forceCreateProcessApi: false, ignoreProtectedModeSettings: true, ignoreZoomSetting: false, initialBrowserUrl: http://localhost:1145/, nativeEvents: true, requireWindowFocus: false}, setWindowRect: true, strictFileInteractability: false, timeouts: {implicit: 0, pageLoad: 300000, script: 30000}, unhandledPromptBehavior: dismiss and notify}
Session ID: 6a93c338-87d3-4bdf-aafe-ae10efc4dd88">
      <![CDATA[org.openqa.selenium.ElementNotInteractableException: Element is not displayed
Build info: version: '3.9.1', revision: '63f7b50', time: '2018-02-07T22:25:02.294Z'
System info: host: 'BORSE-PC', ip: '172.20.1.58', os.name: 'Windows 10', os.arch: 'amd64', os.version: '10.0', java.version: '1.8.0_202'
Driver info: org.openqa.selenium.ie.InternetExplorerDriver
Capabilities {acceptInsecureCerts: false, browserName: internet explorer, browserVersion: 11, javascriptEnabled: true, pageLoadStrategy: normal, platform: WINDOWS, platformName: WINDOWS, proxy: Proxy(), se:ieOptions: {browserAttachTimeout: 0, elementScrollBehavior: 0, enablePersistentHover: true, ie.browserCommandLineSwitches: , ie.edgechromium: false, ie.edgepath: , ie.ensureCleanSession: true, ie.fileUploadDialogTimeout: 3000, ie.forceCreateProcessApi: false, ignoreProtectedModeSettings: true, ignoreZoomSetting: false, initialBrowserUrl: http://localhost:1145/, nativeEvents: true, requireWindowFocus: false}, setWindowRect: true, strictFileInteractability: false, timeouts: {implicit: 0, pageLoad: 300000, script: 30000}, unhandledPromptBehavior: dismiss and notify}
Session ID: 6a93c338-87d3-4bdf-aafe-ae10efc4dd88
at org.openqa.selenium.remote.http.W3CHttpResponseCodec.createException(W3CHttpResponseCodec.java:187)
at org.openqa.selenium.remote.http.W3CHttpResponseCodec.decode(W3CHttpResponseCodec.java:122)
at org.openqa.selenium.remote.http.W3CHttpResponseCodec.decode(W3CHttpResponseCodec.java:49)
at org.openqa.selenium.remote.HttpCommandExecutor.execute(HttpCommandExecutor.java:160)
at org.openqa.selenium.remote.service.DriverCommandExecutor.execute(DriverCommandExecutor.java:83)
at org.openqa.selenium.remote.RemoteWebDriver.execute(RemoteWebDriver.java:601)
at org.openqa.selenium.remote.RemoteWebElement.execute(RemoteWebElement.java:279)
at org.openqa.selenium.remote.RemoteWebElement.click(RemoteWebElement.java:83)
at testcases.VideoChannelPropertiesElementTest.MultipleSelectAudioChannelsTest(VideoChannelPropertiesElementTest.java:969)
at java.util.ArrayList.forEach(ArrayList.java:1257)
... Removed 31 stack frames]]>
    </failure>
  </testcase> <!-- MultipleSelectAudioChannelsTest -->
  <testcase name="SwitchVisibilityTest" time="51.946" classname="testcases.VideoChannelPropertiesElementTest">
    <failure type="org.openqa.selenium.ElementNotInteractableException" message="Element is not interactable, it must not be hidden and it must be able to receive focus
Build info: version: &amp;apos;3.9.1&amp;apos;, revision: &amp;apos;63f7b50&amp;apos;, time: &amp;apos;2018-02-07T22:25:02.294Z&amp;apos;
System info: host: &amp;apos;BORSE-PC&amp;apos;, ip: &amp;apos;172.20.1.58&amp;apos;, os.name: &amp;apos;Windows 10&amp;apos;, os.arch: &amp;apos;amd64&amp;apos;, os.version: &amp;apos;10.0&amp;apos;, java.version: &amp;apos;1.8.0_202&amp;apos;
Driver info: org.openqa.selenium.ie.InternetExplorerDriver
Capabilities {acceptInsecureCerts: false, browserName: internet explorer, browserVersion: 11, javascriptEnabled: true, pageLoadStrategy: normal, platform: WINDOWS, platformName: WINDOWS, proxy: Proxy(), se:ieOptions: {browserAttachTimeout: 0, elementScrollBehavior: 0, enablePersistentHover: true, ie.browserCommandLineSwitches: , ie.edgechromium: false, ie.edgepath: , ie.ensureCleanSession: true, ie.fileUploadDialogTimeout: 3000, ie.forceCreateProcessApi: false, ignoreProtectedModeSettings: true, ignoreZoomSetting: false, initialBrowserUrl: http://localhost:10888/, nativeEvents: true, requireWindowFocus: false}, setWindowRect: true, strictFileInteractability: false, timeouts: {implicit: 0, pageLoad: 300000, script: 30000}, unhandledPromptBehavior: dismiss and notify}
Session ID: f1ecd6e0-ee28-4636-9f14-e0684e4e1aed">
      <![CDATA[org.openqa.selenium.ElementNotInteractableException: Element is not interactable, it must not be hidden and it must be able to receive focus
Build info: version: '3.9.1', revision: '63f7b50', time: '2018-02-07T22:25:02.294Z'
System info: host: 'BORSE-PC', ip: '172.20.1.58', os.name: 'Windows 10', os.arch: 'amd64', os.version: '10.0', java.version: '1.8.0_202'
Driver info: org.openqa.selenium.ie.InternetExplorerDriver
Capabilities {acceptInsecureCerts: false, browserName: internet explorer, browserVersion: 11, javascriptEnabled: true, pageLoadStrategy: normal, platform: WINDOWS, platformName: WINDOWS, proxy: Proxy(), se:ieOptions: {browserAttachTimeout: 0, elementScrollBehavior: 0, enablePersistentHover: true, ie.browserCommandLineSwitches: , ie.edgechromium: false, ie.edgepath: , ie.ensureCleanSession: true, ie.fileUploadDialogTimeout: 3000, ie.forceCreateProcessApi: false, ignoreProtectedModeSettings: true, ignoreZoomSetting: false, initialBrowserUrl: http://localhost:10888/, nativeEvents: true, requireWindowFocus: false}, setWindowRect: true, strictFileInteractability: false, timeouts: {implicit: 0, pageLoad: 300000, script: 30000}, unhandledPromptBehavior: dismiss and notify}
Session ID: f1ecd6e0-ee28-4636-9f14-e0684e4e1aed
at org.openqa.selenium.remote.http.W3CHttpResponseCodec.createException(W3CHttpResponseCodec.java:187)
at org.openqa.selenium.remote.http.W3CHttpResponseCodec.decode(W3CHttpResponseCodec.java:122)
at org.openqa.selenium.remote.http.W3CHttpResponseCodec.decode(W3CHttpResponseCodec.java:49)
at org.openqa.selenium.remote.HttpCommandExecutor.execute(HttpCommandExecutor.java:160)
at org.openqa.selenium.remote.service.DriverCommandExecutor.execute(DriverCommandExecutor.java:83)
at org.openqa.selenium.remote.RemoteWebDriver.execute(RemoteWebDriver.java:601)
at org.openqa.selenium.remote.RemoteWebElement.execute(RemoteWebElement.java:279)
at org.openqa.selenium.remote.RemoteWebElement.clear(RemoteWebElement.java:118)
at org.openqa.selenium.support.pagefactory.internal.LocatingElementHandler.invoke(LocatingElementHandler.java:51)
at com.sun.proxy.$Proxy14.clear(Unknown Source)
at Utilities.Page.setElementText(Page.java:477)
at pageObjects.MonitoringPage.FilterField(MonitoringPage.java:125)
at testcases.VideoChannelPropertiesElementTest.SwitchVisibilityTest(VideoChannelPropertiesElementTest.java:680)
at java.util.ArrayList.forEach(ArrayList.java:1257)
... Removed 34 stack frames]]>
    </failure>
  </testcase> <!-- SwitchVisibilityTest -->
  <testcase name="ChangeLimitRetentionValueTest" time="23.519" classname="testcases.VideoRecordingTest">
    <failure type="org.openqa.selenium.NoSuchElementException" message="Unable to find element with xpath == //*[@id=&amp;quot;vms-screen-recording-id&amp;quot;]/ng-form/div[2]/div/div[2]/div[2]/span/input
For documentation on this error, please visit: http://seleniumhq.org/exceptions/no_such_element.html
Build info: version: &amp;apos;3.9.1&amp;apos;, revision: &amp;apos;63f7b50&amp;apos;, time: &amp;apos;2018-02-07T22:25:02.294Z&amp;apos;
System info: host: &amp;apos;BORSE-PC&amp;apos;, ip: &amp;apos;172.20.1.58&amp;apos;, os.name: &amp;apos;Windows 10&amp;apos;, os.arch: &amp;apos;amd64&amp;apos;, os.version: &amp;apos;10.0&amp;apos;, java.version: &amp;apos;1.8.0_202&amp;apos;
Driver info: org.openqa.selenium.ie.InternetExplorerDriver
Capabilities {acceptInsecureCerts: false, browserName: internet explorer, browserVersion: 11, javascriptEnabled: true, pageLoadStrategy: normal, platform: WINDOWS, platformName: WINDOWS, proxy: Proxy(), se:ieOptions: {browserAttachTimeout: 0, elementScrollBehavior: 0, enablePersistentHover: true, ie.browserCommandLineSwitches: , ie.edgechromium: false, ie.edgepath: , ie.ensureCleanSession: true, ie.fileUploadDialogTimeout: 3000, ie.forceCreateProcessApi: false, ignoreProtectedModeSettings: true, ignoreZoomSetting: false, initialBrowserUrl: http://localhost:10079/, nativeEvents: true, requireWindowFocus: false}, setWindowRect: true, strictFileInteractability: false, timeouts: {implicit: 0, pageLoad: 300000, script: 30000}, unhandledPromptBehavior: dismiss and notify}
Session ID: 42f96fba-e5d0-437b-9e07-ffd16c9ef756
*** Element info: {Using=xpath, value=//*[@id=&amp;quot;vms-screen-recording-id&amp;quot;]/ng-form/div[2]/div/div[2]/div[2]/span/input}">
      <![CDATA[org.openqa.selenium.NoSuchElementException: Unable to find element with xpath == //*[@id="vms-screen-recording-id"]/ng-form/div[2]/div/div[2]/div[2]/span/input
For documentation on this error, please visit: http://seleniumhq.org/exceptions/no_such_element.html
Build info: version: '3.9.1', revision: '63f7b50', time: '2018-02-07T22:25:02.294Z'
System info: host: 'BORSE-PC', ip: '172.20.1.58', os.name: 'Windows 10', os.arch: 'amd64', os.version: '10.0', java.version: '1.8.0_202'
Driver info: org.openqa.selenium.ie.InternetExplorerDriver
Capabilities {acceptInsecureCerts: false, browserName: internet explorer, browserVersion: 11, javascriptEnabled: true, pageLoadStrategy: normal, platform: WINDOWS, platformName: WINDOWS, proxy: Proxy(), se:ieOptions: {browserAttachTimeout: 0, elementScrollBehavior: 0, enablePersistentHover: true, ie.browserCommandLineSwitches: , ie.edgechromium: false, ie.edgepath: , ie.ensureCleanSession: true, ie.fileUploadDialogTimeout: 3000, ie.forceCreateProcessApi: false, ignoreProtectedModeSettings: true, ignoreZoomSetting: false, initialBrowserUrl: http://localhost:10079/, nativeEvents: true, requireWindowFocus: false}, setWindowRect: true, strictFileInteractability: false, timeouts: {implicit: 0, pageLoad: 300000, script: 30000}, unhandledPromptBehavior: dismiss and notify}
Session ID: 42f96fba-e5d0-437b-9e07-ffd16c9ef756
*** Element info: {Using=xpath, value=//*[@id="vms-screen-recording-id"]/ng-form/div[2]/div/div[2]/div[2]/span/input}
at org.openqa.selenium.remote.http.W3CHttpResponseCodec.createException(W3CHttpResponseCodec.java:187)
at org.openqa.selenium.remote.http.W3CHttpResponseCodec.decode(W3CHttpResponseCodec.java:122)
at org.openqa.selenium.remote.http.W3CHttpResponseCodec.decode(W3CHttpResponseCodec.java:49)
at org.openqa.selenium.remote.HttpCommandExecutor.execute(HttpCommandExecutor.java:160)
at org.openqa.selenium.remote.service.DriverCommandExecutor.execute(DriverCommandExecutor.java:83)
at org.openqa.selenium.remote.RemoteWebDriver.execute(RemoteWebDriver.java:601)
at org.openqa.selenium.remote.RemoteWebDriver.findElement(RemoteWebDriver.java:371)
at org.openqa.selenium.remote.RemoteWebDriver.findElementByXPath(RemoteWebDriver.java:473)
at org.openqa.selenium.By$ByXPath.findElement(By.java:361)
at org.openqa.selenium.remote.RemoteWebDriver.findElement(RemoteWebDriver.java:363)
at pageObjects.VideoChannelsPage.InputIntoLimitRetentionfield(VideoChannelsPage.java:3097)
at testcases.VideoRecordingTest.ChangeLimitRetentionValueTest(VideoRecordingTest.java:250)
at java.util.ArrayList.forEach(ArrayList.java:1257)
... Removed 31 stack frames]]>
    </failure>
  </testcase> <!-- ChangeLimitRetentionValueTest -->
  <testcase name="ChangeRecordingModeTest" time="4.565" classname="testcases.VideoRecordingTest">
    <failure type="java.lang.NullPointerException">
      <![CDATA[java.lang.NullPointerException
at testcases.VideoRecordingTest.ChangeRecordingModeTest(VideoRecordingTest.java:340)
at java.util.ArrayList.forEach(ArrayList.java:1257)
... Removed 27 stack frames]]>
    </failure>
  </testcase> <!-- ChangeRecordingModeTest -->
  <testcase name="CreateNewScheduleNeverRepeatTest" time="61.309" classname="testcases.VideoRecordingTest">
    <failure type="org.openqa.selenium.NoSuchElementException" message="Unable to find element with xpath == //div[@class=&amp;apos;scheduleBlockWrpper&amp;apos;]/button[@class=&amp;apos;btn btn-vms position-add-schedule-button clear&amp;apos;]
For documentation on this error, please visit: http://seleniumhq.org/exceptions/no_such_element.html
Build info: version: &amp;apos;3.9.1&amp;apos;, revision: &amp;apos;63f7b50&amp;apos;, time: &amp;apos;2018-02-07T22:25:02.294Z&amp;apos;
System info: host: &amp;apos;BORSE-PC&amp;apos;, ip: &amp;apos;172.20.1.58&amp;apos;, os.name: &amp;apos;Windows 10&amp;apos;, os.arch: &amp;apos;amd64&amp;apos;, os.version: &amp;apos;10.0&amp;apos;, java.version: &amp;apos;1.8.0_202&amp;apos;
Driver info: org.openqa.selenium.ie.InternetExplorerDriver
Capabilities {acceptInsecureCerts: false, browserName: internet explorer, browserVersion: 11, javascriptEnabled: true, pageLoadStrategy: normal, platform: WINDOWS, platformName: WINDOWS, proxy: Proxy(), se:ieOptions: {browserAttachTimeout: 0, elementScrollBehavior: 0, enablePersistentHover: true, ie.browserCommandLineSwitches: , ie.edgechromium: false, ie.edgepath: , ie.ensureCleanSession: true, ie.fileUploadDialogTimeout: 3000, ie.forceCreateProcessApi: false, ignoreProtectedModeSettings: true, ignoreZoomSetting: false, initialBrowserUrl: http://localhost:48399/, nativeEvents: true, requireWindowFocus: false}, setWindowRect: true, strictFileInteractability: false, timeouts: {implicit: 0, pageLoad: 300000, script: 30000}, unhandledPromptBehavior: dismiss and notify}
Session ID: 61448cd9-7f7c-46d6-a809-d5dd298bf089
*** Element info: {Using=xpath, value=//div[@class=&amp;apos;scheduleBlockWrpper&amp;apos;]/button[@class=&amp;apos;btn btn-vms position-add-schedule-button clear&amp;apos;]}">
      <![CDATA[org.openqa.selenium.NoSuchElementException: Unable to find element with xpath == //div[@class='scheduleBlockWrpper']/button[@class='btn btn-vms position-add-schedule-button clear']
For documentation on this error, please visit: http://seleniumhq.org/exceptions/no_such_element.html
Build info: version: '3.9.1', revision: '63f7b50', time: '2018-02-07T22:25:02.294Z'
System info: host: 'BORSE-PC', ip: '172.20.1.58', os.name: 'Windows 10', os.arch: 'amd64', os.version: '10.0', java.version: '1.8.0_202'
Driver info: org.openqa.selenium.ie.InternetExplorerDriver
Capabilities {acceptInsecureCerts: false, browserName: internet explorer, browserVersion: 11, javascriptEnabled: true, pageLoadStrategy: normal, platform: WINDOWS, platformName: WINDOWS, proxy: Proxy(), se:ieOptions: {browserAttachTimeout: 0, elementScrollBehavior: 0, enablePersistentHover: true, ie.browserCommandLineSwitches: , ie.edgechromium: false, ie.edgepath: , ie.ensureCleanSession: true, ie.fileUploadDialogTimeout: 3000, ie.forceCreateProcessApi: false, ignoreProtectedModeSettings: true, ignoreZoomSetting: false, initialBrowserUrl: http://localhost:48399/, nativeEvents: true, requireWindowFocus: false}, setWindowRect: true, strictFileInteractability: false, timeouts: {implicit: 0, pageLoad: 300000, script: 30000}, unhandledPromptBehavior: dismiss and notify}
Session ID: 61448cd9-7f7c-46d6-a809-d5dd298bf089
*** Element info: {Using=xpath, value=//div[@class='scheduleBlockWrpper']/button[@class='btn btn-vms position-add-schedule-button clear']}
at org.openqa.selenium.remote.http.W3CHttpResponseCodec.createException(W3CHttpResponseCodec.java:187)
at org.openqa.selenium.remote.http.W3CHttpResponseCodec.decode(W3CHttpResponseCodec.java:122)
at org.openqa.selenium.remote.http.W3CHttpResponseCodec.decode(W3CHttpResponseCodec.java:49)
at org.openqa.selenium.remote.HttpCommandExecutor.execute(HttpCommandExecutor.java:160)
at org.openqa.selenium.remote.service.DriverCommandExecutor.execute(DriverCommandExecutor.java:83)
at org.openqa.selenium.remote.RemoteWebDriver.execute(RemoteWebDriver.java:601)
at org.openqa.selenium.remote.RemoteWebDriver.findElement(RemoteWebDriver.java:371)
at org.openqa.selenium.remote.RemoteWebDriver.findElementByXPath(RemoteWebDriver.java:473)
at org.openqa.selenium.By$ByXPath.findElement(By.java:361)
at org.openqa.selenium.remote.RemoteWebDriver.findElement(RemoteWebDriver.java:363)
at org.openqa.selenium.support.pagefactory.DefaultElementLocator.findElement(DefaultElementLocator.java:69)
at org.openqa.selenium.support.pagefactory.internal.LocatingElementHandler.invoke(LocatingElementHandler.java:38)
at com.sun.proxy.$Proxy14.getWrappedElement(Unknown Source)
at org.openqa.selenium.remote.internal.WebElementToJsonConverter.apply(WebElementToJsonConverter.java:51)
at com.google.common.collect.Iterators$6.transform(Iterators.java:788)
at com.google.common.collect.TransformedIterator.next(TransformedIterator.java:47)
at com.google.common.collect.Iterators.addAll(Iterators.java:358)
at com.google.common.collect.Lists.newArrayList(Lists.java:155)
at com.google.common.collect.Lists.newArrayList(Lists.java:141)
at org.openqa.selenium.remote.RemoteWebDriver.executeScript(RemoteWebDriver.java:535)
at Utilities.Page.JavaScriptClick(Page.java:758)
at pageObjects.VideoChannelsPage.IfScheduleIsNotExistAddIt(VideoChannelsPage.java:1737)
at testcases.VideoRecordingTest.CreateNewScheduleNeverRepeatTest(VideoRecordingTest.java:1038)
at java.util.ArrayList.forEach(ArrayList.java:1257)
... Removed 30 stack frames]]>
    </failure>
  </testcase> <!-- CreateNewScheduleNeverRepeatTest -->
  <testcase name="CreateNewYearlyScheduleTest" time="62.639" classname="testcases.VideoRecordingTest">
    <failure type="org.openqa.selenium.NoSuchElementException" message="Unable to find element with xpath == //div[@class=&amp;apos;scheduleBlockWrpper&amp;apos;]/button[@class=&amp;apos;btn btn-vms position-add-schedule-button clear&amp;apos;]
For documentation on this error, please visit: http://seleniumhq.org/exceptions/no_such_element.html
Build info: version: &amp;apos;3.9.1&amp;apos;, revision: &amp;apos;63f7b50&amp;apos;, time: &amp;apos;2018-02-07T22:25:02.294Z&amp;apos;
System info: host: &amp;apos;BORSE-PC&amp;apos;, ip: &amp;apos;172.20.1.58&amp;apos;, os.name: &amp;apos;Windows 10&amp;apos;, os.arch: &amp;apos;amd64&amp;apos;, os.version: &amp;apos;10.0&amp;apos;, java.version: &amp;apos;1.8.0_202&amp;apos;
Driver info: org.openqa.selenium.ie.InternetExplorerDriver
Capabilities {acceptInsecureCerts: false, browserName: internet explorer, browserVersion: 11, javascriptEnabled: true, pageLoadStrategy: normal, platform: WINDOWS, platformName: WINDOWS, proxy: Proxy(), se:ieOptions: {browserAttachTimeout: 0, elementScrollBehavior: 0, enablePersistentHover: true, ie.browserCommandLineSwitches: , ie.edgechromium: false, ie.edgepath: , ie.ensureCleanSession: true, ie.fileUploadDialogTimeout: 3000, ie.forceCreateProcessApi: false, ignoreProtectedModeSettings: true, ignoreZoomSetting: false, initialBrowserUrl: http://localhost:32760/, nativeEvents: true, requireWindowFocus: false}, setWindowRect: true, strictFileInteractability: false, timeouts: {implicit: 0, pageLoad: 300000, script: 30000}, unhandledPromptBehavior: dismiss and notify}
Session ID: 4f10671e-93fe-4be8-b1bf-3e9d4ac7d0c4
*** Element info: {Using=xpath, value=//div[@class=&amp;apos;scheduleBlockWrpper&amp;apos;]/button[@class=&amp;apos;btn btn-vms position-add-schedule-button clear&amp;apos;]}">
      <![CDATA[org.openqa.selenium.NoSuchElementException: Unable to find element with xpath == //div[@class='scheduleBlockWrpper']/button[@class='btn btn-vms position-add-schedule-button clear']
For documentation on this error, please visit: http://seleniumhq.org/exceptions/no_such_element.html
Build info: version: '3.9.1', revision: '63f7b50', time: '2018-02-07T22:25:02.294Z'
System info: host: 'BORSE-PC', ip: '172.20.1.58', os.name: 'Windows 10', os.arch: 'amd64', os.version: '10.0', java.version: '1.8.0_202'
Driver info: org.openqa.selenium.ie.InternetExplorerDriver
Capabilities {acceptInsecureCerts: false, browserName: internet explorer, browserVersion: 11, javascriptEnabled: true, pageLoadStrategy: normal, platform: WINDOWS, platformName: WINDOWS, proxy: Proxy(), se:ieOptions: {browserAttachTimeout: 0, elementScrollBehavior: 0, enablePersistentHover: true, ie.browserCommandLineSwitches: , ie.edgechromium: false, ie.edgepath: , ie.ensureCleanSession: true, ie.fileUploadDialogTimeout: 3000, ie.forceCreateProcessApi: false, ignoreProtectedModeSettings: true, ignoreZoomSetting: false, initialBrowserUrl: http://localhost:32760/, nativeEvents: true, requireWindowFocus: false}, setWindowRect: true, strictFileInteractability: false, timeouts: {implicit: 0, pageLoad: 300000, script: 30000}, unhandledPromptBehavior: dismiss and notify}
Session ID: 4f10671e-93fe-4be8-b1bf-3e9d4ac7d0c4
*** Element info: {Using=xpath, value=//div[@class='scheduleBlockWrpper']/button[@class='btn btn-vms position-add-schedule-button clear']}
at org.openqa.selenium.remote.http.W3CHttpResponseCodec.createException(W3CHttpResponseCodec.java:187)
at org.openqa.selenium.remote.http.W3CHttpResponseCodec.decode(W3CHttpResponseCodec.java:122)
at org.openqa.selenium.remote.http.W3CHttpResponseCodec.decode(W3CHttpResponseCodec.java:49)
at org.openqa.selenium.remote.HttpCommandExecutor.execute(HttpCommandExecutor.java:160)
at org.openqa.selenium.remote.service.DriverCommandExecutor.execute(DriverCommandExecutor.java:83)
at org.openqa.selenium.remote.RemoteWebDriver.execute(RemoteWebDriver.java:601)
at org.openqa.selenium.remote.RemoteWebDriver.findElement(RemoteWebDriver.java:371)
at org.openqa.selenium.remote.RemoteWebDriver.findElementByXPath(RemoteWebDriver.java:473)
at org.openqa.selenium.By$ByXPath.findElement(By.java:361)
at org.openqa.selenium.remote.RemoteWebDriver.findElement(RemoteWebDriver.java:363)
at org.openqa.selenium.support.pagefactory.DefaultElementLocator.findElement(DefaultElementLocator.java:69)
at org.openqa.selenium.support.pagefactory.internal.LocatingElementHandler.invoke(LocatingElementHandler.java:38)
at com.sun.proxy.$Proxy14.getWrappedElement(Unknown Source)
at org.openqa.selenium.remote.internal.WebElementToJsonConverter.apply(WebElementToJsonConverter.java:51)
at com.google.common.collect.Iterators$6.transform(Iterators.java:788)
at com.google.common.collect.TransformedIterator.next(TransformedIterator.java:47)
at com.google.common.collect.Iterators.addAll(Iterators.java:358)
at com.google.common.collect.Lists.newArrayList(Lists.java:155)
at com.google.common.collect.Lists.newArrayList(Lists.java:141)
at org.openqa.selenium.remote.RemoteWebDriver.executeScript(RemoteWebDriver.java:535)
at Utilities.Page.JavaScriptClick(Page.java:758)
at pageObjects.VideoChannelsPage.IfScheduleIsNotExistAddIt(VideoChannelsPage.java:1737)
at testcases.VideoRecordingTest.CreateNewYearlyScheduleTest(VideoRecordingTest.java:873)
at java.util.ArrayList.forEach(ArrayList.java:1257)
... Removed 30 stack frames]]>
    </failure>
  </testcase> <!-- CreateNewYearlyScheduleTest -->
  <testcase name="NewMonthlyCheckDayScheduleTest" time="59.221" classname="testcases.VideoRecordingTest">
    <failure type="org.openqa.selenium.NoSuchElementException" message="Unable to find element with xpath == //div[@class=&amp;apos;scheduleBlockWrpper&amp;apos;]/button[@class=&amp;apos;btn btn-vms position-add-schedule-button clear&amp;apos;]
For documentation on this error, please visit: http://seleniumhq.org/exceptions/no_such_element.html
Build info: version: &amp;apos;3.9.1&amp;apos;, revision: &amp;apos;63f7b50&amp;apos;, time: &amp;apos;2018-02-07T22:25:02.294Z&amp;apos;
System info: host: &amp;apos;BORSE-PC&amp;apos;, ip: &amp;apos;172.20.1.58&amp;apos;, os.name: &amp;apos;Windows 10&amp;apos;, os.arch: &amp;apos;amd64&amp;apos;, os.version: &amp;apos;10.0&amp;apos;, java.version: &amp;apos;1.8.0_202&amp;apos;
Driver info: org.openqa.selenium.ie.InternetExplorerDriver
Capabilities {acceptInsecureCerts: false, browserName: internet explorer, browserVersion: 11, javascriptEnabled: true, pageLoadStrategy: normal, platform: WINDOWS, platformName: WINDOWS, proxy: Proxy(), se:ieOptions: {browserAttachTimeout: 0, elementScrollBehavior: 0, enablePersistentHover: true, ie.browserCommandLineSwitches: , ie.edgechromium: false, ie.edgepath: , ie.ensureCleanSession: true, ie.fileUploadDialogTimeout: 3000, ie.forceCreateProcessApi: false, ignoreProtectedModeSettings: true, ignoreZoomSetting: false, initialBrowserUrl: http://localhost:39952/, nativeEvents: true, requireWindowFocus: false}, setWindowRect: true, strictFileInteractability: false, timeouts: {implicit: 0, pageLoad: 300000, script: 30000}, unhandledPromptBehavior: dismiss and notify}
Session ID: c9659651-4c38-463e-b38a-518b17c40887
*** Element info: {Using=xpath, value=//div[@class=&amp;apos;scheduleBlockWrpper&amp;apos;]/button[@class=&amp;apos;btn btn-vms position-add-schedule-button clear&amp;apos;]}">
      <![CDATA[org.openqa.selenium.NoSuchElementException: Unable to find element with xpath == //div[@class='scheduleBlockWrpper']/button[@class='btn btn-vms position-add-schedule-button clear']
For documentation on this error, please visit: http://seleniumhq.org/exceptions/no_such_element.html
Build info: version: '3.9.1', revision: '63f7b50', time: '2018-02-07T22:25:02.294Z'
System info: host: 'BORSE-PC', ip: '172.20.1.58', os.name: 'Windows 10', os.arch: 'amd64', os.version: '10.0', java.version: '1.8.0_202'
Driver info: org.openqa.selenium.ie.InternetExplorerDriver
Capabilities {acceptInsecureCerts: false, browserName: internet explorer, browserVersion: 11, javascriptEnabled: true, pageLoadStrategy: normal, platform: WINDOWS, platformName: WINDOWS, proxy: Proxy(), se:ieOptions: {browserAttachTimeout: 0, elementScrollBehavior: 0, enablePersistentHover: true, ie.browserCommandLineSwitches: , ie.edgechromium: false, ie.edgepath: , ie.ensureCleanSession: true, ie.fileUploadDialogTimeout: 3000, ie.forceCreateProcessApi: false, ignoreProtectedModeSettings: true, ignoreZoomSetting: false, initialBrowserUrl: http://localhost:39952/, nativeEvents: true, requireWindowFocus: false}, setWindowRect: true, strictFileInteractability: false, timeouts: {implicit: 0, pageLoad: 300000, script: 30000}, unhandledPromptBehavior: dismiss and notify}
Session ID: c9659651-4c38-463e-b38a-518b17c40887
*** Element info: {Using=xpath, value=//div[@class='scheduleBlockWrpper']/button[@class='btn btn-vms position-add-schedule-button clear']}
at org.openqa.selenium.remote.http.W3CHttpResponseCodec.createException(W3CHttpResponseCodec.java:187)
at org.openqa.selenium.remote.http.W3CHttpResponseCodec.decode(W3CHttpResponseCodec.java:122)
at org.openqa.selenium.remote.http.W3CHttpResponseCodec.decode(W3CHttpResponseCodec.java:49)
at org.openqa.selenium.remote.HttpCommandExecutor.execute(HttpCommandExecutor.java:160)
at org.openqa.selenium.remote.service.DriverCommandExecutor.execute(DriverCommandExecutor.java:83)
at org.openqa.selenium.remote.RemoteWebDriver.execute(RemoteWebDriver.java:601)
at org.openqa.selenium.remote.RemoteWebDriver.findElement(RemoteWebDriver.java:371)
at org.openqa.selenium.remote.RemoteWebDriver.findElementByXPath(RemoteWebDriver.java:473)
at org.openqa.selenium.By$ByXPath.findElement(By.java:361)
at org.openqa.selenium.remote.RemoteWebDriver.findElement(RemoteWebDriver.java:363)
at org.openqa.selenium.support.pagefactory.DefaultElementLocator.findElement(DefaultElementLocator.java:69)
at org.openqa.selenium.support.pagefactory.internal.LocatingElementHandler.invoke(LocatingElementHandler.java:38)
at com.sun.proxy.$Proxy14.getWrappedElement(Unknown Source)
at org.openqa.selenium.remote.internal.WebElementToJsonConverter.apply(WebElementToJsonConverter.java:51)
at com.google.common.collect.Iterators$6.transform(Iterators.java:788)
at com.google.common.collect.TransformedIterator.next(TransformedIterator.java:47)
at com.google.common.collect.Iterators.addAll(Iterators.java:358)
at com.google.common.collect.Lists.newArrayList(Lists.java:155)
at com.google.common.collect.Lists.newArrayList(Lists.java:141)
at org.openqa.selenium.remote.RemoteWebDriver.executeScript(RemoteWebDriver.java:535)
at Utilities.Page.JavaScriptClick(Page.java:758)
at pageObjects.VideoChannelsPage.IfScheduleIsNotExistAddIt(VideoChannelsPage.java:1737)
at testcases.VideoRecordingTest.NewMonthlyCheckDayScheduleTest(VideoRecordingTest.java:536)
at java.util.ArrayList.forEach(ArrayList.java:1257)
... Removed 30 stack frames]]>
    </failure>
  </testcase> <!-- NewMonthlyCheckDayScheduleTest -->
  <testcase name="SelectScheduleTest" time="58.332" classname="testcases.VideoRecordingTest">
    <failure type="org.openqa.selenium.NoSuchElementException" message="Unable to find element with xpath == //div[@class=&amp;apos;scheduleBlockWrpper&amp;apos;]/button[@class=&amp;apos;btn btn-vms position-add-schedule-button clear&amp;apos;]
For documentation on this error, please visit: http://seleniumhq.org/exceptions/no_such_element.html
Build info: version: &amp;apos;3.9.1&amp;apos;, revision: &amp;apos;63f7b50&amp;apos;, time: &amp;apos;2018-02-07T22:25:02.294Z&amp;apos;
System info: host: &amp;apos;BORSE-PC&amp;apos;, ip: &amp;apos;172.20.1.58&amp;apos;, os.name: &amp;apos;Windows 10&amp;apos;, os.arch: &amp;apos;amd64&amp;apos;, os.version: &amp;apos;10.0&amp;apos;, java.version: &amp;apos;1.8.0_202&amp;apos;
Driver info: org.openqa.selenium.ie.InternetExplorerDriver
Capabilities {acceptInsecureCerts: false, browserName: internet explorer, browserVersion: 11, javascriptEnabled: true, pageLoadStrategy: normal, platform: WINDOWS, platformName: WINDOWS, proxy: Proxy(), se:ieOptions: {browserAttachTimeout: 0, elementScrollBehavior: 0, enablePersistentHover: true, ie.browserCommandLineSwitches: , ie.edgechromium: false, ie.edgepath: , ie.ensureCleanSession: true, ie.fileUploadDialogTimeout: 3000, ie.forceCreateProcessApi: false, ignoreProtectedModeSettings: true, ignoreZoomSetting: false, initialBrowserUrl: http://localhost:13014/, nativeEvents: true, requireWindowFocus: false}, setWindowRect: true, strictFileInteractability: false, timeouts: {implicit: 0, pageLoad: 300000, script: 30000}, unhandledPromptBehavior: dismiss and notify}
Session ID: 2b0c8ce8-3b07-4cb4-a8fb-1364ebc55e80
*** Element info: {Using=xpath, value=//div[@class=&amp;apos;scheduleBlockWrpper&amp;apos;]/button[@class=&amp;apos;btn btn-vms position-add-schedule-button clear&amp;apos;]}">
      <![CDATA[org.openqa.selenium.NoSuchElementException: Unable to find element with xpath == //div[@class='scheduleBlockWrpper']/button[@class='btn btn-vms position-add-schedule-button clear']
For documentation on this error, please visit: http://seleniumhq.org/exceptions/no_such_element.html
Build info: version: '3.9.1', revision: '63f7b50', time: '2018-02-07T22:25:02.294Z'
System info: host: 'BORSE-PC', ip: '172.20.1.58', os.name: 'Windows 10', os.arch: 'amd64', os.version: '10.0', java.version: '1.8.0_202'
Driver info: org.openqa.selenium.ie.InternetExplorerDriver
Capabilities {acceptInsecureCerts: false, browserName: internet explorer, browserVersion: 11, javascriptEnabled: true, pageLoadStrategy: normal, platform: WINDOWS, platformName: WINDOWS, proxy: Proxy(), se:ieOptions: {browserAttachTimeout: 0, elementScrollBehavior: 0, enablePersistentHover: true, ie.browserCommandLineSwitches: , ie.edgechromium: false, ie.edgepath: , ie.ensureCleanSession: true, ie.fileUploadDialogTimeout: 3000, ie.forceCreateProcessApi: false, ignoreProtectedModeSettings: true, ignoreZoomSetting: false, initialBrowserUrl: http://localhost:13014/, nativeEvents: true, requireWindowFocus: false}, setWindowRect: true, strictFileInteractability: false, timeouts: {implicit: 0, pageLoad: 300000, script: 30000}, unhandledPromptBehavior: dismiss and notify}
Session ID: 2b0c8ce8-3b07-4cb4-a8fb-1364ebc55e80
*** Element info: {Using=xpath, value=//div[@class='scheduleBlockWrpper']/button[@class='btn btn-vms position-add-schedule-button clear']}
at org.openqa.selenium.remote.http.W3CHttpResponseCodec.createException(W3CHttpResponseCodec.java:187)
at org.openqa.selenium.remote.http.W3CHttpResponseCodec.decode(W3CHttpResponseCodec.java:122)
at org.openqa.selenium.remote.http.W3CHttpResponseCodec.decode(W3CHttpResponseCodec.java:49)
at org.openqa.selenium.remote.HttpCommandExecutor.execute(HttpCommandExecutor.java:160)
at org.openqa.selenium.remote.service.DriverCommandExecutor.execute(DriverCommandExecutor.java:83)
at org.openqa.selenium.remote.RemoteWebDriver.execute(RemoteWebDriver.java:601)
at org.openqa.selenium.remote.RemoteWebDriver.findElement(RemoteWebDriver.java:371)
at org.openqa.selenium.remote.RemoteWebDriver.findElementByXPath(RemoteWebDriver.java:473)
at org.openqa.selenium.By$ByXPath.findElement(By.java:361)
at org.openqa.selenium.remote.RemoteWebDriver.findElement(RemoteWebDriver.java:363)
at org.openqa.selenium.support.pagefactory.DefaultElementLocator.findElement(DefaultElementLocator.java:69)
at org.openqa.selenium.support.pagefactory.internal.LocatingElementHandler.invoke(LocatingElementHandler.java:38)
at com.sun.proxy.$Proxy14.getWrappedElement(Unknown Source)
at org.openqa.selenium.remote.internal.WebElementToJsonConverter.apply(WebElementToJsonConverter.java:51)
at com.google.common.collect.Iterators$6.transform(Iterators.java:788)
at com.google.common.collect.TransformedIterator.next(TransformedIterator.java:47)
at com.google.common.collect.Iterators.addAll(Iterators.java:358)
at com.google.common.collect.Lists.newArrayList(Lists.java:155)
at com.google.common.collect.Lists.newArrayList(Lists.java:141)
at org.openqa.selenium.remote.RemoteWebDriver.executeScript(RemoteWebDriver.java:535)
at Utilities.Page.JavaScriptClick(Page.java:758)
at pageObjects.VideoChannelsPage.IfScheduleIsNotExistAddIt(VideoChannelsPage.java:1737)
at testcases.VideoRecordingTest.SelectScheduleTest(VideoRecordingTest.java:295)
at java.util.ArrayList.forEach(ArrayList.java:1257)
... Removed 30 stack frames]]>
    </failure>
  </testcase> <!-- SelectScheduleTest -->
  <testcase name="SwitchRecordingToggleTest" time="3.452" classname="testcases.VideoRecordingTest">
    <failure type="java.lang.AssertionError" message="did not expect to find [false] but found [false]">
      <![CDATA[java.lang.AssertionError: did not expect to find [false] but found [false]
at testcases.VideoRecordingTest.SwitchRecordingToggleTest(VideoRecordingTest.java:146)
at java.util.ArrayList.forEach(ArrayList.java:1257)
... Removed 30 stack frames]]>
    </failure>
  </testcase> <!-- SwitchRecordingToggleTest -->
  <testcase name="CreateNewScheduleAndPressCancelTest" time="58.265" classname="testcases.VideoRecordingTest">
    <failure type="org.openqa.selenium.NoSuchElementException" message="Unable to find element with xpath == //div[@class=&amp;apos;scheduleBlockWrpper&amp;apos;]/button[@class=&amp;apos;btn btn-vms position-add-schedule-button clear&amp;apos;]
For documentation on this error, please visit: http://seleniumhq.org/exceptions/no_such_element.html
Build info: version: &amp;apos;3.9.1&amp;apos;, revision: &amp;apos;63f7b50&amp;apos;, time: &amp;apos;2018-02-07T22:25:02.294Z&amp;apos;
System info: host: &amp;apos;BORSE-PC&amp;apos;, ip: &amp;apos;172.20.1.58&amp;apos;, os.name: &amp;apos;Windows 10&amp;apos;, os.arch: &amp;apos;amd64&amp;apos;, os.version: &amp;apos;10.0&amp;apos;, java.version: &amp;apos;1.8.0_202&amp;apos;
Driver info: org.openqa.selenium.ie.InternetExplorerDriver
Capabilities {acceptInsecureCerts: false, browserName: internet explorer, browserVersion: 11, javascriptEnabled: true, pageLoadStrategy: normal, platform: WINDOWS, platformName: WINDOWS, proxy: Proxy(), se:ieOptions: {browserAttachTimeout: 0, elementScrollBehavior: 0, enablePersistentHover: true, ie.browserCommandLineSwitches: , ie.edgechromium: false, ie.edgepath: , ie.ensureCleanSession: true, ie.fileUploadDialogTimeout: 3000, ie.forceCreateProcessApi: false, ignoreProtectedModeSettings: true, ignoreZoomSetting: false, initialBrowserUrl: http://localhost:23742/, nativeEvents: true, requireWindowFocus: false}, setWindowRect: true, strictFileInteractability: false, timeouts: {implicit: 0, pageLoad: 300000, script: 30000}, unhandledPromptBehavior: dismiss and notify}
Session ID: 5f77470b-6da8-4b9b-8127-9903ba73e90a
*** Element info: {Using=xpath, value=//div[@class=&amp;apos;scheduleBlockWrpper&amp;apos;]/button[@class=&amp;apos;btn btn-vms position-add-schedule-button clear&amp;apos;]}">
      <![CDATA[org.openqa.selenium.NoSuchElementException: Unable to find element with xpath == //div[@class='scheduleBlockWrpper']/button[@class='btn btn-vms position-add-schedule-button clear']
For documentation on this error, please visit: http://seleniumhq.org/exceptions/no_such_element.html
Build info: version: '3.9.1', revision: '63f7b50', time: '2018-02-07T22:25:02.294Z'
System info: host: 'BORSE-PC', ip: '172.20.1.58', os.name: 'Windows 10', os.arch: 'amd64', os.version: '10.0', java.version: '1.8.0_202'
Driver info: org.openqa.selenium.ie.InternetExplorerDriver
Capabilities {acceptInsecureCerts: false, browserName: internet explorer, browserVersion: 11, javascriptEnabled: true, pageLoadStrategy: normal, platform: WINDOWS, platformName: WINDOWS, proxy: Proxy(), se:ieOptions: {browserAttachTimeout: 0, elementScrollBehavior: 0, enablePersistentHover: true, ie.browserCommandLineSwitches: , ie.edgechromium: false, ie.edgepath: , ie.ensureCleanSession: true, ie.fileUploadDialogTimeout: 3000, ie.forceCreateProcessApi: false, ignoreProtectedModeSettings: true, ignoreZoomSetting: false, initialBrowserUrl: http://localhost:23742/, nativeEvents: true, requireWindowFocus: false}, setWindowRect: true, strictFileInteractability: false, timeouts: {implicit: 0, pageLoad: 300000, script: 30000}, unhandledPromptBehavior: dismiss and notify}
Session ID: 5f77470b-6da8-4b9b-8127-9903ba73e90a
*** Element info: {Using=xpath, value=//div[@class='scheduleBlockWrpper']/button[@class='btn btn-vms position-add-schedule-button clear']}
at org.openqa.selenium.remote.http.W3CHttpResponseCodec.createException(W3CHttpResponseCodec.java:187)
at org.openqa.selenium.remote.http.W3CHttpResponseCodec.decode(W3CHttpResponseCodec.java:122)
at org.openqa.selenium.remote.http.W3CHttpResponseCodec.decode(W3CHttpResponseCodec.java:49)
at org.openqa.selenium.remote.HttpCommandExecutor.execute(HttpCommandExecutor.java:160)
at org.openqa.selenium.remote.service.DriverCommandExecutor.execute(DriverCommandExecutor.java:83)
at org.openqa.selenium.remote.RemoteWebDriver.execute(RemoteWebDriver.java:601)
at org.openqa.selenium.remote.RemoteWebDriver.findElement(RemoteWebDriver.java:371)
at org.openqa.selenium.remote.RemoteWebDriver.findElementByXPath(RemoteWebDriver.java:473)
at org.openqa.selenium.By$ByXPath.findElement(By.java:361)
at org.openqa.selenium.remote.RemoteWebDriver.findElement(RemoteWebDriver.java:363)
at org.openqa.selenium.support.pagefactory.DefaultElementLocator.findElement(DefaultElementLocator.java:69)
at org.openqa.selenium.support.pagefactory.internal.LocatingElementHandler.invoke(LocatingElementHandler.java:38)
at com.sun.proxy.$Proxy14.getWrappedElement(Unknown Source)
at org.openqa.selenium.remote.internal.WebElementToJsonConverter.apply(WebElementToJsonConverter.java:51)
at com.google.common.collect.Iterators$6.transform(Iterators.java:788)
at com.google.common.collect.TransformedIterator.next(TransformedIterator.java:47)
at com.google.common.collect.Iterators.addAll(Iterators.java:358)
at com.google.common.collect.Lists.newArrayList(Lists.java:155)
at com.google.common.collect.Lists.newArrayList(Lists.java:141)
at org.openqa.selenium.remote.RemoteWebDriver.executeScript(RemoteWebDriver.java:535)
at Utilities.Page.JavaScriptClick(Page.java:758)
at pageObjects.VideoChannelsPage.IfScheduleIsNotExistAddIt(VideoChannelsPage.java:1737)
at testcases.VideoRecordingTest.CreateNewScheduleAndPressCancelTest(VideoRecordingTest.java:1194)
at java.util.ArrayList.forEach(ArrayList.java:1257)
... Removed 30 stack frames]]>
    </failure>
  </testcase> <!-- CreateNewScheduleAndPressCancelTest -->
  <testcase name="NewMonthlyScheduleTest" time="59.202" classname="testcases.VideoRecordingTest">
    <failure type="org.openqa.selenium.NoSuchElementException" message="Unable to find element with xpath == //div[@class=&amp;apos;scheduleBlockWrpper&amp;apos;]/button[@class=&amp;apos;btn btn-vms position-add-schedule-button clear&amp;apos;]
For documentation on this error, please visit: http://seleniumhq.org/exceptions/no_such_element.html
Build info: version: &amp;apos;3.9.1&amp;apos;, revision: &amp;apos;63f7b50&amp;apos;, time: &amp;apos;2018-02-07T22:25:02.294Z&amp;apos;
System info: host: &amp;apos;BORSE-PC&amp;apos;, ip: &amp;apos;172.20.1.58&amp;apos;, os.name: &amp;apos;Windows 10&amp;apos;, os.arch: &amp;apos;amd64&amp;apos;, os.version: &amp;apos;10.0&amp;apos;, java.version: &amp;apos;1.8.0_202&amp;apos;
Driver info: org.openqa.selenium.ie.InternetExplorerDriver
Capabilities {acceptInsecureCerts: false, browserName: internet explorer, browserVersion: 11, javascriptEnabled: true, pageLoadStrategy: normal, platform: WINDOWS, platformName: WINDOWS, proxy: Proxy(), se:ieOptions: {browserAttachTimeout: 0, elementScrollBehavior: 0, enablePersistentHover: true, ie.browserCommandLineSwitches: , ie.edgechromium: false, ie.edgepath: , ie.ensureCleanSession: true, ie.fileUploadDialogTimeout: 3000, ie.forceCreateProcessApi: false, ignoreProtectedModeSettings: true, ignoreZoomSetting: false, initialBrowserUrl: http://localhost:38469/, nativeEvents: true, requireWindowFocus: false}, setWindowRect: true, strictFileInteractability: false, timeouts: {implicit: 0, pageLoad: 300000, script: 30000}, unhandledPromptBehavior: dismiss and notify}
Session ID: 75e96c35-3cd0-4cbc-b9c0-33126d25e6e9
*** Element info: {Using=xpath, value=//div[@class=&amp;apos;scheduleBlockWrpper&amp;apos;]/button[@class=&amp;apos;btn btn-vms position-add-schedule-button clear&amp;apos;]}">
      <![CDATA[org.openqa.selenium.NoSuchElementException: Unable to find element with xpath == //div[@class='scheduleBlockWrpper']/button[@class='btn btn-vms position-add-schedule-button clear']
For documentation on this error, please visit: http://seleniumhq.org/exceptions/no_such_element.html
Build info: version: '3.9.1', revision: '63f7b50', time: '2018-02-07T22:25:02.294Z'
System info: host: 'BORSE-PC', ip: '172.20.1.58', os.name: 'Windows 10', os.arch: 'amd64', os.version: '10.0', java.version: '1.8.0_202'
Driver info: org.openqa.selenium.ie.InternetExplorerDriver
Capabilities {acceptInsecureCerts: false, browserName: internet explorer, browserVersion: 11, javascriptEnabled: true, pageLoadStrategy: normal, platform: WINDOWS, platformName: WINDOWS, proxy: Proxy(), se:ieOptions: {browserAttachTimeout: 0, elementScrollBehavior: 0, enablePersistentHover: true, ie.browserCommandLineSwitches: , ie.edgechromium: false, ie.edgepath: , ie.ensureCleanSession: true, ie.fileUploadDialogTimeout: 3000, ie.forceCreateProcessApi: false, ignoreProtectedModeSettings: true, ignoreZoomSetting: false, initialBrowserUrl: http://localhost:38469/, nativeEvents: true, requireWindowFocus: false}, setWindowRect: true, strictFileInteractability: false, timeouts: {implicit: 0, pageLoad: 300000, script: 30000}, unhandledPromptBehavior: dismiss and notify}
Session ID: 75e96c35-3cd0-4cbc-b9c0-33126d25e6e9
*** Element info: {Using=xpath, value=//div[@class='scheduleBlockWrpper']/button[@class='btn btn-vms position-add-schedule-button clear']}
at org.openqa.selenium.remote.http.W3CHttpResponseCodec.createException(W3CHttpResponseCodec.java:187)
at org.openqa.selenium.remote.http.W3CHttpResponseCodec.decode(W3CHttpResponseCodec.java:122)
at org.openqa.selenium.remote.http.W3CHttpResponseCodec.decode(W3CHttpResponseCodec.java:49)
at org.openqa.selenium.remote.HttpCommandExecutor.execute(HttpCommandExecutor.java:160)
at org.openqa.selenium.remote.service.DriverCommandExecutor.execute(DriverCommandExecutor.java:83)
at org.openqa.selenium.remote.RemoteWebDriver.execute(RemoteWebDriver.java:601)
at org.openqa.selenium.remote.RemoteWebDriver.findElement(RemoteWebDriver.java:371)
at org.openqa.selenium.remote.RemoteWebDriver.findElementByXPath(RemoteWebDriver.java:473)
at org.openqa.selenium.By$ByXPath.findElement(By.java:361)
at org.openqa.selenium.remote.RemoteWebDriver.findElement(RemoteWebDriver.java:363)
at org.openqa.selenium.support.pagefactory.DefaultElementLocator.findElement(DefaultElementLocator.java:69)
at org.openqa.selenium.support.pagefactory.internal.LocatingElementHandler.invoke(LocatingElementHandler.java:38)
at com.sun.proxy.$Proxy14.getWrappedElement(Unknown Source)
at org.openqa.selenium.remote.internal.WebElementToJsonConverter.apply(WebElementToJsonConverter.java:51)
at com.google.common.collect.Iterators$6.transform(Iterators.java:788)
at com.google.common.collect.TransformedIterator.next(TransformedIterator.java:47)
at com.google.common.collect.Iterators.addAll(Iterators.java:358)
at com.google.common.collect.Lists.newArrayList(Lists.java:155)
at com.google.common.collect.Lists.newArrayList(Lists.java:141)
at org.openqa.selenium.remote.RemoteWebDriver.executeScript(RemoteWebDriver.java:535)
at Utilities.Page.JavaScriptClick(Page.java:758)
at pageObjects.VideoChannelsPage.IfScheduleIsNotExistAddIt(VideoChannelsPage.java:1737)
at testcases.VideoRecordingTest.NewMonthlyScheduleTest(VideoRecordingTest.java:617)
at java.util.ArrayList.forEach(ArrayList.java:1257)
... Removed 30 stack frames]]>
    </failure>
  </testcase> <!-- NewMonthlyScheduleTest -->
  <testcase name="NewWeeklyScheduleTest" time="1.156" classname="testcases.VideoRecordingTest">
    <failure type="org.openqa.selenium.ElementNotInteractableException" message="Element is not displayed
Build info: version: &amp;apos;3.9.1&amp;apos;, revision: &amp;apos;63f7b50&amp;apos;, time: &amp;apos;2018-02-07T22:25:02.294Z&amp;apos;
System info: host: &amp;apos;BORSE-PC&amp;apos;, ip: &amp;apos;172.20.1.58&amp;apos;, os.name: &amp;apos;Windows 10&amp;apos;, os.arch: &amp;apos;amd64&amp;apos;, os.version: &amp;apos;10.0&amp;apos;, java.version: &amp;apos;1.8.0_202&amp;apos;
Driver info: org.openqa.selenium.ie.InternetExplorerDriver
Capabilities {acceptInsecureCerts: false, browserName: internet explorer, browserVersion: 11, javascriptEnabled: true, pageLoadStrategy: normal, platform: WINDOWS, platformName: WINDOWS, proxy: Proxy(), se:ieOptions: {browserAttachTimeout: 0, elementScrollBehavior: 0, enablePersistentHover: true, ie.browserCommandLineSwitches: , ie.edgechromium: false, ie.edgepath: , ie.ensureCleanSession: true, ie.fileUploadDialogTimeout: 3000, ie.forceCreateProcessApi: false, ignoreProtectedModeSettings: true, ignoreZoomSetting: false, initialBrowserUrl: http://localhost:7656/, nativeEvents: true, requireWindowFocus: false}, setWindowRect: true, strictFileInteractability: false, timeouts: {implicit: 0, pageLoad: 300000, script: 30000}, unhandledPromptBehavior: dismiss and notify}
Session ID: 3ad6c3a7-d924-4d9f-afba-03195097dac9">
      <![CDATA[org.openqa.selenium.ElementNotInteractableException: Element is not displayed
Build info: version: '3.9.1', revision: '63f7b50', time: '2018-02-07T22:25:02.294Z'
System info: host: 'BORSE-PC', ip: '172.20.1.58', os.name: 'Windows 10', os.arch: 'amd64', os.version: '10.0', java.version: '1.8.0_202'
Driver info: org.openqa.selenium.ie.InternetExplorerDriver
Capabilities {acceptInsecureCerts: false, browserName: internet explorer, browserVersion: 11, javascriptEnabled: true, pageLoadStrategy: normal, platform: WINDOWS, platformName: WINDOWS, proxy: Proxy(), se:ieOptions: {browserAttachTimeout: 0, elementScrollBehavior: 0, enablePersistentHover: true, ie.browserCommandLineSwitches: , ie.edgechromium: false, ie.edgepath: , ie.ensureCleanSession: true, ie.fileUploadDialogTimeout: 3000, ie.forceCreateProcessApi: false, ignoreProtectedModeSettings: true, ignoreZoomSetting: false, initialBrowserUrl: http://localhost:7656/, nativeEvents: true, requireWindowFocus: false}, setWindowRect: true, strictFileInteractability: false, timeouts: {implicit: 0, pageLoad: 300000, script: 30000}, unhandledPromptBehavior: dismiss and notify}
Session ID: 3ad6c3a7-d924-4d9f-afba-03195097dac9
at org.openqa.selenium.remote.http.W3CHttpResponseCodec.createException(W3CHttpResponseCodec.java:187)
at org.openqa.selenium.remote.http.W3CHttpResponseCodec.decode(W3CHttpResponseCodec.java:122)
at org.openqa.selenium.remote.http.W3CHttpResponseCodec.decode(W3CHttpResponseCodec.java:49)
at org.openqa.selenium.remote.HttpCommandExecutor.execute(HttpCommandExecutor.java:160)
at org.openqa.selenium.remote.service.DriverCommandExecutor.execute(DriverCommandExecutor.java:83)
at org.openqa.selenium.remote.RemoteWebDriver.execute(RemoteWebDriver.java:601)
at org.openqa.selenium.remote.RemoteWebElement.execute(RemoteWebElement.java:279)
at org.openqa.selenium.remote.RemoteWebElement.click(RemoteWebElement.java:83)
at testcases.VideoRecordingTest.NewWeeklyScheduleTest(VideoRecordingTest.java:393)
at java.util.ArrayList.forEach(ArrayList.java:1257)
... Removed 31 stack frames]]>
    </failure>
  </testcase> <!-- NewWeeklyScheduleTest -->
  <testcase name="NewYearlySchedule" time="58.424" classname="testcases.VideoRecordingTest">
    <failure type="org.openqa.selenium.NoSuchElementException" message="Unable to find element with xpath == //div[@class=&amp;apos;scheduleBlockWrpper&amp;apos;]/button[@class=&amp;apos;btn btn-vms position-add-schedule-button clear&amp;apos;]
For documentation on this error, please visit: http://seleniumhq.org/exceptions/no_such_element.html
Build info: version: &amp;apos;3.9.1&amp;apos;, revision: &amp;apos;63f7b50&amp;apos;, time: &amp;apos;2018-02-07T22:25:02.294Z&amp;apos;
System info: host: &amp;apos;BORSE-PC&amp;apos;, ip: &amp;apos;172.20.1.58&amp;apos;, os.name: &amp;apos;Windows 10&amp;apos;, os.arch: &amp;apos;amd64&amp;apos;, os.version: &amp;apos;10.0&amp;apos;, java.version: &amp;apos;1.8.0_202&amp;apos;
Driver info: org.openqa.selenium.ie.InternetExplorerDriver
Capabilities {acceptInsecureCerts: false, browserName: internet explorer, browserVersion: 11, javascriptEnabled: true, pageLoadStrategy: normal, platform: WINDOWS, platformName: WINDOWS, proxy: Proxy(), se:ieOptions: {browserAttachTimeout: 0, elementScrollBehavior: 0, enablePersistentHover: true, ie.browserCommandLineSwitches: , ie.edgechromium: false, ie.edgepath: , ie.ensureCleanSession: true, ie.fileUploadDialogTimeout: 3000, ie.forceCreateProcessApi: false, ignoreProtectedModeSettings: true, ignoreZoomSetting: false, initialBrowserUrl: http://localhost:29053/, nativeEvents: true, requireWindowFocus: false}, setWindowRect: true, strictFileInteractability: false, timeouts: {implicit: 0, pageLoad: 300000, script: 30000}, unhandledPromptBehavior: dismiss and notify}
Session ID: 89c67241-0b16-40fa-ba08-65ba7fa46ac9
*** Element info: {Using=xpath, value=//div[@class=&amp;apos;scheduleBlockWrpper&amp;apos;]/button[@class=&amp;apos;btn btn-vms position-add-schedule-button clear&amp;apos;]}">
      <![CDATA[org.openqa.selenium.NoSuchElementException: Unable to find element with xpath == //div[@class='scheduleBlockWrpper']/button[@class='btn btn-vms position-add-schedule-button clear']
For documentation on this error, please visit: http://seleniumhq.org/exceptions/no_such_element.html
Build info: version: '3.9.1', revision: '63f7b50', time: '2018-02-07T22:25:02.294Z'
System info: host: 'BORSE-PC', ip: '172.20.1.58', os.name: 'Windows 10', os.arch: 'amd64', os.version: '10.0', java.version: '1.8.0_202'
Driver info: org.openqa.selenium.ie.InternetExplorerDriver
Capabilities {acceptInsecureCerts: false, browserName: internet explorer, browserVersion: 11, javascriptEnabled: true, pageLoadStrategy: normal, platform: WINDOWS, platformName: WINDOWS, proxy: Proxy(), se:ieOptions: {browserAttachTimeout: 0, elementScrollBehavior: 0, enablePersistentHover: true, ie.browserCommandLineSwitches: , ie.edgechromium: false, ie.edgepath: , ie.ensureCleanSession: true, ie.fileUploadDialogTimeout: 3000, ie.forceCreateProcessApi: false, ignoreProtectedModeSettings: true, ignoreZoomSetting: false, initialBrowserUrl: http://localhost:29053/, nativeEvents: true, requireWindowFocus: false}, setWindowRect: true, strictFileInteractability: false, timeouts: {implicit: 0, pageLoad: 300000, script: 30000}, unhandledPromptBehavior: dismiss and notify}
Session ID: 89c67241-0b16-40fa-ba08-65ba7fa46ac9
*** Element info: {Using=xpath, value=//div[@class='scheduleBlockWrpper']/button[@class='btn btn-vms position-add-schedule-button clear']}
at org.openqa.selenium.remote.http.W3CHttpResponseCodec.createException(W3CHttpResponseCodec.java:187)
at org.openqa.selenium.remote.http.W3CHttpResponseCodec.decode(W3CHttpResponseCodec.java:122)
at org.openqa.selenium.remote.http.W3CHttpResponseCodec.decode(W3CHttpResponseCodec.java:49)
at org.openqa.selenium.remote.HttpCommandExecutor.execute(HttpCommandExecutor.java:160)
at org.openqa.selenium.remote.service.DriverCommandExecutor.execute(DriverCommandExecutor.java:83)
at org.openqa.selenium.remote.RemoteWebDriver.execute(RemoteWebDriver.java:601)
at org.openqa.selenium.remote.RemoteWebDriver.findElement(RemoteWebDriver.java:371)
at org.openqa.selenium.remote.RemoteWebDriver.findElementByXPath(RemoteWebDriver.java:473)
at org.openqa.selenium.By$ByXPath.findElement(By.java:361)
at org.openqa.selenium.remote.RemoteWebDriver.findElement(RemoteWebDriver.java:363)
at org.openqa.selenium.support.pagefactory.DefaultElementLocator.findElement(DefaultElementLocator.java:69)
at org.openqa.selenium.support.pagefactory.internal.LocatingElementHandler.invoke(LocatingElementHandler.java:38)
at com.sun.proxy.$Proxy14.getWrappedElement(Unknown Source)
at org.openqa.selenium.remote.internal.WebElementToJsonConverter.apply(WebElementToJsonConverter.java:51)
at com.google.common.collect.Iterators$6.transform(Iterators.java:788)
at com.google.common.collect.TransformedIterator.next(TransformedIterator.java:47)
at com.google.common.collect.Iterators.addAll(Iterators.java:358)
at com.google.common.collect.Lists.newArrayList(Lists.java:155)
at com.google.common.collect.Lists.newArrayList(Lists.java:141)
at org.openqa.selenium.remote.RemoteWebDriver.executeScript(RemoteWebDriver.java:535)
at Utilities.Page.JavaScriptClick(Page.java:758)
at pageObjects.VideoChannelsPage.IfScheduleIsNotExistAddIt(VideoChannelsPage.java:1737)
at testcases.VideoRecordingTest.NewYearlySchedule(VideoRecordingTest.java:777)
at java.util.ArrayList.forEach(ArrayList.java:1257)
... Removed 30 stack frames]]>
    </failure>
  </testcase> <!-- NewYearlySchedule -->
  <testcase name="GetVideoChannelPropertiesAndApplyToOtherChannelTest" time="13.364" classname="testcases.VideoRecordingTest">
    <failure type="org.openqa.selenium.NoSuchElementException" message="Unable to find element with xpath == //select[@ng-model = &amp;apos;schedule.selectedSchedule&amp;apos;]
For documentation on this error, please visit: http://seleniumhq.org/exceptions/no_such_element.html
Build info: version: &amp;apos;3.9.1&amp;apos;, revision: &amp;apos;63f7b50&amp;apos;, time: &amp;apos;2018-02-07T22:25:02.294Z&amp;apos;
System info: host: &amp;apos;BORSE-PC&amp;apos;, ip: &amp;apos;172.20.1.58&amp;apos;, os.name: &amp;apos;Windows 10&amp;apos;, os.arch: &amp;apos;amd64&amp;apos;, os.version: &amp;apos;10.0&amp;apos;, java.version: &amp;apos;1.8.0_202&amp;apos;
Driver info: org.openqa.selenium.ie.InternetExplorerDriver
Capabilities {acceptInsecureCerts: false, browserName: internet explorer, browserVersion: 11, javascriptEnabled: true, pageLoadStrategy: normal, platform: WINDOWS, platformName: WINDOWS, proxy: Proxy(), se:ieOptions: {browserAttachTimeout: 0, elementScrollBehavior: 0, enablePersistentHover: true, ie.browserCommandLineSwitches: , ie.edgechromium: false, ie.edgepath: , ie.ensureCleanSession: true, ie.fileUploadDialogTimeout: 3000, ie.forceCreateProcessApi: false, ignoreProtectedModeSettings: true, ignoreZoomSetting: false, initialBrowserUrl: http://localhost:30333/, nativeEvents: true, requireWindowFocus: false}, setWindowRect: true, strictFileInteractability: false, timeouts: {implicit: 0, pageLoad: 300000, script: 30000}, unhandledPromptBehavior: dismiss and notify}
Session ID: 6f2b4c32-9dcd-4bec-ba9f-775925dc3863
*** Element info: {Using=xpath, value=//select[@ng-model = &amp;apos;schedule.selectedSchedule&amp;apos;]}">
      <![CDATA[org.openqa.selenium.NoSuchElementException: Unable to find element with xpath == //select[@ng-model = 'schedule.selectedSchedule']
For documentation on this error, please visit: http://seleniumhq.org/exceptions/no_such_element.html
Build info: version: '3.9.1', revision: '63f7b50', time: '2018-02-07T22:25:02.294Z'
System info: host: 'BORSE-PC', ip: '172.20.1.58', os.name: 'Windows 10', os.arch: 'amd64', os.version: '10.0', java.version: '1.8.0_202'
Driver info: org.openqa.selenium.ie.InternetExplorerDriver
Capabilities {acceptInsecureCerts: false, browserName: internet explorer, browserVersion: 11, javascriptEnabled: true, pageLoadStrategy: normal, platform: WINDOWS, platformName: WINDOWS, proxy: Proxy(), se:ieOptions: {browserAttachTimeout: 0, elementScrollBehavior: 0, enablePersistentHover: true, ie.browserCommandLineSwitches: , ie.edgechromium: false, ie.edgepath: , ie.ensureCleanSession: true, ie.fileUploadDialogTimeout: 3000, ie.forceCreateProcessApi: false, ignoreProtectedModeSettings: true, ignoreZoomSetting: false, initialBrowserUrl: http://localhost:30333/, nativeEvents: true, requireWindowFocus: false}, setWindowRect: true, strictFileInteractability: false, timeouts: {implicit: 0, pageLoad: 300000, script: 30000}, unhandledPromptBehavior: dismiss and notify}
Session ID: 6f2b4c32-9dcd-4bec-ba9f-775925dc3863
*** Element info: {Using=xpath, value=//select[@ng-model = 'schedule.selectedSchedule']}
at org.openqa.selenium.remote.http.W3CHttpResponseCodec.createException(W3CHttpResponseCodec.java:187)
at org.openqa.selenium.remote.http.W3CHttpResponseCodec.decode(W3CHttpResponseCodec.java:122)
at org.openqa.selenium.remote.http.W3CHttpResponseCodec.decode(W3CHttpResponseCodec.java:49)
at org.openqa.selenium.remote.HttpCommandExecutor.execute(HttpCommandExecutor.java:160)
at org.openqa.selenium.remote.service.DriverCommandExecutor.execute(DriverCommandExecutor.java:83)
at org.openqa.selenium.remote.RemoteWebDriver.execute(RemoteWebDriver.java:601)
at org.openqa.selenium.remote.RemoteWebDriver.findElement(RemoteWebDriver.java:371)
at org.openqa.selenium.remote.RemoteWebDriver.findElementByXPath(RemoteWebDriver.java:473)
at org.openqa.selenium.By$ByXPath.findElement(By.java:361)
at org.openqa.selenium.remote.RemoteWebDriver.findElement(RemoteWebDriver.java:363)
at org.openqa.selenium.support.pagefactory.DefaultElementLocator.findElement(DefaultElementLocator.java:69)
at org.openqa.selenium.support.pagefactory.internal.LocatingElementHandler.invoke(LocatingElementHandler.java:38)
at com.sun.proxy.$Proxy14.getTagName(Unknown Source)
at org.openqa.selenium.support.ui.Select.<init>(Select.java:44)
at pageObjects.VideoChannelsPage.GetSelectedScheduleOption(VideoChannelsPage.java:1620)
at testcases.VideoRecordingTest.GetVideoChannelPropertiesAndApplyToOtherChannelTest(VideoRecordingTest.java:2150)
at java.util.ArrayList.forEach(ArrayList.java:1257)
... Removed 30 stack frames]]>
    </failure>
  </testcase> <!-- GetVideoChannelPropertiesAndApplyToOtherChannelTest -->
  <testcase name="SelectContinuousAndEventOptionAndChangeParametersTest" time="59.288" classname="testcases.VideoRecordingTest">
    <failure type="org.openqa.selenium.NoSuchElementException" message="Unable to find element with xpath == //div[@class=&amp;apos;scheduleBlockWrpper&amp;apos;]/button[@class=&amp;apos;btn btn-vms position-add-schedule-button clear&amp;apos;]
For documentation on this error, please visit: http://seleniumhq.org/exceptions/no_such_element.html
Build info: version: &amp;apos;3.9.1&amp;apos;, revision: &amp;apos;63f7b50&amp;apos;, time: &amp;apos;2018-02-07T22:25:02.294Z&amp;apos;
System info: host: &amp;apos;BORSE-PC&amp;apos;, ip: &amp;apos;172.20.1.58&amp;apos;, os.name: &amp;apos;Windows 10&amp;apos;, os.arch: &amp;apos;amd64&amp;apos;, os.version: &amp;apos;10.0&amp;apos;, java.version: &amp;apos;1.8.0_202&amp;apos;
Driver info: org.openqa.selenium.ie.InternetExplorerDriver
Capabilities {acceptInsecureCerts: false, browserName: internet explorer, browserVersion: 11, javascriptEnabled: true, pageLoadStrategy: normal, platform: WINDOWS, platformName: WINDOWS, proxy: Proxy(), se:ieOptions: {browserAttachTimeout: 0, elementScrollBehavior: 0, enablePersistentHover: true, ie.browserCommandLineSwitches: , ie.edgechromium: false, ie.edgepath: , ie.ensureCleanSession: true, ie.fileUploadDialogTimeout: 3000, ie.forceCreateProcessApi: false, ignoreProtectedModeSettings: true, ignoreZoomSetting: false, initialBrowserUrl: http://localhost:36554/, nativeEvents: true, requireWindowFocus: false}, setWindowRect: true, strictFileInteractability: false, timeouts: {implicit: 0, pageLoad: 300000, script: 30000}, unhandledPromptBehavior: dismiss and notify}
Session ID: b3cdc5e8-6897-4b43-92bc-1237e07b4176
*** Element info: {Using=xpath, value=//div[@class=&amp;apos;scheduleBlockWrpper&amp;apos;]/button[@class=&amp;apos;btn btn-vms position-add-schedule-button clear&amp;apos;]}">
      <![CDATA[org.openqa.selenium.NoSuchElementException: Unable to find element with xpath == //div[@class='scheduleBlockWrpper']/button[@class='btn btn-vms position-add-schedule-button clear']
For documentation on this error, please visit: http://seleniumhq.org/exceptions/no_such_element.html
Build info: version: '3.9.1', revision: '63f7b50', time: '2018-02-07T22:25:02.294Z'
System info: host: 'BORSE-PC', ip: '172.20.1.58', os.name: 'Windows 10', os.arch: 'amd64', os.version: '10.0', java.version: '1.8.0_202'
Driver info: org.openqa.selenium.ie.InternetExplorerDriver
Capabilities {acceptInsecureCerts: false, browserName: internet explorer, browserVersion: 11, javascriptEnabled: true, pageLoadStrategy: normal, platform: WINDOWS, platformName: WINDOWS, proxy: Proxy(), se:ieOptions: {browserAttachTimeout: 0, elementScrollBehavior: 0, enablePersistentHover: true, ie.browserCommandLineSwitches: , ie.edgechromium: false, ie.edgepath: , ie.ensureCleanSession: true, ie.fileUploadDialogTimeout: 3000, ie.forceCreateProcessApi: false, ignoreProtectedModeSettings: true, ignoreZoomSetting: false, initialBrowserUrl: http://localhost:36554/, nativeEvents: true, requireWindowFocus: false}, setWindowRect: true, strictFileInteractability: false, timeouts: {implicit: 0, pageLoad: 300000, script: 30000}, unhandledPromptBehavior: dismiss and notify}
Session ID: b3cdc5e8-6897-4b43-92bc-1237e07b4176
*** Element info: {Using=xpath, value=//div[@class='scheduleBlockWrpper']/button[@class='btn btn-vms position-add-schedule-button clear']}
at org.openqa.selenium.remote.http.W3CHttpResponseCodec.createException(W3CHttpResponseCodec.java:187)
at org.openqa.selenium.remote.http.W3CHttpResponseCodec.decode(W3CHttpResponseCodec.java:122)
at org.openqa.selenium.remote.http.W3CHttpResponseCodec.decode(W3CHttpResponseCodec.java:49)
at org.openqa.selenium.remote.HttpCommandExecutor.execute(HttpCommandExecutor.java:160)
at org.openqa.selenium.remote.service.DriverCommandExecutor.execute(DriverCommandExecutor.java:83)
at org.openqa.selenium.remote.RemoteWebDriver.execute(RemoteWebDriver.java:601)
at org.openqa.selenium.remote.RemoteWebDriver.findElement(RemoteWebDriver.java:371)
at org.openqa.selenium.remote.RemoteWebDriver.findElementByXPath(RemoteWebDriver.java:473)
at org.openqa.selenium.By$ByXPath.findElement(By.java:361)
at org.openqa.selenium.remote.RemoteWebDriver.findElement(RemoteWebDriver.java:363)
at org.openqa.selenium.support.pagefactory.DefaultElementLocator.findElement(DefaultElementLocator.java:69)
at org.openqa.selenium.support.pagefactory.internal.LocatingElementHandler.invoke(LocatingElementHandler.java:38)
at com.sun.proxy.$Proxy14.getWrappedElement(Unknown Source)
at org.openqa.selenium.remote.internal.WebElementToJsonConverter.apply(WebElementToJsonConverter.java:51)
at com.google.common.collect.Iterators$6.transform(Iterators.java:788)
at com.google.common.collect.TransformedIterator.next(TransformedIterator.java:47)
at com.google.common.collect.Iterators.addAll(Iterators.java:358)
at com.google.common.collect.Lists.newArrayList(Lists.java:155)
at com.google.common.collect.Lists.newArrayList(Lists.java:141)
at org.openqa.selenium.remote.RemoteWebDriver.executeScript(RemoteWebDriver.java:535)
at Utilities.Page.JavaScriptClick(Page.java:758)
at pageObjects.VideoChannelsPage.IfScheduleIsNotExistAddIt(VideoChannelsPage.java:1737)
at testcases.VideoRecordingTest.SelectContinuousAndEventOptionAndChangeParametersTest(VideoRecordingTest.java:1286)
at java.util.ArrayList.forEach(ArrayList.java:1257)
... Removed 30 stack frames]]>
    </failure>
  </testcase> <!-- SelectContinuousAndEventOptionAndChangeParametersTest -->
  <testcase name="SelectEventAndChangeParametersEventTest" time="4.561" classname="testcases.VideoRecordingTest">
    <failure type="java.lang.NullPointerException">
      <![CDATA[java.lang.NullPointerException
at testcases.VideoRecordingTest.SelectEventAndChangeParametersEventTest(VideoRecordingTest.java:1226)
at java.util.ArrayList.forEach(ArrayList.java:1257)
... Removed 27 stack frames]]>
    </failure>
  </testcase> <!-- SelectEventAndChangeParametersEventTest -->
  <testcase name="ChangeIPAdressExitPressSaveUnsavedChangesTest" time="0.0" classname="testcases.NVRsElementsTest">
    <ignored/>
  </testcase> <!-- ChangeIPAdressExitPressSaveUnsavedChangesTest -->
  <testcase name="SortEventsByNameInSpecifyEventsWTest" time="0.0" classname="testcases.VideoRecordingTest">
    <ignored/>
  </testcase> <!-- SortEventsByNameInSpecifyEventsWTest -->
  <testcase name="CheckPropertiesAfterChangePortTest" time="0.0" classname="testcases.NVRsElementsTest">
    <ignored/>
  </testcase> <!-- CheckPropertiesAfterChangePortTest -->
  <testcase name="ChangeNameExitAndSaveTest" time="0.0" classname="testcases.ToursElementsTest">
    <ignored/>
  </testcase> <!-- ChangeNameExitAndSaveTest -->
  <testcase name="RemoveNVRsByIconTest" time="0.0" classname="testcases.NVRsTest">
    <ignored/>
  </testcase> <!-- RemoveNVRsByIconTest -->
  <testcase name="ChangeRecordingModeTest" time="0.0" classname="testcases.AudioChannelsTest">
    <ignored/>
  </testcase> <!-- ChangeRecordingModeTest -->
  <testcase name="ChangeProtocolExitAndPressCancelTest" time="0.0" classname="testcases.AudioChannelsElementsTest">
    <ignored/>
  </testcase> <!-- ChangeProtocolExitAndPressCancelTest -->
  <testcase name="SwitchRecordingIfLimitRetentionIsOnTest" time="0.0" classname="testcases.AudioChannelsTest">
    <ignored/>
  </testcase> <!-- SwitchRecordingIfLimitRetentionIsOnTest -->
  <testcase name="ChangePortPressCancelTest" time="0.0" classname="testcases.NVRsElementsTest">
    <ignored/>
  </testcase> <!-- ChangePortPressCancelTest -->
  <testcase name="AddProperNumericIdPressCancelUnsavedChangesTest" time="0.0" classname="testcases.VideoChannelPropertiesElementTest">
    <ignored/>
  </testcase> <!-- AddProperNumericIdPressCancelUnsavedChangesTest -->
  <testcase name="AddNVRManuallyAndPressCloseTest" time="0.0" classname="testcases.NVRsTest">
    <ignored/>
  </testcase> <!-- AddNVRManuallyAndPressCloseTest -->
  <testcase name="SelectRelayEventTypeTest" time="0.0" classname="testcases.VideoRecordingTest">
    <ignored/>
  </testcase> <!-- SelectRelayEventTypeTest -->
  <testcase name="ChangePreEventTimeAndPressCancelTest" time="0.0" classname="testcases.AudioChannelsElementsTest">
    <ignored/>
  </testcase> <!-- ChangePreEventTimeAndPressCancelTest -->
  <testcase name="AddAudioResourcesExitPressDontSaveUnsavedChangesTest" time="0.0" classname="testcases.VideoChannelPropertiesElementTest">
    <ignored/>
  </testcase> <!-- AddAudioResourcesExitPressDontSaveUnsavedChangesTest -->
  <testcase name="ChangeViewTimeExitAndSaveTest" time="0.0" classname="testcases.ToursElementsTest">
    <ignored/>
  </testcase> <!-- ChangeViewTimeExitAndSaveTest -->
  <testcase name="ChangeVisibilityExitAndPressSaveTest" time="0.0" classname="testcases.AudioChannelsElementsTest">
    <ignored/>
  </testcase> <!-- ChangeVisibilityExitAndPressSaveTest -->
  <testcase name="AddViewExitAndCancelTest" time="0.0" classname="testcases.ToursElementsTest">
    <ignored/>
  </testcase> <!-- AddViewExitAndCancelTest -->
  <testcase name="AddNewTourExitAndDoNotSaveTest" time="0.0" classname="testcases.ToursElementsTest">
    <ignored/>
  </testcase> <!-- AddNewTourExitAndDoNotSaveTest -->
  <testcase name="SwitchStorageDefinitionsExitAndPressCancelTest" time="0.0" classname="testcases.NVRsElementsTest">
    <ignored/>
  </testcase> <!-- SwitchStorageDefinitionsExitAndPressCancelTest -->
  <testcase name="DeleteResourceByButtonAndCheckInMonitoringTest" time="0.0" classname="testcases.GroupsHierarchyTest">
    <ignored/>
  </testcase> <!-- DeleteResourceByButtonAndCheckInMonitoringTest -->
  <testcase name="ChangeNameExitAndPressDonotSaveTest" time="0.0" classname="testcases.AudioChannelsElementsTest">
    <ignored/>
  </testcase> <!-- ChangeNameExitAndPressDonotSaveTest -->
  <testcase name="ChangeIPAdressPressCancelExitTest" time="0.0" classname="testcases.NVRsElementsTest">
    <ignored/>
  </testcase> <!-- ChangeIPAdressPressCancelExitTest -->
  <testcase name="DeleteOneNVRAndCheckPropertiesPanelTest" time="0.0" classname="testcases.NVRsTest">
    <ignored/>
  </testcase> <!-- DeleteOneNVRAndCheckPropertiesPanelTest -->
  <testcase name="ChangeStorageDefinitionsTest" time="0.0" classname="testcases.NVRsTest">
    <ignored/>
  </testcase> <!-- ChangeStorageDefinitionsTest -->
  <testcase name="ChangeProtocolTest" time="0.0" classname="testcases.AudioChannelsTest">
    <ignored/>
  </testcase> <!-- ChangeProtocolTest -->
  <testcase name="SwitchStorageDefinitionsAndPressCancelTest" time="0.0" classname="testcases.NVRsElementsTest">
    <ignored/>
  </testcase> <!-- SwitchStorageDefinitionsAndPressCancelTest -->
  <testcase name="CreateNewSchedulePlanExitAndPressSaveTest" time="0.0" classname="testcases.AudioChannelsElementsTest">
    <ignored/>
  </testcase> <!-- CreateNewSchedulePlanExitAndPressSaveTest -->
  <testcase name="ChangePortExitPressSaveUnsavedChangesTest" time="0.0" classname="testcases.NVRsElementsTest">
    <ignored/>
  </testcase> <!-- ChangePortExitPressSaveUnsavedChangesTest -->
  <testcase name="SwitchStorageDefinitionsTest" time="0.0" classname="testcases.NVRsTest">
    <ignored/>
  </testcase> <!-- SwitchStorageDefinitionsTest -->
  <testcase name="DragResourceToGroupTest" time="0.0" classname="testcases.GroupsHierarchyTest">
    <ignored/>
  </testcase> <!-- DragResourceToGroupTest -->
  <testcase name="MultipleNVRsAdditingTest" time="0.0" classname="testcases.NVRsTest">
    <ignored/>
  </testcase> <!-- MultipleNVRsAdditingTest -->
  <testcase name="ChangeVisibilityExitAndPressCancelTest" time="0.0" classname="testcases.AudioChannelsElementsTest">
    <ignored/>
  </testcase> <!-- ChangeVisibilityExitAndPressCancelTest -->
  <testcase name="SelectScheduleAndPressDoNotSaveTest" time="0.0" classname="testcases.AudioChannelsElementsTest">
    <ignored/>
  </testcase> <!-- SelectScheduleAndPressDoNotSaveTest -->
  <testcase name="AddAudioResourcesExitCancelUnsavedChangesTest" time="0.0" classname="testcases.VideoChannelPropertiesElementTest">
    <ignored/>
  </testcase> <!-- AddAudioResourcesExitCancelUnsavedChangesTest -->
  <testcase name="SelectAnyEventsExitAndPressDoNotSaveTest" time="0.0" classname="testcases.AudioChannelsElementsTest">
    <ignored/>
  </testcase> <!-- SelectAnyEventsExitAndPressDoNotSaveTest -->
  <testcase name="ChangeSecuredAndCheckStatusTest" time="0.0" classname="testcases.NVRsTest">
    <ignored/>
  </testcase> <!-- ChangeSecuredAndCheckStatusTest -->
  <testcase name="ChangeViewTimeBySpinnersExitAndDoNotSaveTest" time="0.0" classname="testcases.ToursElementsTest">
    <ignored/>
  </testcase> <!-- ChangeViewTimeBySpinnersExitAndDoNotSaveTest -->
  <testcase name="ChangeNameExitCancelUnsavedChangesExitCancelTest" time="0.0" classname="testcases.NVRsElementsTest">
    <ignored/>
  </testcase> <!-- ChangeNameExitCancelUnsavedChangesExitCancelTest -->
  <testcase name="ChangeStorageDefinitionsExitCancelUnsavedChangesTest" time="0.0" classname="testcases.NVRsElementsTest">
    <ignored/>
  </testcase> <!-- ChangeStorageDefinitionsExitCancelUnsavedChangesTest -->
  <testcase name="SelectAndCancelAudioResourcesTest" time="0.0" classname="testcases.VideoChannelPropertiesElementTest">
    <ignored/>
  </testcase> <!-- SelectAndCancelAudioResourcesTest -->
  <testcase name="CheckPropertiesAfterChangeUserNameTest" time="0.0" classname="testcases.NVRsElementsTest">
    <ignored/>
  </testcase> <!-- CheckPropertiesAfterChangeUserNameTest -->
  <testcase name="AddNewTourWithoutViewExitAndCancelTest" time="0.0" classname="testcases.ToursElementsTest">
    <ignored/>
  </testcase> <!-- AddNewTourWithoutViewExitAndCancelTest -->
  <testcase name="SwitchOffStorageDefinitionsTest" time="0.0" classname="testcases.NVRsTest">
    <ignored/>
  </testcase> <!-- SwitchOffStorageDefinitionsTest -->
  <testcase name="ChangeVisibilityExitAndPressDoNotSaveTest" time="0.0" classname="testcases.AudioChannelsElementsTest">
    <ignored/>
  </testcase> <!-- ChangeVisibilityExitAndPressDoNotSaveTest -->
  <testcase name="SwitchLimitRetentionToggleTest" time="0.0" classname="testcases.VideoRecordingTest">
    <ignored/>
  </testcase> <!-- SwitchLimitRetentionToggleTest -->
  <testcase name="ChangeRemarksExitAndSaveTest" time="0.0" classname="testcases.ToursElementsTest">
    <ignored/>
  </testcase> <!-- ChangeRemarksExitAndSaveTest -->
  <testcase name="DeleteOneNVRClickOnAnotherNVRAndCheckPropertiesPanelTest" time="0.0" classname="testcases.NVRsTest">
    <ignored/>
  </testcase> <!-- DeleteOneNVRClickOnAnotherNVRAndCheckPropertiesPanelTest -->
  <testcase name="DecreasePortInAddNVRManualyWindowTest" time="0.0" classname="testcases.NVRsTest">
    <ignored/>
  </testcase> <!-- DecreasePortInAddNVRManualyWindowTest -->
  <testcase name="DeleteAllViewsExitAndSaveTest" time="0.0" classname="testcases.ToursElementsTest">
    <ignored/>
  </testcase> <!-- DeleteAllViewsExitAndSaveTest -->
  <testcase name="SwitchLimitRetentionToggleTest" time="0.0" classname="testcases.AudioChannelsTest">
    <ignored/>
  </testcase> <!-- SwitchLimitRetentionToggleTest -->
  <testcase name="SortingNVRsByVersionTest" time="0.0" classname="testcases.NVRsTest">
    <ignored/>
  </testcase> <!-- SortingNVRsByVersionTest -->
  <testcase name="DeleteAllViewsExitAndCancelTest" time="0.0" classname="testcases.ToursElementsTest">
    <ignored/>
  </testcase> <!-- DeleteAllViewsExitAndCancelTest -->
  <testcase name="SortingDiscoveredNVRsTest" time="0.0" classname="testcases.NVRsTest">
    <ignored/>
  </testcase> <!-- SortingDiscoveredNVRsTest -->
  <testcase name="CancelButtonIsDisableTest" time="0.0" classname="testcases.VideoChannelPropertiesElementTest">
    <ignored/>
  </testcase> <!-- CancelButtonIsDisableTest -->
  <testcase name="SortingNVRsByNameTest" time="0.0" classname="testcases.NVRsTest">
    <ignored/>
  </testcase> <!-- SortingNVRsByNameTest -->
  <testcase name="AddViewExitAndSaveTest" time="0.0" classname="testcases.ToursElementsTest">
    <ignored/>
  </testcase> <!-- AddViewExitAndSaveTest -->
  <testcase name="InputInvalidUserNameInAddNVRManualyTest" time="0.0" classname="testcases.NVRsTest">
    <ignored/>
  </testcase> <!-- InputInvalidUserNameInAddNVRManualyTest -->
  <testcase name="ChangeNameExitAndPressCancelTest" time="0.0" classname="testcases.AudioChannelsElementsTest">
    <ignored/>
  </testcase> <!-- ChangeNameExitAndPressCancelTest -->
  <testcase name="AddNVRManuallyAndSwitchONSecuredTest" time="0.0" classname="testcases.NVRsTest">
    <ignored/>
  </testcase> <!-- AddNVRManuallyAndSwitchONSecuredTest -->
  <testcase name="DeleteAudioChannelsTest" time="0.0" classname="testcases.VideoChannelPropertiesElementTest">
    <ignored/>
  </testcase> <!-- DeleteAudioChannelsTest -->
  <testcase name="DeleteViewExitAndDoNotSaveTest" time="0.0" classname="testcases.ToursElementsTest">
    <ignored/>
  </testcase> <!-- DeleteViewExitAndDoNotSaveTest -->
  <testcase name="ChangeRemarksExitAndCancelTest" time="0.0" classname="testcases.ToursElementsTest">
    <ignored/>
  </testcase> <!-- ChangeRemarksExitAndCancelTest -->
  <testcase name="ChangeUserNameToValidAndCheckStatusTest" time="0.0" classname="testcases.NVRsTest">
    <ignored/>
  </testcase> <!-- ChangeUserNameToValidAndCheckStatusTest -->
  <testcase name="DeleteViewAndCancelTest" time="0.0" classname="testcases.ToursElementsTest">
    <ignored/>
  </testcase> <!-- DeleteViewAndCancelTest -->
  <testcase name="SelectAnyEventsInspecifyEventsTest" time="0.0" classname="testcases.VideoRecordingTest">
    <ignored/>
  </testcase> <!-- SelectAnyEventsInspecifyEventsTest -->
  <testcase name="ResourcesFilterTest" time="0.0" classname="testcases.GroupsHierarchyTest">
    <ignored/>
  </testcase> <!-- ResourcesFilterTest -->
  <testcase name="ChangeNameExitPressDontSaveUnsavedChangesTest" time="0.0" classname="testcases.NVRsElementsTest">
    <ignored/>
  </testcase> <!-- ChangeNameExitPressDontSaveUnsavedChangesTest -->
  <testcase name="ChangeViewTimeExitAndCancelTest" time="0.0" classname="testcases.ToursElementsTest">
    <ignored/>
  </testcase> <!-- ChangeViewTimeExitAndCancelTest -->
  <testcase name="ChangePortExitCancelUnsavedChangesTest" time="0.0" classname="testcases.NVRsElementsTest">
    <ignored/>
  </testcase> <!-- ChangePortExitCancelUnsavedChangesTest -->
  <testcase name="SortEventsByStatusInSpecifyEventsWTest" time="0.0" classname="testcases.VideoRecordingTest">
    <ignored/>
  </testcase> <!-- SortEventsByStatusInSpecifyEventsWTest -->
  <testcase name="ChangeNameExitPressSaveUnsavedChangesTest" time="0.0" classname="testcases.VideoChannelPropertiesElementTest">
    <ignored/>
  </testcase> <!-- ChangeNameExitPressSaveUnsavedChangesTest -->
  <testcase name="AddNVRManuallyCheckStatusTest" time="0.0" classname="testcases.NVRsTest">
    <ignored/>
  </testcase> <!-- AddNVRManuallyCheckStatusTest -->
  <testcase name="SwitchLimitRetentionToggleAndPressCancelTest" time="0.0" classname="testcases.AudioChannelsElementsTest">
    <ignored/>
  </testcase> <!-- SwitchLimitRetentionToggleAndPressCancelTest -->
  <testcase name="ChangeNameExitAndDoNotSaveTest" time="0.0" classname="testcases.ToursElementsTest">
    <ignored/>
  </testcase> <!-- ChangeNameExitAndDoNotSaveTest -->
  <testcase name="DeleteViewExitAndCancelTest" time="0.0" classname="testcases.ToursElementsTest">
    <ignored/>
  </testcase> <!-- DeleteViewExitAndCancelTest -->
  <testcase name="ChangeVisibilityStatusAndCancelTest" time="0.0" classname="testcases.ToursElementsTest">
    <ignored/>
  </testcase> <!-- ChangeVisibilityStatusAndCancelTest -->
  <testcase name="InputInvalidIPAdressInAddNVRManualyTest" time="0.0" classname="testcases.NVRsTest">
    <ignored/>
  </testcase> <!-- InputInvalidIPAdressInAddNVRManualyTest -->
  <testcase name="SelectTwoEventsDeleteExitAndPressDoNotSaveTest" time="0.0" classname="testcases.AudioChannelsElementsTest">
    <ignored/>
  </testcase> <!-- SelectTwoEventsDeleteExitAndPressDoNotSaveTest -->
  <testcase name="ChangeUserNameAndPressCancel" time="0.0" classname="testcases.NVRsElementsTest">
    <ignored/>
  </testcase> <!-- ChangeUserNameAndPressCancel -->
  <testcase name="SortingNVRsByIPAdressTest" time="0.0" classname="testcases.NVRsTest">
    <ignored/>
  </testcase> <!-- SortingNVRsByIPAdressTest -->
  <testcase name="InputInvalidPortInAddNVRManualyTest" time="0.0" classname="testcases.NVRsTest">
    <ignored/>
  </testcase> <!-- InputInvalidPortInAddNVRManualyTest -->
  <testcase name="IncreasePortInAddNVRManualyWindowTest" time="0.0" classname="testcases.NVRsTest">
    <ignored/>
  </testcase> <!-- IncreasePortInAddNVRManualyWindowTest -->
  <testcase name="CancelRemovalNVRsByIconTest" time="0.0" classname="testcases.NVRsTest">
    <ignored/>
  </testcase> <!-- CancelRemovalNVRsByIconTest -->
  <testcase name="ChangeViewTimeBySpinnersAndCancelTest" time="0.0" classname="testcases.ToursElementsTest">
    <ignored/>
  </testcase> <!-- ChangeViewTimeBySpinnersAndCancelTest -->
  <testcase name="ChangeRemarksAndCancelTest" time="0.0" classname="testcases.ToursElementsTest">
    <ignored/>
  </testcase> <!-- ChangeRemarksAndCancelTest -->
  <testcase name="ChangeVisibilityStatusExitAndDoNotSaveTest" time="0.0" classname="testcases.ToursElementsTest">
    <ignored/>
  </testcase> <!-- ChangeVisibilityStatusExitAndDoNotSaveTest -->
  <testcase name="CreateNewSchedulePlanAndPressCancelTest" time="0.0" classname="testcases.AudioChannelsElementsTest">
    <ignored/>
  </testcase> <!-- CreateNewSchedulePlanAndPressCancelTest -->
  <testcase name="ChangeViewTimeExitAndDoNotSaveTest" time="0.0" classname="testcases.ToursElementsTest">
    <ignored/>
  </testcase> <!-- ChangeViewTimeExitAndDoNotSaveTest -->
  <testcase name="AddGroupAndCheckInMonitoringTest" time="0.0" classname="testcases.GroupsHierarchyTest">
    <ignored/>
  </testcase> <!-- AddGroupAndCheckInMonitoringTest -->
  <testcase name="AddSubGroupTest" time="0.0" classname="testcases.GroupsHierarchyTest">
    <ignored/>
  </testcase> <!-- AddSubGroupTest -->
  <testcase name="AddNVRWithSecuredPortAndSwitchOffSecuredStatusTest" time="0.0" classname="testcases.NVRsTest">
    <ignored/>
  </testcase> <!-- AddNVRWithSecuredPortAndSwitchOffSecuredStatusTest -->
  <testcase name="AddNVRAndCheckStatusVTest" time="0.0" classname="testcases.NVRsTest">
    <ignored/>
  </testcase> <!-- AddNVRAndCheckStatusVTest -->
  <testcase name="ChangeVisibilityStatusExitAndSaveTest" time="0.0" classname="testcases.ToursElementsTest">
    <ignored/>
  </testcase> <!-- ChangeVisibilityStatusExitAndSaveTest -->
  <testcase name="SwitchRecordingToggleTest" time="0.0" classname="testcases.AudioChannelsTest">
    <ignored/>
  </testcase> <!-- SwitchRecordingToggleTest -->
  <testcase name="AddProperNumericIdPressSaveTest" time="0.0" classname="testcases.VideoChannelPropertiesElementTest">
    <ignored/>
  </testcase> <!-- AddProperNumericIdPressSaveTest -->
  <testcase name="SelectAnyEventsExitAndPressSaveTest" time="0.0" classname="testcases.AudioChannelsElementsTest">
    <ignored/>
  </testcase> <!-- SelectAnyEventsExitAndPressSaveTest -->
  <testcase name="FilterNVRsTest" time="0.0" classname="testcases.NVRsTest">
    <ignored/>
  </testcase> <!-- FilterNVRsTest -->
  <testcase name="AddViewAndCancelTest" time="0.0" classname="testcases.ToursElementsTest">
    <ignored/>
  </testcase> <!-- AddViewAndCancelTest -->
  <testcase name="AddNewTourWithoutViewExitAndSaveTest" time="0.0" classname="testcases.ToursElementsTest">
    <ignored/>
  </testcase> <!-- AddNewTourWithoutViewExitAndSaveTest -->
  <testcase name="ChangePortAndCheckStatusTest" time="0.0" classname="testcases.NVRsTest">
    <ignored/>
  </testcase> <!-- ChangePortAndCheckStatusTest -->
  <testcase name="DeleteViewExitAndSaveTest" time="0.0" classname="testcases.ToursElementsTest">
    <ignored/>
  </testcase> <!-- DeleteViewExitAndSaveTest -->
  <testcase name="ChangePortBySpinnersTest" time="0.0" classname="testcases.NVRsTest">
    <ignored/>
  </testcase> <!-- ChangePortBySpinnersTest -->
  <testcase name="RenameGroupAndClickCancelIconTest" time="0.0" classname="testcases.GroupsHierarchyTest">
    <ignored/>
  </testcase> <!-- RenameGroupAndClickCancelIconTest -->
  <testcase name="ChangeProtocolAndPressCancelTest" time="0.0" classname="testcases.AudioChannelsElementsTest">
    <ignored/>
  </testcase> <!-- ChangeProtocolAndPressCancelTest -->
  <testcase name="ChangeVisibleStatusPressCancelExitTest" time="0.0" classname="testcases.VideoChannelPropertiesElementTest">
    <ignored/>
  </testcase> <!-- ChangeVisibleStatusPressCancelExitTest -->
  <testcase name="SelectRecordingModeExitAndPressCancelTest" time="0.0" classname="testcases.AudioChannelsElementsTest">
    <ignored/>
  </testcase> <!-- SelectRecordingModeExitAndPressCancelTest -->
  <testcase name="ChangePostEventTimeExitAndPressSaveTest" time="0.0" classname="testcases.AudioChannelsElementsTest">
    <ignored/>
  </testcase> <!-- ChangePostEventTimeExitAndPressSaveTest -->
  <testcase name="ChangeVisibilityTest" time="0.0" classname="testcases.AudioChannelsTest">
    <ignored/>
  </testcase> <!-- ChangeVisibilityTest -->
  <testcase name="FilterAudioChannelsTest" time="0.0" classname="testcases.AudioChannelsTest">
    <ignored/>
  </testcase> <!-- FilterAudioChannelsTest -->
  <testcase name="ChangeVisibleStatusExitPressDontSaveUnsavedChangesTest" time="0.0" classname="testcases.VideoChannelPropertiesElementTest">
    <ignored/>
  </testcase> <!-- ChangeVisibleStatusExitPressDontSaveUnsavedChangesTest -->
  <testcase name="ChangeViewTimeBySpinnersExitAndCancelTest" time="0.0" classname="testcases.ToursElementsTest">
    <ignored/>
  </testcase> <!-- ChangeViewTimeBySpinnersExitAndCancelTest -->
  <testcase name="SelectTwoEventsDeleteAndPressCancelTest" time="0.0" classname="testcases.AudioChannelsElementsTest">
    <ignored/>
  </testcase> <!-- SelectTwoEventsDeleteAndPressCancelTest -->
  <testcase name="CheckPropertiesAfterChangeNameTest" time="0.0" classname="testcases.NVRsElementsTest">
    <ignored/>
  </testcase> <!-- CheckPropertiesAfterChangeNameTest -->
  <testcase name="SwitchStorageDefinitionsExitAndPressSaveButtonTest" time="0.0" classname="testcases.NVRsElementsTest">
    <ignored/>
  </testcase> <!-- SwitchStorageDefinitionsExitAndPressSaveButtonTest -->
  <testcase name="SelectDigitalInputEventTypeTest" time="0.0" classname="testcases.VideoRecordingTest">
    <ignored/>
  </testcase> <!-- SelectDigitalInputEventTypeTest -->
  <testcase name="AddViewExitAndDoNotSaveTest" time="0.0" classname="testcases.ToursElementsTest">
    <ignored/>
  </testcase> <!-- AddViewExitAndDoNotSaveTest -->
  <testcase name="AddNewTourWithoutViewAndCancelTest" time="0.0" classname="testcases.ToursElementsTest">
    <ignored/>
  </testcase> <!-- AddNewTourWithoutViewAndCancelTest -->
  <testcase name="ChangeVisibilityAndPressCancelTest" time="0.0" classname="testcases.AudioChannelsElementsTest">
    <ignored/>
  </testcase> <!-- ChangeVisibilityAndPressCancelTest -->
  <testcase name="ChangeNameExitPressSaveUnsavedChangesTest" time="0.0" classname="testcases.NVRsElementsTest">
    <ignored/>
  </testcase> <!-- ChangeNameExitPressSaveUnsavedChangesTest -->
  <testcase name="TakeSnapshotButtonTest" time="0.0" classname="testcases.VideoChannelPropertiesElementTest">
    <ignored/>
  </testcase> <!-- TakeSnapshotButtonTest -->
  <testcase name="RemoveNVRsByButtonTest" time="0.0" classname="testcases.NVRsTest">
    <ignored/>
  </testcase> <!-- RemoveNVRsByButtonTest -->
  <testcase name="ChangeNameTest" time="0.0" classname="testcases.NVRsTest">
    <ignored/>
  </testcase> <!-- ChangeNameTest -->
  <testcase name="SwitchRecordingToggleAndPressCancelTest" time="0.0" classname="testcases.AudioChannelsElementsTest">
    <ignored/>
  </testcase> <!-- SwitchRecordingToggleAndPressCancelTest -->
  <testcase name="ChangeViewTimeAndCancelTest" time="0.0" classname="testcases.ToursElementsTest">
    <ignored/>
  </testcase> <!-- ChangeViewTimeAndCancelTest -->
  <testcase name="SelectAnyEventsAndPressCancelTest" time="0.0" classname="testcases.AudioChannelsElementsTest">
    <ignored/>
  </testcase> <!-- SelectAnyEventsAndPressCancelTest -->
  <testcase name="FilterDiscoveredNVRsTest" time="0.0" classname="testcases.NVRsTest">
    <ignored/>
  </testcase> <!-- FilterDiscoveredNVRsTest -->
  <testcase name="DeleteResourceByButtonAndCancelRemovingTest" time="0.0" classname="testcases.GroupsHierarchyTest">
    <ignored/>
  </testcase> <!-- DeleteResourceByButtonAndCancelRemovingTest -->
  <testcase name="AddProperNumericIdPressSaveUnsavedChangesTest" time="0.0" classname="testcases.VideoChannelPropertiesElementTest">
    <ignored/>
  </testcase> <!-- AddProperNumericIdPressSaveUnsavedChangesTest -->
  <testcase name="ChangeNameExitCancelUnsavedChangesTest" time="0.0" classname="testcases.VideoChannelPropertiesElementTest">
    <ignored/>
  </testcase> <!-- ChangeNameExitCancelUnsavedChangesTest -->
  <testcase name="SwitchStorageDefinitionsExitAndPressDontSaveButtonTest" time="0.0" classname="testcases.NVRsElementsTest">
    <ignored/>
  </testcase> <!-- SwitchStorageDefinitionsExitAndPressDontSaveButtonTest -->
  <testcase name="SelectRecordingModeAndPressCancelTest" time="0.0" classname="testcases.AudioChannelsElementsTest">
    <ignored/>
  </testcase> <!-- SelectRecordingModeAndPressCancelTest -->
  <testcase name="SwitchLimitRetentionToggleExitAndPressDonotSaveTest" time="0.0" classname="testcases.AudioChannelsElementsTest">
    <ignored/>
  </testcase> <!-- SwitchLimitRetentionToggleExitAndPressDonotSaveTest -->
  <testcase name="ChangeViewTimeBySpinnersExitAndSaveTest" time="0.0" classname="testcases.ToursElementsTest">
    <ignored/>
  </testcase> <!-- ChangeViewTimeBySpinnersExitAndSaveTest -->
  <testcase name="AddNVRAndPressApplyTest" time="0.0" classname="testcases.NVRsTest">
    <ignored/>
  </testcase> <!-- AddNVRAndPressApplyTest -->
  <testcase name="AddNVRManuallyWithSecuredPortAndSwitchONSecuredTest" time="0.0" classname="testcases.NVRsTest">
    <ignored/>
  </testcase> <!-- AddNVRManuallyWithSecuredPortAndSwitchONSecuredTest -->
  <testcase name="ChangeLimitRetentionAndPressCancelTest" time="0.0" classname="testcases.AudioChannelsElementsTest">
    <ignored/>
  </testcase> <!-- ChangeLimitRetentionAndPressCancelTest -->
  <testcase name="AddProperNumericIdPressDoNotSaveTest" time="0.0" classname="testcases.VideoChannelPropertiesElementTest">
    <ignored/>
  </testcase> <!-- AddProperNumericIdPressDoNotSaveTest -->
  <testcase name="ChangeRemarksExitAndDoNotSaveTest" time="0.0" classname="testcases.ToursElementsTest">
    <ignored/>
  </testcase> <!-- ChangeRemarksExitAndDoNotSaveTest -->
  <testcase name="SelectNVRandPressCancelTest" time="0.0" classname="testcases.NVRsTest">
    <ignored/>
  </testcase> <!-- SelectNVRandPressCancelTest -->
  <testcase name="AddNewTourWithoutViewExitAndDoNotSaveTest" time="0.0" classname="testcases.ToursElementsTest">
    <ignored/>
  </testcase> <!-- AddNewTourWithoutViewExitAndDoNotSaveTest -->
  <testcase name="SelectAllEventsInSpecifyEventsTest" time="0.0" classname="testcases.VideoRecordingTest">
    <ignored/>
  </testcase> <!-- SelectAllEventsInSpecifyEventsTest -->
  <testcase name="AddAudioResourcesPressCancelExitTest" time="0.0" classname="testcases.VideoChannelPropertiesElementTest">
    <ignored/>
  </testcase> <!-- AddAudioResourcesPressCancelExitTest -->
  <testcase name="ChangeVisibleStatusExitCancelUnsavedChangesTest" time="0.0" classname="testcases.VideoChannelPropertiesElementTest">
    <ignored/>
  </testcase> <!-- ChangeVisibleStatusExitCancelUnsavedChangesTest -->
  <testcase name="ChangePreEventTimeExitAndPressCancelTest" time="0.0" classname="testcases.AudioChannelsElementsTest">
    <ignored/>
  </testcase> <!-- ChangePreEventTimeExitAndPressCancelTest -->
  <testcase name="ChangePortToSecuredAndCheckStatusTest" time="0.0" classname="testcases.NVRsTest">
    <ignored/>
  </testcase> <!-- ChangePortToSecuredAndCheckStatusTest -->
  <testcase name="AddAlreadyUsedNVRManuallyTest" time="0.0" classname="testcases.NVRsTest">
    <ignored/>
  </testcase> <!-- AddAlreadyUsedNVRManuallyTest -->
  <testcase name="ChangeUserNameExitPressDontSaveUnsavedChangesTest" time="0.0" classname="testcases.NVRsElementsTest">
    <ignored/>
  </testcase> <!-- ChangeUserNameExitPressDontSaveUnsavedChangesTest -->
  <testcase name="SelectAnyEventsExitAndPressCancelTest" time="0.0" classname="testcases.AudioChannelsElementsTest">
    <ignored/>
  </testcase> <!-- SelectAnyEventsExitAndPressCancelTest -->
  <testcase name="AddProperNumericIdPressCancelTest" time="0.0" classname="testcases.VideoChannelPropertiesElementTest">
    <ignored/>
  </testcase> <!-- AddProperNumericIdPressCancelTest -->
  <testcase name="OpenDeviceWebPageTest" time="0.0" classname="testcases.VideoChannelPropertiesElementTest">
    <ignored/>
  </testcase> <!-- OpenDeviceWebPageTest -->
  <testcase name="InputInvalidPasswordInAddNVRManualyTest" time="0.0" classname="testcases.NVRsTest">
    <ignored/>
  </testcase> <!-- InputInvalidPasswordInAddNVRManualyTest -->
  <testcase name="ChangeNameAndPressCancelTest" time="0.0" classname="testcases.AudioChannelsElementsTest">
    <ignored/>
  </testcase> <!-- ChangeNameAndPressCancelTest -->
  <testcase name="ChangePortToValidAndCheckStatusTest" time="0.0" classname="testcases.NVRsTest">
    <ignored/>
  </testcase> <!-- ChangePortToValidAndCheckStatusTest -->
  <testcase name="ChangeVisibilityStatusExitAndCancelTest" time="0.0" classname="testcases.ToursElementsTest">
    <ignored/>
  </testcase> <!-- ChangeVisibilityStatusExitAndCancelTest -->
  <testcase name="IncreasePortAndPressCancel" time="0.0" classname="testcases.NVRsElementsTest">
    <ignored/>
  </testcase> <!-- IncreasePortAndPressCancel -->
  <testcase name="FilterCamerasTest" time="0.0" classname="testcases.VideoChannelPropertiesElementTest">
    <ignored/>
  </testcase> <!-- FilterCamerasTest -->
  <testcase name="AddNVRWithSecuredPortTest" time="0.0" classname="testcases.NVRsTest">
    <ignored/>
  </testcase> <!-- AddNVRWithSecuredPortTest -->
  <testcase name="ChangeLimitRetentionExitAndPressSaveTest" time="0.0" classname="testcases.AudioChannelsElementsTest">
    <ignored/>
  </testcase> <!-- ChangeLimitRetentionExitAndPressSaveTest -->
  <testcase name="SwitchLimitRetentionToggleExitAndPressSaveTest" time="0.0" classname="testcases.AudioChannelsElementsTest">
    <ignored/>
  </testcase> <!-- SwitchLimitRetentionToggleExitAndPressSaveTest -->
  <testcase name="RenameGroupAndCheckInMonitoringTest" time="0.0" classname="testcases.GroupsHierarchyTest">
    <ignored/>
  </testcase> <!-- RenameGroupAndCheckInMonitoringTest -->
  <testcase name="SelectScheduleExitAndPressCancelTest" time="0.0" classname="testcases.AudioChannelsElementsTest">
    <ignored/>
  </testcase> <!-- SelectScheduleExitAndPressCancelTest -->
  <testcase name="SelectScheduleTest" time="0.0" classname="testcases.AudioChannelsTest">
    <ignored/>
  </testcase> <!-- SelectScheduleTest -->
  <testcase name="AddNVRManuallyAndPressApplyTest" time="0.0" classname="testcases.NVRsTest">
    <ignored/>
  </testcase> <!-- AddNVRManuallyAndPressApplyTest -->
  <testcase name="ChangeNameExitAndPressSaveTest" time="0.0" classname="testcases.AudioChannelsElementsTest">
    <ignored/>
  </testcase> <!-- ChangeNameExitAndPressSaveTest -->
  <testcase name="ChangePreEventTimeExitAndPressSaveTest" time="0.0" classname="testcases.AudioChannelsElementsTest">
    <ignored/>
  </testcase> <!-- ChangePreEventTimeExitAndPressSaveTest -->
  <testcase name="ChangePasswordToInvalidAndCheckStatusTest" time="0.0" classname="testcases.NVRsTest">
    <ignored/>
  </testcase> <!-- ChangePasswordToInvalidAndCheckStatusTest -->
  <testcase name="CreateNewSchedulesPlansTest" time="0.0" classname="testcases.AudioChannelsTest">
    <ignored/>
  </testcase> <!-- CreateNewSchedulesPlansTest -->
  <testcase name="AddSaveAddAudioChannelsTest" time="0.0" classname="testcases.VideoChannelPropertiesElementTest">
    <ignored/>
  </testcase> <!-- AddSaveAddAudioChannelsTest -->
  <testcase name="DeleteEventsFromEventsList" time="0.0" classname="testcases.VideoRecordingTest">
    <ignored/>
  </testcase> <!-- DeleteEventsFromEventsList -->
  <testcase name="MultipleSelectAndDeleteSpecifyEventsTest" time="0.0" classname="testcases.VideoRecordingTest">
    <ignored/>
  </testcase> <!-- MultipleSelectAndDeleteSpecifyEventsTest -->
  <testcase name="ChangePortExitPressDontSaveUnsavedChangesTest" time="0.0" classname="testcases.NVRsElementsTest">
    <ignored/>
  </testcase> <!-- ChangePortExitPressDontSaveUnsavedChangesTest -->
  <testcase name="ChangeUserNameExitCancelUnsavedChangesTest" time="0.0" classname="testcases.NVRsElementsTest">
    <ignored/>
  </testcase> <!-- ChangeUserNameExitCancelUnsavedChangesTest -->
  <testcase name="ChangeLimitRetentionExitAndPressDoNotSaveTest" time="0.0" classname="testcases.AudioChannelsElementsTest">
    <ignored/>
  </testcase> <!-- ChangeLimitRetentionExitAndPressDoNotSaveTest -->
  <testcase name="ChangePostEventTimeExitAndPressDoNotSaveTest" time="0.0" classname="testcases.AudioChannelsElementsTest">
    <ignored/>
  </testcase> <!-- ChangePostEventTimeExitAndPressDoNotSaveTest -->
  <testcase name="MultipleSelectAndDeleteSpecifyEventsTest" time="0.0" classname="testcases.AudioChannelsTest">
    <ignored/>
  </testcase> <!-- MultipleSelectAndDeleteSpecifyEventsTest -->
  <testcase name="SelectRecordingModeExitAndPressDoNotSaveTest" time="0.0" classname="testcases.AudioChannelsElementsTest">
    <ignored/>
  </testcase> <!-- SelectRecordingModeExitAndPressDoNotSaveTest -->
  <testcase name="ChangeLimitRetentionExitAndPressCancelTest" time="0.0" classname="testcases.AudioChannelsElementsTest">
    <ignored/>
  </testcase> <!-- ChangeLimitRetentionExitAndPressCancelTest -->
  <testcase name="ChangeNamePressCancelTest" time="0.0" classname="testcases.NVRsElementsTest">
    <ignored/>
  </testcase> <!-- ChangeNamePressCancelTest -->
  <testcase name="ChangePreEventTimeExitAndPressDoNotSaveTest" time="0.0" classname="testcases.AudioChannelsElementsTest">
    <ignored/>
  </testcase> <!-- ChangePreEventTimeExitAndPressDoNotSaveTest -->
  <testcase name="SortAudioChannelsByName" time="0.0" classname="testcases.AudioChannelsTest">
    <ignored/>
  </testcase> <!-- SortAudioChannelsByName -->
  <testcase name="ChangeStorageDefinitionsAndPressCancelTest" time="0.0" classname="testcases.NVRsElementsTest">
    <ignored/>
  </testcase> <!-- ChangeStorageDefinitionsAndPressCancelTest -->
  <testcase name="ChangeUserNameExitPressSaveUnsavedChangesTest" time="0.0" classname="testcases.NVRsElementsTest">
    <ignored/>
  </testcase> <!-- ChangeUserNameExitPressSaveUnsavedChangesTest -->
  <testcase name="CreateNewSchedulePlanExitAndPressDoNotSaveTest" time="0.0" classname="testcases.AudioChannelsElementsTest">
    <ignored/>
  </testcase> <!-- CreateNewSchedulePlanExitAndPressDoNotSaveTest -->
  <testcase name="CancelRemovalNVRsByButtonTest" time="0.0" classname="testcases.NVRsTest">
    <ignored/>
  </testcase> <!-- CancelRemovalNVRsByButtonTest -->
  <testcase name="ChangeNameExitAndCancelTest" time="0.0" classname="testcases.ToursElementsTest">
    <ignored/>
  </testcase> <!-- ChangeNameExitAndCancelTest -->
  <testcase name="SelectEventAndPressCloseTest" time="0.0" classname="testcases.VideoRecordingTest">
    <ignored/>
  </testcase> <!-- SelectEventAndPressCloseTest -->
  <testcase name="ChangeIPAdressExitPressDontSaveUnsavedChangesTest" time="0.0" classname="testcases.NVRsElementsTest">
    <ignored/>
  </testcase> <!-- ChangeIPAdressExitPressDontSaveUnsavedChangesTest -->
  <testcase name="CheckPropertiesAfterChangePasswordTest" time="0.0" classname="testcases.NVRsElementsTest">
    <ignored/>
  </testcase> <!-- CheckPropertiesAfterChangePasswordTest -->
  <testcase name="ChangeNameAndCancelTest" time="0.0" classname="testcases.ToursElementsTest">
    <ignored/>
  </testcase> <!-- ChangeNameAndCancelTest -->
  <testcase name="DragGroupToGroupTest" time="0.0" classname="testcases.GroupsHierarchyTest">
    <ignored/>
  </testcase> <!-- DragGroupToGroupTest -->
  <testcase name="ChangeProtocolExitAndPressDoNotSaveTest" time="0.0" classname="testcases.AudioChannelsElementsTest">
    <ignored/>
  </testcase> <!-- ChangeProtocolExitAndPressDoNotSaveTest -->
  <testcase name="SaveButtonIsDisableTest" time="0.0" classname="testcases.VideoChannelPropertiesElementTest">
    <ignored/>
  </testcase> <!-- SaveButtonIsDisableTest -->
  <testcase name="ChangePostEventTimeExitAndPressCancelTest" time="0.0" classname="testcases.AudioChannelsElementsTest">
    <ignored/>
  </testcase> <!-- ChangePostEventTimeExitAndPressCancelTest -->
  <testcase name="DeleteGroupAndCheckInMonitoringTest" time="0.0" classname="testcases.GroupsHierarchyTest">
    <ignored/>
  </testcase> <!-- DeleteGroupAndCheckInMonitoringTest -->
  <testcase name="ChangeUserNameToInvalidAndCheckStatusTest" time="0.0" classname="testcases.NVRsTest">
    <ignored/>
  </testcase> <!-- ChangeUserNameToInvalidAndCheckStatusTest -->
  <testcase name="AddAudioResourcesExitPressSaveUnsavedChangesTest" time="0.0" classname="testcases.VideoChannelPropertiesElementTest">
    <ignored/>
  </testcase> <!-- AddAudioResourcesExitPressSaveUnsavedChangesTest -->
  <testcase name="SwitchOffStorageDefinitionsAndPressNoTest" time="0.0" classname="testcases.NVRsTest">
    <ignored/>
  </testcase> <!-- SwitchOffStorageDefinitionsAndPressNoTest -->
  <testcase name="SelectScheduleAndPressCancelTest" time="0.0" classname="testcases.AudioChannelsElementsTest">
    <ignored/>
  </testcase> <!-- SelectScheduleAndPressCancelTest -->
  <testcase name="CheckPropertiesAfterChangeIPAdressTest" time="0.0" classname="testcases.NVRsElementsTest">
    <ignored/>
  </testcase> <!-- CheckPropertiesAfterChangeIPAdressTest -->
  <testcase name="DeleteAllViewsExitAndDoNotSaveTest" time="0.0" classname="testcases.ToursElementsTest">
    <ignored/>
  </testcase> <!-- DeleteAllViewsExitAndDoNotSaveTest -->
  <testcase name="DeleteAllViewsAndCancelTest" time="0.0" classname="testcases.ToursElementsTest">
    <ignored/>
  </testcase> <!-- DeleteAllViewsAndCancelTest -->
  <testcase name="ChangePostEventTimeAndPressCancelTest" time="0.0" classname="testcases.AudioChannelsElementsTest">
    <ignored/>
  </testcase> <!-- ChangePostEventTimeAndPressCancelTest -->
</testsuite> <!-- Default test(failed)(failed)(failed)(failed) -->
