<?xml version="1.0" encoding="UTF-8"?>
<!-- Generated by org.testng.reporters.JUnitReportReporter -->
<testsuite skipped="39" hostname="BORSE-PC" name="testcases.WebPagesElementsTest" tests="40" failures="0" timestamp="2020-02-11T19:32:48 IST" time="2561.072" errors="1">
  <testcase name="AddNewWebPageExitAndCancelTest" time="2561.072" classname="testcases.WebPagesElementsTest">
    <error type="org.openqa.selenium.StaleElementReferenceException" message="Element is no longer valid (WARNING: The server did not provide any stacktrace information)
Command duration or timeout: 0 milliseconds
For documentation on this error, please visit: http://seleniumhq.org/exceptions/stale_element_reference.html
Build info: version: &#039;3.9.1&#039;, revision: &#039;63f7b50&#039;, time: &#039;2018-02-07T22:25:02.294Z&#039;
System info: host: &#039;BORSE-PC&#039;, ip: &#039;172.20.1.42&#039;, os.name: &#039;Windows 10&#039;, os.arch: &#039;amd64&#039;, os.version: &#039;10.0&#039;, java.version: &#039;1.8.0_202&#039;
Driver info: org.openqa.selenium.ie.InternetExplorerDriver
Capabilities {browserName: internet explorer, javascriptEnabled: true, pageLoadStrategy: normal, platform: WINDOWS, platformName: WINDOWS, se:ieOptions: {browserAttachTimeout: 0, elementScrollBehavior: 0, enableElementCacheCleanup: true, enablePersistentHover: true, ie.browserCommandLineSwitches: , ie.enableFullPageScreenshot: true, ie.ensureCleanSession: true, ie.fileUploadDialogTimeout: 3000, ie.forceCreateProcessApi: false, ie.forceShellWindowsApi: false, ie.useLegacyFileUploadDialogHandling: false, ignoreProtectedModeSettings: true, ignoreZoomSetting: false, initialBrowserUrl: http://localhost:46401/, nativeEvents: true, requireWindowFocus: false}, unexpectedAlertBehaviour: dismiss, unhandledPromptBehavior: dismiss, version: 11}
Session ID: 712f260a-2653-4cd8-8277-e0c2c1c320a6">
      <![CDATA[org.openqa.selenium.StaleElementReferenceException: Element is no longer valid (WARNING: The server did not provide any stacktrace information)
Command duration or timeout: 0 milliseconds
For documentation on this error, please visit: http://seleniumhq.org/exceptions/stale_element_reference.html
Build info: version: '3.9.1', revision: '63f7b50', time: '2018-02-07T22:25:02.294Z'
System info: host: 'BORSE-PC', ip: '172.20.1.42', os.name: 'Windows 10', os.arch: 'amd64', os.version: '10.0', java.version: '1.8.0_202'
Driver info: org.openqa.selenium.ie.InternetExplorerDriver
Capabilities {browserName: internet explorer, javascriptEnabled: true, pageLoadStrategy: normal, platform: WINDOWS, platformName: WINDOWS, se:ieOptions: {browserAttachTimeout: 0, elementScrollBehavior: 0, enableElementCacheCleanup: true, enablePersistentHover: true, ie.browserCommandLineSwitches: , ie.enableFullPageScreenshot: true, ie.ensureCleanSession: true, ie.fileUploadDialogTimeout: 3000, ie.forceCreateProcessApi: false, ie.forceShellWindowsApi: false, ie.useLegacyFileUploadDialogHandling: false, ignoreProtectedModeSettings: true, ignoreZoomSetting: false, initialBrowserUrl: http://localhost:46401/, nativeEvents: true, requireWindowFocus: false}, unexpectedAlertBehaviour: dismiss, unhandledPromptBehavior: dismiss, version: 11}
Session ID: 712f260a-2653-4cd8-8277-e0c2c1c320a6
at sun.reflect.NativeConstructorAccessorImpl.newInstance0(Native Method)
at sun.reflect.NativeConstructorAccessorImpl.newInstance(NativeConstructorAccessorImpl.java:62)
at sun.reflect.DelegatingConstructorAccessorImpl.newInstance(DelegatingConstructorAccessorImpl.java:45)
at java.lang.reflect.Constructor.newInstance(Constructor.java:423)
at org.openqa.selenium.remote.ErrorHandler.createThrowable(ErrorHandler.java:214)
at org.openqa.selenium.remote.ErrorHandler.throwIfResponseFailed(ErrorHandler.java:166)
at org.openqa.selenium.remote.http.JsonHttpResponseCodec.reconstructValue(JsonHttpResponseCodec.java:40)
at org.openqa.selenium.remote.http.AbstractHttpResponseCodec.decode(AbstractHttpResponseCodec.java:80)
at org.openqa.selenium.remote.http.AbstractHttpResponseCodec.decode(AbstractHttpResponseCodec.java:44)
at org.openqa.selenium.remote.HttpCommandExecutor.execute(HttpCommandExecutor.java:160)
at org.openqa.selenium.remote.service.DriverCommandExecutor.execute(DriverCommandExecutor.java:83)
at org.openqa.selenium.remote.RemoteWebDriver.execute(RemoteWebDriver.java:601)
at org.openqa.selenium.remote.RemoteWebElement.execute(RemoteWebElement.java:279)
at org.openqa.selenium.remote.RemoteWebElement.isEnabled(RemoteWebElement.java:150)
at sun.reflect.NativeMethodAccessorImpl.invoke0(Native Method)
at sun.reflect.NativeMethodAccessorImpl.invoke(NativeMethodAccessorImpl.java:62)
at sun.reflect.DelegatingMethodAccessorImpl.invoke(DelegatingMethodAccessorImpl.java:43)
at java.lang.reflect.Method.invoke(Method.java:498)
at org.openqa.selenium.support.pagefactory.internal.LocatingElementHandler.invoke(LocatingElementHandler.java:51)
at com.sun.proxy.$Proxy12.isEnabled(Unknown Source)
at Utilities.Page.CancelUnsavedChangesButtonIsEnabled(Page.java:377)
at testcases.WebPagesElementsTest.AddNewWebPageExitAndCancelTest(WebPagesElementsTest.java:129)
at sun.reflect.NativeMethodAccessorImpl.invoke0(Native Method)
at sun.reflect.NativeMethodAccessorImpl.invoke(NativeMethodAccessorImpl.java:62)
at sun.reflect.DelegatingMethodAccessorImpl.invoke(DelegatingMethodAccessorImpl.java:43)
at java.lang.reflect.Method.invoke(Method.java:498)
at org.testng.internal.MethodInvocationHelper.invokeMethod(MethodInvocationHelper.java:133)
at org.testng.internal.TestInvoker.invokeMethod(TestInvoker.java:584)
at org.testng.internal.TestInvoker.invokeTestMethod(TestInvoker.java:172)
at org.testng.internal.MethodRunner.runInSequence(MethodRunner.java:46)
at org.testng.internal.TestInvoker$MethodInvocationAgent.invoke(TestInvoker.java:804)
at org.testng.internal.TestInvoker.invokeTestMethods(TestInvoker.java:145)
at org.testng.internal.TestMethodWorker.invokeTestMethods(TestMethodWorker.java:146)
at org.testng.internal.TestMethodWorker.run(TestMethodWorker.java:128)
at java.util.ArrayList.forEach(ArrayList.java:1257)
at org.testng.TestRunner.privateRun(TestRunner.java:770)
at org.testng.TestRunner.run(TestRunner.java:591)
at org.testng.SuiteRunner.runTest(SuiteRunner.java:402)
at org.testng.SuiteRunner.runSequentially(SuiteRunner.java:396)
at org.testng.SuiteRunner.privateRun(SuiteRunner.java:355)
at org.testng.SuiteRunner.run(SuiteRunner.java:304)
at org.testng.SuiteRunnerWorker.runSuite(SuiteRunnerWorker.java:53)
at org.testng.SuiteRunnerWorker.run(SuiteRunnerWorker.java:96)
at org.testng.TestNG.runSuitesSequentially(TestNG.java:1180)
at org.testng.TestNG.runSuitesLocally(TestNG.java:1102)
at org.testng.TestNG.runSuites(TestNG.java:1032)
at org.testng.TestNG.run(TestNG.java:1000)
at org.testng.remote.AbstractRemoteTestNG.run(AbstractRemoteTestNG.java:115)
at org.testng.remote.RemoteTestNG.initAndRun(RemoteTestNG.java:251)
at org.testng.remote.RemoteTestNG.main(RemoteTestNG.java:77)
]]>
    </error>
  </testcase> <!-- AddNewWebPageExitAndCancelTest -->
  <testcase name="ChangeRefreshTimeValueAndCancelTest" classname="testcases.WebPagesElementsTest">
    <skipped/>
  </testcase> <!-- ChangeRefreshTimeValueAndCancelTest -->
  <testcase name="ChangeNameExitAndCancelTest" classname="testcases.WebPagesElementsTest">
    <skipped/>
  </testcase> <!-- ChangeNameExitAndCancelTest -->
  <testcase name="ChangeVisibilityStatusExitAndDoNotSaveTest" classname="testcases.WebPagesElementsTest">
    <skipped/>
  </testcase> <!-- ChangeVisibilityStatusExitAndDoNotSaveTest -->
  <testcase name="ChangeNameAndCancelTest" classname="testcases.WebPagesElementsTest">
    <skipped/>
  </testcase> <!-- ChangeNameAndCancelTest -->
  <testcase name="ChangeRefreshTimeStatusExitAndSaveTest" classname="testcases.WebPagesElementsTest">
    <skipped/>
  </testcase> <!-- ChangeRefreshTimeStatusExitAndSaveTest -->
  <testcase name="DeleteURLExitAndSaveTest" classname="testcases.WebPagesElementsTest">
    <skipped/>
  </testcase> <!-- DeleteURLExitAndSaveTest -->
  <testcase name="ChangeRemarksAndCancelTest" classname="testcases.WebPagesElementsTest">
    <skipped/>
  </testcase> <!-- ChangeRemarksAndCancelTest -->
  <testcase name="AddNewWebPageExitAndSaveTest" classname="testcases.WebPagesElementsTest">
    <skipped/>
  </testcase> <!-- AddNewWebPageExitAndSaveTest -->
  <testcase name="ChangeNameExitAndSaveTest" classname="testcases.WebPagesElementsTest">
    <skipped/>
  </testcase> <!-- ChangeNameExitAndSaveTest -->
  <testcase name="ChangeVisibilityStatusExitAndSaveTest" classname="testcases.WebPagesElementsTest">
    <skipped/>
  </testcase> <!-- ChangeVisibilityStatusExitAndSaveTest -->
  <testcase name="ChangeRefreshTimeValueBySpinnerExitAndCancelTest" classname="testcases.WebPagesElementsTest">
    <skipped/>
  </testcase> <!-- ChangeRefreshTimeValueBySpinnerExitAndCancelTest -->
  <testcase name="ChangeRemarksExitAndCancelTest" classname="testcases.WebPagesElementsTest">
    <skipped/>
  </testcase> <!-- ChangeRemarksExitAndCancelTest -->
  <testcase name="ChangeRefreshTimeValueExitAndDoNotSaveTest" classname="testcases.WebPagesElementsTest">
    <skipped/>
  </testcase> <!-- ChangeRefreshTimeValueExitAndDoNotSaveTest -->
  <testcase name="DeleteURLAndCancelTest" classname="testcases.WebPagesElementsTest">
    <skipped/>
  </testcase> <!-- DeleteURLAndCancelTest -->
  <testcase name="AddNewWebPageInputURLExitAndCancelTest" classname="testcases.WebPagesElementsTest">
    <skipped/>
  </testcase> <!-- AddNewWebPageInputURLExitAndCancelTest -->
  <testcase name="ChangeRefreshTimeValueBySpinnerAndCancelTest" classname="testcases.WebPagesElementsTest">
    <skipped/>
  </testcase> <!-- ChangeRefreshTimeValueBySpinnerAndCancelTest -->
  <testcase name="ChangeURLExitAndCancelTest" classname="testcases.WebPagesElementsTest">
    <skipped/>
  </testcase> <!-- ChangeURLExitAndCancelTest -->
  <testcase name="ChangeURLExitAndDoNotSaveTest" classname="testcases.WebPagesElementsTest">
    <skipped/>
  </testcase> <!-- ChangeURLExitAndDoNotSaveTest -->
  <testcase name="DeleteURLExitAndDoNotSaveTest" classname="testcases.WebPagesElementsTest">
    <skipped/>
  </testcase> <!-- DeleteURLExitAndDoNotSaveTest -->
  <testcase name="ChangeRefreshTimeStatusAndCancelTest" classname="testcases.WebPagesElementsTest">
    <skipped/>
  </testcase> <!-- ChangeRefreshTimeStatusAndCancelTest -->
  <testcase name="AddNewWebPageExitAndDoNotSaveTest" classname="testcases.WebPagesElementsTest">
    <skipped/>
  </testcase> <!-- AddNewWebPageExitAndDoNotSaveTest -->
  <testcase name="ChangeRefreshTimeValueBySpinnerAndSaveTest" classname="testcases.WebPagesElementsTest">
    <skipped/>
  </testcase> <!-- ChangeRefreshTimeValueBySpinnerAndSaveTest -->
  <testcase name="ChangeRemarksExitAndSaveTest" classname="testcases.WebPagesElementsTest">
    <skipped/>
  </testcase> <!-- ChangeRemarksExitAndSaveTest -->
  <testcase name="ChangeRefreshTimeValueExitAndSaveTest" classname="testcases.WebPagesElementsTest">
    <skipped/>
  </testcase> <!-- ChangeRefreshTimeValueExitAndSaveTest -->
  <testcase name="ChangeRefreshTimeValueExitAndCancelTest" classname="testcases.WebPagesElementsTest">
    <skipped/>
  </testcase> <!-- ChangeRefreshTimeValueExitAndCancelTest -->
  <testcase name="AddNewWebPageInputURLExitAndSaveTest" classname="testcases.WebPagesElementsTest">
    <skipped/>
  </testcase> <!-- AddNewWebPageInputURLExitAndSaveTest -->
  <testcase name="AddNewWebPageAndCancelTest" classname="testcases.WebPagesElementsTest">
    <skipped/>
  </testcase> <!-- AddNewWebPageAndCancelTest -->
  <testcase name="ChangeRefreshTimeStatusExitAndDoNoTSaveTest" classname="testcases.WebPagesElementsTest">
    <skipped/>
  </testcase> <!-- ChangeRefreshTimeStatusExitAndDoNoTSaveTest -->
  <testcase name="ChangeVisibilityStatusExitAndCancelTest" classname="testcases.WebPagesElementsTest">
    <skipped/>
  </testcase> <!-- ChangeVisibilityStatusExitAndCancelTest -->
  <testcase name="ChangeRefreshTimeStatusExitAndCancelTest" classname="testcases.WebPagesElementsTest">
    <skipped/>
  </testcase> <!-- ChangeRefreshTimeStatusExitAndCancelTest -->
  <testcase name="ChangeNameExitAndDoNotSaveTest" classname="testcases.WebPagesElementsTest">
    <skipped/>
  </testcase> <!-- ChangeNameExitAndDoNotSaveTest -->
  <testcase name="ChangeVisibilityStatusAndCancelTest" classname="testcases.WebPagesElementsTest">
    <skipped/>
  </testcase> <!-- ChangeVisibilityStatusAndCancelTest -->
  <testcase name="ChangeRefreshTimeValueBySpinnerExitAndDoNotSaveTest" classname="testcases.WebPagesElementsTest">
    <skipped/>
  </testcase> <!-- ChangeRefreshTimeValueBySpinnerExitAndDoNotSaveTest -->
  <testcase name="AddNewWebPageInputURLAndCancelTest" classname="testcases.WebPagesElementsTest">
    <skipped/>
  </testcase> <!-- AddNewWebPageInputURLAndCancelTest -->
  <testcase name="DeleteURLExitAndCancelTest" classname="testcases.WebPagesElementsTest">
    <skipped/>
  </testcase> <!-- DeleteURLExitAndCancelTest -->
  <testcase name="ChangeRemarksExitAndDoNotSaveTest" classname="testcases.WebPagesElementsTest">
    <skipped/>
  </testcase> <!-- ChangeRemarksExitAndDoNotSaveTest -->
  <testcase name="ChangeURLAndCancelTest" classname="testcases.WebPagesElementsTest">
    <skipped/>
  </testcase> <!-- ChangeURLAndCancelTest -->
  <testcase name="AddNewWebPageInputURLExitAndDoNotSaveTest" classname="testcases.WebPagesElementsTest">
    <skipped/>
  </testcase> <!-- AddNewWebPageInputURLExitAndDoNotSaveTest -->
  <testcase name="ChangeURLExitAndSaveTest" classname="testcases.WebPagesElementsTest">
    <skipped/>
  </testcase> <!-- ChangeURLExitAndSaveTest -->
</testsuite> <!-- testcases.WebPagesElementsTest -->
