<?xml version="1.0" encoding="UTF-8"?>
<!-- Generated by org.testng.reporters.JUnitReportReporter -->
<testsuite skipped="0" hostname="BORSE-PC" name="testcases.ToursTest" tests="21" failures="1" timestamp="2020-02-06T04:06:48 IST" time="3158.580" errors="0">
  <testcase name="NewTourWithEmptyViewTest" time="142.309" classname="testcases.ToursTest"/>
  <testcase name="ChangeOrderForViewTest" time="110.828" classname="testcases.ToursTest"/>
  <testcase name="ChangeNameTest" time="155.982" classname="testcases.ToursTest"/>
  <testcase name="AddNewTourTest" time="131.180" classname="testcases.ToursTest"/>
  <testcase name="AddNewTourWithAllParametersTest" time="180.520" classname="testcases.ToursTest"/>
  <testcase name="DeleteAllViewsTest" time="118.551" classname="testcases.ToursTest"/>
  <testcase name="DeleteViewTest" time="168.749" classname="testcases.ToursTest"/>
  <testcase name="FilterToursTest" time="103.938" classname="testcases.ToursTest"/>
  <testcase name="ChangeVisibilityStatusTest" time="152.153" classname="testcases.ToursTest"/>
  <testcase name="ChangeViewTimeToMoreThanMaxValueTest" time="181.243" classname="testcases.ToursTest"/>
  <testcase name="DeleteTourByButtonTest" time="143.048" classname="testcases.ToursTest"/>
  <testcase name="DeleteTourByIconAndPressNoTest" time="127.771" classname="testcases.ToursTest"/>
  <testcase name="ChangeViewTimeToLessThanMinValueTest" time="122.111" classname="testcases.ToursTest"/>
  <testcase name="DeleteViewFromViewsPageTest" time="173.192" classname="testcases.ToursTest"/>
  <testcase name="AddViewTest" time="149.587" classname="testcases.ToursTest"/>
  <testcase name="ChangeViewTimeBySpinnersTest" time="223.098" classname="testcases.ToursTest"/>
  <testcase name="DeleteTourByButtonAndPressNoTest" time="157.845" classname="testcases.ToursTest"/>
  <testcase name="ChangeRemarksTest" time="146.261" classname="testcases.ToursTest"/>
  <testcase name="DeleteTourByIconTest" time="180.305" classname="testcases.ToursTest"/>
  <testcase name="FilterViewsTest" time="164.889" classname="testcases.ToursTest"/>
  <testcase name="ChangeViewTimeTest" time="125.020" classname="testcases.ToursTest">
    <failure type="java.lang.AssertionError" message="expected [72728] but found [7272]">
      <![CDATA[java.lang.AssertionError: expected [72728] but found [7272]
at org.testng.Assert.fail(Assert.java:97)
at org.testng.Assert.assertEqualsImpl(Assert.java:136)
at org.testng.Assert.assertEquals(Assert.java:118)
at org.testng.Assert.assertEquals(Assert.java:575)
at org.testng.Assert.assertEquals(Assert.java:585)
at testcases.ToursTest.ChangeViewTimeTest(ToursTest.java:750)
at sun.reflect.NativeMethodAccessorImpl.invoke0(Native Method)
at sun.reflect.NativeMethodAccessorImpl.invoke(NativeMethodAccessorImpl.java:62)
at sun.reflect.DelegatingMethodAccessorImpl.invoke(DelegatingMethodAccessorImpl.java:43)
at java.lang.reflect.Method.invoke(Method.java:498)
at org.testng.internal.MethodInvocationHelper.invokeMethod(MethodInvocationHelper.java:133)
at org.testng.internal.TestInvoker.invokeMethod(TestInvoker.java:584)
at org.testng.internal.TestInvoker.invokeTestMethod(TestInvoker.java:172)
at org.testng.internal.MethodRunner.runInSequence(MethodRunner.java:46)
at org.testng.internal.TestInvoker$MethodInvocationAgent.invoke(TestInvoker.java:804)
at org.testng.internal.TestInvoker.invokeTestMethods(TestInvoker.java:145)
at org.testng.internal.TestMethodWorker.invokeTestMethods(TestMethodWorker.java:146)
at org.testng.internal.TestMethodWorker.run(TestMethodWorker.java:128)
at java.util.ArrayList.forEach(ArrayList.java:1257)
at org.testng.TestRunner.privateRun(TestRunner.java:770)
at org.testng.TestRunner.run(TestRunner.java:591)
at org.testng.SuiteRunner.runTest(SuiteRunner.java:402)
at org.testng.SuiteRunner.runSequentially(SuiteRunner.java:396)
at org.testng.SuiteRunner.privateRun(SuiteRunner.java:355)
at org.testng.SuiteRunner.run(SuiteRunner.java:304)
at org.testng.SuiteRunnerWorker.runSuite(SuiteRunnerWorker.java:53)
at org.testng.SuiteRunnerWorker.run(SuiteRunnerWorker.java:96)
at org.testng.TestNG.runSuitesSequentially(TestNG.java:1180)
at org.testng.TestNG.runSuitesLocally(TestNG.java:1102)
at org.testng.TestNG.runSuites(TestNG.java:1032)
at org.testng.TestNG.run(TestNG.java:1000)
at org.testng.remote.AbstractRemoteTestNG.run(AbstractRemoteTestNG.java:115)
at org.testng.remote.RemoteTestNG.initAndRun(RemoteTestNG.java:251)
at org.testng.remote.RemoteTestNG.main(RemoteTestNG.java:77)
]]>
    </failure>
  </testcase> <!-- ChangeViewTimeTest -->
</testsuite> <!-- testcases.ToursTest -->
