<?xml version="1.0" encoding="UTF-8"?>
<!-- Generated by org.testng.reporters.JUnitReportReporter -->
<testsuite skipped="1" hostname="BORSE-PC" name="testcases.WebPagesTest" tests="15" failures="0" timestamp="2020-02-05T03:13:01 IST" time="2093.473" errors="1">
  <testcase name="ChangeRefreshTimeValueBySpinnerTest" time="183.747" classname="testcases.WebPagesTest"/>
  <testcase name="AddNewWebPageTest" time="107.661" classname="testcases.WebPagesTest"/>
  <testcase name="ChangeNameTest" time="137.822" classname="testcases.WebPagesTest">
    <error type="org.openqa.selenium.NoSuchElementException" message="Unable to find element with xpath == //div[@class=&#039;ui-grid-cell-contents ng-binding ng-scope&#039;][contains(text(), &#039;NewName8974&#039;)] (WARNING: The server did not provide any stacktrace information)
Command duration or timeout: 0 milliseconds
For documentation on this error, please visit: http://seleniumhq.org/exceptions/no_such_element.html
Build info: version: &#039;3.9.1&#039;, revision: &#039;63f7b50&#039;, time: &#039;2018-02-07T22:25:02.294Z&#039;
System info: host: &#039;BORSE-PC&#039;, ip: &#039;172.20.1.42&#039;, os.name: &#039;Windows 10&#039;, os.arch: &#039;amd64&#039;, os.version: &#039;10.0&#039;, java.version: &#039;1.8.0_202&#039;
Driver info: org.openqa.selenium.ie.InternetExplorerDriver
Capabilities {browserName: internet explorer, javascriptEnabled: true, pageLoadStrategy: normal, platform: WINDOWS, platformName: WINDOWS, se:ieOptions: {browserAttachTimeout: 0, elementScrollBehavior: 0, enableElementCacheCleanup: true, enablePersistentHover: true, ie.browserCommandLineSwitches: , ie.enableFullPageScreenshot: true, ie.ensureCleanSession: true, ie.fileUploadDialogTimeout: 3000, ie.forceCreateProcessApi: false, ie.forceShellWindowsApi: false, ie.useLegacyFileUploadDialogHandling: false, ignoreProtectedModeSettings: true, ignoreZoomSetting: false, initialBrowserUrl: http://localhost:40308/, nativeEvents: true, requireWindowFocus: false}, unexpectedAlertBehaviour: dismiss, unhandledPromptBehavior: dismiss, version: 11}
Session ID: 4063e7e4-e024-4be4-a97e-f087a8d7dbd8
*** Element info: {Using=xpath, value=//div[@class=&#039;ui-grid-cell-contents ng-binding ng-scope&#039;][contains(text(), &#039;NewName8974&#039;)]}">
      <![CDATA[org.openqa.selenium.NoSuchElementException: Unable to find element with xpath == //div[@class='ui-grid-cell-contents ng-binding ng-scope'][contains(text(), 'NewName8974')] (WARNING: The server did not provide any stacktrace information)
Command duration or timeout: 0 milliseconds
For documentation on this error, please visit: http://seleniumhq.org/exceptions/no_such_element.html
Build info: version: '3.9.1', revision: '63f7b50', time: '2018-02-07T22:25:02.294Z'
System info: host: 'BORSE-PC', ip: '172.20.1.42', os.name: 'Windows 10', os.arch: 'amd64', os.version: '10.0', java.version: '1.8.0_202'
Driver info: org.openqa.selenium.ie.InternetExplorerDriver
Capabilities {browserName: internet explorer, javascriptEnabled: true, pageLoadStrategy: normal, platform: WINDOWS, platformName: WINDOWS, se:ieOptions: {browserAttachTimeout: 0, elementScrollBehavior: 0, enableElementCacheCleanup: true, enablePersistentHover: true, ie.browserCommandLineSwitches: , ie.enableFullPageScreenshot: true, ie.ensureCleanSession: true, ie.fileUploadDialogTimeout: 3000, ie.forceCreateProcessApi: false, ie.forceShellWindowsApi: false, ie.useLegacyFileUploadDialogHandling: false, ignoreProtectedModeSettings: true, ignoreZoomSetting: false, initialBrowserUrl: http://localhost:40308/, nativeEvents: true, requireWindowFocus: false}, unexpectedAlertBehaviour: dismiss, unhandledPromptBehavior: dismiss, version: 11}
Session ID: 4063e7e4-e024-4be4-a97e-f087a8d7dbd8
*** Element info: {Using=xpath, value=//div[@class='ui-grid-cell-contents ng-binding ng-scope'][contains(text(), 'NewName8974')]}
at sun.reflect.GeneratedConstructorAccessor35.newInstance(Unknown Source)
at sun.reflect.DelegatingConstructorAccessorImpl.newInstance(DelegatingConstructorAccessorImpl.java:45)
at java.lang.reflect.Constructor.newInstance(Constructor.java:423)
at org.openqa.selenium.remote.ErrorHandler.createThrowable(ErrorHandler.java:214)
at org.openqa.selenium.remote.ErrorHandler.throwIfResponseFailed(ErrorHandler.java:166)
at org.openqa.selenium.remote.http.JsonHttpResponseCodec.reconstructValue(JsonHttpResponseCodec.java:40)
at org.openqa.selenium.remote.http.AbstractHttpResponseCodec.decode(AbstractHttpResponseCodec.java:80)
at org.openqa.selenium.remote.http.AbstractHttpResponseCodec.decode(AbstractHttpResponseCodec.java:44)
at org.openqa.selenium.remote.HttpCommandExecutor.execute(HttpCommandExecutor.java:160)
at org.openqa.selenium.remote.service.DriverCommandExecutor.execute(DriverCommandExecutor.java:83)
at org.openqa.selenium.remote.RemoteWebDriver.execute(RemoteWebDriver.java:601)
at org.openqa.selenium.remote.RemoteWebDriver.findElement(RemoteWebDriver.java:371)
at org.openqa.selenium.remote.RemoteWebDriver.findElementByXPath(RemoteWebDriver.java:473)
at org.openqa.selenium.By$ByXPath.findElement(By.java:361)
at org.openqa.selenium.remote.RemoteWebDriver.findElement(RemoteWebDriver.java:363)
at pageObjects.WebPagesPage.ClickOnWebPageByName(WebPagesPage.java:180)
at testcases.WebPagesTest.ChangeNameTest(WebPagesTest.java:262)
at sun.reflect.NativeMethodAccessorImpl.invoke0(Native Method)
at sun.reflect.NativeMethodAccessorImpl.invoke(NativeMethodAccessorImpl.java:62)
at sun.reflect.DelegatingMethodAccessorImpl.invoke(DelegatingMethodAccessorImpl.java:43)
at java.lang.reflect.Method.invoke(Method.java:498)
at org.testng.internal.MethodInvocationHelper.invokeMethod(MethodInvocationHelper.java:133)
at org.testng.internal.TestInvoker.invokeMethod(TestInvoker.java:584)
at org.testng.internal.TestInvoker.invokeTestMethod(TestInvoker.java:172)
at org.testng.internal.MethodRunner.runInSequence(MethodRunner.java:46)
at org.testng.internal.TestInvoker$MethodInvocationAgent.invoke(TestInvoker.java:804)
at org.testng.internal.TestInvoker.invokeTestMethods(TestInvoker.java:145)
at org.testng.internal.TestMethodWorker.invokeTestMethods(TestMethodWorker.java:146)
at org.testng.internal.TestMethodWorker.run(TestMethodWorker.java:128)
at java.util.ArrayList.forEach(ArrayList.java:1257)
at org.testng.TestRunner.privateRun(TestRunner.java:770)
at org.testng.TestRunner.run(TestRunner.java:591)
at org.testng.SuiteRunner.runTest(SuiteRunner.java:402)
at org.testng.SuiteRunner.runSequentially(SuiteRunner.java:396)
at org.testng.SuiteRunner.privateRun(SuiteRunner.java:355)
at org.testng.SuiteRunner.run(SuiteRunner.java:304)
at org.testng.SuiteRunnerWorker.runSuite(SuiteRunnerWorker.java:53)
at org.testng.SuiteRunnerWorker.run(SuiteRunnerWorker.java:96)
at org.testng.TestNG.runSuitesSequentially(TestNG.java:1180)
at org.testng.TestNG.runSuitesLocally(TestNG.java:1102)
at org.testng.TestNG.runSuites(TestNG.java:1032)
at org.testng.TestNG.run(TestNG.java:1000)
at org.testng.remote.AbstractRemoteTestNG.run(AbstractRemoteTestNG.java:115)
at org.testng.remote.RemoteTestNG.initAndRun(RemoteTestNG.java:251)
at org.testng.remote.RemoteTestNG.main(RemoteTestNG.java:77)
]]>
    </error>
  </testcase> <!-- ChangeNameTest -->
  <testcase name="DeleteWebPageByButtonTest" time="228.699" classname="testcases.WebPagesTest"/>
  <testcase name="CancelWebPageRemovingByButtonTest" time="152.295" classname="testcases.WebPagesTest"/>
  <testcase name="ChangeURLTest" time="150.735" classname="testcases.WebPagesTest"/>
  <testcase name="DeleteWebPageByIconTest" time="152.424" classname="testcases.WebPagesTest"/>
  <testcase name="ChangeRemarksTest" time="147.781" classname="testcases.WebPagesTest"/>
  <testcase name="CancelWebPageRemovingByIconTest" time="135.394" classname="testcases.WebPagesTest"/>
  <testcase name="WebPagesFilterTest" time="108.409" classname="testcases.WebPagesTest"/>
  <testcase name="DeleteURLTest" time="114.313" classname="testcases.WebPagesTest"/>
  <testcase name="ChangeRefreshTimeStatusTest" time="124.540" classname="testcases.WebPagesTest"/>
  <testcase name="ChangeVisibilityStatusTest" time="137.342" classname="testcases.WebPagesTest"/>
  <testcase name="ChangeRefreshTimeValueTest" time="212.311" classname="testcases.WebPagesTest"/>
  <testcase name="AddNewWebPageInputParametersTest" classname="testcases.WebPagesTest">
    <skipped/>
  </testcase> <!-- AddNewWebPageInputParametersTest -->
</testsuite> <!-- testcases.WebPagesTest -->
