<?xml version="1.0" encoding="UTF-8"?>
<!-- Generated by org.testng.reporters.JUnitReportReporter -->
<testsuite skipped="0" hostname="BORSE-PC" name="testcases.ToursElementsTest" tests="40" failures="0" timestamp="2020-02-06T21:05:39 IST" time="5154.561" errors="1">
  <testcase name="AddNewTourAndCancelTest" time="106.743" classname="testcases.ToursElementsTest"/>
  <testcase name="DeleteAllViewsAndCancelTest" time="106.204" classname="testcases.ToursElementsTest"/>
  <testcase name="ChangeViewTimeBySpinnersExitAndDoNotSaveTest" time="152.864" classname="testcases.ToursElementsTest"/>
  <testcase name="ChangeViewTimeExitAndCancelTest" time="125.194" classname="testcases.ToursElementsTest"/>
  <testcase name="DeleteAllViewsExitAndCancelTest" time="125.102" classname="testcases.ToursElementsTest"/>
  <testcase name="AddViewExitAndSaveTest" time="144.642" classname="testcases.ToursElementsTest"/>
  <testcase name="DeleteAllViewsExitAndDoNotSaveTest" time="129.589" classname="testcases.ToursElementsTest"/>
  <testcase name="ChangeViewTimeExitAndDoNotSaveTest" time="138.240" classname="testcases.ToursElementsTest"/>
  <testcase name="AddViewAndCancelTest" time="117.973" classname="testcases.ToursElementsTest"/>
  <testcase name="ChangeViewTimeExitAndSaveTest" time="107.610" classname="testcases.ToursElementsTest"/>
  <testcase name="AddNewTourWithoutViewExitAndSaveTest" time="103.553" classname="testcases.ToursElementsTest"/>
  <testcase name="ChangeViewTimeBySpinnersAndCancelTest" time="130.132" classname="testcases.ToursElementsTest"/>
  <testcase name="ChangeRemarksAndCancelTest" time="109.008" classname="testcases.ToursElementsTest"/>
  <testcase name="ChangeNameExitAndCancelTest" time="137.932" classname="testcases.ToursElementsTest"/>
  <testcase name="AddNewTourWithoutViewExitAndDoNotSaveTest" time="130.637" classname="testcases.ToursElementsTest"/>
  <testcase name="AddViewExitAndCancelTest" time="126.137" classname="testcases.ToursElementsTest"/>
  <testcase name="AddViewExitAndDoNotSaveTest" time="141.676" classname="testcases.ToursElementsTest"/>
  <testcase name="AddNewTourExitAndDoNotSaveTest" time="130.824" classname="testcases.ToursElementsTest"/>
  <testcase name="DeleteViewExitAndDoNotSaveTest" time="129.488" classname="testcases.ToursElementsTest"/>
  <testcase name="ChangeRemarksExitAndCancelTest" time="142.092" classname="testcases.ToursElementsTest"/>
  <testcase name="ChangeVisibilityStatusExitAndDoNotSaveTest" time="135.646" classname="testcases.ToursElementsTest"/>
  <testcase name="DeleteViewExitAndSaveTest" time="109.956" classname="testcases.ToursElementsTest"/>
  <testcase name="ChangeVisibilityStatusExitAndSaveTest" time="111.608" classname="testcases.ToursElementsTest"/>
  <testcase name="AddNewTourWithoutViewAndCancelTest" time="107.200" classname="testcases.ToursElementsTest"/>
  <testcase name="ChangeViewTimeAndCancelTest" time="104.942" classname="testcases.ToursElementsTest"/>
  <testcase name="ChangeVisibilityStatusExitAndCancelTest" time="121.921" classname="testcases.ToursElementsTest"/>
  <testcase name="DeleteViewAndCancelTest" time="112.692" classname="testcases.ToursElementsTest"/>
  <testcase name="AddNewTourWithoutViewExitAndCancelTest" time="116.629" classname="testcases.ToursElementsTest"/>
  <testcase name="ChangeNameExitAndDoNotSaveTest" time="140.433" classname="testcases.ToursElementsTest"/>
  <testcase name="ChangeVisibilityStatusAndCancelTest" time="104.586" classname="testcases.ToursElementsTest"/>
  <testcase name="AddNewTourExitAndCancelTest" time="125.554" classname="testcases.ToursElementsTest"/>
  <testcase name="ChangeRemarksExitAndSaveTest" time="150.873" classname="testcases.ToursElementsTest"/>
  <testcase name="ChangeRemarksExitAndDoNotSaveTest" time="140.499" classname="testcases.ToursElementsTest"/>
  <testcase name="AddNewTourExitAndSaveTest" time="142.701" classname="testcases.ToursElementsTest"/>
  <testcase name="ChangeViewTimeBySpinnersExitAndSaveTest" time="334.174" classname="testcases.ToursElementsTest">
    <error type="org.openqa.selenium.NoSuchElementException" message="Unable to find element with xpath == //div[@class = &#039;modal-footer-confirm&#039;]/button[contains(text(), &#039;Save&#039;)] (WARNING: The server did not provide any stacktrace information)
Command duration or timeout: 0 milliseconds
For documentation on this error, please visit: http://seleniumhq.org/exceptions/no_such_element.html
Build info: version: &#039;3.9.1&#039;, revision: &#039;63f7b50&#039;, time: &#039;2018-02-07T22:25:02.294Z&#039;
System info: host: &#039;BORSE-PC&#039;, ip: &#039;172.20.1.42&#039;, os.name: &#039;Windows 10&#039;, os.arch: &#039;amd64&#039;, os.version: &#039;10.0&#039;, java.version: &#039;1.8.0_202&#039;
Driver info: org.openqa.selenium.ie.InternetExplorerDriver
Capabilities {browserName: internet explorer, javascriptEnabled: true, pageLoadStrategy: normal, platform: WINDOWS, platformName: WINDOWS, se:ieOptions: {browserAttachTimeout: 0, elementScrollBehavior: 0, enableElementCacheCleanup: true, enablePersistentHover: true, ie.browserCommandLineSwitches: , ie.enableFullPageScreenshot: true, ie.ensureCleanSession: true, ie.fileUploadDialogTimeout: 3000, ie.forceCreateProcessApi: false, ie.forceShellWindowsApi: false, ie.useLegacyFileUploadDialogHandling: false, ignoreProtectedModeSettings: true, ignoreZoomSetting: false, initialBrowserUrl: http://localhost:25358/, nativeEvents: true, requireWindowFocus: false}, unexpectedAlertBehaviour: dismiss, unhandledPromptBehavior: dismiss, version: 11}
Session ID: cd37a518-f5b5-425e-8161-66ce39571d04
*** Element info: {Using=xpath, value=//div[@class = &#039;modal-footer-confirm&#039;]/button[contains(text(), &#039;Save&#039;)]}">
      <![CDATA[org.openqa.selenium.NoSuchElementException: Unable to find element with xpath == //div[@class = 'modal-footer-confirm']/button[contains(text(), 'Save')] (WARNING: The server did not provide any stacktrace information)
Command duration or timeout: 0 milliseconds
For documentation on this error, please visit: http://seleniumhq.org/exceptions/no_such_element.html
Build info: version: '3.9.1', revision: '63f7b50', time: '2018-02-07T22:25:02.294Z'
System info: host: 'BORSE-PC', ip: '172.20.1.42', os.name: 'Windows 10', os.arch: 'amd64', os.version: '10.0', java.version: '1.8.0_202'
Driver info: org.openqa.selenium.ie.InternetExplorerDriver
Capabilities {browserName: internet explorer, javascriptEnabled: true, pageLoadStrategy: normal, platform: WINDOWS, platformName: WINDOWS, se:ieOptions: {browserAttachTimeout: 0, elementScrollBehavior: 0, enableElementCacheCleanup: true, enablePersistentHover: true, ie.browserCommandLineSwitches: , ie.enableFullPageScreenshot: true, ie.ensureCleanSession: true, ie.fileUploadDialogTimeout: 3000, ie.forceCreateProcessApi: false, ie.forceShellWindowsApi: false, ie.useLegacyFileUploadDialogHandling: false, ignoreProtectedModeSettings: true, ignoreZoomSetting: false, initialBrowserUrl: http://localhost:25358/, nativeEvents: true, requireWindowFocus: false}, unexpectedAlertBehaviour: dismiss, unhandledPromptBehavior: dismiss, version: 11}
Session ID: cd37a518-f5b5-425e-8161-66ce39571d04
*** Element info: {Using=xpath, value=//div[@class = 'modal-footer-confirm']/button[contains(text(), 'Save')]}
at sun.reflect.GeneratedConstructorAccessor35.newInstance(Unknown Source)
at sun.reflect.DelegatingConstructorAccessorImpl.newInstance(DelegatingConstructorAccessorImpl.java:45)
at java.lang.reflect.Constructor.newInstance(Constructor.java:423)
at org.openqa.selenium.remote.ErrorHandler.createThrowable(ErrorHandler.java:214)
at org.openqa.selenium.remote.ErrorHandler.throwIfResponseFailed(ErrorHandler.java:166)
at org.openqa.selenium.remote.http.JsonHttpResponseCodec.reconstructValue(JsonHttpResponseCodec.java:40)
at org.openqa.selenium.remote.http.AbstractHttpResponseCodec.decode(AbstractHttpResponseCodec.java:80)
at org.openqa.selenium.remote.http.AbstractHttpResponseCodec.decode(AbstractHttpResponseCodec.java:44)
at org.openqa.selenium.remote.HttpCommandExecutor.execute(HttpCommandExecutor.java:160)
at org.openqa.selenium.remote.service.DriverCommandExecutor.execute(DriverCommandExecutor.java:83)
at org.openqa.selenium.remote.RemoteWebDriver.execute(RemoteWebDriver.java:601)
at org.openqa.selenium.remote.RemoteWebDriver.findElement(RemoteWebDriver.java:371)
at org.openqa.selenium.remote.RemoteWebDriver.findElementByXPath(RemoteWebDriver.java:473)
at org.openqa.selenium.By$ByXPath.findElement(By.java:361)
at org.openqa.selenium.remote.RemoteWebDriver.findElement(RemoteWebDriver.java:363)
at org.openqa.selenium.support.pagefactory.DefaultElementLocator.findElement(DefaultElementLocator.java:69)
at org.openqa.selenium.support.pagefactory.internal.LocatingElementHandler.invoke(LocatingElementHandler.java:38)
at com.sun.proxy.$Proxy14.isEnabled(Unknown Source)
at Utilities.Page.SaveUnsavedChangesButtonIsEnabled(Page.java:369)
at testcases.ToursElementsTest.ChangeViewTimeBySpinnersExitAndSaveTest(ToursElementsTest.java:1782)
at sun.reflect.NativeMethodAccessorImpl.invoke0(Native Method)
at sun.reflect.NativeMethodAccessorImpl.invoke(NativeMethodAccessorImpl.java:62)
at sun.reflect.DelegatingMethodAccessorImpl.invoke(DelegatingMethodAccessorImpl.java:43)
at java.lang.reflect.Method.invoke(Method.java:498)
at org.testng.internal.MethodInvocationHelper.invokeMethod(MethodInvocationHelper.java:133)
at org.testng.internal.TestInvoker.invokeMethod(TestInvoker.java:584)
at org.testng.internal.TestInvoker.invokeTestMethod(TestInvoker.java:172)
at org.testng.internal.MethodRunner.runInSequence(MethodRunner.java:46)
at org.testng.internal.TestInvoker$MethodInvocationAgent.invoke(TestInvoker.java:804)
at org.testng.internal.TestInvoker.invokeTestMethods(TestInvoker.java:145)
at org.testng.internal.TestMethodWorker.invokeTestMethods(TestMethodWorker.java:146)
at org.testng.internal.TestMethodWorker.run(TestMethodWorker.java:128)
at java.util.ArrayList.forEach(ArrayList.java:1257)
at org.testng.TestRunner.privateRun(TestRunner.java:770)
at org.testng.TestRunner.run(TestRunner.java:591)
at org.testng.SuiteRunner.runTest(SuiteRunner.java:402)
at org.testng.SuiteRunner.runSequentially(SuiteRunner.java:396)
at org.testng.SuiteRunner.privateRun(SuiteRunner.java:355)
at org.testng.SuiteRunner.run(SuiteRunner.java:304)
at org.testng.SuiteRunnerWorker.runSuite(SuiteRunnerWorker.java:53)
at org.testng.SuiteRunnerWorker.run(SuiteRunnerWorker.java:96)
at org.testng.TestNG.runSuitesSequentially(TestNG.java:1180)
at org.testng.TestNG.runSuitesLocally(TestNG.java:1102)
at org.testng.TestNG.runSuites(TestNG.java:1032)
at org.testng.TestNG.run(TestNG.java:1000)
at org.testng.remote.AbstractRemoteTestNG.run(AbstractRemoteTestNG.java:115)
at org.testng.remote.RemoteTestNG.initAndRun(RemoteTestNG.java:251)
at org.testng.remote.RemoteTestNG.main(RemoteTestNG.java:77)
]]>
    </error>
  </testcase> <!-- ChangeViewTimeBySpinnersExitAndSaveTest -->
  <testcase name="ChangeViewTimeBySpinnersExitAndCancelTest" time="107.500" classname="testcases.ToursElementsTest"/>
  <testcase name="DeleteViewExitAndCancelTest" time="99.406" classname="testcases.ToursElementsTest"/>
  <testcase name="ChangeNameAndCancelTest" time="107.526" classname="testcases.ToursElementsTest"/>
  <testcase name="ChangeNameExitAndSaveTest" time="140.904" classname="testcases.ToursElementsTest"/>
  <testcase name="DeleteAllViewsExitAndSaveTest" time="104.171" classname="testcases.ToursElementsTest"/>
</testsuite> <!-- testcases.ToursElementsTest -->
